<?xml version="1.0" encoding="UTF-8"?>
<testExecutions version="1">
  <file path="/runner/_work/MyVodafone-OneApp/MyVodafone-OneApp/libs/core/src/features/AccountManagementFeature/Analytics/AccountManagementTracking.spec.ts">
    <testCase name="AccountManagementTracking Should track click event" duration="2"/>
    <testCase name="AccountManagementTracking Should track accountHomeView view" duration="0"/>
    <testCase name="AccountManagementTracking Should track accountPersonalInfoView view" duration="1"/>
    <testCase name="AccountManagementTracking Should track accountPersonalInfoAddNewAddressView view" duration="1"/>
    <testCase name="AccountManagementTracking Should track accountPersonalInfoAddNewAddressSuccessView view" duration="0"/>
    <testCase name="AccountManagementTracking Should track accountPersonalInfoEditAddressView view" duration="1"/>
    <testCase name="AccountManagementTracking Should track accountPersonalInfoEditAddressSuccessView view" duration="0"/>
    <testCase name="AccountManagementTracking Should track accountBillingPreferencesView view" duration="1"/>
    <testCase name="AccountManagementTracking Should track accountBillingUpdateEmailView view" duration="0"/>
    <testCase name="AccountManagementTracking Should track accountBillingUpdateEmailSuccessView view" duration="1"/>
    <testCase name="AccountManagementTracking Should track accountBillingVerifyEmailSuccessView view" duration="0"/>
    <testCase name="AccountManagementTracking Should track accountBillingPreferencesUpdateSuccessView view" duration="0"/>
    <testCase name="AccountManagementTracking Should track accountPaymentMethodView view" duration="1"/>
    <testCase name="AccountManagementTracking Should track accountPaymentMethodAddNewCardView view" duration="0"/>
    <testCase name="AccountManagementTracking Should track accountPaymentMethodAddNewCardSuccessView view" duration="1"/>
    <testCase name="AccountManagementTracking Should track accountPaymentMethodErrorView view" duration="0"/>
    <testCase name="AccountManagementTracking Should track accountDeletionView view" duration="1"/>
    <testCase name="AccountManagementTracking Should track accountDeletionSurveyView view" duration="1"/>
    <testCase name="AccountManagementTracking Should track accountDeletionConfirmView view" duration="0"/>
    <testCase name="AccountManagementTracking Should track accountDeletionVerifyView view" duration="0"/>
    <testCase name="AccountManagementTracking Should track accountDeletionVerifyFaceIdView view" duration="1"/>
    <testCase name="AccountManagementTracking Should track accountDeletionVerifyPasswordView view" duration="2"/>
    <testCase name="AccountManagementTracking Should track accountDeletionCompleteView view" duration="0"/>
    <testCase name="AccountManagementTracking Should track accountAppSettingsView view" duration="1"/>
    <testCase name="AccountManagementTracking Should track accountPrivacySettingsView view" duration="0"/>
    <testCase name="AccountManagementTracking Should track accountPrivacySettingsMarketingView view" duration="0"/>
    <testCase name="AccountManagementTracking Should track accountPrivacySettingsDataView view" duration="1"/>
    <testCase name="AccountManagementTracking Should track accountPrivacySettingsNetworkView view" duration="1"/>
    <testCase name="AccountManagementTracking Should track accountPrivacySettingsDeviceView view" duration="1"/>
    <testCase name="AccountManagementTracking Should track accountPrivacySettingsErrorView view" duration="0"/>
    <testCase name="AccountManagementTracking Should track accountPrivacySettingsAnalyticsView view" duration="1"/>
    <testCase name="AccountManagementTracking Should track accountPrivacySettingsVfHappyView view" duration="2"/>
    <testCase name="AccountManagementTracking Should track accountPrivacySettingsVfHappyTermsConditionsView view" duration="1"/>
    <testCase name="AccountManagementTracking Should track accountPrivacySettingsVfHappyCancelConfirmView view" duration="2"/>
    <testCase name="AccountManagementTracking Should track accountPrivacySettingsVfHappyCancelSuccessView view" duration="0"/>
    <testCase name="AccountManagementTracking Should track accountSecuritySettingsView view" duration="1"/>
    <testCase name="AccountManagementTracking Should track accountSecuritySettingsChangePassCurrentView view" duration="3"/>
    <testCase name="AccountManagementTracking Should track accountSecuritySettingsChangePassNewView view" duration="1"/>
    <testCase name="AccountManagementTracking Should track accountSecuritySettingsChangePassConfirmView view" duration="1"/>
    <testCase name="AccountManagementTracking Should track accountSecuritySettingsChangePassSuccessView view" duration="1"/>
    <testCase name="AccountManagementTracking Should track accountSecuritySettingsChangePassErrorView view" duration="0"/>
    <testCase name="AccountManagementTracking Should track accountSecuritySettingsChangePinCurrentView view" duration="1"/>
    <testCase name="AccountManagementTracking Should track accountSecuritySettingsChangePinNewView view" duration="1"/>
    <testCase name="AccountManagementTracking Should track accountSecuritySettingsChangePinConfirmView view" duration="1"/>
    <testCase name="AccountManagementTracking Should track accountSecuritySettingsChangePinSuccessView view" duration="1"/>
    <testCase name="AccountManagementTracking Should track accountSecuritySettingsChangePinErrorView view" duration="2"/>
    <testCase name="AccountManagementTracking Should track accountSecuritySettingsFaceIdVerificationView view" duration="2"/>
    <testCase name="AccountManagementTracking Should track accountOrdersView view" duration="1"/>
    <testCase name="AccountManagementTracking Should track accountOrderDetailsView view" duration="2"/>
    <testCase name="AccountManagementTracking Should track accountOrderProgressView view" duration="2"/>
    <testCase name="AccountManagementTracking Should track accountOrdersCancelItemConfirmView view" duration="2"/>
    <testCase name="AccountManagementTracking Should track accountOrdersCancelItemSuccessView view" duration="2"/>
    <testCase name="AccountManagementTracking Should track accountOrdersUpdateDeliveryAddressView view" duration="0"/>
    <testCase name="AccountManagementTracking Should track accountOrdersUpdateDeliveryAddressSuccessView view" duration="0"/>
    <testCase name="AccountManagementTracking Should track accountEnableNotificationInfoView view" duration="1"/>
    <testCase name="AccountManagementTracking Should track accountOrdersCancelItemFeedbackFormView view" duration="1"/>
    <testCase name="AccountManagementTracking Should track accountOrdersInstallationBookingView view" duration="1"/>
    <testCase name="AccountManagementTracking Should track accountOrdersInstallationBookingConfirmView view" duration="1"/>
    <testCase name="AccountManagementTracking Should track accountOrdersInstallationBookingSuccessView view" duration="1"/>
    <testCase name="AccountManagementTracking Should track accountOrdersErrorView view" duration="2"/>
    <testCase name="AccountManagementTracking Should track accountLegalInfoView view" duration="2"/>
    <testCase name="AccountManagementTracking Should track accountLegalInfoMvaTermsConditionsView view" duration="2"/>
    <testCase name="AccountManagementTracking Should track accountLegalInfoPrivacyPolicyView view" duration="1"/>
    <testCase name="AccountManagementTracking Should track accountLegalInfoDataProtectionView view" duration="2"/>
    <testCase name="AccountManagementTracking Should track accountSendFeedbackView view" duration="2"/>
    <testCase name="AccountManagementTracking Should track accountSendFeedbackSuccessView view" duration="1"/>
    <testCase name="AccountManagementTracking Should track pageErrorView view" duration="2"/>
    <testCase name="AccountManagementTracking Should track accountHomeView View null" duration="1"/>
    <testCase name="AccountManagementTracking Should track accountPersonalInfoView view null" duration="1"/>
    <testCase name="AccountManagementTracking Should track accountPersonalInfoAddNewAddressView view null" duration="1"/>
    <testCase name="AccountManagementTracking Should track accountPersonalInfoAddNewAddressSuccessView view null" duration="1"/>
    <testCase name="AccountManagementTracking Should track accountPersonalInfoEditAddressView view null" duration="1"/>
    <testCase name="AccountManagementTracking Should track accountPersonalInfoEditAddressSuccessView view null" duration="1"/>
    <testCase name="AccountManagementTracking Should track accountBillingPreferencesView view null" duration="1"/>
    <testCase name="AccountManagementTracking Should track accountBillingUpdateEmailView view null" duration="1"/>
    <testCase name="AccountManagementTracking Should track accountBillingUpdateEmailSuccessView view null" duration="2"/>
    <testCase name="AccountManagementTracking Should track accountBillingVerifyEmailSuccessView view null" duration="1"/>
    <testCase name="AccountManagementTracking Should track accountBillingPreferencesUpdateSuccessView view null" duration="1"/>
    <testCase name="AccountManagementTracking Should track accountPaymentMethodView view null" duration="0"/>
    <testCase name="AccountManagementTracking Should track accountPaymentMethodAddNewCardView view null" duration="1"/>
    <testCase name="AccountManagementTracking Should track accountPaymentMethodAddNewCardSuccessView view null" duration="0"/>
    <testCase name="AccountManagementTracking Should track accountPaymentMethodErrorView view null" duration="1"/>
    <testCase name="AccountManagementTracking Should track accountDeletionView view null" duration="0"/>
    <testCase name="AccountManagementTracking Should track accountDeletionSurveyView view null" duration="16"/>
    <testCase name="AccountManagementTracking Should track accountDeletionConfirmView view null" duration="1"/>
    <testCase name="AccountManagementTracking Should track accountDeletionVerifyView view null" duration="1"/>
    <testCase name="AccountManagementTracking Should track accountDeletionVerifyFaceIdView view null" duration="1"/>
    <testCase name="AccountManagementTracking Should track accountDeletionVerifyPasswordView view null" duration="1"/>
    <testCase name="AccountManagementTracking Should track accountDeletionCompleteView view null" duration="1"/>
    <testCase name="AccountManagementTracking Should track accountAppSettingsView view null" duration="1"/>
    <testCase name="AccountManagementTracking Should track accountPrivacySettingsView view null" duration="1"/>
    <testCase name="AccountManagementTracking Should track accountPrivacySettingsMarketingView view null" duration="1"/>
    <testCase name="AccountManagementTracking Should track accountPrivacySettingsDataView view null" duration="1"/>
    <testCase name="AccountManagementTracking Should track accountPrivacySettingsNetworkView view null" duration="1"/>
    <testCase name="AccountManagementTracking Should track accountPrivacySettingsDeviceView view null" duration="1"/>
    <testCase name="AccountManagementTracking Should track accountPrivacySettingsErrorView view null" duration="1"/>
    <testCase name="AccountManagementTracking Should track accountPrivacySettingsAnalyticsView view null" duration="1"/>
    <testCase name="AccountManagementTracking Should track accountPrivacySettingsVfHappyView view null" duration="1"/>
    <testCase name="AccountManagementTracking Should track accountPrivacySettingsVfHappyTermsConditionsView view null" duration="1"/>
    <testCase name="AccountManagementTracking Should track accountPrivacySettingsVfHappyCancelConfirmView view null" duration="1"/>
    <testCase name="AccountManagementTracking Should track accountPrivacySettingsVfHappyCancelSuccessView view null" duration="0"/>
    <testCase name="AccountManagementTracking Should track accountSecuritySettingsView view null" duration="0"/>
    <testCase name="AccountManagementTracking Should track accountSecuritySettingsChangePassCurrentView view null" duration="1"/>
    <testCase name="AccountManagementTracking Should track accountSecuritySettingsChangePassNewView view null" duration="1"/>
    <testCase name="AccountManagementTracking Should track accountSecuritySettingsChangePassConfirmView view null" duration="1"/>
    <testCase name="AccountManagementTracking Should track accountSecuritySettingsChangePassSuccessView view null" duration="1"/>
    <testCase name="AccountManagementTracking Should track accountSecuritySettingsChangePassErrorView view null" duration="0"/>
    <testCase name="AccountManagementTracking Should track accountSecuritySettingsChangePinCurrentView view null" duration="0"/>
    <testCase name="AccountManagementTracking Should track accountSecuritySettingsChangePinNewView view null" duration="1"/>
    <testCase name="AccountManagementTracking Should track accountSecuritySettingsChangePinConfirmView view null" duration="1"/>
    <testCase name="AccountManagementTracking Should track accountSecuritySettingsChangePinSuccessView view null" duration="1"/>
    <testCase name="AccountManagementTracking Should track accountSecuritySettingsChangePinErrorView view null" duration="1"/>
    <testCase name="AccountManagementTracking Should track accountSecuritySettingsFaceIdVerificationView view null" duration="1"/>
    <testCase name="AccountManagementTracking Should track accountOrdersView view null" duration="0"/>
    <testCase name="AccountManagementTracking Should track accountOrderDetailsView view null" duration="1"/>
    <testCase name="AccountManagementTracking Should track accountOrderProgressView view null" duration="1"/>
    <testCase name="AccountManagementTracking Should track accountOrdersCancelItemConfirmView view null" duration="0"/>
    <testCase name="AccountManagementTracking Should track accountOrdersCancelItemSuccessView view null" duration="0"/>
    <testCase name="AccountManagementTracking Should track accountOrdersUpdateDeliveryAddressView view null" duration="1"/>
    <testCase name="AccountManagementTracking Should track accountOrdersUpdateDeliveryAddressSuccessView view null" duration="0"/>
    <testCase name="AccountManagementTracking Should track accountEnableNotificationInfoView view null" duration="1"/>
    <testCase name="AccountManagementTracking Should track accountOrdersCancelItemFeedbackFormView view null" duration="0"/>
    <testCase name="AccountManagementTracking Should track accountOrdersInstallationBookingView view null" duration="0"/>
    <testCase name="AccountManagementTracking Should track accountOrdersInstallationBookingConfirmView view null" duration="0"/>
    <testCase name="AccountManagementTracking Should track accountOrdersInstallationBookingSuccessView view null" duration="0"/>
    <testCase name="AccountManagementTracking Should track accountOrdersErrorView view null" duration="0"/>
    <testCase name="AccountManagementTracking Should track accountLegalInfoView view null" duration="1"/>
    <testCase name="AccountManagementTracking Should track accountLegalInfoMvaTermsConditionsView view null" duration="1"/>
    <testCase name="AccountManagementTracking Should track accountLegalInfoPrivacyPolicyView view null" duration="1"/>
    <testCase name="AccountManagementTracking Should track accountLegalInfoDataProtectionView view null" duration="0"/>
    <testCase name="AccountManagementTracking Should track accountSendFeedbackView view null" duration="0"/>
    <testCase name="AccountManagementTracking Should track accountSendFeedbackSuccessView view null" duration="1"/>
    <testCase name="AccountManagementTracking Should track pageErrorView view null" duration="0"/>
  </file>
  <file path="/runner/_work/MyVodafone-OneApp/MyVodafone-OneApp/libs/core/src/features/TopUpFeature/TopUpFeature.pt.spec.tsx">
    <testCase name="TopUpScreen getNewCardStatusResponse method" duration="121"/>
    <testCase name="TopUpScreen callBacks func of adyen  onSubmit not to be called without any actions" duration="4"/>
    <testCase name="TopUpScreen callBacks func of adyen  should call didSubmit when the user submits the payment form" duration="4"/>
    <testCase name="TopUpScreen callBacks func of adyen  should call didSubmit when the user submits the payment with AddNewCard" duration="8"/>
    <testCase name="TopUpScreen callBacks func of adyen  should call didSubmit when the user submits the payment with AddNewCard error" duration="2"/>
    <testCase name="TopUpScreen callBacks func of adyen  should call didSubmit when the user submits the payment with AddNewCard 3ds" duration="2"/>
    <testCase name="TopUpScreen callBacks func of adyen  should call didSubmit when the user submits the payment with AddNewCard FAILED" duration="1"/>
    <testCase name="TopUpScreen callBacks func of adyen  should not add new card " duration="1"/>
    <testCase name="TopUpScreen callBacks func of adyen  should call didSubmit get payemtMethods Body " duration="2"/>
    <testCase name="TopUpScreen callBacks func of adyen  should not call didSubmit when the user submits the payment form" duration="2"/>
    <testCase name="TopUpScreen callBacks func of adyen  onComplete not to be called without any actions" duration="2"/>
    <testCase name="TopUpScreen callBacks func of adyen  should handle error in didSubmit" duration="2"/>
    <testCase name="TopUpScreen callBacks func of adyen  should handle error in 3ds" duration="2"/>
    <testCase name="TopUpScreen callBacks func of adyen  handle onConfirmTopup with status PROCESSING" duration="3"/>
    <testCase name="TopUpScreen callBacks func of adyen  handle onConfirmTopup and throw Error with status INVALID" duration="2"/>
    <testCase name="TopUpScreen callBacks func of adyen  onAdditionalDetails not to be called without any actions" duration="2"/>
    <testCase name="TopUpScreen callBacks func of adyen  should call didprovide after 3DS called" duration="2"/>
    <testCase name="TopUpScreen callBacks func of adyen  should call didprovide after 3DS called add new card" duration="7"/>
    <testCase name="TopUpScreen callBacks func of adyen  should not call didprovide after 3DS called add new card FAILED" duration="2"/>
    <testCase name="TopUpScreen callBacks func of adyen  should call didprovide after 3DS called with error" duration="2"/>
    <testCase name="TopUpScreen callBacks func of adyen  should call didprovide after 3DS called with failed" duration="1"/>
    <testCase name="TopUpScreen callBacks func of adyen  onError not to be called without any actions" duration="1"/>
  </file>
  <file path="/runner/_work/MyVodafone-OneApp/MyVodafone-OneApp/libs/core/src/utils/CMS/contracts/frameworkAl/vodafoneShare/CMSVodafoneShareContract.spec.ts">
    <testCase name="transformResponse transforms AxiosResponse into VodafoneShareData correctly" duration="25"/>
    <testCase name="Test CMSVodafoneShareContract resource expect not empty url" duration="0"/>
    <testCase name="Test CMSVodafoneShareContract resource expect return fullURL" duration="0"/>
    <testCase name="Test CMSVodafoneShareContract resource expect full path contains ;pathIdentifier" duration="0"/>
    <testCase name="Test CMSVodafoneShareContract params expect the queryParams of base contract to undefine" duration="0"/>
    <testCase name="Test CMSVodafoneShareContract params expect cmsVodafoneShareRequest will not empty when no parameter passed to param" duration="1"/>
    <testCase name="Test CMSVodafoneShareContract params expect cmsVodafoneShareRequest will contain key pathIdentifier" duration="0"/>
    <testCase name="Test CMSVodafoneShareContract stub should return vodafoneshare stub" duration="6"/>
  </file>
  <file path="/runner/_work/MyVodafone-OneApp/MyVodafone-OneApp/libs/core/src/features/BillingFeature/utils/utils.spec.ts">
    <testCase name="Billing utils getNextPaymentDate with currentDate before billing day" duration="19"/>
    <testCase name="Billing utils getNextPaymentDate with currentDate after billing day" duration="1"/>
    <testCase name="Billing utils should dispatch with new balanceAmount value when paidAmount is less than oldBalance" duration="1"/>
    <testCase name="Billing utils should dispatch with new balanceAmount value when paidAmount is equal to oldBalance" duration="1"/>
    <testCase name="Billing utils getAccountId return id of primary account if exists" duration="0"/>
    <testCase name="Billing utils getAccountId return empty of no primary exists" duration="1"/>
    <testCase name="Billing utils getNextAndPreviousBillsForAL returns two bills in next bills and the rest in previous bills when first bill and second bill have the same month" duration="1"/>
    <testCase name="Billing utils getNextAndPreviousBillsForAL returns one bill in next bills and the rest in previous bills when first bill and second bill don&apos;t the same month" duration="1"/>
    <testCase name="Billing utils getNextAndPreviousBillsForAL returns one bill in next bills and empty previous bills when bills data has one element" duration="1"/>
    <testCase name="Billing utils getNextAndPreviousBillsForAL returns empty next bills and previous bills when bills data is empty" duration="1"/>
    <testCase name="Billing utils getIconById should return the correct icon object" duration="0"/>
    <testCase name="Billing utils getCmsIconUriAndType should return an object with &quot;uri&quot; and &quot;type&quot; properties" duration="1"/>
    <testCase name="Billing utils mapBillWithIcons shouldreturn the modified bill object with single icon" duration="1"/>
    <testCase name="Billing utils getNextAndPreviousBillsForALWithServiceIcons should return empty arrays when billsCards or iconMaps are empty" duration="1"/>
    <testCase name="Billing utils getNextAndPreviousBillsForALWithServiceIcons should return an object with nextBillCards and previousBillsCards arrays when billsCards and iconMaps are not empty" duration="1"/>
    <testCase name="Billing utils mapSummaryCategoryWithLabel should return the label corresponding to the category when the category is not bill" duration="1"/>
    <testCase name="Billing utils mapSummaryCategoryWithLabel should return the month name of the start date when the category is bill" duration="0"/>
    <testCase name="Billing utils mapSummaryCategoryWithLabel should return the undefined when the category is not exist in config" duration="1"/>
    <testCase name="Billing utils should return an array of objects with the expected properties when the input array is not empty" duration="0"/>
    <testCase name="Billing utils getMovementConfigFromBillingCMS returns empty when billing cms undefined" duration="0"/>
    <testCase name="Billing utils getMovementConfigFromBillingCMS returns config when billing cms defined" duration="1"/>
    <testCase name="Billing utils getMovementConfigFromBillingCMS returns config with alt titles when billing cms defined and isLatestMovement false" duration="0"/>
    <testCase name="Billing utils mapMovementsIntoMovementHistoryList returns MovementHistoryList with undefined items when movements are undefined" duration="0"/>
    <testCase name="Billing utils mapMovementsIntoMovementHistoryList returns MovementHistoryList with items whe movements are not empty and all values are positives" duration="12"/>
    <testCase name="Billing utils mapMovementsIntoMovementHistoryList returns MovementHistoryList with items whe movements are not empty and exist negative value" duration="2"/>
  </file>
  <file path="/runner/_work/MyVodafone-OneApp/MyVodafone-OneApp/libs/core/src/features/BillingFeature/BillingFeature.ie.spec.tsx">
    <testCase name="Billing feature should pass correct billing props" duration="387"/>
    <testCase name="Billing feature paymentHistoryDataList should be undefined" duration="52"/>
    <testCase name="Billing feature should pass correct withAccumulatedDebtCard prop" duration="56"/>
    <testCase name="Billing feature shows amountDue button title when amount due value &gt; 0" duration="49"/>
    <testCase name="Billing feature shows advanceAmountDue button title when amount due value &lt;= 0" duration="46"/>
    <testCase name="Billing feature billing feature UI interactions test payment history label UI interaction" duration="717"/>
    <testCase name="Billing feature billing feature UI interactions test bill breakdown CTA UI interaction" duration="178"/>
    <testCase name="Billing feature billing feature UI interactions test bill negative info icon CTA UI interaction" duration="191"/>
    <testCase name="Billing feature billing feature UI interactions test bill breakdown return back UI interaction" duration="217"/>
    <testCase name="Billing feature billing feature UI interactions test info icon tooltip UI interaction" duration="203"/>
    <testCase name="Billing feature billing feature UI interactions test amount due CTA UI interaction" duration="107"/>
    <testCase name="Billing feature billing feature UI interactions test find out more CTA UI interaction" duration="204"/>
    <testCase name="Billing feature billing feature UI interactions test billing overdue CVM banner primary CTA UI interaction" duration="121"/>
    <testCase name="Billing feature billing feature UI interactions test download PDF CTA ui interaction" duration="0"/>
    <testCase name="Billing feature billing feature UI interactions test payment history overlay dismiss icon ui interaction" duration="132"/>
    <testCase name="Billing feature billing feature UI interactions test set auto bill payment banner press and show AutoBillPaymentFeature overlay" duration="87"/>
    <testCase name="Billing feature billing feature UI interactions test AutoBillPaymentFeature props" duration="85"/>
    <testCase name="Billing feature billing feature UI interactions test AutoBillPaymentFeature onClose overlay" duration="121"/>
  </file>
  <file path="/runner/_work/MyVodafone-OneApp/MyVodafone-OneApp/libs/core/src/features/HomepageFeature/HomepageFeature.spec.tsx">
    <testCase name="event open topUp should showTopUpFeature and defaultWheelValue when event is triggered" duration="358"/>
    <testCase name="event open topUp should show Top Up Feature when open it from search view" duration="92"/>
    <testCase name="LoggedIn user should show error screen when consumer info down" duration="722"/>
    <testCase name="LoggedIn user should calls getConsumerInfoData when logged in" duration="1175"/>
    <testCase name="LoggedIn user should handles logged in user" duration="724"/>
    <testCase name="LoggedIn user should handles consumer info loading_true" duration="278"/>
    <testCase name="LoggedIn user should initialize Madme in IE tenant " duration="216"/>
    <testCase name="LoggedIn user should not initialize Madme in tenants other than IE " duration="266"/>
    <testCase name="NonLogged user should call handleAuthServiceError when login return error" duration="558"/>
    <testCase name="NonLogged user renders Stories section with isLoading set to true initially" duration="291"/>
    <testCase name="NonLogged user should pass correct HomepageState props and handle header button action" duration="127"/>
    <testCase name="NonLogged user should track event when call user authentication tracking click" duration="2"/>
    <testCase name="NonLogged user should show offline overlay if no internet connection" duration="201"/>
    <testCase name="NonLogged user should handle if login function returned null" duration="202"/>
    <testCase name="NonLogged user should render username with empty incase user not logged in  " duration="198"/>
    <testCase name="NonLogged user should call fetchCMS onRefresh" duration="333"/>
    <testCase name="soho highlights cards renders with userType as sohoChooser" duration="194"/>
    <testCase name="soho highlights cards renders with userType as sohoUser" duration="202"/>
    <testCase name="QuickLinks should render quickLinks section" duration="205"/>
    <testCase name="LoggedIn user should calls getConsumerInfoData when logged in" duration="610"/>
    <testCase name="LoggedIn user should handles logged in user" duration="959"/>
    <testCase name="LoggedIn user should handles consumer info loading_true" duration="214"/>
    <testCase name="LoggedIn user should handle see account function correctly" duration="602"/>
    <testCase name="LoggedIn user should show offline overlay if no internet connection" duration="624"/>
    <testCase name="LoggedIn user should handle logged in user when is logged in is true " duration="223"/>
    <testCase name="LoggedIn user should handle tobi correctly" duration="492"/>
    <testCase name="getLoggedOutStories should return mapped StoryType array when given valid stories" duration="1"/>
    <testCase name="getLoggedOutStories should return an empty array when stories is undefined" duration="2"/>
    <testCase name="mapHighlights should map HighlightsCMS list to CardProps list" duration="2"/>
    <testCase name="mapHighlights should return an empty array when cmsHighlightsList is empty" duration="1"/>
    <testCase name="Highlights Container should have HighlightsContainer defined" duration="3"/>
    <testCase name="Highlights Container should have two highlights cards" duration="4"/>
    <testCase name="test handleAuthServiceError handleAuthServiceError" duration="2"/>
    <testCase name="test handleAuthServiceError should navigate to bottomNavigationBar when onCloseButtonPress is called" duration="1"/>
    <testCase name="test handleAuthServiceError should call onRetry onPrimaryButtonPress is called" duration="2"/>
    <testCase name="test get symbol for currency unit should return dollarr sign as default" duration="1"/>
    <testCase name="test get symbol for currency unit should return egyptian pound sign" duration="2"/>
    <testCase name="test get symbol for currency unit should return british pound sign" duration="1"/>
    <testCase name="test get symbol for currency unit should return euro sign" duration="2"/>
    <testCase name="test get symbol for currency unit should return american dollarr sign" duration="1"/>
    <testCase name="get ordinal day for day(number) should return 1st for number 1" duration="2"/>
    <testCase name="get ordinal day for day(number) should return 21st for number 21" duration="1"/>
    <testCase name="get ordinal day for day(number) should return 2nd for number 1" duration="1"/>
    <testCase name="get ordinal day for day(number) should return 22nd for number 22" duration="1"/>
    <testCase name="get ordinal day for day(number) should return 3rd for number 3" duration="2"/>
    <testCase name="get ordinal day for day(number) should return 23rd for number 23" duration="1"/>
    <testCase name="get ordinal day for day(number) should return 4th for number 4" duration="1"/>
    <testCase name="messageCenterListener calls the callback function with the correct response" duration="443"/>
    <testCase name="call navigation when offer screen is returned" duration="502"/>
    <testCase name="CVMSection should render CVMSection corractly" duration="1654"/>
    <testCase name="getCurrencyFormat returns the correct currency format for non-&quot;al&quot; tenants" duration="17"/>
    <testCase name="getCurrencyFormat returns the correct currency format for &quot;al&quot; tenants" duration="2"/>
  </file>
  <file path="/runner/_work/MyVodafone-OneApp/MyVodafone-OneApp/libs/core/src/features/HomepageFeature/components/HighlightsSection/HighlightsSection.spec.tsx">
    <testCase name="Highlights section when user logged in and there is consumer info should be render suceesfully" duration="15"/>
    <testCase name="Highlights section when user logged in and there is consumer info should be render successfully when user logged in and there is consumer info" duration="7"/>
    <testCase name="Highlights section when user logged in and there is consumer info should render static items" duration="2"/>
    <testCase name="Highlights section when user logged in and there is consumer info should render dynamic items" duration="6"/>
    <testCase name="Highlights section when user logged in and there is consumer info handle empty highlights data" duration="0"/>
    <testCase name="Highlights section when user logged in and there is consumer info should render empty yornshake object successfully" duration="1"/>
    <testCase name="Highlights section when user logged in and there is consumer info should render empty clubviva object successfully" duration="0"/>
    <testCase name="Highlights section when user logged in and there is consumer info should try again successfully when user logged in and there is  consumer info" duration="4"/>
    <testCase name="Highlights section when user logged in and there is consumer info should render empty partnership object successfully" duration="1"/>
  </file>
  <file path="/runner/_work/MyVodafone-OneApp/MyVodafone-OneApp/libs/core/src/utils/CMS/contracts/accountManagment/CMSAccountManagmentContract.spec.ts">
    <testCase name="transformResponse transforms AxiosResponse into AccountManagementData correctly" duration="6"/>
    <testCase name="transformResponse assert default values" duration="2"/>
    <testCase name="Test CMSBillingContract resource expect not empty url" duration="0"/>
    <testCase name="Test CMSBillingContract resource expect return fullURL" duration="1"/>
    <testCase name="Test CMSBillingContract resource expect full path contains ;path" duration="0"/>
    <testCase name="Test CMSBillingContract params expect the queryParams of base contract to undefine" duration="0"/>
    <testCase name="Test CMSBillingContract params expect cmsBillingRequest will not empty when no parameter passed to param" duration="0"/>
    <testCase name="Test CMSBillingContract params expect cmsBillingRequest will contain key path" duration="1"/>
    <testCase name="Test CMSBillingContract should return stub data" duration="0"/>
    <testCase name="test strings helper function validate nullish and undefined values" duration="1"/>
  </file>
  <file path="/runner/_work/MyVodafone-OneApp/MyVodafone-OneApp/libs/core/src/services/TopUpService/TopUpService.ie.spec.tsx">
    <testCase name="topUpServiceIE getTopUpData should getTopUpData works correctly" duration="3"/>
    <testCase name="topUpServiceIE getTopUpData should getTopUpData throw an error on unsuccessful execution" duration="1"/>
    <testCase name="topUpServiceIE getTopUpData should getTopUpData works correctly till get data from BE(1)" duration="0"/>
    <testCase name="topUpServiceIE getTopUpData should getTopUpData works correctly till get data from BE(2)" duration="0"/>
    <testCase name="topUpServiceIE getTopUpData should throw an error in case of an exception during getTopUpData" duration="7"/>
    <testCase name="topUpServiceIE onConfirmTopUp should onConfirmTopUp not works correctly" duration="1"/>
    <testCase name="topUpServiceIE onConfirmTopUp should onConfirmTopUp throw an error when there is an error" duration="0"/>
    <testCase name="topUpServiceIE completeTopUpChallenge should resolve with the response data on successful completion" duration="1"/>
    <testCase name="topUpServiceIE completeTopUpChallenge should reject with an error on failure" duration="0"/>
    <testCase name="topUpServiceIE completeTopUpChallenge should resolve with a CompleteTopUpResponse instance on successful completion" duration="1"/>
    <testCase name="topUpServiceIE onSaveCard should onSaveCard works correctly" duration="0"/>
    <testCase name="topUpServiceIE onSaveCard should onSaveCard throw an error when there is an error" duration="0"/>
    <testCase name="topUpServiceIE completeAddNewCardChallenge should completeAddNewCardChallenge works correctly" duration="1"/>
    <testCase name="topUpServiceIE completeAddNewCardChallenge should completeAddNewCardChallenge throw an error when there is an error" duration="0"/>
    <testCase name="topUpServiceIE getSavedAccounts should getSavedAccounts works correctly" duration="1"/>
    <testCase name="topUpServiceIE getSavedAccounts should getSavedAccounts throw an error when there is an error" duration="1"/>
    <testCase name="topUpServiceIE getSavedAccounts should getSavedAccounts throw an error when the response is not instance of GetSavedAccountsResponseIE" duration="0"/>
    <testCase name="topUpServiceIE onDeleteGifteeAccount IE should resolve successfully" duration="1"/>
    <testCase name="topUpServiceIE onDeleteGifteeAccount IE should reject" duration="0"/>
    <testCase name="topUpServiceIE onDeleteGifteeAccount IE should reject if not instance of DeleteGifteeAccountResponse" duration="0"/>
    <testCase name="topUpServiceIE onAddNewGifteeAccount should resolve successfully" duration="0"/>
    <testCase name="topUpServiceIE onAddNewGifteeAccount should reject" duration="0"/>
    <testCase name="topUpServiceIE onConfirmAutoTopUp should resolve when validatePaymentCardAutoTopUp succeeds complete" duration="0"/>
    <testCase name="topUpServiceIE onConfirmAutoTopUp should open 3ds when validatePaymentCardAutoTopUp challenge pending" duration="1"/>
    <testCase name="topUpServiceIE onConfirmAutoTopUp should reject when onConfirmAutoTopUp fails" duration="0"/>
    <testCase name="topUpServiceIE onConfirmAutoTopUp should reject when validatePaymentCardAutoTopUp fails" duration="1"/>
    <testCase name="topUpServiceIE completeAutoTopUpChallenge should resolve with the response data on successful completion" duration="0"/>
    <testCase name="topUpServiceIE completeAutoTopUpChallenge should reject with an error on failure" duration="0"/>
    <testCase name="topUpServiceIE completeAutoTopUpChallenge should resolve with the response data on successful completion and challenge Not complete" duration="1"/>
    <testCase name="topUpServiceIE addRecurringTopUp should resolve with the response data on successful completion" duration="0"/>
    <testCase name="topUpServiceIE addRecurringTopUp should reject with an error on failure" duration="1"/>
    <testCase name="topUpServiceIE completeTopUpChallenge should resolve with the response data on successful completion" duration="0"/>
    <testCase name="topUpServiceIE completeTopUpChallenge should reject with an error on failure" duration="0"/>
    <testCase name="topUpServiceIE completeTopUpChallenge should resolve with a CompleteTopUpResponse instance on successful completion" duration="0"/>
  </file>
  <file path="/runner/_work/MyVodafone-OneApp/MyVodafone-OneApp/libs/core/src/utils/CMS/contracts/onboarding/termsAndConditions/util/OnboardingMapperHelper.spec.ts">
    <testCase name="Test extra data Biometric onboarding section" duration="2"/>
    <testCase name="Test extra data PersonalInfo onboarding section" duration="0"/>
    <testCase name="Test extra data device permissions onboarding section push notification" duration="1"/>
    <testCase name="Test extra data device permissions onboarding section push notification android 33" duration="1"/>
    <testCase name="Test extra data device permissions onboarding section files and media android 33" duration="0"/>
    <testCase name="Test extra data device permissions onboarding section push notification android 32" duration="1"/>
    <testCase name="Test extra data OptimisePerformance onboarding section" duration="1"/>
    <testCase name="Test extra data AnalyticsPermissions onboarding section" duration="0"/>
    <testCase name="Test extra data MarketingPreferences permissions onboarding section" duration="1"/>
    <testCase name="Test extra data OffersAndPartners onboarding section" duration="0"/>
    <testCase name="Test extra data getExtra when identifier is not found onboarding section" duration="1"/>
  </file>
  <file path="/runner/_work/MyVodafone-OneApp/MyVodafone-OneApp/libs/core/src/utils/CMS/contracts/home/CMSHomeContract.spec.ts">
    <testCase name="Test CMSHomeContract resource expect not empty url" duration="1"/>
    <testCase name="Test CMSHomeContract resource expect return fullURL" duration="0"/>
    <testCase name="Test CMSHomeContract resource expect full path contains ;path" duration="1"/>
    <testCase name="Test CMSHomeContract transformResponse expect return objec of type HomeResponse" duration="0"/>
    <testCase name="Test CMSHomeContract params expect the queryParams of base contract to undefine" duration="1"/>
    <testCase name="Test CMSHomeContract params expect cmsHomeRequest will not empty when no parameter passed to param" duration="0"/>
    <testCase name="Test CMSHomeContract params expect cmsHomeRequest will contain key path" duration="1"/>
    <testCase name="Test CMSHomeContract should check on stub function" duration="0"/>
  </file>
  <file path="/runner/_work/MyVodafone-OneApp/MyVodafone-OneApp/libs/core/src/features/AccountManagementFeature/Hooks/useCMSAccountManagementHook.spec.tsx">
    <testCase name="useCMSAccountManagementHook fetches account management data from CMS and updates heading data" duration="17"/>
    <testCase name="useCMSAccountManagementHook fetches account management data from CMS and updates buttonLabels data" duration="3"/>
    <testCase name="useCMSAccountManagementHook fetches account management data from CMS and updates accountManagementLandingPage data" duration="4"/>
    <testCase name="useCMSAccountManagementHook fetches account management data from CMS and get Navigation Url" duration="8"/>
    <testCase name="useCMSAccountManagementHook fetches account management from CMS and updates the legalInformationScreen data" duration="4"/>
    <testCase name="useCMSAccountManagementHook fetches account management from CMS and updates the termsAndConditionsScreen data" duration="4"/>
    <testCase name="useCMSAccountManagementHook handles network errors" duration="3"/>
  </file>
  <file path="/runner/_work/MyVodafone-OneApp/MyVodafone-OneApp/libs/core/src/features/TopUpFeature/hooks/useTopUpFeature/useTopUpFeature.ie.spec.tsx">
    <testCase name="useTopUpFeature should call setWebViewProps and toggleWebView when navigateToAddNewCardCustomJourney is called" duration="93"/>
    <testCase name="useTopUpFeature should call handlePressConfirmSelection " duration="4"/>
    <testCase name="useTopUpFeature should resolve the promise and call topUpChallengeComplete if response is truthy and data matches CHALLENGE_COMPLETE_RESPONSE" duration="4"/>
    <testCase name="useTopUpFeature should resolve the promise if response.orderStatus is &quot;Complete&quot;" duration="3"/>
    <testCase name="useTopUpFeature should resolve the promise if response.orderStatus is any status" duration="4"/>
    <testCase name="useTopUpFeature should call completeTopUpChallenge and resolve the promise when the order status is Complete" duration="3"/>
    <testCase name="useTopUpFeature should reject the promise when the order status is not Complete" duration="3"/>
    <testCase name="useTopUpFeature should reject the promise when the order status is not Complete" duration="15"/>
    <testCase name="useTopUpFeature should reject the promise on error" duration="6"/>
    <testCase name="useTopUpFeature should not throw an error if webViewModalRef for  navigateToAddNewCardCustomJourney is undefined" duration="3"/>
    <testCase name="useTopUpFeature onPressSaveCard should call onPressSaveCard successfully" duration="4"/>
    <testCase name="useTopUpFeature onPressSaveCard should call onPressSaveCard with 3ds challenge" duration="4"/>
    <testCase name="useTopUpFeature onPressSaveCard should call onPressSaveCard completeAddNewCardChallenge return error" duration="3"/>
    <testCase name="useTopUpFeature onPressSaveCard should call onPressSaveCard and 3ds and send not completed" duration="3"/>
    <testCase name="useTopUpFeature onPressSaveCard should call onPressSaveCard but returns error" duration="3"/>
    <testCase name="useTopUpFeature should set 3DS cookie, navigate to 3DS challenge and resolve when the data matches CHALLENGE_COMPLETE_RESPONSE" duration="5"/>
    <testCase name="useTopUpFeature should resolve when orderStatus is &quot;Complete&quot;" duration="3"/>
    <testCase name="useTopUpFeature should reject on error" duration="11"/>
    <testCase name="useTopUpFeature should display cms error on error" duration="3"/>
    <testCase name="useTopUpFeature renderHook should return formatPhoneNumber" duration="2"/>
    <testCase name="useTopUpFeature renderHook should return formatPhoneNumber" duration="3"/>
    <testCase name="useTopUpFeature renderHook should return formatPhoneNumber" duration="3"/>
  </file>
  <file path="/runner/_work/MyVodafone-OneApp/MyVodafone-OneApp/libs/core/src/utils/Network/contracts/DigitalAcquisition/ProductOrder/AcquisitionProductOrderContract.spec.ts">
    <testCase name="Test GetAcquisitionRecommendationContract Resource expect not empty resource" duration="2"/>
    <testCase name="Test GetAcquisitionRecommendationContract Checks GetRecommendationContract values" duration="1"/>
    <testCase name="Test GetAcquisitionRecommendationContract Checks GetRecommendationContract SetParams" duration="9"/>
    <testCase name="Test GetAcquisitionRecommendationContract Checks GetRecommendationContract SetParams Body" duration="2"/>
    <testCase name="Test GetAcquisitionRecommendationContract Check transform response" duration="0"/>
    <testCase name="Test GetAcquisitionRecommendationContract Check stubs value" duration="1"/>
  </file>
  <file path="/runner/_work/MyVodafone-OneApp/MyVodafone-OneApp/libs/core/src/features/TermsAndConditionsFeature/Hooks/util/OnboardingDynmicSteps.helper.spec.ts">
    <testCase name="get onboarding login steps  should return steps with permissions for logged in user when device have not Biometric and analytics permision is empty return empty" duration="3"/>
    <testCase name="get onboarding login steps  should return steps with permissions for logged in user when device have Biometric and analytics permision" duration="2"/>
    <testCase name="get onboarding login steps  should return steps with permissions for logged in user when device have Biometric and analytics permision,optimise return array optimse ,analytics" duration="2"/>
    <testCase name="getDynamicStepsLoggedOut function should return an array of DynamicStep objects for logged out users" duration="2"/>
    <testCase name="getDynamicStepsLoggedOut function should return an array of DynamicStep objects for logged out users with step optimise performance " duration="1"/>
    <testCase name="getDynamicStepsLoggedOut function should return an empty array objects for logged out users" duration="0"/>
  </file>
  <file path="/runner/_work/MyVodafone-OneApp/MyVodafone-OneApp/libs/core/src/features/HomepageFeature/utils/utils.spec.ts">
    <testCase name="Homepage Utils handleGetConsumerInfo invoke dispatchAction with me as param when env is pre-production" duration="2"/>
    <testCase name="Homepage Utils handleGetConsumerInfo invoke dispatchAction with 111111 as param when env is dev-stubs and tenant is IE" duration="0"/>
    <testCase name="Homepage Utils handleGetConsumerInfo invoke dispatchAction with 222222 as param when env is dev-stubs and tenant is PT" duration="0"/>
    <testCase name="Homepage Utils handleGetHighlights invoke dispatchAction with user id and account id as param when env is dev-stubs and tenant is IE" duration="1"/>
    <testCase name="Homepage Utils handleGetStories invoke dispatchAction with user id and account id as param when env is dev-stubs and tenant is IE" duration="1"/>
    <testCase name="Homepage Utils handleGetStories invoke dispatchAction with user id and account id as param when env is sit-e2e and tenant is IE" duration="0"/>
    <testCase name="Homepage Utils getWhatNewParams return params for wire mock " duration="1"/>
    <testCase name="Homepage Utils getProductSelectorParams return params for wire mock" duration="0"/>
    <testCase name="Homepage Utils getProductSelectorParams return billingAccountIdparam" duration="2"/>
    <testCase name="Homepage Utils mapTimeToHeaderMessage should invoke setHeaderTitle without comma" duration="1"/>
    <testCase name="Homepage Utils mapTimeToHeaderMessage should invoke setHeaderTitle with morning, anyname when user loggedIn" duration="0"/>
    <testCase name="Homepage Utils mapTimeToHeaderMessage should invoke setHeaderTitle with happybirthday when user loggedIn and birthday" duration="0"/>
    <testCase name="Homepage Utils mapTimeToHeaderMessage should invoke setHeaderTitle with afternoon, when hour after 12" duration="0"/>
    <testCase name="Homepage Utils mapTimeToHeaderMessage should invoke setHeaderTitle with evening, when hour after 19" duration="0"/>
    <testCase name="Homepage Utils mapTimeToHeaderMessage should invoke setHeaderTitle with night, when hour after 21" duration="0"/>
    <testCase name="Homepage Utils mapTimeToHeaderMessage should invoke setHeaderTitle with hey" duration="1"/>
    <testCase name="Homepage Utils analyticsLoggedIn " duration="11"/>
    <testCase name="Homepage Utils analyticsLoggedOut " duration="3"/>
    <testCase name="Homepage Utils getEsimProfile returns undefined when data is missing" duration="1"/>
    <testCase name="Homepage Utils getEsimProfile returns undefined when request returns no profile" duration="0"/>
    <testCase name="Homepage Utils getEsimProfile returns profile" duration="0"/>
    <testCase name="Homepage Utils isShownToday to return false when stored day is before today" duration="13"/>
    <testCase name="Homepage Utils isShownToday to return false when stored day is invalid" duration="0"/>
    <testCase name="Homepage Utils isShownToday to return false when there is no stored data" duration="0"/>
    <testCase name="Homepage Utils should call show model when consentCategory is underage show model" duration="1"/>
    <testCase name="Homepage Utils isShownToday to return true when stored day today" duration="0"/>
    <testCase name="Homepage Utils setShownToday to call setItem" duration="1"/>
    <testCase name="Homepage Utils getFullPopUpContentto return null wen no content is passed" duration="0"/>
    <testCase name="Homepage Utils getMaxHeightTobi return 110" duration="1"/>
    <testCase name="Homepage Utils getMaxHeightTobi return 100" duration="0"/>
    <testCase name="Homepage Utils getMaxHeightTobi return 80" duration="0"/>
    <testCase name="Homepage Utils getMinHeightTobi return 30" duration="1"/>
    <testCase name="Homepage Utils getMinHeightTobi return 120" duration="0"/>
    <testCase name="handleAutoPopulatedLoginOnboarding should navigate to onboarding if isFinishedLoginOnboarding is null or false" duration="1"/>
    <testCase name="handleAutoPopulatedLoginOnboarding handleFinishOnboarding finish when is Tenant is return true and fun take param" duration="0"/>
    <testCase name="handleAutoPopulatedLoginOnboarding handleFinishOnboarding finish when is Tenant is return true and fun without param" duration="0"/>
    <testCase name="handleAutoPopulatedLoginOnboarding handleFinishOnboarding finish when is Tenant is return true and without param call handle tutorial" duration="8"/>
    <testCase name="handleAutoPopulatedLoginOnboarding should call show populate when consentCategory is underage flag is true then call navigate " duration="1"/>
  </file>
  <file path="/runner/_work/MyVodafone-OneApp/MyVodafone-OneApp/libs/core/src/features/TopUpFeature/hooks/useTopUpFeature/Helpers/HelpersPT.spec.ts">
    <testCase name="HelpersPT getPaymentMethodRequestBody checks that getPaymentMethodRequestBody returns undefined when is not equal scheme" duration="2"/>
    <testCase name="HelpersPT getPaymentMethodRequestBody TOP_UP_SOMEONE_ELSE checks that getPaymentMethodRequestBody returns the correct object in case of tokenized card" duration="0"/>
    <testCase name="HelpersPT getPaymentMethodRequestBody TOP_UP_SOMEONE_ELSE checks that getPaymentMethodRequestBody returns the correct object in case of bank card" duration="0"/>
    <testCase name="HelpersPT getPaymentMethodRequestBody TOP_UP_SOMEONE_ELSE checks that getPaymentMethodRequestBody returns the correct object in case of Google Pay" duration="1"/>
    <testCase name="HelpersPT getPaymentMethodRequestBody TOP_UP_SOMEONE_ELSE checks that getPaymentMethodRequestBody returns the correct object in case of Apple Pay" duration="2"/>
    <testCase name="HelpersPT getPaymentMethodRequestBody SETUP_AUTO_TOP_UP checks that getPaymentMethodRequestBody returns the correct object in case of tokenized card" duration="0"/>
    <testCase name="HelpersPT getPaymentMethodRequestBody SETUP_AUTO_TOP_UP checks that getPaymentMethodRequestBody returns the correct object in case of bank card" duration="0"/>
    <testCase name="HelpersPT getChosenCard getChosenCard should return the correct card" duration="0"/>
    <testCase name="HelpersPT getChosenCard getChosenCard should return undefind incase of no toknized card" duration="0"/>
    <testCase name="HelpersPT getChosenCard should return a string with the date in the correct format when given a valid StoredPaymentMethod object" duration="1"/>
    <testCase name="HelpersPT getPaymentMethodRequestBodyMBWAY getPaymentMethodRequestBodyMBWAY should return the correct payload" duration="2"/>
  </file>
  <file path="/runner/_work/MyVodafone-OneApp/MyVodafone-OneApp/libs/core/src/utils/CMS/contracts/MyWeekendPromo/CMSMyWeekendPromoContract.spec.ts">
    <testCase name="transformResponse transforms AxiosResponse into MyWeekendPromoData correctly" duration="2"/>
    <testCase name="transformResponse transform correctly when response has no content" duration="0"/>
    <testCase name="transformResponse transform correctly when response is empty" duration="1"/>
    <testCase name="Test CMSMyWeekendPromoContract resource expect not empty url" duration="2"/>
    <testCase name="Test CMSMyWeekendPromoContract resource expect return fullURL" duration="1"/>
    <testCase name="Test CMSMyWeekendPromoContract resource expect full path contains ;pathIdentifier" duration="0"/>
    <testCase name="Test CMSMyWeekendPromoContract params expect the queryParams of base contract to undefine" duration="1"/>
    <testCase name="Test CMSMyWeekendPromoContract params expect CMSMyWeekendPromoContract will not empty when no parameter passed to param" duration="0"/>
    <testCase name="Test CMSMyWeekendPromoContract params expect CMSMyWeekendPromoContract will contain key pathIdentifier" duration="1"/>
    <testCase name="Test CMSMyWeekendPromoContract stub should return myweekendpromo stub" duration="2"/>
  </file>
  <file path="/runner/_work/MyVodafone-OneApp/MyVodafone-OneApp/libs/core/src/utils/CMS/contracts/frameworkAl/cocaCola/CMSCocaColaContract.spec.ts">
    <testCase name="transformResponse transforms AxiosResponse into CocaColaData correctly" duration="4"/>
    <testCase name="Test CMSCocaColaContract resource expect not empty url" duration="1"/>
    <testCase name="Test CMSCocaColaContract resource expect return fullURL" duration="0"/>
    <testCase name="Test CMSCocaColaContract resource expect full path contains ;pathIdentifier" duration="0"/>
    <testCase name="Test CMSCocaColaContract params expect the queryParams of base contract to undefine" duration="2"/>
    <testCase name="Test CMSCocaColaContract params expect cmsCocaColaRequest will not empty when no parameter passed to param" duration="1"/>
    <testCase name="Test CMSCocaColaContract params expect cmsCocaColaRequest will contain key pathIdentifier" duration="0"/>
    <testCase name="Test CMSCocaColaContract stub should return cocacola stub" duration="1"/>
  </file>
  <file path="/runner/_work/MyVodafone-OneApp/MyVodafone-OneApp/libs/core/src/features/AccountManagementFeature/PersonalInformationFeature/PersonalInfromationFeature.spec.tsx">
    <testCase name="PersonalInformationFeature Success should render correctly" duration="7"/>
    <testCase name="PersonalInformationFeature Success should render elements correctly" duration="3"/>
    <testCase name="PersonalInformationFeature Success should render email address" duration="3"/>
    <testCase name="PersonalInformationFeature Success should render personal info section" duration="1"/>
    <testCase name="PersonalInformationFeature Success should render address info section" duration="2"/>
    <testCase name="PersonalInformationFeature Success should render save button" duration="3"/>
    <testCase name="PersonalInformationFeature Success should be close to end" duration="29"/>
    <testCase name="PersonalInformationFeature Success should show overlay when save button active " duration="98"/>
    <testCase name="PersonalInformationFeature Success should not show overlay when save button not active " duration="2"/>
    <testCase name="PersonalInformationFeature Success should show overlay when Press on Billing Preferences on your address " duration="38"/>
    <testCase name="PersonalInformationFeature Success should Hide overlay when Press on Stay on un saved overlay " duration="59"/>
    <testCase name="PersonalInformationFeature Success should Hide overlay when Press on continue on un saved overlay " duration="88"/>
    <testCase name="PersonalInformationFeature Success should show Alert when press on customer support with valid phone number" duration="2"/>
    <testCase name="PersonalInformationFeature Success should show deep link when press on customer support with non valid phone number" duration="2"/>
    <testCase name="PersonalInformationFeature Success should call onClose when press close screen" duration="2"/>
    <testCase name="PersonalInformationFeature Success not be close to end" duration="33"/>
    <testCase name="PersonalInformationFeature Success enable button when user account name length equal or more than 3" duration="56"/>
    <testCase name="PersonalInformationFeature Success disable button when account name length less than 3" duration="51"/>
    <testCase name="PersonalInformationFeature Success should render QuickActionMenu overlay correctly" duration="2"/>
    <testCase name="PersonalInformationFeature Success should render unSavedChanges overlay correctly" duration="1"/>
    <testCase name="PersonalInformationFeature Success should navigate to webView when customerSupportAction is string" duration="5"/>
    <testCase name="PersonalInformationFeature Success should invoke validate when press on personal details hyper link" duration="4"/>
    <testCase name="PersonalInformationFeature Success should show the showAlert when QACustomerSupportAction is number" duration="7"/>
    <testCase name="PersonalInformationFeature Success should navigate to webView when QACustomerSupportAction is string" duration="8"/>
    <testCase name="PersonalInformationFeature Success should showAlert when QACustomerSupportAction is number" duration="7"/>
    <testCase name="PersonalInformationFeature Success should overlay to be true when info icon press" duration="42"/>
    <testCase name="PersonalInformationFeature Success should overlay to be false when onDismess fire" duration="39"/>
    <testCase name="PersonalInformationFeature Success should fire onDismess when close button pressed" duration="8"/>
    <testCase name="PersonalInformationFeature Success error hint should be defined when accountName length less than 3 characters" duration="1"/>
    <testCase name="PersonalInformationFeature Success tint color and base color should be secondary7 (red) when accountName length less than 3 characters" duration="2"/>
    <testCase name="PersonalInformationFeature Success should render account name description" duration="1"/>
    <testCase name="PersonalInformationFeature Success mapImageSource should return source correctly" duration="1"/>
  </file>
  <file path="/runner/_work/MyVodafone-OneApp/MyVodafone-OneApp/libs/core/src/features/TopUpFeature/hooks/useTopUpFeature/useTopUpFeature.pt.spec.ts">
    <testCase name="useTopUpFeature should resolve handlePressConfirmSelection with type SETUP_AUTO_TOP_UP&quot;" duration="36"/>
    <testCase name="useTopUpFeature should resolve handlePressConfirmSelection with type EDIT_AUTO_TOP_UP&quot;" duration="4"/>
    <testCase name="useTopUpFeature should resolve handlePressConfirmSelection with adyen" duration="3"/>
    <testCase name="useTopUpFeature should resolve handlePressContinue" duration="5"/>
    <testCase name="useTopUpFeature should resolve handlePressConfirmSelection with TopUp someoneElse" duration="2"/>
    <testCase name="useTopUpFeature should resolve handlePressConfirmSelection with TopUp MBWAY" duration="2"/>
    <testCase name="useTopUpFeature should reject handlePressConfirmSelection with TopUp MBWAY when status is failed" duration="21"/>
    <testCase name="useTopUpFeature should resolve handlePressConfirmSelection with TopUp creditCard" duration="3"/>
    <testCase name="useTopUpFeature should handlePressContinueBtn the button press correctly with error " duration="3"/>
    <testCase name="useTopUpFeature should handlePressContinueBtn the button press correctly" duration="2"/>
    <testCase name="useTopUpFeature renderHook should return formatPhoneNumber&quot;" duration="2"/>
    <testCase name="useTopUpFeature renderHook should return formatPhoneNumber&quot;" duration="1"/>
    <testCase name="useTopUpFeature should handlePressContinueBtn and resolve while brand is addNewCard" duration="1"/>
    <testCase name="useTopUpFeature should handlePressContinueBtn and reject while brand is wrong" duration="2"/>
    <testCase name="useTopUpFeature should call handlePressContinueBtn and reject type is SETUP AUTO BILL" duration="1"/>
    <testCase name="useTopUpFeature should call handlePressContinueBtn with MBWAY" duration="1"/>
    <testCase name="useTopUpFeature should call handlePressContinueBtn with creditCard" duration="1"/>
    <testCase name="useTopUpFeature Handle addNewCard in AutoTopUp" duration="1"/>
    <testCase name="useTopUpFeature Handle storedCard in AutoTopUp" duration="1"/>
    <testCase name="useTopUpFeature should set payment status to &quot;TOP_UP_SOMEONE_ELSE_LOADING&quot; when called" duration="1"/>
    <testCase name="useTopUpFeature should call handlePressContinueBtn with payPal" duration="2"/>
  </file>
  <file path="/runner/_work/MyVodafone-OneApp/MyVodafone-OneApp/libs/core/src/features/Nac/hooks/useNacState.spec.tsx">
    <testCase name="useNacState should fail loading the get Billing Account Data" duration="30"/>
    <testCase name="useNacState should start the flow successfully" duration="3"/>
    <testCase name="useNacState should start flow return error" duration="24"/>
    <testCase name="useNacState should start the flow and return customer info and devices" duration="3"/>
    <testCase name="useNacState should get the nac code successfully" duration="3"/>
    <testCase name="useNacState should fail in getting the nac code" duration="11"/>
    <testCase name="useNacState should handle try again on failure" duration="4"/>
    <testCase name="useNacState Manual Request should not process manual NAC request if no subscription or subscriber ids" duration="3"/>
    <testCase name="useNacState Manual Request should process manual NAC request" duration="3"/>
    <testCase name="useNacState Manual Request should process manual NAC request with no consumer name" duration="2"/>
    <testCase name="useNacState Manual Request should handle no id returned in response" duration="2"/>
    <testCase name="useNacState Manual Request should handle api failure" duration="3"/>
    <testCase name="useNacState should open FAQs" duration="5"/>
    <testCase name="useNacState should return correct userType for postpaid" duration="8"/>
    <testCase name="useNacState should return PAYG if currentAccount userType is undefined" duration="3"/>
    <testCase name="useNacState should return correct userType for prepaid" duration="2"/>
  </file>
  <file path="/runner/_work/MyVodafone-OneApp/MyVodafone-OneApp/libs/core/src/features/BillingFeature/MonthlyBilling/MonthlyBillingFeature.spec.tsx">
    <testCase name="Monthly Billing Feature MonthlyBilling component render successfully" duration="2"/>
    <testCase name="Monthly Billing Feature MonthlyBilling component render successfully with vfScreen prop" duration="5"/>
    <testCase name="Monthly Billing Feature MonthlyBilling component render successfully with payment prop" duration="1"/>
    <testCase name="Monthly Billing Feature MonthlyBilling component render successfully with isError and errorType and fullErrorScreenProps props" duration="1"/>
    <testCase name="Monthly Billing Feature MonthlyBilling component render successfully with header prop" duration="6"/>
    <testCase name="Monthly Billing Feature MonthlyBilling component render successfully with subscriptions prop" duration="0"/>
    <testCase name="Monthly Billing Feature MonthlyBilling component - check tracking event on click pressed" duration="16"/>
  </file>
  <file path="/runner/_work/MyVodafone-OneApp/MyVodafone-OneApp/libs/core/src/utils/Network/Network.spec.ts">
    <testCase name="Network layer should be defined" duration="3"/>
    <testCase name="Network layer Error should work correctly" duration="2"/>
    <testCase name="Network layer should execute a request using bearar token" duration="17"/>
    <testCase name="Network layer should execute the stub function when dev-stubs is selected" duration="2"/>
    <testCase name="Network layer should execute a request using basic auth" duration="3"/>
    <testCase name="Network layer should execute a request using jwt token" duration="6"/>
    <testCase name="Network layer should execute a request using apiKey token" duration="3"/>
    <testCase name="Network layer should execute a normal request without any authData" duration="8"/>
    <testCase name="Network layer should execute a normal request without any authData or params" duration="3"/>
    <testCase name="Network layer should execute a normal request without any authData or params, but with version" duration="10"/>
    <testCase name="Network layer should be able to set contract after setParams if the contract has not been set" duration="8"/>
    <testCase name="Network layer should fail if the contract is not set" duration="20"/>
    <testCase name="Network layer should throw error" duration="5"/>
    <testCase name="Network layer should call the clearQueue method and call showAuthError when login function return invalid token" duration="67"/>
    <testCase name="Network layer should call the clearQueue method and call showAuthError when login function rejects" duration="100"/>
    <testCase name="Network layer should call getConsumerInfo when login returns valid token" duration="101"/>
    <testCase name="Network layer should not call the cb method when the reject axios interceptor get called with invalid response" duration="3"/>
    <testCase name="Network layer should call onFulfilled from interceptor" duration="4"/>
  </file>
  <file path="/runner/_work/MyVodafone-OneApp/MyVodafone-OneApp/libs/core/src/utils/CMS/contracts/frameworkAl/callMeBack/CMSCallMeBackContract.spec.ts">
    <testCase name="transformResponse transforms AxiosResponse into CallMeBackData correctly" duration="3"/>
    <testCase name="transformResponse transform correctly when response has no content" duration="1"/>
    <testCase name="transformResponse transform correctly when response is empty" duration="0"/>
    <testCase name="Test CMSCallMeBackContract resource expect not empty url" duration="1"/>
    <testCase name="Test CMSCallMeBackContract resource expect return fullURL" duration="0"/>
    <testCase name="Test CMSCallMeBackContract resource expect full path contains ;pathIdentifier" duration="0"/>
    <testCase name="Test CMSCallMeBackContract params expect the queryParams of base contract to undefine" duration="0"/>
    <testCase name="Test CMSCallMeBackContract params expect cmsCallMeBackRequest will not empty when no parameter passed to param" duration="0"/>
    <testCase name="Test CMSCallMeBackContract params expect cmsCallMeBackRequest will contain key pathIdentifier" duration="1"/>
    <testCase name="Test CMSCallMeBackContract stub should return callmeback stub" duration="0"/>
  </file>
  <file path="/runner/_work/MyVodafone-OneApp/MyVodafone-OneApp/libs/core/src/features/HomepageFeature/Hooks/useLoadHomeModals/useLoadHomeModals.al.spec.tsx">
    <testCase name="useLoadHomeModals should not open promotion popup if it was already opened today" duration="57"/>
    <testCase name="useLoadHomeModals should not open promotion popup when is not logged in" duration="4"/>
    <testCase name="useLoadHomeModals should open promotion popup" duration="68"/>
    <testCase name="useLoadHomeModals should open my weekend promo popup and to has cvm props" duration="17"/>
    <testCase name="useLoadHomeModals should not open promotion popup when cvm is undefined" duration="3"/>
    <testCase name="useLoadHomeModals should not open promotion popup when cvm is loading" duration="3"/>
    <testCase name="useLoadHomeModals should not to open my weekend promo popup and backgound image to be undefined" duration="11"/>
  </file>
  <file path="/runner/_work/MyVodafone-OneApp/MyVodafone-OneApp/libs/core/src/services/AuthService/AuthService.spec.ts">
    <testCase name="Auth service should test set auth token" duration="1"/>
    <testCase name="Auth service should load token from Storage" duration="1"/>
    <testCase name="Auth service should return null if token is not found in Storage" duration="0"/>
    <testCase name="Auth service should return correct locale for pt" duration="1"/>
    <testCase name="Auth service should return default locale for other markets" duration="0"/>
    <testCase name="Auth service initialize SDK with group or ie tenant" duration="1"/>
    <testCase name="Auth service should initialize correctly in production environment" duration="1"/>
    <testCase name="Auth service initialize SDK with other tenants" duration="0"/>
    <testCase name="Auth service Check if already initialized" duration="0"/>
    <testCase name="Auth service authenticate the user through SDK with group or ie tenant" duration="1"/>
    <testCase name="Auth service authenticate the user through SDK with other tenants" duration="0"/>
    <testCase name="Auth service handle re-initialize if authenticate returns sdk not initialized" duration="1"/>
    <testCase name="Auth service should not re-initialize if authenticate returns wrong code" duration="1"/>
    <testCase name="Auth service should not re-initialize if authenticate returns wrong message" duration="0"/>
    <testCase name="Auth service should check on token expired case" duration="6"/>
    <testCase name="Auth service should check for biometric cancelling" duration="1"/>
    <testCase name="Auth service handle press back while in the authentication webview" duration="0"/>
    <testCase name="Auth service logout the user from SDK and re-initialize again" duration="0"/>
    <testCase name="Auth service Check for token value if exists" duration="0"/>
    <testCase name="Auth service Check for token value if null" duration="0"/>
    <testCase name="Auth service Check for token value length less than zero" duration="0"/>
    <testCase name="Auth service should enable biometric" duration="1"/>
    <testCase name="Auth service should enable biometric fail" duration="0"/>
    <testCase name="Auth service should getTokenSharedCode resolve with shared code" duration="1"/>
    <testCase name="Auth service should getTokenSharedCode rejects with null" duration="0"/>
    <testCase name="Auth service should check on NativeConstants conditions" duration="25"/>
    <testCase name="Auth service should check on native modules when logged out" duration="1"/>
  </file>
  <file path="/runner/_work/MyVodafone-OneApp/MyVodafone-OneApp/libs/core/src/utils/CMS/contracts/frameworkAl/shake/CMSShakeContract.spec.ts">
    <testCase name="transformResponse transforms AxiosResponse into ShakeData correctly" duration="2"/>
    <testCase name="transformResponse transform correctly when response has no content" duration="0"/>
    <testCase name="transformResponse transform correctly when response is empty" duration="1"/>
    <testCase name="Test CMSShakeContract resource expect not empty url" duration="0"/>
    <testCase name="Test CMSShakeContract resource expect return fullURL" duration="1"/>
    <testCase name="Test CMSShakeContract resource expect full path contains ;pathIdentifier" duration="0"/>
    <testCase name="Test CMSShakeContract params expect the queryParams of base contract to undefine" duration="0"/>
    <testCase name="Test CMSShakeContract params expect cmsShakeRequest will not empty when no parameter passed to param" duration="1"/>
    <testCase name="Test CMSShakeContract params expect cmsShakeRequest will contain key pathIdentifier" duration="0"/>
    <testCase name="Test CMSShakeContract stub should return Shake stub" duration="1"/>
  </file>
  <file path="/runner/_work/MyVodafone-OneApp/MyVodafone-OneApp/libs/core/src/services/TopUpService/Helpers/HelpersPT.spec.ts">
    <testCase name="HelpersPT generateConfirmPaymentBody  should generate  body params for billing correctly" duration="7"/>
    <testCase name="HelpersPT generateConfirmPaymentBody  should generate  body params for billing correctly with 0 value" duration="1"/>
    <testCase name="HelpersPT generateConfirmPaymentBody  should generate  body params for topup correctly" duration="7"/>
    <testCase name="HelpersPT generateAutoTopUpConfirmPaymentBody should generate a threshold payment body when occurrence is AMOUNT" duration="1"/>
    <testCase name="HelpersPT generateAutoTopUpConfirmPaymentBody should generate a recurrent payment body when occurrence is not AMOUNT" duration="5"/>
    <testCase name="HelpersPT generateAutoTopUpConfirmPaymentBody should include the &apos;channelName&apos; key with value &apos;MI&apos; when the platform is iOS" duration="1"/>
    <testCase name="HelpersPT generateAutoTopUpConfirmPaymentBody should generate payload for paypal" duration="1"/>
    <testCase name="HelpersPT generateAutoTopUpConfirmPaymentBody should generate payload for ApplePay" duration="0"/>
    <testCase name="HelpersPT generateAddNewCardBody should generate a add new card body correctly" duration="0"/>
    <testCase name="HelpersPT formatPaymentCards checks that formatPaymentCards works fine" duration="5"/>
    <testCase name="HelpersPT generateUpdatePaymentBody checks that generateUpdatePaymentBody works fine" duration="1"/>
    <testCase name="HelpersPT generateUpdatePaymentMethodBody checks that generateUpdatePaymentBody works fine" duration="1"/>
  </file>
  <file path="/runner/_work/MyVodafone-OneApp/MyVodafone-OneApp/libs/core/src/features/AccountManagementFeature/PrivacySettingsFeature/NetworkPermissionsFeature/helpers.spec.tsx">
    <testCase name="network permissions helpers mapNetworkPermissions func return permssions with authorized user and with ios platform" duration="3"/>
    <testCase name="network permissions helpers mapNetworkPermissions func return permssions with authorized user and with android platform" duration="1"/>
    <testCase name="network permissions helpers mapNetworkPermissions func maps permissions with unauthorized user and with android platform" duration="0"/>
    <testCase name="network permissions helpers mapNetworkPermissions func should return no permissions while no permission sections " duration="0"/>
    <testCase name="network permissions helpers handleNetPerformPermission will call requestNPPermission and set storage" duration="1"/>
    <testCase name="network permissions helpers handleNetPerformPermission will set only personalizedServices " duration="0"/>
    <testCase name="network permissions helpers handleNetPerformPermission will call requestNPPermission" duration="0"/>
    <testCase name="network permissions helpers handleNetPerformPermission will call declineRequest" duration="0"/>
  </file>
  <file path="/runner/_work/MyVodafone-OneApp/MyVodafone-OneApp/libs/core/src/services/Payment/CreditCardAdyenService.spec.ts">
    <testCase name="CreditCardAdyenService getSavedPaymentMethods should works correctly" duration="7"/>
    <testCase name="CreditCardAdyenService  getSavedPaymentMethods should rejects with error" duration="2"/>
    <testCase name="CreditCardAdyenService submitPayment should work correctly " duration="1"/>
    <testCase name="CreditCardAdyenService submitPayment should rejects if any of payerId or primaryAccountId is undefind" duration="2"/>
    <testCase name="CreditCardAdyenService should rejects with error" duration="2"/>
    <testCase name="CreditCardAdyenService submitcheckThreeDsPayment should works correctly " duration="1"/>
    <testCase name="CreditCardAdyenService submitcheckThreeDsPayment should rejects when paymentId or paymentTransactionId undefiend" duration="2"/>
    <testCase name="CreditCardAdyenService submitcheckThreeDsPayment should rejects with error" duration="1"/>
  </file>
  <file path="/runner/_work/MyVodafone-OneApp/MyVodafone-OneApp/libs/core/src/features/ManageAutoTopUpFeature/ManageAutoTopUpFeature.pt.spec.tsx">
    <testCase name="ManageAutoTopUpFeature with topup activated should open modal when press on EditPayment AutoTopUp" duration="54"/>
    <testCase name="ManageAutoTopUpFeature with topup activated should open modal when press on EditAmount TopUp" duration="22"/>
    <testCase name="ManageAutoTopUpFeature with topup activated calls goBack function when press back button" duration="14"/>
    <testCase name="ManageAutoTopUpFeature with topup activated calls goBack function when press close button" duration="13"/>
    <testCase name="ManageAutoTopUpFeature with topup activated formats payment summary correctly" duration="19"/>
    <testCase name="ManageAutoTopUpFeature with topup activated returns correct description for &quot;amount&quot;" duration="13"/>
    <testCase name="ManageAutoTopUpFeature with topup activated returns correct description for &quot;weekly&quot;" duration="12"/>
    <testCase name="ManageAutoTopUpFeature with topup activated returns correct description for other occurrence types" duration="16"/>
    <testCase name="ManageAutoTopUpFeature with topup activated occurrenceDescription returns correct description for &quot;amount&quot;" duration="14"/>
    <testCase name="ManageAutoTopUpFeature with topup activated occurrenceDescription returns correct description for &quot;weekly&quot;" duration="11"/>
    <testCase name="ManageAutoTopUpFeature with topup activated occurrenceDescription returns correct description for other occurrence types" duration="18"/>
    <testCase name="ManageAutoTopUpFeature with topup activated handleSelectedTopupValue returns the day for a given value" duration="12"/>
    <testCase name="ManageAutoTopUpFeature with topup activated (handleSelectedTopupValue returns the input value for an unknown day" duration="11"/>
    <testCase name="ManageAutoTopUpFeature with topup activated opens and close the DeleteModal" duration="74"/>
    <testCase name="ManageAutoTopUpFeature with topup activated opens and close the PauseModal" duration="45"/>
    <testCase name="ManageAutoTopUpFeature with topup activated renders VFBanner when isCardDismissed is false" duration="13"/>
    <testCase name="publishUrls returns empty string when iconMaps is undefined" duration="11"/>
    <testCase name="publishUrls returns _publishUrl when icon with given id is found" duration="19"/>
    <testCase name="publishUrls should open modal when press on EditOccerrunce TopUp" duration="11"/>
  </file>
  <file path="/runner/_work/MyVodafone-OneApp/MyVodafone-OneApp/libs/core/src/features/TopUpFeature/TopUpFeature.spec.tsx">
    <testCase name="TopUpScreen should be onPressSaveCard works correctly " duration="520"/>
    <testCase name="TopUpScreen should be onTryAgain works correctly " duration="336"/>
    <testCase name="TopUpScreen should be handlePressConfirmSelection works correctly when PaymentTypes is SETUP_AUTO_TOP_UP and select WEEKLY" duration="46"/>
    <testCase name="TopUpScreen should be handlePressConfirmSelection works correctly when PaymentTypes is SETUP_AUTO_TOP_UP and select MONTHLY" duration="58"/>
    <testCase name="TopUpScreen should be handlePressConfirmSelection works correctly when PaymentTypes is SETUP_AUTO_TOP_UP and select AMOUNT" duration="60"/>
    <testCase name="TopUpScreen should be handlePressConfirmSelection works correctly when PaymentTypes is SETUP_AUTO_TOP_UP and select 28-DAYS" duration="53"/>
    <testCase name="TopUpScreen should be handlePressConfirmSelection works correctly when PaymentTypes is SETUP_AUTO_TOP_UP and select 30-DAYS" duration="53"/>
    <testCase name="TopUpScreen should be handlePressConfirmSelection works correctly when PaymentTypes is TOP_UP_SOMEONE_ELSE" duration="57"/>
    <testCase name="TopUpScreen should be onPressContinue works correctly when PaymentTypes is TOP_UP_SOMEONE_ELSE" duration="39"/>
    <testCase name="TopUpScreen should be handlePressConfirmSelection return error when PaymentTypes is SETUP_AUTO_TOP_UP and selectedPaymentCard id is 1595418478860" duration="77"/>
    <testCase name="TopUpScreen should be handlePressConfirmSelection return error when PaymentTypes is TOP_UP_SOMEONE_ELSE and selectedPaymentCard id is 1595418478860" duration="85"/>
    <testCase name="TopUpScreen should be handlePressConfirmSelection return error when PaymentTypes is TOP_UP_SOMEONE_ELSE and selectedPaymentCard id is 1595418478861" duration="71"/>
    <testCase name="validateWheelLength returns default wheel value if wheel values are undefined" duration="0"/>
    <testCase name="validateWheelLength returns default wheel value if wheel values are empty" duration="0"/>
    <testCase name="validateWheelLength returns the rounded up value if it exists in the wheel values" duration="0"/>
    <testCase name="validateWheelLength returns the last value in wheel values if no rounded up value exists" duration="0"/>
  </file>
  <file path="/runner/_work/MyVodafone-OneApp/MyVodafone-OneApp/libs/core/src/utils/CMS/contracts/frameworkAl/bigBrother/CMSBigBrotherContract.spec.ts">
    <testCase name="transformResponse transforms AxiosResponse into BigBrotherData correctly" duration="2"/>
    <testCase name="Test CMSBigBrotherContract resource expect not empty url" duration="1"/>
    <testCase name="Test CMSBigBrotherContract resource expect return fullURL" duration="0"/>
    <testCase name="Test CMSBigBrotherContract resource expect full path contains ;pathIdentifier" duration="0"/>
    <testCase name="Test CMSBigBrotherContract params expect the queryParams of base contract to undefine" duration="0"/>
    <testCase name="Test CMSBigBrotherContract params expect cmsBigBrotherRequest will not empty when no parameter passed to param" duration="0"/>
    <testCase name="Test CMSBigBrotherContract params expect cmsBigBrotherRequest will contain key pathIdentifier" duration="1"/>
    <testCase name="Test CMSBigBrotherContract stub should return bigbrother stub" duration="0"/>
  </file>
  <file path="/runner/_work/MyVodafone-OneApp/MyVodafone-OneApp/libs/core/src/features/Soho/BusinessOverviewFeature/BusinessOverviewFeature.spec.tsx">
    <testCase name="BusinessOverview checks that onAddUsagePress calls toggleAddUsageModal successfully" duration="388"/>
    <testCase name="BusinessOverview checks that BusinessOverview onActiveTabChange executed with plans tab successfully" duration="0"/>
    <testCase name="BusinessOverview checks that BusinessOverview onActiveTabChange executed with usage tab successfully" duration="179"/>
    <testCase name="BusinessOverview checks that BusinessOverview onActiveTabChange executed with licences tab successfully" duration="152"/>
    <testCase name="BusinessOverview checks that BusinessOverview onActiveTabChange executed with Devices tab successfully" duration="158"/>
    <testCase name="BusinessOverview checks that BusinessOverview onActiveTabChange executed with Addons tab successfully" duration="151"/>
    <testCase name="BusinessOverview checks that BusinessOverview onUsageCategoriesTabChange executed with see all  tab successfully" duration="150"/>
    <testCase name="BusinessOverview checks that BusinessOverview onUsageCategoriesTabChange executed with calls  tab successfully" duration="153"/>
    <testCase name="BusinessOverview checks that BusinessOverview onUsageCategoriesTabChange executed with sms  tab successfully" duration="142"/>
    <testCase name="BusinessOverview checks that BusinessOverview onUsageCategoriesTabChange executed with data  tab successfully" duration="151"/>
    <testCase name="BusinessOverview checks that BusinessOverview onViewPlanPress executed successfully" duration="2"/>
    <testCase name="BusinessOverview checks that BusinessOverview onViewGraphsPress executed successfully" duration="1"/>
    <testCase name="BusinessOverview checks that BusinessOverview onBillingPress navigates to sohoBilling screen" duration="2"/>
    <testCase name="BusinessOverview check that BusinessOverview onRecommendedAddOnsPress executed successfully" duration="1"/>
    <testCase name="BusinessOverview check that BusinessOverview DevicesProps onTryAgainPress executed successfully" duration="149"/>
    <testCase name="BusinessOverview check that BusinessOverview LicencesProps onTryAgainPress executed successfully" duration="138"/>
    <testCase name="BusinessOverview check that BusinessOverview AddOnsProps onTryAgainPress executed successfully" duration="136"/>
    <testCase name="BusinessOverview check that BusinessOverview AddOnsProps onBuyAddOnsPress executed successfully" duration="1"/>
    <testCase name="BusinessOverview check that BusinessOverview AddOnsProps onActiveAddOnsPress executed successfully" duration="2"/>
    <testCase name="BusinessOverview check that BusinessOverview PlansProps onTryAgainPress executed successfully" duration="181"/>
    <testCase name="BusinessOverview check that BusinessOverview PlansProps onExtrasErrorPrimaryButtonPress executed successfully" duration="911"/>
    <testCase name="BusinessOverview checks that BusinessOverview onRefresh to resolve a promise successfully" duration="1010"/>
  </file>
  <file path="/runner/_work/MyVodafone-OneApp/MyVodafone-OneApp/libs/core/src/services/TopUpService/TopUpService.pt.spec.ts">
    <testCase name="TopUpServicePT onConfirmTopUp call onConfirmTopUp correctly" duration="2"/>
    <testCase name="TopUpServicePT onConfirmTopUp call onConfirmTopUp correctly wheen there is a NIF number" duration="1"/>
    <testCase name="TopUpServicePT onConfirmTopUp should onConfirmTopUp throw an error when there is an error" duration="0"/>
    <testCase name="TopUpServicePT AddNewCard call AddNewCard correctly" duration="1"/>
    <testCase name="TopUpServicePT AddNewCard should AddNewCard throw an error when there is an error" duration="1"/>
    <testCase name="TopUpServicePT onConfirmAutoTopUp call onConfirmTopUp correctly" duration="0"/>
    <testCase name="TopUpServicePT onConfirmAutoTopUp call onConfirmAutoTopUp correctly wheen there is a NIF number" duration="1"/>
    <testCase name="TopUpServicePT onConfirmAutoTopUp should onConfirmTopUp throw an error when there is an error" duration="0"/>
    <testCase name="TopUpServicePT getTopUpData checks that getTopUpData called successfully" duration="0"/>
    <testCase name="TopUpServicePT getPaymentMethods should work correctly " duration="1"/>
    <testCase name="TopUpServicePT getPaymentMethods checks that getPaymentMethods rejects when the response is not instanceof GetPaymentMethodsResponse" duration="0"/>
    <testCase name="TopUpServicePT getPaymentMethods checks that getPaymentMethods rejects when there is an error" duration="1"/>
    <testCase name="TopUpServicePT getPaymentTokenizedCards should work correctly " duration="0"/>
    <testCase name="TopUpServicePT getPaymentTokenizedCards checks that getPaymentTokenizedCards rejects when the response is not instanceof GetTokenizedCardsResponse" duration="1"/>
    <testCase name="TopUpServicePT getPaymentTokenizedCards checks that getPaymentTokenizedCards rejects when there is an error" duration="0"/>
    <testCase name="TopUpServicePT updatePayment call updatePayment correctly" duration="1"/>
    <testCase name="TopUpServicePT updatePayment should updatePayment throw an error when there is an error" duration="0"/>
    <testCase name="TopUpServicePT updatePaymentMethod call updatePaymentMethod correctly" duration="1"/>
    <testCase name="TopUpServicePT updatePaymentMethod should updatePaymentMethod throw an error when there is an error" duration="0"/>
  </file>
  <file path="/runner/_work/MyVodafone-OneApp/MyVodafone-OneApp/libs/core/src/features/HomepageFeature/components/HighlightsSection/NewHighlightsSection.spec.tsx">
    <testCase name="Highlights section sectionHeader should be higlights" duration="46"/>
    <testCase name="Highlights section isLoading should be true when consumerInfo isLoad or highlight" duration="14"/>
    <testCase name="Highlights section sectionError should be invoked when consumerInfo has error" duration="6"/>
    <testCase name="Highlights section sectionError should be invoked when highlight has error " duration="3"/>
    <testCase name="Highlights section getStaticHighlightsCards should be invoked when user loggedout and return only one static card" duration="10"/>
    <testCase name="Highlights section getLoggedInHighlight should be invoked when user loggedIn " duration="143"/>
    <testCase name="Highlights section getLoggedInHighlight should be returns static card and error card when highlightAPI is undefined" duration="15"/>
    <testCase name="Highlights section onTryAginPress should be invok and dispatch consumerInfo when error card clicked" duration="3"/>
    <testCase name="Highlights section onTryAginPress should be invok and dispatch Highlight when error card clicked" duration="3"/>
    <testCase name="Highlights section getComplexCard  should throw error when higlight api not have mobile useage" duration="13"/>
    <testCase name="Highlights section getComplexCard should called onPressCard when invoke onePress " duration="0"/>
    <testCase name="Highlights section maptoPartnerShip should invoke onPress when clicked" duration="0"/>
    <testCase name="Highlights section onCardPress should be invoke deepLink when screen not include oneapp" duration="0"/>
    <testCase name="Highlights section onCardPress should be invoke deepLink when screen include oneapp" duration="0"/>
    <testCase name="Highlights section getCardFooterWithDate should return footer successfully in case due date is passed" duration="0"/>
    <testCase name="Highlights section getPayByCardFooter should return undefined in case due date is undefined" duration="0"/>
    <testCase name="Highlights section getTopupUsageCardFooter should return no credit footer in case amount = 0" duration="1"/>
    <testCase name="Highlights section getTopupUsageCardFooter should return no credit footer in case amount != 0" duration="0"/>
    <testCase name="Highlights section getTopupUsageCardFooter should return no credit footer in case amount != 0" duration="0"/>
    <testCase name="Highlights section mapTopupUsageCard should invoke onPress when clicked Topup" duration="1"/>
    <testCase name="Highlights section mapTopupUsageCard should invoke onPress when clicked other-topups" duration="0"/>
  </file>
  <file path="/runner/_work/MyVodafone-OneApp/MyVodafone-OneApp/libs/core/src/features/HomepageFeature/components/ProductSelectorSection/ProductSelectorSection.spec.tsx">
    <testCase name="ProductSelector section should be rendered suceesfully" duration="18"/>
    <testCase name="ProductSelector section should be rendered with error after loading" duration="6"/>
    <testCase name="ProductSelector section should return correct values for mobile data" duration="1"/>
    <testCase name="ProductSelector section should return correct values for mobile broadband data" duration="0"/>
    <testCase name="ProductSelector section should return empty values when api is empty" duration="1"/>
    <testCase name="ProductSelector section should return empty values when CMS is empty" duration="0"/>
    <testCase name="ProductSelector section should return empty values when API has types not included in CMS" duration="0"/>
    <testCase name="ProductSelector section should return correct values for securenet data" duration="0"/>
    <testCase name="ProductSelector section helper methods should configure detail text" duration="1"/>
    <testCase name="ProductSelector section helper methods should determine if devices is connected" duration="0"/>
    <testCase name="ProductSelector section helper methods configureProducts should be return undefind" duration="1"/>
    <testCase name="ProductSelector section helper methods configureProducts should be return empty array" duration="0"/>
    <testCase name="ProductSelector section helper methods configureProducts should be return configure Service Detail" duration="0"/>
    <testCase name="ProductSelector section helper methods should return empty array if usageSummary is empty" duration="0"/>
    <testCase name="ProductSelector section helper methods should return empty array if usageSummary with an object" duration="1"/>
    <testCase name="ProductSelector section helper methods should return a ProductDetailProps object with correct detail, iconType, title, usage, type and status when given valid input" duration="0"/>
    <testCase name="ProductSelector section helper methods should display the correct unit" duration="1"/>
    <testCase name="ProductSelector section helper methods ProductSelectorSection should render 0 status when remainingValue = 0" duration="0"/>
    <testCase name="ProductSelector section helper methods ProductSelectorSection should render Low status when remainingValue &lt; thresholdPercent" duration="0"/>
    <testCase name="ProductSelector section helper methods ProductSelectorSection should render empty string when remainingValue &gt; thresholdPercent" duration="0"/>
  </file>
  <file path="/runner/_work/MyVodafone-OneApp/MyVodafone-OneApp/libs/core/src/features/ManageAutoTopUpFeature/ManageAutoTopUpFeatureActivated.spec.tsx">
    <testCase name="ManageAutoTopUpFeature with topup activated should open modal when press on EditPayment AutoTopUp" duration="57"/>
    <testCase name="ManageAutoTopUpFeature with topup activated should open modal when press on EditAmount TopUp" duration="21"/>
    <testCase name="ManageAutoTopUpFeature with topup activated calls goBack function when press back button" duration="11"/>
    <testCase name="ManageAutoTopUpFeature with topup activated calls goBack function when press close button" duration="12"/>
    <testCase name="ManageAutoTopUpFeature with topup activated formats payment summary correctly" duration="17"/>
    <testCase name="ManageAutoTopUpFeature with topup activated returns correct description for &quot;amount&quot;" duration="12"/>
    <testCase name="ManageAutoTopUpFeature with topup activated returns correct description for &quot;weekly&quot;" duration="12"/>
    <testCase name="ManageAutoTopUpFeature with topup activated returns correct description for other occurrence types" duration="10"/>
    <testCase name="ManageAutoTopUpFeature with topup activated occurrenceDescription returns correct description for &quot;amount&quot;" duration="16"/>
    <testCase name="ManageAutoTopUpFeature with topup activated occurrenceDescription returns correct description for &quot;weekly&quot;" duration="10"/>
    <testCase name="ManageAutoTopUpFeature with topup activated occurrenceDescription returns correct description for other occurrence types" duration="10"/>
    <testCase name="ManageAutoTopUpFeature with topup activated handleSelectedTopupValue returns the day for a given value" duration="11"/>
    <testCase name="ManageAutoTopUpFeature with topup activated (handleSelectedTopupValue returns the input value for an unknown day" duration="16"/>
    <testCase name="ManageAutoTopUpFeature with topup activated opens and close the DeleteModal" duration="83"/>
    <testCase name="ManageAutoTopUpFeature with topup activated confrimDeletAutoTopup should runs correctly" duration="14"/>
    <testCase name="ManageAutoTopUpFeature with topup activated renders VFBanner when isCardDismissed is false" duration="10"/>
    <testCase name="publishUrls returns empty string when iconMaps is undefined" duration="12"/>
    <testCase name="publishUrls returns _publishUrl when icon with given id is found" duration="17"/>
    <testCase name="publishUrls should open modal when press on EditOccerrunce TopUp" duration="10"/>
  </file>
  <file path="/runner/_work/MyVodafone-OneApp/MyVodafone-OneApp/libs/core/src/features/PayBillFeature/usePayBillFeatureHook/usePayBillFeatureHook.al.spec.ts">
    <testCase name="usePayBillFeature should be onTryAgain works correctly when msdin is undefined" duration="16"/>
    <testCase name="usePayBillFeature should be onTryAgain works correctly when msdin is defined" duration="11"/>
    <testCase name="usePayBillFeature should resolve handlePressConfirmSelectionPayment when status is &quot;AUTHORIZED&quot;" duration="7"/>
    <testCase name="usePayBillFeature should call onConfirmPayment once when the status is not &quot;AUTHORIZED&quot;" duration="5"/>
    <testCase name="usePayBillFeature should reject handlePressConfirmSelectionPayment when the status is not &quot;AUTHORIZED&quot; when data not provided" duration="4"/>
    <testCase name="usePayBillFeature should close overlay when calling handlePressConfirmSelectionPayment when the status is not &quot;AUTHORIZED&quot; and data is modalClosed" duration="4"/>
    <testCase name="usePayBillFeature should reject handlePressConfirmSelectionPayment when there is an error" duration="5"/>
    <testCase name="usePayBillFeature should call onPressSaveCard successfully" duration="6"/>
    <testCase name="usePayBillFeature should return the _publishUrl of the icon with the given id" duration="4"/>
    <testCase name="usePayBillFeature should return undefined if no icon with the given id is found" duration="4"/>
    <testCase name="usePayBillFeature should resolve handleSelectPaymentCard&quot;" duration="4"/>
    <testCase name="usePayBillFeature should call onPressSaveCard reject" duration="4"/>
  </file>
  <file path="/runner/_work/MyVodafone-OneApp/MyVodafone-OneApp/libs/core/src/features/PayBillFeature/hooks/useCreditCardAdyenHook/useCreditCardsAdyenHook.spec.tsx">
    <testCase name="useCreditCardsAdyenHook when call onPressContinue, should start with PAYMENTREQUEST then after success card should go TOP_UP_SUMMARY" duration="15"/>
    <testCase name="useCreditCardsAdyenHook when call onPressContinue when error occurs should reject the promise" duration="7"/>
    <testCase name="useCreditCardsAdyenHook when call onConfirmSelection, it calls adyan to dropin" duration="3"/>
    <testCase name="useCreditCardsAdyenHook when call didFail, it closes adyan" duration="2"/>
    <testCase name="useCreditCardsAdyenHook when call didcomplete, it closes adyan" duration="2"/>
    <testCase name="useCreditCardsAdyenHook when call didsubmit, should work navigate to 3ds " duration="3"/>
    <testCase name="useCreditCardsAdyenHook when call didsubmit, should work navigate to success without 3ds " duration="2"/>
    <testCase name="useCreditCardsAdyenHook when call didsubmit, should fail when error happen " duration="2"/>
    <testCase name="useCreditCardsAdyenHook when call didProvide, should work navigate to success " duration="3"/>
    <testCase name="useCreditCardsAdyenHook when call didProvide, should navigate to failed if not auth " duration="2"/>
    <testCase name="useCreditCardsAdyenHook when call didProvide, should fail when error happen " duration="2"/>
  </file>
  <file path="/runner/_work/MyVodafone-OneApp/MyVodafone-OneApp/libs/core/src/features/Onboarding/Components/PersonalInformationView.spec.tsx">
    <testCase name="PersonalInformationView Component should render component" duration="29"/>
    <testCase name="PersonalInformationView Component should test the email state" duration="15"/>
    <testCase name="PersonalInformationView Component should test the name state" duration="7"/>
    <testCase name="PersonalInformationView Component should open date picker onFocus date input" duration="24"/>
    <testCase name="PersonalInformationView Component should update date state onClose date picker" duration="14"/>
    <testCase name="PersonalInformationView Component should not update date state onCancel date picker" duration="7"/>
    <testCase name="PersonalInformationView Component should change the selectedDate on input change" duration="9"/>
    <testCase name="PersonalInformationView Component should test the save button is disabled when the form is empty" duration="8"/>
    <testCase name="PersonalInformationView Component should test the save button is enabled" duration="11"/>
    <testCase name="PersonalInformationView Component should validate name correctly" duration="8"/>
    <testCase name="PersonalInformationView Component should validate email correctly" duration="8"/>
    <testCase name="PersonalInformationView Component should not call onSave with an invalid form" duration="10"/>
    <testCase name="PersonalInformationView Component should call onSave with a valid form" duration="7"/>
    <testCase name="PersonalInformationView Component should display name input error" duration="12"/>
  </file>
  <file path="/runner/_work/MyVodafone-OneApp/MyVodafone-OneApp/libs/core/src/features/SetAutoTopUpFeature/SetAutoTopUpFeature.spec.tsx">
    <testCase name="SetAutoTopUpFeature it should render shimmer before setup when auto top-up is loading data" duration="43"/>
    <testCase name="SetAutoTopUpFeature it should render banner before setup when auto top-up is not set up" duration="20"/>
    <testCase name="SetAutoTopUpFeature it should render banner after setup when auto top-up is set up when MONTHLY selected" duration="100"/>
    <testCase name="SetAutoTopUpFeature it should render shimmmer after setup when auto top-up is set up sucsessfuly" duration="74"/>
    <testCase name="SetAutoTopUpFeature it should render banner after setup when auto top-up is set up when MONTHLY AMOUNT" duration="77"/>
    <testCase name="SetAutoTopUpFeature it should render banner after setup when auto top-up is set up when MONTHLY WEEKLY" duration="113"/>
    <testCase name="SetAutoTopUpFeature it should render banner after setup when auto top-up is set up when 28-DAYS" duration="117"/>
    <testCase name="SetAutoTopUpFeature it should render banner after setup when auto top-up is set up when 30-DAYS" duration="108"/>
    <testCase name="SetAutoTopUpFeature it should renderAutoTopUpModal closed when closeTopUpModal is pressed" duration="79"/>
    <testCase name="SetAutoTopUpFeature it should renderAutoTopUpModal closed when toggleModal is pressed" duration="87"/>
    <testCase name="SetAutoTopUpFeature it should close autoTopUp toggle when i pressed on onToggleActiveStatus" duration="87"/>
    <testCase name="SetAutoTopUpFeature it should phoneNumberValidation run successfully" duration="0"/>
    <testCase name="SetAutoTopUpFeature renders TopUpFeature QATitle and defaultWheelValue" duration="63"/>
    <testCase name="SetAutoTopUpFeature should simulate executing getCMSData successfully" duration="16"/>
    <testCase name="SetAutoTopUpFeature should render the error card when isMsisdnDown down" duration="11"/>
    <testCase name="SetAutoTopUpFeature should call onTryAgain when isMsisdnDown down" duration="85"/>
  </file>
  <file path="/runner/_work/MyVodafone-OneApp/MyVodafone-OneApp/libs/core/src/features/CallMeBack/Hooks/useCMSCallMeBackHook.spec.tsx">
    <testCase name="useCMSCallMeBackHook fetches call me back data from CMS and updates headings data" duration="13"/>
    <testCase name="useCMSCallMeBackHook fetches call me back data from CMS and updates descriptions data" duration="4"/>
    <testCase name="useCMSCallMeBackHook fetches call me back data from CMS and updates labels data" duration="3"/>
    <testCase name="useCMSCallMeBackHook fetches call me back data from CMS and updates button labels data" duration="3"/>
    <testCase name="useCMSCallMeBackHook handles network errors" duration="3"/>
  </file>
  <file path="/runner/_work/MyVodafone-OneApp/MyVodafone-OneApp/libs/core/src/features/AccountManagementFeature/AccountManagementFeature.spec.tsx">
    <testCase name="test accountManagementTracking should track event when call account management tracking click" duration="2"/>
    <testCase name="Account Management feature should renders successfully" duration="1"/>
    <testCase name="Get test id should be return first Character LowerCase" duration="1"/>
    <testCase name="Account managament feature should renders successfully" duration="0"/>
    <testCase name="Account managament feature should change state when cancel button action fired" duration="1"/>
    <testCase name="Account managament feature calls onLogoutAction correctly" duration="12"/>
    <testCase name="Account managament feature should check if logoutOverlaySubTitle exits " duration="13"/>
    <testCase name="Account managament feature should show modal if logged in and the logout btn is pressed" duration="20"/>
    <testCase name="Account managament feature should call login from authService when login btn is pressed" duration="15"/>
    <testCase name="Account managament feature should call handleAuthServiceError if the logout has rejected" duration="10"/>
    <testCase name="Account managament feature should set button title with empty-string when buttonLabel undefined" duration="0"/>
    <testCase name="Account Management sections should render cms sections" duration="0"/>
    <testCase name="Account Management sections should call deeplink on link press" duration="1"/>
    <testCase name="Account Management sections should return empty array when no sections passed correctly" duration="0"/>
  </file>
  <file path="/runner/_work/MyVodafone-OneApp/MyVodafone-OneApp/libs/core/src/services/DigitalAcquisition/DigitalAcquisitionService.spec.ts">
    <testCase name="DigitalAcquisitionService createCostumer should return response" duration="2"/>
    <testCase name="DigitalAcquisitionService createCostumer should throw error if there is NetworkError" duration="1"/>
    <testCase name="DigitalAcquisitionService createCostumer should throw error if there is Error" duration="0"/>
    <testCase name="DigitalAcquisitionService getCostumer should return response" duration="0"/>
    <testCase name="DigitalAcquisitionService getCostumer should throw error if there is NetworkError" duration="0"/>
    <testCase name="DigitalAcquisitionService getCostumer should throw error if there is Error" duration="1"/>
    <testCase name="DigitalAcquisitionService getOffers should return response" duration="0"/>
    <testCase name="DigitalAcquisitionService getOffers should throw error if there is NetworkError" duration="0"/>
    <testCase name="DigitalAcquisitionService getOffers should throw error if there is Error" duration="0"/>
    <testCase name="DigitalAcquisitionService productOrder should return response" duration="0"/>
    <testCase name="DigitalAcquisitionService productOrder should throw error if there is NetworkError" duration="0"/>
    <testCase name="DigitalAcquisitionService productOrder should throw error if there is Error" duration="0"/>
    <testCase name="DigitalAcquisitionService getResources should return response" duration="1"/>
    <testCase name="DigitalAcquisitionService getResources should throw error if there is NetworkError" duration="0"/>
    <testCase name="DigitalAcquisitionService getResources should throw error if there is Error" duration="1"/>
  </file>
  <file path="/runner/_work/MyVodafone-OneApp/MyVodafone-OneApp/libs/core/src/features/PayBillFeature/usePayBillFeatureHook/usePayBillFeatureHook.spec.ts">
    <testCase name="usePayBillFeature should call onTryAgain correctly" duration="9"/>
    <testCase name="usePayBillFeature should call handlePressConfirmSelection" duration="2"/>
    <testCase name="usePayBillFeature should call onPressSaveCard successfully" duration="3"/>
    <testCase name="usePayBillFeature should return the _publishUrl of the icon with the given id" duration="3"/>
    <testCase name="usePayBillFeature should return undefined if no icon with the given id is found" duration="2"/>
    <testCase name="usePayBillFeature navigateToAddNewCardCustomJourney should navigateToAddNewCardCustomJourney when status is unverified and addCardJourneyType is externalBrowser" duration="3"/>
    <testCase name="usePayBillFeature navigateToAddNewCardCustomJourney should not navigateToAddNewCardCustomJourney when status is complete and addCardJourneyType is externalBrowser" duration="2"/>
    <testCase name="usePayBillFeature navigateToAddNewCardCustomJourney should navigateToAddNewCardCustomJourney rejects to status failed when status is failed and addCardJourneyType is externalBrowser" duration="1"/>
    <testCase name="usePayBillFeature navigateToAddNewCardCustomJourney should navigateToAddNewCardCustomJourney reject with error when there is a network issue" duration="8"/>
    <testCase name="usePayBillFeature handlePressConfirmSelection should call handlePressConfirmSelection successfully" duration="2"/>
    <testCase name="usePayBillFeature handlePressConfirmSelection should call handlePressConfirmSelection when status is failed" duration="3"/>
    <testCase name="usePayBillFeature handlePressConfirmSelection should call handlePressConfirmSelection when status is failed but resolves by default" duration="2"/>
    <testCase name="usePayBillFeature handlePressConfirmSelection should call handlePressConfirmSelection when there is a network error" duration="3"/>
    <testCase name="usePayBillFeature handlePressConfirmSelection should call navigateToCheckSelectedCardWebView successfully" duration="2"/>
  </file>
  <file path="/runner/_work/MyVodafone-OneApp/MyVodafone-OneApp/libs/core/src/features/Onboarding/Onboarding.spec.tsx">
    <testCase name="App state event listener calls enableBiometrics when the app comes to the foreground" duration="59"/>
    <testCase name="useEffect checks that login onboarding object loaded successfully when login state true" duration="38"/>
    <testCase name="useEffect checks that logout onboarding object loaded successfully  when login state false" duration="19"/>
    <testCase name="useEffect checks that onboarding object not loaded when its null" duration="27"/>
    <testCase name="useEffect checks that onFinish called successfully when checkedSteps length is greater than or equal the steps length" duration="28"/>
    <testCase name="useEffect checks that getItem failed" duration="25"/>
    <testCase name="useEffect checks that AsyncStorage set onboarding Object successfully" duration="25"/>
    <testCase name="Onboarding component checks that _onStartPress called successfully" duration="19"/>
    <testCase name="Onboarding component checks that _onStepUpdate called successfully" duration="26"/>
    <testCase name="Onboarding component checks that _onStepUpdate works correctly when checkIfBiometricIsAvailable return  BIOMETRIC_ERROR_NONE_ENROLLED" duration="133"/>
    <testCase name="Onboarding component checks that _onStepUpdate works correctly when checkIfBiometricIsAvailable returns nothing  " duration="26"/>
    <testCase name="Onboarding component checks that _onStepUpdate called successfully when handleBiometricGotoSettings is rejected " duration="24"/>
    <testCase name="Onboarding component should checkEnableBiometrics resolve successfully when identifier equal Biometrics" duration="28"/>
  </file>
  <file path="/runner/_work/MyVodafone-OneApp/MyVodafone-OneApp/libs/core/src/features/TopUpFeature/Helpers/Helpers.spec.tsx">
    <testCase name="TopUpFeature Helpers it should parseAutoTopUpSuccessPlaceholders return correct values" duration="4"/>
    <testCase name="TopUpFeature Helpers it should getErrorData return specified error" duration="1"/>
    <testCase name="TopUpFeature Helpers getCardType should called successfully when card is Visa" duration="0"/>
    <testCase name="TopUpFeature Helpers getCardType should return the default value when there is no cardNumber" duration="1"/>
    <testCase name="TopUpFeature Helpers getCardType should called successfully when card is MasterCard" duration="0"/>
    <testCase name="TopUpFeature Helpers getCardType should called successfully when card is American Express" duration="0"/>
    <testCase name="TopUpFeature Helpers IE TENANT getBodyParamsConfirmTopUp returns the body parameters for confirming top-up" duration="1"/>
    <testCase name="TopUpFeature Helpers IE TENANT getBodyParamsOnSave returns the body parameters for saving a new payment card" duration="0"/>
    <testCase name="TopUpFeature Helpers IE TENANT navigateToThreeDsChallenge should set the WebView props and toggle the WebView" duration="1"/>
    <testCase name="TopUpFeature Helpers IE TENANT navigateToThreeDsChallenge should not set the WebView props or toggle the WebView if webViewModalRef is undefined" duration="1"/>
    <testCase name="TopUpFeature Helpers IE TENANT set3DSCookie should return the given params object" duration="0"/>
    <testCase name="TopUpFeature Helpers IE TENANT getIconById should return the given params object" duration="0"/>
    <testCase name="TopUpFeature Helpers IE TENANT getIconById returns undefined for undefined iconMaps" duration="0"/>
    <testCase name="TopUpFeature Helpers IE TENANT getPaymentReference should return an empty string" duration="1"/>
    <testCase name="TopUpFeature Helpers convertToArrOfObj it should covert to array of objects" duration="0"/>
    <testCase name="TopUpFeature Helpers formatDefaultPaymentCrad it should return defualt index to first item of the array" duration="0"/>
    <testCase name="TopUpFeature Helpers validateNIFNumber should return true for a valid NIF number" duration="1"/>
    <testCase name="TopUpFeature Helpers validateNIFNumber should return false for an invalid NIF number" duration="1"/>
    <testCase name="TopUpFeature Helpers mapPaymentCards should map CardData" duration="0"/>
    <testCase name="TopUpFeature Helpers mapPaymentCards should map AdyenCards[] to CardData[] format" duration="0"/>
  </file>
  <file path="/runner/_work/MyVodafone-OneApp/MyVodafone-OneApp/libs/core/src/features/TopUpFeature/hooks/useTopUpFeature/useTopUpFeature.spec.tsx">
    <testCase name="useTopUpFeature initial state and getTopUpData function handle error" duration="16"/>
    <testCase name="useTopUpFeature validates phone number correctly" duration="3"/>
    <testCase name="useTopUpFeature should resolve handlePressContinueBtn" duration="24"/>
    <testCase name="useTopUpFeature should define selectLastCard" duration="11"/>
    <testCase name="useTopUpFeature should handle getTopUpData and resolve  formatting the cards passing withFormatPaymentCards truthy" duration="6"/>
    <testCase name="useTopUpFeature should handle getTopUpData and resolve formatting the cards passing withFormatPaymentCards truthy" duration="5"/>
    <testCase name="useTopUpFeature should not format cards, when adyenTokenizedCards is [] &amp; PaymentType is TOP_UP_SOMEONE_ELSE" duration="7"/>
    <testCase name="useTopUpFeature should handle getTopUpData and resolve without formatting the cards while withFormatPaymentCards &amp; withFormatAdyenCards are false" duration="5"/>
    <testCase name="useTopUpFeature checks that isMsisdnDown state set with true when the user is loggedIn and there is no msisdn" duration="5"/>
  </file>
  <file path="/runner/_work/MyVodafone-OneApp/MyVodafone-OneApp/libs/core/src/features/DigitalAcquisition/DigitalAcuisition.spec.tsx">
    <testCase name="DigitalAcquisitionFeature checks that DigitalAcquisitionFeature renders successfully" duration="3"/>
    <testCase name="DigitalAcquisitionFeature checks that postForm service is successful" duration="168"/>
    <testCase name="DigitalAcquisitionFeature checks that postForm service fails with Network Error" duration="1"/>
    <testCase name="DigitalAcquisitionFeature checks that postForm service fails with Error" duration="1"/>
    <testCase name="DigitalAcquisitionFeature checks that verifyCostumer service is successful" duration="84"/>
    <testCase name="DigitalAcquisitionFeature checks that verifyCostumer service fails with network error" duration="1"/>
    <testCase name="DigitalAcquisitionFeature checks that verifyCostumer service fails with Error" duration="0"/>
    <testCase name="DigitalAcquisitionFeature checks that productOrder service is successful" duration="30"/>
    <testCase name="DigitalAcquisitionFeature checks that productOrder service fail with NetworkError" duration="39"/>
    <testCase name="DigitalAcquisitionFeature checks that productOrder service fails with Error" duration="54"/>
    <testCase name="DigitalAcquisitionFeature checks that onStartPress calls getOffers" duration="99"/>
    <testCase name="DigitalAcquisitionFeature checks that onSelectedOffer selects an offer" duration="38"/>
    <testCase name="DigitalAcquisitionFeature checks that onClose clears state" duration="36"/>
  </file>
  <file path="/runner/_work/MyVodafone-OneApp/MyVodafone-OneApp/libs/core/src/Store/Slices/TopUp/TopUpSlice.spec.ts">
    <testCase name="Thunks getSavedPaymentMethodsAction Thunk should fail " duration="6"/>
    <testCase name="Thunks  clearTopUpSlice should clear the top-up slice to initial state" duration="3"/>
    <testCase name="Thunks resetAdyenCheckout should clear the top-up slice" duration="1"/>
    <testCase name="Thunks navigateSpecificToScreen action should set default" duration="1"/>
    <testCase name="Thunks updateSelectedValue action should set to 10 " duration="1"/>
    <testCase name="Thunks handleConfirmationPaymentResponse action should set" duration="0"/>
    <testCase name="Thunks handleConfirmationTopUpParams action should set  " duration="0"/>
    <testCase name="Thunks addAdyenResponse action should set response data" duration="1"/>
    <testCase name="Thunks getSavedPaymentMethodsAction works fine " duration="99"/>
    <testCase name="Thunks getSavedPaymentMethodsAction Thunk failure" duration="4"/>
    <testCase name="Thunks getPaymentTokenizedCardsAction works fine " duration="5"/>
    <testCase name="Thunks getPaymentTokenizedCardsAction Thunk failure" duration="5"/>
    <testCase name="Thunks Journey addNewCard Adyen - dispatch startAdyenDropIn &amp; updateStoredPayments &amp; setAdyenAddNewCard" duration="2"/>
  </file>
  <file path="/runner/_work/MyVodafone-OneApp/MyVodafone-OneApp/libs/core/src/utils/CMS/contracts/summerPromo/CMSSummerPromoContract.spec.ts">
    <testCase name="transformResponse transforms AxiosResponse into SummerPromoData correctly" duration="2"/>
    <testCase name="Test CMSSummerPromoContract resource expect not empty url" duration="1"/>
    <testCase name="Test CMSSummerPromoContract resource expect return fullURL" duration="0"/>
    <testCase name="Test CMSSummerPromoContract resource expect full path contains ;pathIdentifier" duration="1"/>
    <testCase name="Test CMSSummerPromoContract params expect the queryParams of base contract to undefine" duration="0"/>
    <testCase name="Test CMSSummerPromoContract params expect cmsSummerPromoRequest will not empty when no parameter passed to param" duration="0"/>
    <testCase name="Test CMSSummerPromoContract params expect cmsSummerPromoRequest will contain key pathIdentifier" duration="1"/>
    <testCase name="Test CMSSummerPromoContract stub should return summerpromo stub" duration="0"/>
  </file>
  <file path="/runner/_work/MyVodafone-OneApp/MyVodafone-OneApp/libs/core/src/features/ProductAndServices/ProductsAndServicesFeature.spec.tsx">
    <testCase name="ProductsAndServicesFeature checks that ProductsAndServicesFeature renders successfully" duration="131"/>
    <testCase name="ProductsAndServicesFeature checks that handleUsagePress navigates to my offers" duration="34"/>
    <testCase name="ProductsAndServicesFeature checks that handlePressAddOnItem navigates to remove addon" duration="56"/>
    <testCase name="ProductsAndServicesFeature checks that onRefresh navigates to remove addon" duration="132"/>
    <testCase name="ProductsAndServicesFeature checks that SubHeaderRightComponent renders button and when clicked to open topup when usetype is prepaid" duration="51"/>
    <testCase name="ProductsAndServicesFeature checks that SubHeaderRightComponent renders button and when clicked to navigate to billing when usetype is not prepaid" duration="37"/>
    <testCase name="ProductsAndServicesFeature checks that SubHeaderRightComponent renders nothing when usertype is undefined" duration="27"/>
    <testCase name="ProductsAndServicesFeature checks that onSubHeaderDescriptionPress to open hyperlink modal" duration="31"/>
  </file>
  <file path="/runner/_work/MyVodafone-OneApp/MyVodafone-OneApp/libs/core/src/services/TopUpService/TopUpService.al.spec.tsx">
    <testCase name="TopUpFeatureAl onconfirmation  returns error when paymentCard id is 1595418478861" duration="3"/>
    <testCase name="TopUpFeatureAl returns top up data correctly" duration="0"/>
    <testCase name="TopUpFeatureAl onSaveCard onSaveCard without saveForLater works correctly" duration="2"/>
    <testCase name="TopUpFeatureAl onSaveCard should onSaveCard throw an error when there is an error in AddNewCardGenerateTokenContractAL" duration="0"/>
    <testCase name="TopUpFeatureAl onSaveCard should onSaveCard throw an error when the response is not instanceof AddNewCardGenerateTokenResponse" duration="0"/>
    <testCase name="TopUpFeatureAl onSaveCard should onSaveCard throw an error when the response is not instanceof AddNewCardResponse" duration="0"/>
    <testCase name="TopUpFeatureAl getTopUpData should throw an error when there is an error from apis " duration="1"/>
    <testCase name="TopUpFeatureAl getTopUpData should resolve " duration="1"/>
    <testCase name="TopUpFeatureAl onConfirmAutoTopUp call onConfirmAutoTopUp correctly" duration="2"/>
    <testCase name="TopUpFeatureAl onConfirmAutoTopUp call onConfirmAutoTopUp and returns error when paymentCard id is 1595418478860" duration="0"/>
  </file>
  <file path="/runner/_work/MyVodafone-OneApp/MyVodafone-OneApp/libs/core/src/features/BillingFeature/Stubs/BillingData.spec.ts">
    <testCase name="Monthly Billing Feature should transform unpaid bill data correctly" duration="3"/>
    <testCase name="Monthly Billing Feature should transform paid bill data correctly" duration="1"/>
  </file>
  <file path="/runner/_work/MyVodafone-OneApp/MyVodafone-OneApp/libs/core/src/features/BillingFeature/BillingFeature.al.spec.tsx">
    <testCase name="Billing feature should track zeroBillView" duration="74"/>
    <testCase name="Billing feature should pass correct billing props" duration="21"/>
    <testCase name="Billing feature test Billing components with withViewDetailsButton prop at AL " duration="30"/>
    <testCase name="Billing feature test Billing components with withViewDetailsButton prop at AL " duration="20"/>
  </file>
  <file path="/runner/_work/MyVodafone-OneApp/MyVodafone-OneApp/libs/core/src/features/AllJourneysFeature/AllJourneysFeature.spec.tsx">
    <testCase name="All Journeys Feature Should render correct links from JSON when AuthService.isLoggedIn is false" duration="188"/>
    <testCase name="All Journeys Feature Should navigate to a screen" duration="75"/>
    <testCase name="All Journeys Feature should navigate to Business Overview screen once business overview button has been pressed" duration="70"/>
    <testCase name="All Journeys Feature should show under age overlay layout once link is pressed" duration="247"/>
    <testCase name="All Journeys Feature Should open fix manual line modal" duration="58"/>
    <testCase name="All Journeys Feature Should open Refill modal" duration="56"/>
    <testCase name="All Journeys Feature Should open fix Purchase coverage modal" duration="57"/>
    <testCase name="All Journeys Feature event open topUp should showTopUpFeature and defaultWheelValue when event is triggered" duration="212"/>
    <testCase name="All Journeys Feature event open vodafoneshare should showVodafoneShareFeature and defaultWheelValue when event is triggered" duration="226"/>
  </file>
  <file path="/runner/_work/MyVodafone-OneApp/MyVodafone-OneApp/libs/core/src/features/Esim/ManageSIMeSIMFeature/ManageSIMeSIMFeature.spec.tsx">
    <testCase name="Manage SIM e eSIM Feature Checks that Manage SIM Feature renders successfully and loads" duration="119"/>
    <testCase name="Manage SIM e eSIM Feature Renders overlay screen when CMS error defined" duration="15"/>
    <testCase name="Manage SIM e eSIM Feature Renders skeleton loading while waiting CMS request" duration="67"/>
    <testCase name="Manage SIM e eSIM Feature Renders Overlay Screen when GetManageList fails" duration="54"/>
    <testCase name="Manage SIM e eSIM Feature renders Overlay Screen when isUserInfoContextError is visible" duration="4"/>
    <testCase name="getManageEsimData Should return manageEsim data using group CMS response" duration="0"/>
    <testCase name="getManageEsimData Should return manageEsim data using ie CMS response" duration="0"/>
  </file>
  <file path="/runner/_work/MyVodafone-OneApp/MyVodafone-OneApp/libs/core/src/features/Soho/BusinessOverviewFeature/Utils/Utils.spec.ts">
    <testCase name="handlePressAddUsageConfirmation should resolve with the payment amount option title when conditions are met" duration="5"/>
    <testCase name="handlePressAddUsageConfirmation should reject with the specified error object when conditions are met" duration="1"/>
    <testCase name="removePlanUser should resolve with a object of plan id annd relatedParty array&quot;" duration="1"/>
    <testCase name="addUsersToPlan should resolve with an empty object if none of the users have the name &quot;Liam Bell&quot;" duration="1"/>
    <testCase name="onAddUserPress should call navigateTo with correct parameters" duration="1"/>
    <testCase name="onRecommendedAddOnsPress should call navigateTo with correct parameters" duration="1"/>
  </file>
  <file path="/runner/_work/MyVodafone-OneApp/MyVodafone-OneApp/libs/core/src/utils/BankCardsProvider/BankCardsProviderIEPayM.spec.ts">
    <testCase name="BankCardsProviderIEPayM should return a list of bank cards when getCards method is called" duration="2"/>
    <testCase name="BankCardsProviderIEPayM should return vesta url when generateWebViewLink is successful in add scenario" duration="1"/>
    <testCase name="BankCardsProviderIEPayM should return an Error object when generateWebViewLink failed in add scenario" duration="5"/>
    <testCase name="BankCardsProviderIEPayM should return success when vestaSuccessResponseUrl is successful in add scenario" duration="1"/>
    <testCase name="BankCardsProviderIEPayM should return status failed when vestaSuccessResponseUrl failed in add scenario" duration="0"/>
    <testCase name="BankCardsProviderIEPayM should return an Error object when processPaymentToken failed in add scenario" duration="1"/>
    <testCase name="BankCardsProviderIEPayM should return vesta url when generateWebViewLink is successful in select scenario" duration="1"/>
    <testCase name="BankCardsProviderIEPayM should return an Error object when generateWebViewLink failed in select scenario" duration="1"/>
    <testCase name="BankCardsProviderIEPayM should return success when vestaSuccessResponseUrl is successful in select scenario" duration="0"/>
    <testCase name="BankCardsProviderIEPayM should return status failed when vestaSuccessResponseUrl failed in select scenario" duration="1"/>
    <testCase name="BankCardsProviderIEPayM should return an Error object when processPaymentToken failed in select scenario" duration="0"/>
    <testCase name="BankCardsProviderIEPayM should return a valid CardVerificationJourneyType" duration="0"/>
    <testCase name="BankCardsProviderIEPayM should return a valid AddCardJourneyType" duration="0"/>
    <testCase name="BankCardsProviderIEPayM should return &quot;webview&quot; as the CardVerificationJourneyType" duration="1"/>
    <testCase name="BankCardsProviderIEPayM should return &quot;externalBrowser&quot; as the AddCardJourneyType" duration="0"/>
  </file>
  <file path="/runner/_work/MyVodafone-OneApp/MyVodafone-OneApp/libs/core/src/features/AppSettingsFeature/AppSettingsFeature.spec.tsx">
    <testCase name="App Settings feature should renders successfully" duration="29"/>
    <testCase name="App Settings feature should call goBack from navigation when press onClose" duration="12"/>
    <testCase name="App Settings feature should render the SettingsRadio components with label" duration="6"/>
    <testCase name="App Settings feature should render the SettingsRadio components with selected state" duration="6"/>
    <testCase name="App Settings feature should render the SettingsRadio components with appropriate icon" duration="6"/>
    <testCase name="App Settings feature test SettingsRadio components onPress" duration="18"/>
    <testCase name="App Settings feature test SettingsRadio components onPress should open the change language overlay" duration="20"/>
    <testCase name="App Settings feature test SettingsRadio components onPress should open the change language overlay with primary button" duration="12"/>
    <testCase name="App Settings feature test SettingsRadio components onPress should open the change language overlay with secondry button" duration="11"/>
    <testCase name="App Settings feature expected app chosen languge return from storage" duration="27"/>
    <testCase name="App Settings feature expected return app chosen languge when screen loaded" duration="4"/>
    <testCase name="App Settings feature should render the SettingsRadio components with consumed onPress" duration="5"/>
  </file>
  <file path="/runner/_work/MyVodafone-OneApp/MyVodafone-OneApp/libs/core/src/services/EsimService/EsimService.spec.ts">
    <testCase name="EsimService Returns CheckEligibility response correctly" duration="4"/>
    <testCase name="EsimService Returns CheckEligibility response correctly without price" duration="1"/>
    <testCase name="EsimService Returns CheckEligibility error" duration="0"/>
    <testCase name="EsimService Returns GenerateOtp response correctly" duration="1"/>
    <testCase name="EsimService Returns GenerateOtp error" duration="0"/>
    <testCase name="EsimService Returns ValidateOtp response correctly" duration="0"/>
    <testCase name="EsimService Returns ValidateOtp error" duration="1"/>
    <testCase name="EsimService Returns GetIccid response correctly" duration="0"/>
    <testCase name="EsimService Returns GetIccid error" duration="0"/>
    <testCase name="EsimService Returns GetProfile response correctly" duration="0"/>
    <testCase name="EsimService Returns GetProfile error" duration="1"/>
    <testCase name="EsimService Returns SubmitSimOrder response correctly" duration="1"/>
    <testCase name="EsimService Returns SubmitSimOrder error" duration="1"/>
    <testCase name="EsimService Returns GetBillingAccount response correctly" duration="1"/>
    <testCase name="EsimService Returns GetBillingAccount error" duration="0"/>
    <testCase name="EsimService Returns GetSimOrder response correctly" duration="1"/>
    <testCase name="EsimService Returns GetSimOrder error" duration="0"/>
    <testCase name="EsimService Returns GetManageList response correctly" duration="1"/>
    <testCase name="EsimService Returns GetManageList error" duration="0"/>
    <testCase name="EsimService Returns GetManageDetail response correctly" duration="0"/>
    <testCase name="EsimService Returns GetManageDetail error" duration="0"/>
  </file>
  <file path="/runner/_work/MyVodafone-OneApp/MyVodafone-OneApp/libs/core/src/utils/BankCardsProvider/BankCardsProviderIEPayG.spec.ts">
    <testCase name="BankCardsProviderIEPayG should add a new payment card, call set3DSCookie, and return { status: BankCardStatusEnum.Unverified } when a 3DS challenge is needed" duration="3"/>
    <testCase name="BankCardsProviderIEPayG should return a list of payment cards when the service call is successful" duration="1"/>
    <testCase name="BankCardsProviderIEPayG should return an empty list when the service call returns no payment cards" duration="0"/>
    <testCase name="BankCardsProviderIEPayG should save a new payment card when onSaveCard is successful" duration="1"/>
    <testCase name="BankCardsProviderIEPayG should throw an error when onSaveCard fails" duration="6"/>
    <testCase name="BankCardsProviderIEPayG should return an Error object when getWalletList fails" duration="1"/>
    <testCase name="BankCardsProviderIEPayG should return a ThreeDSAddNewCardChallengeResponse object on successful completion of the add new card challenge" duration="1"/>
    <testCase name="BankCardsProviderIEPayG should return a valid CardVerificationJourneyType" duration="0"/>
    <testCase name="BankCardsProviderIEPayG should return a valid AddCardJourneyType" duration="0"/>
    <testCase name="BankCardsProviderIEPayG should return &quot;webview&quot; as the CardVerificationJourneyType" duration="0"/>
    <testCase name="BankCardsProviderIEPayG should return &quot;webview&quot; as the AddCardJourneyType" duration="1"/>
  </file>
  <file path="/runner/_work/MyVodafone-OneApp/MyVodafone-OneApp/libs/core/src/features/HomepageFeature/Hooks/useHomeCMS.spec.tsx">
    <testCase name="useHomeCMS fetches home data from CMS and updates the state" duration="44"/>
    <testCase name="useHomeCMS should be render successfully without login" duration="48"/>
    <testCase name="useHomeCMS fetches home data from CMS and updates the stories friendlyName" duration="5"/>
    <testCase name="useHomeCMS fetches home data from CMS and does not update when loading" duration="3"/>
    <testCase name="useHomeCMS fetches home data from CMS and updates the state correctly" duration="16"/>
    <testCase name="useHomeCMS handles network errors" duration="3"/>
    <testCase name="useHomeCMS handles unknown errors" duration="4"/>
  </file>
  <file path="/runner/_work/MyVodafone-OneApp/MyVodafone-OneApp/libs/core/src/features/Esim/ReplaceEsimFeature/ReplaceEsimFeature.spec.tsx">
    <testCase name="Replace Esim Feature Checks that ReplaceEsimFeature renders successfully" duration="3"/>
    <testCase name="Replace Esim Feature Checks that ReplaceEsimFeature behaves successfully" duration="1"/>
    <testCase name="Replace Esim Feature check array length if Tenant is IE" duration="11"/>
    <testCase name="Replace Esim Feature should return startStepData for IE tenant" duration="1"/>
    <testCase name="Replace Esim Feature renders Overlay Screen when CMS error defined" duration="9"/>
    <testCase name="Replace Esim Feature renders Loading Screen while waiting CMS request" duration="13"/>
    <testCase name="Replace Esim Feature should return selectSimTypeData for IE tenant" duration="0"/>
    <testCase name="Replace Esim Feature renders Overlay Screen when isUserInfoContextError is visible" duration="4"/>
    <testCase name="Replace Esim Feature renders Loading Screen while userInfo is not available" duration="1"/>
  </file>
  <file path="/runner/_work/MyVodafone-OneApp/MyVodafone-OneApp/libs/core/src/features/ManageMultipleTopUpFeature/ManageMultipleTopUpFeature.pt.spec.tsx">
    <testCase name="ManageMultipleTopUpFeature renders correctly" duration="84"/>
    <testCase name="ManageMultipleTopUpFeature calls goBack function when press back button" duration="20"/>
    <testCase name="ManageMultipleTopUpFeature calls goBack function when press close button" duration="29"/>
    <testCase name="ManageMultipleTopUpFeature open the modal when the onAddNew function is called" duration="23"/>
    <testCase name="ManageMultipleTopUpFeature test inactive multiple data edit" duration="29"/>
    <testCase name="ManageMultipleTopUpFeature test active multiple data edit" duration="63"/>
    <testCase name="getManageMultipleTopUpData returns correct data for active auto top-up" duration="6"/>
    <testCase name="getManageMultipleTopUpData returns correct data for inactive auto top-up" duration="4"/>
    <testCase name="getManageMultipleTopUpData returns correct id button for active auto top-up" duration="9"/>
    <testCase name="getManageMultipleTopUpData returns correct id button for inactive auto top-up" duration="5"/>
    <testCase name="getManageMultipleTopUpData returns name for title" duration="3"/>
    <testCase name="getManageMultipleTopUpData returns number for title" duration="1"/>
    <testCase name="getManageMultipleTopUpData returns active description" duration="1"/>
    <testCase name="getManageMultipleTopUpData returns inactive description" duration="1"/>
  </file>
  <file path="/runner/_work/MyVodafone-OneApp/MyVodafone-OneApp/libs/core/src/features/ManageMultipleTopUpFeature/ManageMultipleTopUpFeature.spec.tsx">
    <testCase name="ManageMultipleTopUpFeature renders correctly" duration="66"/>
    <testCase name="ManageMultipleTopUpFeature calls goBack function when press back button" duration="11"/>
    <testCase name="ManageMultipleTopUpFeature calls goBack function when press close button" duration="14"/>
    <testCase name="ManageMultipleTopUpFeature open the modal when the onAddNew function is called" duration="10"/>
    <testCase name="ManageMultipleTopUpFeature test inactive multiple data edit" duration="11"/>
    <testCase name="ManageMultipleTopUpFeature test active multiple data edit" duration="10"/>
    <testCase name="getManageMultipleTopUpData returns correct data for active auto top-up" duration="1"/>
    <testCase name="getManageMultipleTopUpData returns correct data for inactive auto top-up" duration="2"/>
    <testCase name="getManageMultipleTopUpData returns correct id button for active auto top-up" duration="4"/>
    <testCase name="getManageMultipleTopUpData returns correct id button for inactive auto top-up" duration="4"/>
    <testCase name="getManageMultipleTopUpData returns name for title" duration="2"/>
    <testCase name="getManageMultipleTopUpData returns number for title" duration="1"/>
    <testCase name="getManageMultipleTopUpData returns active description" duration="2"/>
    <testCase name="getManageMultipleTopUpData returns inactive description" duration="1"/>
  </file>
  <file path="/runner/_work/MyVodafone-OneApp/MyVodafone-OneApp/libs/core/src/utils/CMS/contracts/onboarding/termsAndConditions/util/helper.spec.ts">
    <testCase name="getPermissionStatus should return false if AsyncStorage item is null" duration="2"/>
    <testCase name="getPermissionStatus should return the parsed value if AsyncStorage item is not null" duration="0"/>
    <testCase name="getPermissionStatus should handle AsyncStorage error and return false" duration="1"/>
    <testCase name="getAnalyticsPermission function should return empty array if permissionsSection is not provided" duration="1"/>
    <testCase name="getAnalyticsPermission function should return mapped permissions with correct properties when logged in" duration="1"/>
    <testCase name="getAnalyticsPermission function should return mapped permissions with correct properties when not logged in" duration="1"/>
    <testCase name="Permission with inital value when pass intial value is null" duration="0"/>
    <testCase name="Permission with inital value when pass intial value is true" duration="5"/>
    <testCase name="Permission with inital value when pass intial value is false then return intial value with object " duration="1"/>
  </file>
  <file path="/runner/_work/MyVodafone-OneApp/MyVodafone-OneApp/libs/core/src/hooks/useAuthHook.spec.tsx">
    <testCase name="useAuthHook should handle login successfully" duration="62"/>
    <testCase name="useAuthHook should handle login failure and retry" duration="56"/>
    <testCase name="useAuthHook should handle login if no network connection" duration="4"/>
    <testCase name="useAuthHook should handle logout successfully" duration="59"/>
    <testCase name="useAuthHook should handle logout failure and retry" duration="54"/>
    <testCase name="useAuthHook should handle logout if no network connection" duration="7"/>
  </file>
  <file path="/runner/_work/MyVodafone-OneApp/MyVodafone-OneApp/libs/core/src/features/AccountManagementFeature/PrivacySettingsFeature/DevicePermissionsFeature/DevicePermissions/DevicePermissionData.spec.ts">
    <testCase name="getUsagePermission should return true when usage access is granted" duration="4"/>
    <testCase name="getUsagePermission should return false when an error occurs" duration="1"/>
    <testCase name="getDisplayOverApps should return granted when display over apps is granted" duration="1"/>
    <testCase name="custom permissioins attach custom permissions correctly" duration="3"/>
    <testCase name="Check android versions specification  checks that ios permissions for notification taken right" duration="1"/>
    <testCase name="Check android versions specification  checks that android notification permissions taken right when version above 32" duration="1"/>
    <testCase name="Check android versions specification  should attach file and media key correctly when android version is above 33" duration="1"/>
    <testCase name="Check android versions specification  checks that android notification permissions for common not taken when version is less than 33" duration="3"/>
    <testCase name="Check android versions specification  should attach file and media key correctly when android version is less than  33" duration="1"/>
  </file>
  <file path="/runner/_work/MyVodafone-OneApp/MyVodafone-OneApp/libs/core/src/services/TopUpService/TopUpServiceAL/TopUpCardsService.spec.tsx">
    <testCase name="TopUpCardsService saveCard should run correctly" duration="5"/>
    <testCase name="TopUpCardsService saveCard should throw an error when the response is not instanceof SaveCardResponseAL" duration="2"/>
    <testCase name="TopUpCardsService should saveCard throw an error when the response is not instanceof SaveCardGenerateTokenResponse" duration="1"/>
    <testCase name="TopUpCardsService should saveCard throw an error when the response is not instanceof AddNewCardResponse" duration="1"/>
    <testCase name="TopUpCardsService generateTokenPaymentCards should works correctly" duration="1"/>
    <testCase name="TopUpCardsService generateTokenPaymentCards should throw an error when the response is not instanceof GenerateTokenPaymentCardsResponse" duration="1"/>
    <testCase name="TopUpCardsService generateTokenPaymentCards should reject with an error on failure" duration="1"/>
    <testCase name="TopUpCardsService getPaymentCards should throw an error when the response is not instanceof GetPaymentCardsResponse" duration="1"/>
    <testCase name="TopUpCardsService getPaymentCards should reject with an error on failure" duration="1"/>
    <testCase name="TopUpCardsService getPaymentCards should work correctly" duration="7"/>
    <testCase name="TopUpCardsService getPaymentCards should work correctly with empty array" duration="1"/>
  </file>
  <file path="/runner/_work/MyVodafone-OneApp/MyVodafone-OneApp/libs/core/src/features/Soho/MyProfileFeature/MyProfileFeature.spec.tsx">
    <testCase name="MyProfile checks that Myprofile rendered successfully" duration="1594"/>
    <testCase name="MyProfile checks that Myprofile onRefresh successfully" duration="2881"/>
    <testCase name="MyProfile checks that Myprofile onRefresh to resolve licences promise successfully" duration="3852"/>
    <testCase name="MyProfile checks that Myprofile addUsagePress to be excuted successfully" duration="3307"/>
    <testCase name="MyProfile checks that Myprofile onDisplayTypeChange to be excuted successfully" duration="2259"/>
    <testCase name="MyProfile checks that Myprofile onDisplayTypeChange to be excuted successfully" duration="2713"/>
    <testCase name="MyProfile checks that Myprofile onTryAgainPress to be excuted successfully" duration="3875"/>
    <testCase name="MyProfile checks that Myprofile onTryAgainPress to be excuted successfully" duration="3994"/>
    <testCase name="MyProfile checks that try again press workig correctly" duration="4025"/>
    <testCase name="MyProfile checks that onAddUsageConfirmationPress is working correctly" duration="4705"/>
    <testCase name="MyProfile checks that onExtrasErrorPrimaryButtonPress is working correctly" duration="5923"/>
    <testCase name="MyProfile check that onBuyAddOnsPress navigate correctly" duration="4884"/>
  </file>
  <file path="/runner/_work/MyVodafone-OneApp/MyVodafone-OneApp/libs/core/src/services/CookieService/CookieService.ie.spec.ts">
    <testCase name="checkValidity should resolve when calling checkValidity" duration="2"/>
    <testCase name="checkValidity should reject with an error if checking the validity of the cookie fails" duration="1"/>
    <testCase name="Cookie Service obtainCookie() should reject with invalid response" duration="1"/>
    <testCase name="Cookie Service obtainCookie() should reject when calling obtainCookie() Fn and response is falsy" duration="0"/>
    <testCase name="Cookie Service obtainCookie() should reject when calling obtainCookie()" duration="0"/>
    <testCase name="Cookie Service registerCookieOnPortal() should resolve when calling registerCookieOnPortal() Fn" duration="0"/>
    <testCase name="Cookie Service registerCookieOnPortal() should reject when calling registerCookieOnPortal() Fn and response is falsy" duration="1"/>
    <testCase name="Cookie Service registerCookieOnPortal() should reject when calling registerCookieOnPortal()" duration="0"/>
    <testCase name="Cookie Service clear() should resolve when calling clear() Fn" duration="1"/>
    <testCase name="Cookie Service clear() should reject when calling clear() Fn and response is falsy" duration="0"/>
    <testCase name="Cookie Service clear() should reject when calling clear()" duration="0"/>
    <testCase name="Cookie Service clear() should return undefined calling clear() Fn with stubs" duration="0"/>
    <testCase name="Cookie Service execute() should execute break with code 500 " duration="1"/>
    <testCase name="Cookie Service execute() should execute break with code 401" duration="0"/>
    <testCase name="Cookie Service execute() should execute break with code 403" duration="0"/>
  </file>
  <file path="/runner/_work/MyVodafone-OneApp/MyVodafone-OneApp/libs/core/src/features/BillingPreferenceFeature/Sections/BillFormatSection/BillFormatSection.spec.tsx">
    <testCase name="Bill Format section for IE tenant should renders successfully" duration="1"/>
    <testCase name="Bill Format section for IE tenant should renders 2 BillFormatCards" duration="1"/>
    <testCase name="Bill Format section for IE tenant should renders email section" duration="1"/>
    <testCase name="Bill Format section for IE tenant should renders email title and type" duration="7"/>
    <testCase name="Bill Format section for IE tenant should renders address BillFormatCard" duration="1"/>
    <testCase name="Bill Format section for IE tenant should renders address title and type" duration="3"/>
    <testCase name="Bill Format section for IE tenant should render address description call center hyperText when showAddressDescription is true" duration="7"/>
    <testCase name="Bill Format section for IE tenant should change selected when press on radioButton " duration="3"/>
    <testCase name="Bill Format section for IE tenant should change selected to one when press on radioButton" duration="10"/>
    <testCase name="Bill Format section for IE tenant should change selected to zero when press on radioButton" duration="16"/>
    <testCase name="Bill Format section for IE tenant should render shimmer when isLoading is true" duration="4"/>
    <testCase name="Bill Format section for IE tenant renderBillFormatCardsData should return one card if postalAddress undefined" duration="1"/>
    <testCase name="Bill Format section for IE tenant renderBillFormatCardsData should return 2 cards if postalAddress is passed" duration="0"/>
  </file>
  <file path="/runner/_work/MyVodafone-OneApp/MyVodafone-OneApp/libs/core/src/utils/CMS/contracts/config/CMSConfigContract.spec.ts">
    <testCase name="Test CMSConfigContract resource expect not empty url" duration="2"/>
    <testCase name="Test CMSConfigContract resource expect return fullURL" duration="0"/>
    <testCase name="Test CMSConfigContract resource expect full path contains ;path" duration="1"/>
    <testCase name="Test CMSConfigContract transformResponse expect return objec of type ConfigResponse" duration="1"/>
    <testCase name="Test CMSConfigContract params expect the queryParams of base contract to undefine" duration="1"/>
    <testCase name="Test CMSConfigContract params expect cmsHomeRequest will not empty when no parameter passed to param" duration="0"/>
    <testCase name="Test CMSConfigContract params expect cmsHomeRequest will contain key path" duration="1"/>
  </file>
  <file path="/runner/_work/MyVodafone-OneApp/MyVodafone-OneApp/libs/core/src/features/Soho/ProfileManagementFeature/ProfileManagementFeature.spec.tsx">
    <testCase name="ProfileManagement checks that Profile Managemet onRefresh successfully" duration="507"/>
    <testCase name="ProfileManagement checks Profile Managemet billing props" duration="0"/>
    <testCase name="ProfileManagement checks Profile Managemet addons props" duration="1"/>
    <testCase name="ProfileManagement checks that devices props onTryAgainPress is working correctly" duration="71"/>
    <testCase name="ProfileManagement checks that Profile Management onUsageCategoriesTabChange executed with calls  tab successfully" duration="69"/>
    <testCase name="ProfileManagement checks that Profile Management onUsageCategoriesTabChange executed with sms  tab successfully" duration="69"/>
    <testCase name="ProfileManagement checks that Profile Management onUsageCategoriesTabChange executed with data tab successfully" duration="69"/>
    <testCase name="ProfileManagement checks that usage props onTryAgainPress is working correctly when display type user" duration="68"/>
    <testCase name="ProfileManagement checks that usage props onTryAgainPress is working correctly when display type category" duration="68"/>
    <testCase name="ProfileManagement checks that licences props onTryAgainPress is working correctly" duration="77"/>
    <testCase name="ProfileManagement checks Profile Managemet plans props" duration="0"/>
    <testCase name="ProfileManagement checks that getAddonsDataAfterSuccess is called " duration="85"/>
    <testCase name="ProfileManagement checks that onTryAgainPress is called " duration="83"/>
    <testCase name="ProfileManagement checks Addons onBuyAddOnsPress to be called onBuyAddonsPress " duration="1"/>
    <testCase name="ProfileManagement checks Addons onActiveAddOnsPress to be called successfully " duration="0"/>
  </file>
  <file path="/runner/_work/MyVodafone-OneApp/MyVodafone-OneApp/libs/core/src/features/AccountManagementFeature/PrivacySettingsFeature/NetworkPermissionsFeature/NetworkPermissionsFeature.spec.tsx">
    <testCase name="NetworkPermissionsFeature renders correctly" duration="37"/>
    <testCase name="NetworkPermissionsFeature accesses the toggle value" duration="13"/>
  </file>
  <file path="/runner/_work/MyVodafone-OneApp/MyVodafone-OneApp/libs/core/src/features/HomepageFeature/utils/SohoProductSelectorMapper.spec.ts">
    <testCase name="Soho Product Selector Mapper getProductSelectorPropsUser should return correct results" duration="6"/>
    <testCase name="Soho Product Selector Mapper getProductSelectorPropsUser should return correct when unlimited" duration="1"/>
    <testCase name="Soho Product Selector Mapper getProductSelectorPropsChooser should return correct results" duration="1"/>
    <testCase name="Soho Product Selector Mapper getProductSelectorPropsChooser should return correct results when unlimited" duration="1"/>
    <testCase name="Soho Product Selector Mapper getProductSelectorPropsChooser should return correct results when type is broadband" duration="2"/>
  </file>
  <file path="/runner/_work/MyVodafone-OneApp/MyVodafone-OneApp/libs/core/src/features/HomepageFeature/components/MadMeOverlay/MadMeOverlay.spec.tsx">
    <testCase name="Madme Overlay closes overlay and updates AsyncStorage correctly when no overlay keys exist" duration="182"/>
    <testCase name="Madme Overlay closes overlay and updates AsyncStorage correctly when overlay keys exist" duration="103"/>
    <testCase name="Madme Overlay closes overlay and updates AsyncStorage correctly when momentsPassed is 9" duration="92"/>
    <testCase name="Madme Overlay closes overlay and updates AsyncStorage correctly when overlay keys are not empty" duration="93"/>
    <testCase name="Madme Overlay calls the correct functions when buttons are pressed" duration="100"/>
    <testCase name="Madme Overlay should handle madeMeOverlay logic correctly" duration="69"/>
    <testCase name="Madme Overlay should handle madeMeOverlay logic correctly in case of showcount more than 3" duration="88"/>
    <testCase name="Madme Overlay should handle madeMeOverlay logic correctly in case of momentpassed more than 9" duration="80"/>
    <testCase name="Madme Overlay calls the correct functions when permissions buttons are pressed" duration="73"/>
  </file>
  <file path="/runner/_work/MyVodafone-OneApp/MyVodafone-OneApp/libs/core/src/services/BankCardsService/BankCardsServiceIEPayG.spec.ts">
    <testCase name="BankCardsServiceIEPayG should save a new payment card with valid data" duration="35"/>
    <testCase name="BankCardsServiceIEPayG should successfully complete the add new card challenge and return a ThreeDSAddNewCardChallengeResponse object" duration="1"/>
    <testCase name="BankCardsServiceIEPayG should return an empty array when paymentCards is an instance of WalletListResponse and cardList is not an array" duration="1"/>
    <testCase name="BankCardsServiceIEPayG should return an empty array when there is an error" duration="1"/>
    <testCase name="BankCardsServiceIEPayG should retrieve and transform wallet list successfully" duration="1"/>
    <testCase name="BankCardsServiceIEPayG should return network error when completeAddNewCardChallenge has an error" duration="1"/>
    <testCase name="BankCardsServiceIEPayG should return an error when the bodyParams are invalid" duration="0"/>
  </file>
  <file path="/runner/_work/MyVodafone-OneApp/MyVodafone-OneApp/libs/core/src/utils/Network/contracts/Soho/MyProfile/Plans/Utils/Utils.spec.ts">
    <testCase name="Utils checks if mapPlansALResponse returns the correct response" duration="4"/>
  </file>
  <file path="/runner/_work/MyVodafone-OneApp/MyVodafone-OneApp/libs/core/src/features/BillingFeature/BillingFeature.spec.tsx">
    <testCase name="Billing feature should pass correct billing props" duration="317"/>
    <testCase name="Billing feature test Billing and PayBillFeature components functions props " duration="477"/>
  </file>
  <file path="/runner/_work/MyVodafone-OneApp/MyVodafone-OneApp/libs/core/src/features/AccountManagementFeature/components/PrivacyView.spec.tsx">
    <testCase name="PrivacyView renders correctly" duration="31"/>
    <testCase name="PrivacyView Should toggleCahnge called" duration="11"/>
    <testCase name="PrivacyView Should toggleCahnge be undefined" duration="15"/>
    <testCase name="PrivacyView child renders the given value and calls the click handler on click" duration="25"/>
    <testCase name="PrivacyView to be defined without icon url " duration="6"/>
  </file>
  <file path="/runner/_work/MyVodafone-OneApp/MyVodafone-OneApp/libs/core/src/features/VodafoneShareFeature/VodafoneShareFeature.spec.tsx">
    <testCase name="VodafoneShareFeature checks that getDataOptions service is successful" duration="153"/>
    <testCase name="VodafoneShareFeature checks that getDataOptions service is network error" duration="23"/>
    <testCase name="VodafoneShareFeature checks that getDataOptions service is general error" duration="27"/>
    <testCase name="VodafoneShareFeature checks that transferData service is successful" duration="32"/>
    <testCase name="VodafoneShareFeature checks that transferData service is network error" duration="37"/>
    <testCase name="VodafoneShareFeature checks that transferData service is general error" duration="28"/>
    <testCase name="VodafoneShareFeature checks that VodafoneShareFeature renders successfully" duration="34"/>
  </file>
  <file path="/runner/_work/MyVodafone-OneApp/MyVodafone-OneApp/libs/core/src/features/AccountManagementFeature/PrivacySettingsFeature/DevicePermissionsFeature/DevicePermissionsFeature.spec.tsx">
    <testCase name="DevicePermissionsFeature should renders successfully" duration="2"/>
    <testCase name="DevicePermissionsFeature Should navigate to openSettings page when press go to setting " duration="1"/>
    <testCase name="DevicePermissionsFeature should renders AppPermissions component" duration="1"/>
    <testCase name="DevicePermissionsFeature should renders AppPermissions component on excute getPermissionDialogStatus" duration="14"/>
    <testCase name="test getPermisionSystemDialogIsTriggered test getPermissionStatus return true when pass DisplayOverOtherApps " duration="1"/>
    <testCase name="test getPermisionSystemDialogIsTriggered test getPermissionStatus return true when pass AppUsageAndDiagnostics " duration="1"/>
    <testCase name="test getPermisionSystemDialogIsTriggered test getPermissionStatus return true when pass test " duration="0"/>
    <testCase name="test getPermisionSystemDialogIsTriggered getPermisionSystemDialogIsTriggered" duration="1"/>
    <testCase name="test getPermisionSystemDialogIsTriggered test getPermissionStatus return true when pass READ_MEDIA_IMAGES " duration="0"/>
  </file>
  <file path="/runner/_work/MyVodafone-OneApp/MyVodafone-OneApp/libs/core/src/features/Soho/BusinessOverviewFeature/Usage/UsageALTab/utils/Utils.spec.ts">
    <testCase name="getUsageByUser should return usage data for a specific user" duration="2"/>
    <testCase name="getUsageByUser should throw an error if service fails" duration="5"/>
    <testCase name="ALUsageByUserMapper should map data correctly" duration="1"/>
  </file>
  <file path="/runner/_work/MyVodafone-OneApp/MyVodafone-OneApp/libs/core/src/features/Onboarding/index.spec.tsx">
    <testCase name="onboarding index check airshipx permission invoked" duration="99"/>
    <testCase name="onboarding index should enable notifications if permission is granted" duration="1"/>
    <testCase name="onboarding index checks behavior when consumerInfoError exists" duration="48"/>
    <testCase name="onboarding index should call product selector when login" duration="139"/>
  </file>
  <file path="/runner/_work/MyVodafone-OneApp/MyVodafone-OneApp/libs/core/src/utils/GlobalModalHandler/GlobalModal.helpers.spec.tsx">
    <testCase name="GlobalModal helpers getModal should return empty fragment when componentName is undefined" duration="3"/>
    <testCase name="GlobalModal helpers getModal should return TopUpFeature when componentName is TopUp" duration="67"/>
    <testCase name="GlobalModal helpers getModal should call hideModal when closeModal is pressed when componentName is TopUp" duration="3"/>
    <testCase name="GlobalModal helpers getModal should return PromotionPopUp when componentName is PromotionPopUp" duration="46"/>
    <testCase name="GlobalModal helpers getModal should return SurveyTray when componentName is SurveyTray" duration="5"/>
    <testCase name="GlobalModal helpers getModal should return VodafoneShare when componentName is VodafoneShare" duration="64"/>
    <testCase name="GlobalModal helpers getModal should return AppUpdate when componentName is AppUpdate" duration="5"/>
    <testCase name="GlobalModal helpers getModal should return HyperlinkFeature when componentName is Hyperlink" duration="5"/>
    <testCase name="GlobalModal helpers getModal should return FixManualProductFeature when componentName is FixManualProduct" duration="5"/>
    <testCase name="GlobalModal helpers getModal should return Refill when componentName is Refill" duration="15"/>
    <testCase name="GlobalModal helpers getModal should return FixPurchaseCoverageFeature when componentName is FixPurchaseCoverage" duration="4"/>
    <testCase name="GlobalModal helpers getModal should return underage when componentName is UnderAge" duration="46"/>
    <testCase name="GlobalModal helpers getModal should return underage when componentName is UnderAge when click onLogout navigate homepage" duration="8"/>
  </file>
  <file path="/runner/_work/MyVodafone-OneApp/MyVodafone-OneApp/libs/core/src/utils/CMS/contracts/onboarding/termsAndConditions/CMSTermsAndConditionsContract.spec.ts">
    <testCase name="Test CMSTermsAndConditionsContract resource expect not empty url" duration="2"/>
    <testCase name="Test CMSTermsAndConditionsContract resource expect return fullURL" duration="1"/>
    <testCase name="Test CMSTermsAndConditionsContract resource expect full path contains ;path" duration="0"/>
    <testCase name="Test CMSTermsAndConditionsContract params expect the queryParams of base contract to undefine" duration="0"/>
    <testCase name="Test CMSTermsAndConditionsContract params expect CMSTermsAndConditionsContract will not empty when no parameter passed to param" duration="1"/>
    <testCase name="Test CMSTermsAndConditionsContract params expect CMSTermsAndConditionsContract will contain key path" duration="0"/>
    <testCase name="Test CMSTermsAndConditionsContract stub should return TermsAndCondition stubs" duration="1"/>
    <testCase name="Test CMSTermsAndConditionsContract transformResponse expect return objec of type TermsAndCondition" duration="1"/>
  </file>
  <file path="/runner/_work/MyVodafone-OneApp/MyVodafone-OneApp/libs/core/src/features/HappyVodafoneAgreementFeature/HappyVodafoneAgreementFeature.spec.tsx">
    <testCase name="HappyVodafoneFeature should render VFScreen component with correct props" duration="2"/>
    <testCase name="HappyVodafoneFeature should render FlatList component with correct props" duration="1"/>
    <testCase name="HappyVodafoneFeature should render the section header and short paragraph by default" duration="26"/>
    <testCase name="HappyVodafoneFeature should display the long paragraph and bullet points when show more button is pressed" duration="36"/>
    <testCase name="HappyVodafoneFeature should pass the correct props to CheckBox component" duration="3"/>
    <testCase name="HappyVodafoneFeature should render VFButton component with correct props" duration="2"/>
  </file>
  <file path="/runner/_work/MyVodafone-OneApp/MyVodafone-OneApp/libs/core/src/features/Esim/SwapEsimFeature/SwapEsimFeature.spec.tsx">
    <testCase name="Swap Esim Feature Checks that SwapEsimFeature renders successfully" duration="2"/>
    <testCase name="Swap Esim Feature Checks that SwapEsimFeature behaves successfully" duration="2"/>
    <testCase name="Swap Esim Feature renders Overlay Screen when CMS error defined" duration="8"/>
    <testCase name="Swap Esim Feature renders Loading Screen while waiting CMS request" duration="7"/>
    <testCase name="Swap Esim Feature renders Overlay Screen when isUserInfoContextError is visible" duration="5"/>
    <testCase name="Swap Esim Feature renders Loading Screen while userInfo is not available" duration="2"/>
  </file>
  <file path="/runner/_work/MyVodafone-OneApp/MyVodafone-OneApp/libs/core/src/utils/Network/contracts/DigitalAcquisition/Individual/AcquisitionCreateCostumerContract.spec.ts">
    <testCase name="Test AcquisitionCreateCostumerContract Resource expect not empty resource" duration="1"/>
    <testCase name="Test AcquisitionCreateCostumerContract Checks AcquisitionCreateCostumerContract values" duration="0"/>
    <testCase name="Test AcquisitionCreateCostumerContract Checks AcquisitionCreateCostumerContract SetParams" duration="1"/>
    <testCase name="Test AcquisitionCreateCostumerContract Checks AcquisitionCreateCostumerContract body params" duration="1"/>
    <testCase name="Test AcquisitionCreateCostumerContract Check transform response" duration="0"/>
    <testCase name="Test AcquisitionCreateCostumerContract Check stubs value" duration="0"/>
  </file>
  <file path="/runner/_work/MyVodafone-OneApp/MyVodafone-OneApp/libs/core/src/features/AccountManagementFeature/OrdersFeature/OrdersFeature.spec.tsx">
    <testCase name="Orders Feature should render OrdersEmptyState if no orders are listed" duration="50"/>
    <testCase name="Orders Feature should render Orders correctly" duration="190"/>
    <testCase name="Orders Feature should render Orders cards Correctly" duration="39"/>
    <testCase name="Orders Feature should render Orders cards Correctly then press on card product installation " duration="15"/>
    <testCase name="Orders Feature should render Orders cards Correctly then press on card reschedule appointment " duration="353"/>
  </file>
  <file path="/runner/_work/MyVodafone-OneApp/MyVodafone-OneApp/libs/core/src/features/AccountManagementFeature/PrivacySettingsFeature/AnalyticsPermissionsFeature/AnalyticsPermissionsFeature.spec.tsx">
    <testCase name="AnalyticsPermissionsFeature renders correctly" duration="30"/>
    <testCase name="AnalyticsPermissionsFeature accesses the toggle value" duration="4"/>
    <testCase name="AnalyticsPermissionsFeature should set analytics to storage " duration="36"/>
    <testCase name="AnalyticsPermissionsFeature should set target_Avertissing to storage " duration="22"/>
    <testCase name="AnalyticsPermissionsFeature should set personalization to storage " duration="15"/>
    <testCase name="AnalyticsPermissionsFeature should set nothing to storage " duration="15"/>
  </file>
  <file path="/runner/_work/MyVodafone-OneApp/MyVodafone-OneApp/libs/core/src/utils/Network/contracts/Esim/SubmitSimOrderContract/SubmitSimOrderContract.spec.ts">
    <testCase name="Test SubmitSimOrderContract Resource expect not empty resource" duration="2"/>
    <testCase name="Test SubmitSimOrderContract Checks SubmitSimOrderContract values" duration="1"/>
    <testCase name="Test SubmitSimOrderContract Checks SubmitSimOrderContract SetParams" duration="1"/>
    <testCase name="Test SubmitSimOrderContract Checks SubmitSimOrderContract SetParams - IE Tenant" duration="1"/>
    <testCase name="Test SubmitSimOrderContract Checks SubmitSimOrderContract SetParams - PT Tenant" duration="0"/>
    <testCase name="Test SubmitSimOrderContract Checks SubmitSimOrderContract SetParams - simActivation journey" duration="1"/>
    <testCase name="Test SubmitSimOrderContract Check PT transform response" duration="0"/>
    <testCase name="Test SubmitSimOrderContract Check stubs value" duration="1"/>
  </file>
  <file path="/runner/_work/MyVodafone-OneApp/MyVodafone-OneApp/libs/core/src/features/HomepageFeature/components/CVMSection/CVMSection.spec.tsx">
    <testCase name="CVM Section Component checks that renders the card with success" duration="26"/>
    <testCase name="CVM Section Component checks that renders the card with success and navigates" duration="7"/>
    <testCase name="CVM Section Component checks that renders the card with success and dismisses" duration="6"/>
    <testCase name="CVM Section Component checks that renders the card with success and shows renders header" duration="26"/>
    <testCase name="CVM Section Component checks that renders the card with success and applies extra filter" duration="7"/>
  </file>
  <file path="/runner/_work/MyVodafone-OneApp/MyVodafone-OneApp/libs/core/src/features/AccountManagementFeature/PrivacySettingsFeature/PrivacySettingsFeature.spec.tsx">
    <testCase name="Privacy settings Feature should renders successfully" duration="21"/>
    <testCase name="Privacy settings Feature Should navigate to a screen correctly when logged in" duration="7"/>
    <testCase name="Privacy settings Feature Should only eligible sections to be displayed and navigate to a screen correctly when logged out" duration="4"/>
    <testCase name="Privacy settings Feature should return all privacy settings sections when user is logged in" duration="2"/>
    <testCase name="Privacy settings Feature should return only sections with eligibility &quot;all&quot; when user is not logged in" duration="2"/>
  </file>
  <file path="/runner/_work/MyVodafone-OneApp/MyVodafone-OneApp/libs/core/src/features/AccountManagementFeature/PrivacySettingsFeature/DataPreferencesFeature/DataPreferencesFeature.spec.tsx">
    <testCase name="DataPreferencesFeature Component renders correctly" duration="72"/>
    <testCase name="DataPreferencesFeature Component call go to account when press close if is equal true " duration="18"/>
    <testCase name="DataPreferencesFeature Component call go to back when press close if is equal true " duration="11"/>
    <testCase name="DataPreferencesFeature Component should be close to end" duration="30"/>
    <testCase name="DataPreferencesFeature Component not be close to end" duration="10"/>
    <testCase name="DataPreferencesFeature Component should change state when cancel button action fired" duration="27"/>
    <testCase name="DataPreferencesFeature Component should not shpw QuickAction menu when press back if there are no unsaved changes" duration="12"/>
    <testCase name="DataPreferencesFeature Component should not show QuickAction menu when press close if there are no unsaved changes" duration="10"/>
    <testCase name="DataPreferencesFeature Component calls onContinueWithoutSave correctly" duration="32"/>
    <testCase name="DataPreferencesFeature Component call go back when press save button correctly" duration="16"/>
  </file>
  <file path="/runner/_work/MyVodafone-OneApp/MyVodafone-OneApp/libs/core/src/features/Esim/ReplaceEsimFeature/ReplaceSimFeature.utils.spec.ts">
    <testCase name="Replace Sim Feature Utils getOwnDeviceData" duration="2"/>
    <testCase name="Replace Sim Feature Utils getSelectSimTypeData" duration="0"/>
    <testCase name="Replace Sim Feature Utils getSimFormData" duration="1"/>
    <testCase name="Replace Sim Feature Utils getSimSummaryData" duration="0"/>
    <testCase name="Replace Sim Feature Utils getOrderConfirmationData" duration="1"/>
    <testCase name="Replace Sim Feature Utils getStartStepData" duration="1"/>
    <testCase name="Replace Sim Feature Utils getPhysicalSimErrorData" duration="1"/>
  </file>
  <file path="/runner/_work/MyVodafone-OneApp/MyVodafone-OneApp/libs/core/src/services/TopUpService/TopUpServiceAL/CustomerEligibilityTopUpService.spec.ts">
    <testCase name="CustomerEligibilityTopUpService should getCustomerId works correctly" duration="2"/>
    <testCase name="CustomerEligibilityTopUpService getCustomerId should throw an error when the response is not instanceof GetCustomerIdResponse" duration="1"/>
    <testCase name="CustomerEligibilityTopUpService should reject getCustomerId with an error on failure" duration="0"/>
    <testCase name="CustomerEligibilityTopUpService should generateToken works correctly" duration="1"/>
    <testCase name="CustomerEligibilityTopUpService generateToken should throw an error when the response is not instanceof GenerateTokenResponse" duration="24"/>
    <testCase name="CustomerEligibilityTopUpService should reject generateToken with an error on failure" duration="1"/>
    <testCase name="CustomerEligibilityTopUpService should createCustomerId works correctly" duration="1"/>
    <testCase name="CustomerEligibilityTopUpService createCustomerId should throw an error when the response is not instanceof CreateCustomerIdResponse" duration="1"/>
    <testCase name="CustomerEligibilityTopUpService should reject createCustomerId with an error on failure" duration="0"/>
    <testCase name="CustomerEligibilityTopUpService should saveCustomer works correctly" duration="1"/>
    <testCase name="CustomerEligibilityTopUpService saveCustomerId should throw an error when the response is not instanceof SaveCustomerIdResponse" duration="1"/>
    <testCase name="CustomerEligibilityTopUpService should reject saveCustomer with an error on failure" duration="2"/>
    <testCase name="CustomerEligibilityTopUpService should checkCustomerEligibility works correctly" duration="1"/>
  </file>
  <file path="/runner/_work/MyVodafone-OneApp/MyVodafone-OneApp/libs/core/src/Store/Slices/Soho/Billing/BillingSlice.spec.ts">
    <testCase name="BillingSlice clearSohoBillingHistoryData" duration="5"/>
    <testCase name="BillingSlice getSohoBillingHistoryData thunk" duration="7"/>
    <testCase name="BillingSlice getSohoBillingHistoryData should resolve with correct data" duration="6"/>
    <testCase name="BillingSlice clearSohoMonthlyBillingData" duration="15"/>
    <testCase name="BillingSlice getSohoMonthlyBillingData thunk" duration="7"/>
    <testCase name="BillingSlice getSohoMonthlyBillingData should resolve with correct data" duration="6"/>
  </file>
  <file path="/runner/_work/MyVodafone-OneApp/MyVodafone-OneApp/libs/core/src/features/AccountManagementFeature/PersonalInformationFeature/Sections/YourAddress/YourAddress.spec.tsx">
    <testCase name="Your Address should open form overlay on add new address button press" duration="230"/>
    <testCase name="Your Address should open confirmation overlay onConfirmButtonAction press" duration="76"/>
    <testCase name="Your Address should close RequestStatusModal and AddressFormOverlay on close press" duration="11"/>
    <testCase name="Your Address should close RequestStatusModal on confirm press" duration="116"/>
    <testCase name="Your Address should set requestStatus to FAILURE when country is Algeria" duration="138"/>
  </file>
  <file path="/runner/_work/MyVodafone-OneApp/MyVodafone-OneApp/libs/core/src/features/Purchase/HomeBroadbandUpgradeFeature/HomeBroadbandUpgradeFeature.spec.tsx">
    <testCase name="Home Broadband Upgrade Feature Checks that Home Broadband Upgrade Feature renders successfully" duration="6"/>
    <testCase name="Home Broadband Upgrade Feature Checks that Home Broadband Upgrade Feature renders successfully - Click to call offers navigate to BySide" duration="38"/>
    <testCase name="Home Broadband Upgrade Feature renders Overlay Screen when CMS error defined" duration="6"/>
    <testCase name="Home Broadband Upgrade Feature renders Loading Screen while waiting CMS request" duration="5"/>
  </file>
  <file path="/runner/_work/MyVodafone-OneApp/MyVodafone-OneApp/libs/core/src/utils/Network/contracts/CallMeBack/SendRequestContract.spec.ts">
    <testCase name="Test SendCallMeBackContract Resource expect not empty resource" duration="2"/>
    <testCase name="Test SendCallMeBackContract Checks GetHistoryContract values" duration="2"/>
    <testCase name="Test SendCallMeBackContract Checks GetHistoryContract header values" duration="1"/>
    <testCase name="Test SendCallMeBackContract Checks SendCallMeBackContract SetParams" duration="2"/>
    <testCase name="Test SendCallMeBackContract Check transform response" duration="0"/>
    <testCase name="Test SendCallMeBackContract Check transform response if empty" duration="0"/>
    <testCase name="Test SendCallMeBackContract Check stubs value" duration="1"/>
  </file>
  <file path="/runner/_work/MyVodafone-OneApp/MyVodafone-OneApp/libs/core/src/features/BillingFeature/BillingFeature.pt.spec.tsx">
    <testCase name="Billing feature should pass correct billing props for zero movements" duration="154"/>
  </file>
  <file path="/runner/_work/MyVodafone-OneApp/MyVodafone-OneApp/libs/core/src/features/DeveloperSettingsFeature/DeveloperSettingsFeature.spec.tsx">
    <testCase name="checks that DeveloperSettingsFeature renders successfully" duration="128"/>
    <testCase name="Developer settings Feature checks developer settings screen with group tenant" duration="39"/>
    <testCase name="Developer settings Feature checks developer settings environment async storage" duration="91"/>
    <testCase name="Developer settings Feature checks developer settings environment radio button press" duration="75"/>
    <testCase name="Developer settings Feature checks developer settings close button" duration="96"/>
    <testCase name="Developer settings Feature checks developer settings shake open switch" duration="167"/>
    <testCase name="getCodePushUpdateMetadata checks getUpdateMetadata called successfully and returned the updateInfo" duration="47"/>
    <testCase name="getCodePushUpdateMetadata checks getUpdateMetadata called successfully and returned null updateInfo" duration="30"/>
    <testCase name="getCodePushUpdateMetadata checks getUpdateMetadata get rejected" duration="36"/>
    <testCase name="Crash View  CrashView to crash successfully" duration="29"/>
  </file>
  <file path="/runner/_work/MyVodafone-OneApp/MyVodafone-OneApp/libs/core/src/features/BillingPreferenceFeature/Sections/BillFormatSection/BillingEmail/BillingEmail.spec.tsx">
    <testCase name="Billing Email feature should renders successfully" duration="1"/>
    <testCase name="Billing Email feature should render vfscreen successfully" duration="0"/>
    <testCase name="Billing Email feature should render bottom buttons successfully" duration="0"/>
    <testCase name="Billing Email feature should render CheckBox successfully" duration="0"/>
    <testCase name="Billing Email feature should render primary and alternate radio button successfully" duration="1"/>
    <testCase name="Billing Email feature test primary radio button press" duration="16"/>
    <testCase name="Billing Email feature test alternate radio button press" duration="8"/>
    <testCase name="Billing Email feature should render primary radio button with falsy selected state" duration="0"/>
    <testCase name="Billing Email feature should render primary text view title with the correct cms key" duration="1"/>
    <testCase name="Billing Email feature should render terms and condition placeholder with the correct cms key" duration="1"/>
    <testCase name="Billing Email feature should render alternate text view title with the correct cms key" duration="0"/>
    <testCase name="Billing Email feature should render alternate text view subTitle with the correct cms key" duration="0"/>
    <testCase name="Billing Email feature should render alternate text input with the correct cms key" duration="0"/>
    <testCase name="Billing Email feature should render 2 buttons (save, cancel)" duration="1"/>
  </file>
  <file path="/runner/_work/MyVodafone-OneApp/MyVodafone-OneApp/libs/core/src/features/Soho/BillingFeature/BillingFeature.ie.spec.tsx">
    <testCase name="Billing feature should pass correct billing props" duration="2"/>
    <testCase name="Billing feature should set isVisible = false after calling toggleModal" duration="43"/>
    <testCase name="Billing feature should render PdfFeature when press downloadBtn" duration="10"/>
    <testCase name="Billing feature should render pay bill feature when press pay bill button from previous bills" duration="51"/>
    <testCase name="Billing feature should render pay bill feature when press pay bill button from current bill" duration="15"/>
    <testCase name="Billing feature checks that renderNextBillCardFooter is undefined when shouldShowPayBillBtn is false" duration="20"/>
  </file>
  <file path="/runner/_work/MyVodafone-OneApp/MyVodafone-OneApp/libs/core/src/features/ChangePasswordFeature/ChangePasswordFeature.spec.tsx">
    <testCase name="Change Password Feature should renders successfully" duration="1"/>
    <testCase name="Change Password Feature on Close should be called when press onclose on change password screen" duration="1"/>
    <testCase name="Change Password Feature on success should be called when press onsuccess on change password screen" duration="0"/>
    <testCase name="Change Password Feature change Password Cms Keys should match with the props passed to the change password compoenents" duration="2"/>
  </file>
  <file path="/runner/_work/MyVodafone-OneApp/MyVodafone-OneApp/libs/core/src/Store/Slices/BillSummary/BillSummarySlice.spec.tsx">
    <testCase name="Thunks init state" duration="8"/>
    <testCase name="Thunks getBillSummaryData thunk " duration="10"/>
    <testCase name="Thunks getBillSummaryData should resolve with empty list" duration="9"/>
    <testCase name="Thunks getBillSummaryData should resolve with not empty list" duration="7"/>
    <testCase name="Thunks getBillSummaryData should reject with Error class" duration="12"/>
    <testCase name="Thunks getBillSummaryData should reject with NetworkError class" duration="7"/>
  </file>
  <file path="/runner/_work/MyVodafone-OneApp/MyVodafone-OneApp/libs/core/src/features/Purchase/hooks/usePurchaseStoreData.spec.tsx">
    <testCase name="usePurchaseStoreData hook - msisdn required should execute the purchase hook correctly - no accountid" duration="8"/>
    <testCase name="usePurchaseStoreData hook - msisdn required should execute the purchase hook correctly - no phoneNumber" duration="1"/>
    <testCase name="usePurchaseStoreData hook - msisdn required should execute the purchase hook correctly - error" duration="1"/>
    <testCase name="usePurchaseStoreData hook - msisdn required should execute the purchase hook correctly - loading" duration="0"/>
    <testCase name="usePurchaseStoreData hook - msisdn required should execute the purchase hook correctly - all data in redux" duration="1"/>
    <testCase name="usePurchaseStoreData hook - no msisdn should execute the purchase hook correctly - no accountid" duration="1"/>
    <testCase name="usePurchaseStoreData hook - no msisdn should execute the purchase hook correctly - error" duration="1"/>
    <testCase name="usePurchaseStoreData hook - no msisdn should execute the purchase hook correctly - loading" duration="0"/>
    <testCase name="usePurchaseStoreData hook - no msisdn should execute the purchase hook correctly - all data in redux" duration="1"/>
  </file>
  <file path="/runner/_work/MyVodafone-OneApp/MyVodafone-OneApp/libs/core/src/utils/CMS/contracts/frameworkAl/digitalAcquisition/CMSDigitalAquisitionContract.spec.ts">
    <testCase name="CMSDigitalAquisitionContract transformResponse transforms AxiosResponse into CMSDigitalAquisitionData correctly" duration="2"/>
    <testCase name="CMSDigitalAquisitionContract transformResponse transforms empty response into CMSDigitalAquisitionData correctly" duration="0"/>
    <testCase name="Test CMSDigitalAquisitionContract resource expect not empty url" duration="1"/>
    <testCase name="Test CMSDigitalAquisitionContract resource expect return fullURL" duration="0"/>
    <testCase name="Test CMSDigitalAquisitionContract resource expect full path contains ;pathIdentifier" duration="0"/>
    <testCase name="Test CMSDigitalAquisitionContract params expect the queryParams of base contract to undefined" duration="0"/>
    <testCase name="Test CMSDigitalAquisitionContract stub should return DigitalAquisitionStubs stub" duration="0"/>
  </file>
  <file path="/runner/_work/MyVodafone-OneApp/MyVodafone-OneApp/libs/core/src/features/HomepageFeature/components/QuickLinksSection.spec.tsx">
    <testCase name="checks that the result will be empty array when we nothing is sent" duration="1"/>
    <testCase name="get section id should return Quick Links when pass Quick Links in the title of the quick links" duration="0"/>
    <testCase name="get section id should return Assistance when pass Quick Links in the title of the Assistance" duration="1"/>
    <testCase name="mappingQuickLinks expected empty list when quickLink is empty" duration="0"/>
    <testCase name="mappingQuickLinks expected quickLinkProps item pass QucikLink" duration="1"/>
    <testCase name="should call showTopUpFeature onPress when id = topup" duration="0"/>
    <testCase name="should call onPress with screenName" duration="2"/>
    <testCase name="QuickLinksSection expected sutbs quickLink when pass stubsQuickLink" duration="30"/>
    <testCase name="QuickLinksSection expected stubs is the default value" duration="1"/>
    <testCase name="QuickLinksSection expected cms quickLink when pass cms QuickLink" duration="6"/>
  </file>
  <file path="/runner/_work/MyVodafone-OneApp/MyVodafone-OneApp/libs/core/src/features/PayBillFeature/hooks/usePaymentMethodsHook/usePaymentMethodsHook.spec.ts">
    <testCase name="usePaymentMethodsHook check initial state" duration="25"/>
    <testCase name="usePaymentMethodsHook check payment methods when send cms data" duration="5"/>
    <testCase name="usePaymentMethodsHook getSelectedPaymentMethod returns adyan result which has empty cards at first" duration="2"/>
    <testCase name="usePaymentMethodsHook getSelectedPaymentMethod in case cards returns error isLoadingCardsHasError should be true" duration="1"/>
    <testCase name="usePaymentMethodsHook isPaymentMethodsFormat returns true" duration="2"/>
    <testCase name="usePaymentMethodsHook onSelectPaymentMethod should update method" duration="4"/>
  </file>
  <file path="/runner/_work/MyVodafone-OneApp/MyVodafone-OneApp/libs/core/src/features/MessageCenter/Hooks/useCMSMessageCenter.spec.tsx">
    <testCase name="useCMSMessageCenter handle network error" duration="15"/>
    <testCase name="useCMSMessageCenter fetch message list screen data from cms" duration="2"/>
    <testCase name="useCMSMessageCenter check get icone function behavior" duration="2"/>
  </file>
  <file path="/runner/_work/MyVodafone-OneApp/MyVodafone-OneApp/libs/core/src/features/Esim/SimActivationFeature/SimActivationFeature.spec.tsx">
    <testCase name="Sim Activation Feature Checks that Activation SIM Feature renders successfully" duration="2"/>
    <testCase name="Sim Activation Feature Checks that ReplaceEsimFeature behaves successfully" duration="3"/>
    <testCase name="Sim Activation Feature renders Overlay Screen when CMS error defined" duration="23"/>
    <testCase name="Sim Activation Feature renders Loading Screen while waiting CMS request" duration="6"/>
    <testCase name="Sim Activation Feature renders Overlay Screen when isUserInfoContextError is visible" duration="5"/>
    <testCase name="Sim Activation Feature renders Loading Screen while userInfo is not available" duration="4"/>
  </file>
  <file path="/runner/_work/MyVodafone-OneApp/MyVodafone-OneApp/libs/core/src/features/SearchFeature/Hooks/usePreviousSearches.spec.tsx">
    <testCase name="usePreviousSearches should initialize previous searches correctly" duration="9"/>
    <testCase name="usePreviousSearches should clear previous searches correctly" duration="15"/>
    <testCase name="usePreviousSearches should not save because it is already included previous searches" duration="3"/>
    <testCase name="usePreviousSearches should save new previous searches" duration="2"/>
  </file>
  <file path="/runner/_work/MyVodafone-OneApp/MyVodafone-OneApp/libs/core/src/features/TopUpFeature/hooks/useTopUpFeature/useTopUpFeature.al.spec.tsx">
    <testCase name="useTopUpFeature should resolve handlePressConfirmSelectionTopUp when status is &quot;AUTHORIZED&quot;" duration="36"/>
    <testCase name="useTopUpFeature should call onConfirmTopUp once when the status is not &quot;AUTHORIZED&quot;" duration="4"/>
    <testCase name="useTopUpFeature should reject handlePressConfirmSelectionTopUp when the status is not &quot;AUTHORIZED&quot; when data not provided" duration="2"/>
    <testCase name="useTopUpFeature should reject handlePressConfirmSelectionTopUp when there is an error" duration="3"/>
    <testCase name="useTopUpFeature renderHook should return formatPhoneNumber&quot;" duration="3"/>
    <testCase name="useTopUpFeature renderHook should return formatPhoneNumber&quot;" duration="3"/>
    <testCase name="useTopUpFeature renderHook should return formatPhoneNumber&quot;" duration="2"/>
    <testCase name="useTopUpFeature renderHook should return formatPhoneNumber&quot;" duration="7"/>
  </file>
  <file path="/runner/_work/MyVodafone-OneApp/MyVodafone-OneApp/libs/core/src/features/VodafoneShareFeature/Hooks/useCMSVodafoneShare.spec.tsx">
    <testCase name="useCMSCallMeBackHook fetches vodafone share from CMS and updates descriptions data" duration="16"/>
    <testCase name="useCMSCallMeBackHook handles network errors" duration="2"/>
  </file>
  <file path="/runner/_work/MyVodafone-OneApp/MyVodafone-OneApp/libs/core/src/features/AccountManagementFeature/PersonalInformationFeature/Sections/YourAddress/Components/AddressFormOverlay.spec.tsx">
    <testCase name="AddressFormOverlay Component renders correctly" duration="6"/>
    <testCase name="AddressFormOverlay Component disables save button initially" duration="119"/>
    <testCase name="AddressFormOverlay Component enables save button when input fields are filled" duration="87"/>
    <testCase name="AddressFormOverlay Component calls onClose when secondary button is pressed" duration="28"/>
    <testCase name="AddressFormOverlay Component enables save button when at least one input is edited" duration="46"/>
    <testCase name="AddressFormOverlay Component should update fields with selected address data in edit address form" duration="42"/>
    <testCase name="AddressFormOverlay Component calls onClose and onConfirm when primary button is pressed" duration="33"/>
  </file>
  <file path="/runner/_work/MyVodafone-OneApp/MyVodafone-OneApp/libs/core/src/utils/CMS/contracts/tutorials/CMSTutorialsContract.spec.ts">
    <testCase name="Test CMSTutorialsContract resource expect not empty url" duration="1"/>
    <testCase name="Test CMSTutorialsContract resource expect return fullURL" duration="1"/>
    <testCase name="Test CMSTutorialsContract resource expect full path contains ;pathIdentifier" duration="0"/>
    <testCase name="Test CMSTutorialsContract transformResponse expect return objec of type TutorialsResponse" duration="1"/>
    <testCase name="Test CMSTutorialsContract params expect the queryParams of base contract to undefine" duration="0"/>
    <testCase name="Test CMSTutorialsContract params expect cmsTutorialsRequest will not empty when no parameter passed to param" duration="0"/>
    <testCase name="Test CMSTutorialsContract params expect cmsTutorialsRequest will contain key pathIdentifier" duration="1"/>
  </file>
  <file path="/runner/_work/MyVodafone-OneApp/MyVodafone-OneApp/libs/core/src/features/Purchase/PegaHomeBroadbandUpgradeFeature/PegaHomeBroadbandUpgradeFeature.spec.tsx">
    <testCase name="Home Broadband Upgrade Feature Checks that Pega Home Broadband Upgrade Feature renders successfully" duration="2"/>
    <testCase name="Home Broadband Upgrade Feature renders Overlay Screen when CMS error defined" duration="18"/>
    <testCase name="Home Broadband Upgrade Feature renders Loading Screen while waiting CMS request" duration="7"/>
    <testCase name="Home Broadband Upgrade Feature renders Overlay Screen when isUserInfoContextError is visible" duration="5"/>
    <testCase name="Home Broadband Upgrade Feature renders Loading Screen while userInfo is not available" duration="2"/>
  </file>
  <file path="/runner/_work/MyVodafone-OneApp/MyVodafone-OneApp/libs/core/src/utils/Network/contracts/Soho/Requests/UsersRequests/RejectOrCancelRequestsContract.spec.ts">
    <testCase name="Post Reject Requests Contract checks RejectOrCancelRequestsContract setParams" duration="1"/>
    <testCase name="Post Reject Requests Contract checks RejectOrCancelRequestsContract values" duration="0"/>
    <testCase name="Post Reject Requests Contract checks RejectOrCancelRequestsContract with selected users" duration="1"/>
    <testCase name="Post Reject Requests Contract check stubs value" duration="0"/>
  </file>
  <file path="/runner/_work/MyVodafone-OneApp/MyVodafone-OneApp/libs/core/src/utils/Network/contracts/Highlights/GetHighlightsContract.spec.ts">
    <testCase name="Highlights Contract resource expected wiremock url when env is dev-stubs" duration="1"/>
    <testCase name="Highlights Contract test api provider" duration="0"/>
    <testCase name="Highlights Contract test api method" duration="0"/>
    <testCase name="Highlights Contract test Headers" duration="1"/>
    <testCase name="Highlights Contract test queryParams" duration="0"/>
    <testCase name="test Mapping functions mapTopupUsageHighlightItem should return undefined when usageSummary is empty" duration="1"/>
    <testCase name="test Mapping functions mapMobileUsageHighlightItem should return undefined when usageSummary is empty" duration="0"/>
    <testCase name="test Mapping functions maps MobileUsageCardtype correctly" duration="1"/>
    <testCase name="test Mapping functions mapMobileUsageHighlightItem should return mapped data when usageSummary is not empty" duration="0"/>
    <testCase name="test Mapping functions should create ClubVivaResponse object with valid loyaltyPoints, isIdentified, and accountType" duration="1"/>
  </file>
  <file path="/runner/_work/MyVodafone-OneApp/MyVodafone-OneApp/libs/core/src/utils/Network/contracts/TopUp/GetPaymentMethodsCSM073ContractPT/GetPaymentMethodsCSM073ContractPT.spec.ts">
    <testCase name="GetPaymentMethodsCSM073ContractPT returns the correct provider" duration="1"/>
    <testCase name="GetPaymentMethodsCSM073ContractPT returns the correct headers" duration="1"/>
    <testCase name="GetPaymentMethodsCSM073ContractPT returns the correct resource" duration="0"/>
    <testCase name="GetPaymentMethodsCSM073ContractPT returns the correct method" duration="0"/>
    <testCase name="GetPaymentMethodsCSM073ContractPT sets bodyParams correctly" duration="1"/>
    <testCase name="GetPaymentMethodsCSM073ContractPT returns the correct stubs" duration="0"/>
    <testCase name="GetPaymentMethodsCSM073ContractPT sets bodyParams GooglePay correctly" duration="0"/>
    <testCase name="GetPaymentMethodsCSM073ContractPT returns the correct GooglePay stubs" duration="1"/>
    <testCase name="GetPaymentMethodsCSM073ContractPT sets bodyParams ApplePay correctly" duration="0"/>
    <testCase name="GetPaymentMethodsCSM073ContractPT returns the correct ApplePay stubs" duration="0"/>
    <testCase name="GetPaymentMethodsCSM073ContractPT transforms response correctly" duration="0"/>
  </file>
  <file path="/runner/_work/MyVodafone-OneApp/MyVodafone-OneApp/libs/core/src/features/BillingPreferenceFeature/BillingPreferenceFeature.ie.spec.tsx">
    <testCase name="Billing Preference feature for IE tenant should renders successfully" duration="62"/>
    <testCase name="Billing Preference feature for IE tenant should call goBack from navigation when press onClose" duration="12"/>
    <testCase name="Billing Preference feature for IE tenant should render the SettingsRadio components with label" duration="18"/>
    <testCase name="Billing Preference feature for IE tenant test Summary radio component onPress" duration="15"/>
    <testCase name="Billing Preference feature for IE tenant test Detailes radio component onPress" duration="13"/>
    <testCase name="Billing Preference feature for IE tenant should render the SettingsRadio components with consumed onPress" duration="10"/>
    <testCase name="Billing Preference feature for IE tenant should render save button successfully" duration="15"/>
    <testCase name="Billing Preference feature for IE tenant should render BillFormatSection correctly" duration="9"/>
    <testCase name="Billing Preference feature for IE tenant should call getData &amp; resetData onTryAgainPress" duration="9"/>
    <testCase name="Billing Preference feature for IE tenant should be close to end" duration="24"/>
    <testCase name="Billing Preference feature for IE tenant not be close to end" duration="9"/>
  </file>
  <file path="/runner/_work/MyVodafone-OneApp/MyVodafone-OneApp/libs/core/src/features/BillingFeature/analytics/BillingTracking.spec.ts">
    <testCase name="BillingTracking Should track click event" duration="1"/>
    <testCase name="BillingTracking Should track viewAllBills view" duration="0"/>
    <testCase name="BillingTracking Should track nextBillOverlay view" duration="0"/>
    <testCase name="BillingTracking Should track paymentHistory View" duration="0"/>
    <testCase name="BillingTracking Should track nextBillOverlayView View null" duration="1"/>
    <testCase name="BillingTracking Should track viewAllBillsView View null" duration="0"/>
    <testCase name="BillingTracking Should track taggingModel View null" duration="1"/>
    <testCase name="BillingTracking Should track viewBillDetails show" duration="0"/>
    <testCase name="BillingTracking Should track payPillOver show" duration="0"/>
    <testCase name="BillingTracking Should track payPillOverLaySuccessView" duration="0"/>
    <testCase name="BillingTracking Should track payPillOverLayErrorView" duration="1"/>
    <testCase name="BillingTracking Should track payPillOverLayConfirmView" duration="0"/>
    <testCase name="BillingTracking Should track negativeBillQuickActionView" duration="0"/>
    <testCase name="BillingTracking Should track negativeBillQuickActionView" duration="0"/>
    <testCase name="BillingTracking Should track ZeroBillView" duration="1"/>
    <testCase name="BillingTracking Should track ZeroBillView null" duration="0"/>
  </file>
  <file path="/runner/_work/MyVodafone-OneApp/MyVodafone-OneApp/libs/core/src/features/Soho/BusinessOverviewFeature/Addons/AddonsUsers/AddonsUsers.spec.tsx">
    <testCase name="test AddOnsUsers checks that AddOnsUsers rendered successfully" duration="79"/>
    <testCase name="test AddOnsUsers checks that AddOnsUsers rendered successfully with unassignedUsers" duration="14"/>
    <testCase name="test AddOnsUsers check that onPrimaryButtonPress to call pop" duration="15"/>
    <testCase name="test AddOnsUsers check that onBackPress to call pop" duration="8"/>
    <testCase name="test AddOnsUsers check that onTryAgainPress to dispatch" duration="8"/>
    <testCase name="test AddOnsUsers execute onBackPress successfully" duration="13"/>
  </file>
  <file path="/runner/_work/MyVodafone-OneApp/MyVodafone-OneApp/libs/core/src/services/RoamingService/RoamingService.spec.ts">
    <testCase name="RoamingService Return getRecommendationData correctly" duration="2"/>
    <testCase name="RoamingService Returns getRecommendationData error" duration="1"/>
    <testCase name="RoamingService Return getCategoryOffersData correctly" duration="1"/>
    <testCase name="RoamingService Returns getCategoryOffersData error" duration="0"/>
    <testCase name="RoamingService Return getServicesAndDataCapData correctly" duration="1"/>
    <testCase name="RoamingService Returns getServicesAndDataCapData error" duration="0"/>
    <testCase name="RoamingService Check patchDataCap response" duration="1"/>
    <testCase name="RoamingService Returns patchDataCap error" duration="0"/>
  </file>
  <file path="/runner/_work/MyVodafone-OneApp/MyVodafone-OneApp/libs/core/src/services/PayBillService/BillingPaymentServiceAL/BillingPaymentService.spec.ts">
    <testCase name="Create Pay Bill Service for Al  should works correctly" duration="2"/>
    <testCase name="Create Pay Bill Service for Al  should works correctly with tokenized card " duration="1"/>
    <testCase name="Create Pay Bill Service for Al  should throw an error when the response is not instanceof GetPayerAuthenticationTokenResponse" duration="0"/>
    <testCase name="Create Pay Bill Service for Al should reject with an error on failure" duration="0"/>
    <testCase name="Create Pay Bill Service for Al should works correctly" duration="1"/>
    <testCase name="Create Pay Bill Service for Al should works correctly with msisdn of someoneElse" duration="1"/>
    <testCase name="Create Pay Bill Service for Al  should throw an error when the response is not instanceof CreateTopUpParamsResponse" duration="0"/>
    <testCase name="Create Pay Bill Service for Al should reject with an error on failure" duration="0"/>
  </file>
  <file path="/runner/_work/MyVodafone-OneApp/MyVodafone-OneApp/libs/core/src/features/AccountManagementFeature/AccountDeletionFeature/AccountDeletionConfirmationOverlayFeature/AccountDeletionConfirmationOverlayFeature.spec.tsx">
    <testCase name="Account Deletion Confirmation Overlay Feature should renders successfully" duration="27"/>
    <testCase name="Account Deletion Confirmation Overlay Feature should render vfscreen successfully" duration="13"/>
    <testCase name="Account Deletion Confirmation Overlay Feature should render status view successfully" duration="8"/>
    <testCase name="Account Deletion Confirmation Overlay Feature test secondry button press" duration="9"/>
    <testCase name="Account Deletion Confirmation Overlay Feature test account deletion overlay title" duration="8"/>
    <testCase name="Account Deletion Confirmation Overlay Feature should render primary button with the correct cms key" duration="7"/>
    <testCase name="Account Deletion Confirmation Overlay Feature should render secondry button with  the correct cms key" duration="12"/>
    <testCase name="Account Deletion Confirmation Overlay Feature should render icon with proper props" duration="6"/>
    <testCase name="Account Deletion Confirmation Overlay Feature should handle primary button action with loading" duration="16"/>
  </file>
  <file path="/runner/_work/MyVodafone-OneApp/MyVodafone-OneApp/libs/core/src/utils/Network/contracts/Soho/Requests/UsersRequests/ApproveRequestsContract.spec.ts">
    <testCase name="Post Approve Requests Contract checks ApproveRequestsContract setParams" duration="2"/>
    <testCase name="Post Approve Requests Contract checks ApproveRequestsContract values" duration="1"/>
    <testCase name="Post Approve Requests Contract checks ApproveRequestsContract with selected users" duration="0"/>
    <testCase name="Post Approve Requests Contract check stubs value" duration="1"/>
  </file>
  <file path="/runner/_work/MyVodafone-OneApp/MyVodafone-OneApp/libs/core/src/features/AccountLinkingFeature/components/AccountServices.spec.tsx">
    <testCase name="AccountServices should render a TouchableOpacity component without RadioButton when services array is empty" duration="11"/>
    <testCase name="AccountServices should render a TouchableOpacity component with one RadioButton when services array contains one sub-service" duration="7"/>
    <testCase name="AccountServices should call onPress and setSelectedService when TouchableOpacity is pressed with services array" duration="5"/>
    <testCase name="AccountServices should call onPress and setSelectedService" duration="3"/>
    <testCase name="AccountServices should call setSelectedService with sub-service id when RadioButton is pressed" duration="8"/>
    <testCase name="AccountServices should call setSelectedService with sub-service id when TouchableOpacity inside services map is pressed" duration="4"/>
    <testCase name="AccountServices should call setSelectedService with item id when RadioButton is pressed for top-level service" duration="2"/>
  </file>
  <file path="/runner/_work/MyVodafone-OneApp/MyVodafone-OneApp/libs/core/src/services/TopUpService/TopUpServiceAL/CreateTopupService.spec.ts">
    <testCase name="CreateTopUpService GetPayerAuthenticationToken  should works correctly" duration="1"/>
    <testCase name="CreateTopUpService GetPayerAuthenticationToken  should works correctly with tokenizedcard " duration="0"/>
    <testCase name="CreateTopUpService GetPayerAuthenticationToken  should throw an error when the response is not instanceof GetPayerAuthenticationTokenResponse" duration="1"/>
    <testCase name="CreateTopUpService GetPayerAuthenticationToken should reject with an error on failure" duration="0"/>
    <testCase name="CreateTopUpService CreateTopUpPayment should works correctly" duration="1"/>
    <testCase name="CreateTopUpService CreateTopUpPayment should works correctly with msisdn of someoneElse" duration="0"/>
    <testCase name="CreateTopUpService CreateTopUpPayment  should throw an error when the response is not instanceof CreateTopUpParamsResponse" duration="1"/>
    <testCase name="CreateTopUpService CreateTopUpPayment should reject with an error on failure" duration="0"/>
  </file>
  <file path="/runner/_work/MyVodafone-OneApp/MyVodafone-OneApp/libs/core/src/features/ShakeFeature/Shake.spec.tsx">
    <testCase name="ShakeFeature checks that getProducts service is successful" duration="21"/>
    <testCase name="ShakeFeature checks that getProducts service fails" duration="2"/>
    <testCase name="ShakeFeature checks that orderProducts service is successfull" duration="2"/>
    <testCase name="ShakeFeature checks that orderProduct service fails" duration="3"/>
  </file>
  <file path="/runner/_work/MyVodafone-OneApp/MyVodafone-OneApp/libs/core/src/features/SearchFeature/SearchFeature.spec.tsx">
    <testCase name="Search Feature displays the search bar with the provided placeholder" duration="60"/>
    <testCase name="Search Feature common searches renders correctly" duration="8"/>
    <testCase name="Search Feature tagItems array have the same length" duration="7"/>
    <testCase name="Search Feature tagItems array will navigate when press to item" duration="6"/>
    <testCase name="Search Feature should render suggested searchs title onFilterData call with correct keyword" duration="29"/>
    <testCase name="Search Feature should render empty searches title onFilterData call with wrong keyword" duration="15"/>
    <testCase name="Search Feature should render common searches title onFilterData call with no keyword" duration="6"/>
  </file>
  <file path="/runner/_work/MyVodafone-OneApp/MyVodafone-OneApp/libs/core/src/Store/Slices/Soho/BusinessOverview/UsageCategoriesSlice.spec.ts">
    <testCase name="Test usageCategories slice  clearUsageCategoriesData" duration="4"/>
    <testCase name="Thunks getUsageCategoriesData Thunk " duration="5"/>
    <testCase name="Thunks usageCategories  " duration="9"/>
    <testCase name="Thunks usageCategories should resolve with correct data" duration="5"/>
    <testCase name="Thunks usageCategories should resolve with correct sms" duration="6"/>
    <testCase name="Thunks usageCategories should resolve with correct calls" duration="5"/>
  </file>
  <file path="/runner/_work/MyVodafone-OneApp/MyVodafone-OneApp/libs/core/src/services/TopUpService/TopUpService.spec.ts">
    <testCase name="TopUpFeature call onConfirmTopUp correctly" duration="2"/>
    <testCase name="TopUpFeature call onConfirmTopUp and returns error when paymentCard id is 1595418478861" duration="0"/>
    <testCase name="TopUpFeature should call onAddNewGifteeAccount correctly" duration="1"/>
    <testCase name="TopUpFeature onConfirmAutoTopUp call onConfirmAutoTopUp correctly" duration="1"/>
    <testCase name="TopUpFeature onConfirmAutoTopUp call onConfirmAutoTopUp and returns error when paymentCard id is 1595418478860" duration="1"/>
    <testCase name="TopUpFeature should resolve onDeleteGifteeAccount successfully" duration="0"/>
    <testCase name="TopUpFeature call getSavedAccounts correctly" duration="0"/>
    <testCase name="TopUpFeature should call getPaymentMethods correctly" duration="0"/>
    <testCase name="TopUpFeature should call getPaymentTokenizedCards correctly" duration="0"/>
  </file>
  <file path="/runner/_work/MyVodafone-OneApp/MyVodafone-OneApp/libs/core/src/features/TutorialsFeature/utils/useTutorialsHook.spec.tsx">
    <testCase name="getTutorialsData should render response to data model correctly" duration="2"/>
    <testCase name="getTutorialsData should execute the hook correctly" duration="8"/>
    <testCase name="useTutorialsHook fetches tutorials from CMS and returns transformed data on success" duration="4"/>
    <testCase name="useTutorialsHook returns an error on failure" duration="1"/>
  </file>
  <file path="/runner/_work/MyVodafone-OneApp/MyVodafone-OneApp/libs/core/src/utils/CMS/CMSPaths/CMSPaths.mtlab.spec.ts">
    <testCase name="Test MTLAB CMS paths CMSPaths home should contain &quot;mtl&quot; in its path" duration="2"/>
    <testCase name="Test MTLAB CMS paths CMSPaths home should not be null or undefine" duration="0"/>
    <testCase name="Test MTLAB CMS paths CMSPaths config should contain &quot;mtl&quot; in its path" duration="0"/>
    <testCase name="Test MTLAB CMS paths CMSPaths account management should contain &quot;mtl&quot; in its path" duration="0"/>
    <testCase name="Test MTLAB CMS paths CMSPaths message center should contain &quot;mtl&quot; in its path" duration="0"/>
    <testCase name="Test MTLAB CMS paths CMSPaths billing should contain &quot;mtl&quot; in its path" duration="0"/>
    <testCase name="Test MTLAB CMS paths CMSPaths topup should contain &quot;mtl&quot; in its path" duration="0"/>
    <testCase name="Test MTLAB CMS paths CMSPaths esim should contain &quot;mtl&quot; in its path" duration="0"/>
    <testCase name="Test MTLAB CMS paths CMSPaths speedChecker should contain &quot;mtl&quot; in its path" duration="0"/>
    <testCase name="Test MTLAB CMS paths CMSPaths tutorials should contain &quot;mtl&quot; in its path" duration="0"/>
    <testCase name="Test MTLAB CMS paths CMSPaths onboarding should contain &quot;mtl&quot; in its path" duration="1"/>
    <testCase name="Test MTLAB CMS paths CMSPaths rewards should contain &quot;mtl&quot; in its path" duration="0"/>
    <testCase name="Test MTLAB CMS paths CMSPaths call me back should not be null or undefine" duration="0"/>
    <testCase name="Test MTLAB CMS paths CMSPaths call me back should contain &quot;al&quot; in its path" duration="0"/>
    <testCase name="Test MTLAB CMS paths CMSPaths coca cola should contain &quot;al&quot; in its path" duration="0"/>
    <testCase name="Test MTLAB CMS paths CMSPaths vodafone share should contain &quot;al&quot; in its path" duration="0"/>
    <testCase name="Test MTLAB CMS paths CMSPaths my offers should contain &quot;al&quot; in its path" duration="0"/>
    <testCase name="Test MTLAB CMS paths CMSPaths summer promo should contain &quot;al&quot; in its path" duration="1"/>
    <testCase name="Test MTLAB CMS paths CMSPaths recommended bundles should contain &quot;al&quot; in its path" duration="0"/>
    <testCase name="Test MTLAB CMS paths CMSPaths big brother should contain &quot;al&quot; in its path" duration="0"/>
    <testCase name="Test MTLAB CMS paths CMSPaths clubViva should contain &quot;pt&quot; in its path" duration="0"/>
    <testCase name="Test MTLAB CMS paths CMSPaths refill should contain &quot;al&quot; in its path" duration="0"/>
    <testCase name="Test MTLAB CMS paths CMSPaths partnership should contain &quot;pt&quot; in its path" duration="0"/>
    <testCase name="Test MTLAB CMS paths CMSPaths myweekendpromo should contain &quot;al&quot; in its path" duration="0"/>
    <testCase name="Test MTLAB CMS paths CMSPaths migration should contain &quot;al&quot; in its path" duration="0"/>
    <testCase name="Test MTLAB CMS paths CMSPaths purchase should contain &quot;mtl&quot; in its path" duration="0"/>
    <testCase name="Test MTLAB CMS paths CMSPaths digitalAquisition should contain &quot;al&quot; in its path" duration="0"/>
    <testCase name="Test MTLAB CMS paths CMSPaths underAge should contain &quot;pt&quot; in its path" duration="0"/>
    <testCase name="Test MTLAB CMS paths CMSPaths roaming should contain &quot;al&quot; in its path" duration="0"/>
    <testCase name="Test MTLAB CMS paths CMSPaths roamingCountries should contain &quot;al&quot; in its path" duration="1"/>
    <testCase name="Test MTLAB CMS paths CMSPaths referAFriend should contain &quot;al&quot; in its path" duration="0"/>
  </file>
  <file path="/runner/_work/MyVodafone-OneApp/MyVodafone-OneApp/libs/core/src/utils/CMS/CMSPaths/CMSPaths.ie.spec.ts">
    <testCase name="Test IE CMS paths CMSPaths billing should contain &quot;ie&quot; in its path" duration="1"/>
    <testCase name="Test IE CMS paths CMSPaths billing should not be null or undefine" duration="0"/>
    <testCase name="Test IE CMS paths CMSPaths config should contain &quot;ie&quot; in its path" duration="1"/>
    <testCase name="Test IE CMS paths CMSPaths account management should contain &quot;ie&quot; in its path" duration="0"/>
    <testCase name="Test IE CMS paths CMSPaths message center should contain &quot;ie&quot; in its path" duration="0"/>
    <testCase name="Test IE CMS paths CMSPaths home should contain &quot;ie&quot; in its path" duration="0"/>
    <testCase name="Test IE CMS paths CMSPaths topup should contain &quot;ie&quot; in its path" duration="0"/>
    <testCase name="Test IE CMS paths CMSPaths esim should contain &quot;ie&quot; in its path" duration="1"/>
    <testCase name="Test IE CMS paths CMSPaths speedChecker should contain &quot;ie&quot; in its path" duration="0"/>
    <testCase name="Test IE CMS paths CMSPaths migration should contain &quot;al&quot; in its path" duration="0"/>
    <testCase name="Test IE CMS paths CMSPaths tutorials should contain &quot;ie&quot; in its path" duration="0"/>
    <testCase name="Test IE CMS paths CMSPaths onboarding should contain &quot;ie&quot; in its path" duration="1"/>
    <testCase name="Test IE CMS paths CMSPaths rewards should contain &quot;ie&quot; in its path" duration="0"/>
    <testCase name="Test IE CMS paths CMSPaths call me back should not be null or undefine" duration="0"/>
    <testCase name="Test IE CMS paths CMSPaths call me back should contain &quot;al&quot; in its path" duration="1"/>
    <testCase name="Test IE CMS paths CMSPaths coca cola should contain &quot;al&quot; in its path" duration="0"/>
    <testCase name="Test IE CMS paths CMSPaths refill should contain &quot;al&quot; in its path" duration="0"/>
    <testCase name="Test IE CMS paths CMSPaths vodafone share should contain &quot;al&quot; in its path" duration="1"/>
    <testCase name="Test IE CMS paths CMSPaths summer promo should contain &quot;al&quot; in its path" duration="0"/>
    <testCase name="Test IE CMS paths CMSPaths my offers should contain &quot;al&quot; in its path" duration="0"/>
    <testCase name="Test IE CMS paths CMSPaths recommended bundles should contain &quot;al&quot; in its path" duration="1"/>
    <testCase name="Test IE CMS paths CMSPaths big brother should contain &quot;al&quot; in its path" duration="0"/>
    <testCase name="Test IE CMS paths CMSPaths clubViva should contain &quot;pt&quot; in its path" duration="0"/>
    <testCase name="Test IE CMS paths CMSPaths partnership should contain &quot;pt&quot; in its path" duration="0"/>
    <testCase name="Test IE CMS paths CMSPaths myweekendpromo should contain &quot;al&quot; in its path" duration="1"/>
    <testCase name="Test IE CMS paths CMSPaths purchase should contain &quot;ie&quot; in its path" duration="0"/>
    <testCase name="Test IE CMS paths CMSPaths digitalAquisition should contain &quot;al&quot; in its path" duration="0"/>
    <testCase name="Test IE CMS paths CMSPaths underAge should contain &quot;pt&quot; in its path" duration="0"/>
    <testCase name="Test IE CMS paths CMSPaths roaming should contain &quot;al&quot; in its path" duration="0"/>
    <testCase name="Test IE CMS paths CMSPaths roamingCountries should contain &quot;al&quot; in its path" duration="0"/>
    <testCase name="Test IE CMS paths CMSPaths referAFriend should contain &quot;al&quot; in its path" duration="0"/>
  </file>
  <file path="/runner/_work/MyVodafone-OneApp/MyVodafone-OneApp/libs/core/src/utils/CMS/CMSPaths/CMSPaths.al.spec.ts">
    <testCase name="Test AL CMS paths CMSPaths billing should contain &quot;al&quot; in its path" duration="1"/>
    <testCase name="Test AL CMS paths CMSPaths billing should not be null or undefine" duration="0"/>
    <testCase name="Test AL CMS paths CMSPaths config should contain &quot;al&quot; in its path" duration="0"/>
    <testCase name="Test AL CMS paths CMSPaths account management should contain &quot;al&quot; in its path" duration="1"/>
    <testCase name="Test AL CMS paths CMSPaths message center should contain &quot;al&quot; in its path" duration="0"/>
    <testCase name="Test AL CMS paths CMSPaths home should contain &quot;al&quot; in its path" duration="0"/>
    <testCase name="Test AL CMS paths CMSPaths topup should contain &quot;al&quot; in its path" duration="0"/>
    <testCase name="Test AL CMS paths CMSPaths esim should contain &quot;al&quot; in its path" duration="0"/>
    <testCase name="Test AL CMS paths CMSPaths speedChecker should contain &quot;al&quot; in its path" duration="1"/>
    <testCase name="Test AL CMS paths CMSPaths tutorials should contain &quot;al&quot; in its path" duration="0"/>
    <testCase name="Test AL CMS paths CMSPaths migration should contain &quot;al&quot; in its path" duration="0"/>
    <testCase name="Test AL CMS paths CMSPaths onboarding should contain &quot;al&quot; in its path" duration="0"/>
    <testCase name="Test AL CMS paths CMSPaths rewards should contain &quot;al&quot; in its path" duration="1"/>
    <testCase name="Test AL CMS paths CMSPaths call me back should not be null or undefine" duration="0"/>
    <testCase name="Test AL CMS paths CMSPaths call me back should contain &quot;al&quot; in its path" duration="0"/>
    <testCase name="Test AL CMS paths CMSPaths coca cola should contain &quot;al&quot; in its path" duration="1"/>
    <testCase name="Test AL CMS paths CMSPaths vodafone share should contain &quot;al&quot; in its path" duration="0"/>
    <testCase name="Test AL CMS paths CMSPaths summer promo should contain &quot;al&quot; in its path" duration="0"/>
    <testCase name="Test AL CMS paths CMSPaths my offers should contain &quot;al&quot; in its path" duration="0"/>
    <testCase name="Test AL CMS paths CMSPaths refill should contain &quot;al&quot; in its path" duration="0"/>
    <testCase name="Test AL CMS paths CMSPaths recommended bundles should contain &quot;al&quot; in its path" duration="1"/>
    <testCase name="Test AL CMS paths CMSPaths big brother should contain &quot;al&quot; in its path" duration="0"/>
    <testCase name="Test AL CMS paths CMSPaths clubViva should contain &quot;pt&quot; in its path" duration="0"/>
    <testCase name="Test AL CMS paths CMSPaths partnership should contain &quot;pt&quot; in its path" duration="0"/>
    <testCase name="Test AL CMS paths CMSPaths myweekendpromo should contain &quot;al&quot; in its path" duration="0"/>
    <testCase name="Test AL CMS paths CMSPaths purchase should contain &quot;al&quot; in its path" duration="0"/>
    <testCase name="Test AL CMS paths CMSPaths digitalAquisition should contain &quot;al&quot; in its path" duration="1"/>
    <testCase name="Test AL CMS paths CMSPaths underAge should contain &quot;pt&quot; in its path" duration="0"/>
    <testCase name="Test AL CMS paths CMSPaths roaming should contain &quot;al&quot; in its path" duration="0"/>
    <testCase name="Test AL CMS paths CMSPaths roamingCountries should contain &quot;al&quot; in its path" duration="1"/>
    <testCase name="Test AL CMS paths CMSPaths referAFriend should contain &quot;al&quot; in its path" duration="0"/>
  </file>
  <file path="/runner/_work/MyVodafone-OneApp/MyVodafone-OneApp/libs/core/src/utils/CMS/CMSPaths/CMSPaths.pt.spec.ts">
    <testCase name="Test PT CMS paths CMSPaths home should contain &quot;pt&quot; in its path" duration="1"/>
    <testCase name="Test PT CMS paths CMSPaths home should not be null or undefine" duration="1"/>
    <testCase name="Test PT CMS paths CMSPaths billing should contain &quot;pt&quot; in its path" duration="0"/>
    <testCase name="Test PT CMS paths CMSPaths config should contain &quot;pt&quot; in its path" duration="0"/>
    <testCase name="Test PT CMS paths CMSPaths account management should contain &quot;pt&quot; in its path" duration="0"/>
    <testCase name="Test PT CMS paths CMSPaths message center should contain &quot;pt&quot; in its path" duration="1"/>
    <testCase name="Test PT CMS paths CMSPaths topup should contain &quot;pt&quot; in its path" duration="0"/>
    <testCase name="Test PT CMS paths CMSPaths esim should contain &quot;pt&quot; in its path" duration="0"/>
    <testCase name="Test PT CMS paths CMSPaths speedChecker should contain &quot;pt&quot; in its path" duration="0"/>
    <testCase name="Test PT CMS paths CMSPaths tutorials should contain &quot;pt&quot; in its path" duration="0"/>
    <testCase name="Test PT CMS paths CMSPaths onboarding should contain &quot;pt&quot; in its path" duration="0"/>
    <testCase name="Test PT CMS paths CMSPaths rewards should contain &quot;pt&quot; in its path" duration="0"/>
    <testCase name="Test PT CMS paths CMSPaths call me back should not be null or undefine" duration="0"/>
    <testCase name="Test PT CMS paths CMSPaths call me back should contain &quot;al&quot; in its path" duration="0"/>
    <testCase name="Test PT CMS paths CMSPaths coca cola should contain &quot;al&quot; in its path" duration="0"/>
    <testCase name="Test PT CMS paths CMSPaths vodafone share should contain &quot;al&quot; in its path" duration="0"/>
    <testCase name="Test PT CMS paths CMSPaths my offers should contain &quot;al&quot; in its path" duration="0"/>
    <testCase name="Test PT CMS paths CMSPaths summer promo should contain &quot;al&quot; in its path" duration="0"/>
    <testCase name="Test PT CMS paths CMSPaths migration should contain &quot;al&quot; in its path" duration="0"/>
    <testCase name="Test PT CMS paths CMSPaths recommended bundles should contain &quot;al&quot; in its path" duration="0"/>
    <testCase name="Test PT CMS paths CMSPaths refill should contain &quot;al&quot; in its path" duration="0"/>
    <testCase name="Test PT CMS paths CMSPaths big brother should contain &quot;al&quot; in its path" duration="0"/>
    <testCase name="Test PT CMS paths CMSPaths ClubViva should contain &quot;pt&quot; in its path" duration="0"/>
    <testCase name="Test PT CMS paths CMSPaths partnership should contain &quot;pt&quot; in its path" duration="0"/>
    <testCase name="Test PT CMS paths CMSPaths myweekendpromo should contain &quot;al&quot; in its path" duration="0"/>
    <testCase name="Test PT CMS paths CMSPaths purchase should contain &quot;pt&quot; in its path" duration="0"/>
    <testCase name="Test PT CMS paths CMSPaths digitalAquisition should contain &quot;al&quot; in its path" duration="0"/>
    <testCase name="Test PT CMS paths CMSPaths underAge should contain &quot;pt&quot; in its path" duration="0"/>
    <testCase name="Test PT CMS paths CMSPaths roaming should contain &quot;al&quot; in its path" duration="1"/>
    <testCase name="Test PT CMS paths CMSPaths roamingCountries should contain &quot;al&quot; in its path" duration="0"/>
    <testCase name="Test PT CMS paths CMSPaths referAFriend should contain &quot;al&quot; in its path" duration="0"/>
  </file>
  <file path="/runner/_work/MyVodafone-OneApp/MyVodafone-OneApp/libs/core/src/utils/Deeplink/Deeplik.spec.ts">
    <testCase name="Deeplink layer Should throw an error for trying to get instance without initialization" duration="6"/>
    <testCase name="Deeplink layer Should navigate to a valid deeplink with screenName and params" duration="1"/>
    <testCase name="Deeplink layer Should navigate to a valid deeplink with screenName and replace flag" duration="1"/>
    <testCase name="Deeplink layer Should not navigate to the link if no internet connection" duration="1"/>
    <testCase name="Deeplink layer Should navigate to a valid HTTP deeplink with external browser option disabled" duration="1"/>
    <testCase name="Deeplink layer Should not navigate to the HTTP link if no internet connection" duration="0"/>
    <testCase name="Deeplink layer Should navigate to a valid HTTP deeplink with external browser option" duration="1"/>
    <testCase name="Deeplink layer Should navigate to a valid HTTP deeplink with user context option" duration="0"/>
    <testCase name="Deeplink layer Should navigate to a valid dial link with msisdn" duration="0"/>
    <testCase name="Deeplink layer Should throw an error for an invalid deeplink" duration="1"/>
  </file>
  <file path="/runner/_work/MyVodafone-OneApp/MyVodafone-OneApp/libs/core/src/features/OfflineFeature/OfflineFeature.spec.tsx">
    <testCase name="OfflineScreen component should render correctly" duration="1"/>
    <testCase name="OfflineScreen component should set loading to true on tryAgain " duration="2"/>
    <testCase name="OfflineScreen component should set isOverlayOpened to false when onclose is clicked" duration="0"/>
    <testCase name="OfflineScreen component should set loading to false if internet is off on tryAgain " duration="4"/>
    <testCase name="OfflineScreen component should set visibility to false if internet is back on tryAgain " duration="1"/>
    <testCase name="OfflineScreen component should render renderDescriptionComponent description title" duration="44"/>
    <testCase name="OfflineScreen component should render renderDescriptionComponent description array" duration="9"/>
  </file>
  <file path="/runner/_work/MyVodafone-OneApp/MyVodafone-OneApp/libs/core/src/features/TopUpFeature/Components/NifNumber/NifNumber.spec.tsx">
    <testCase name="NifNumber renders collapsed NIF Card component" duration="19"/>
    <testCase name="NifNumber renders expanded NIF Card Body" duration="31"/>
    <testCase name="NifNumber updates the NIF number input on user input" duration="49"/>
    <testCase name="NifNumber shows error when an invalid NIF number is entered" duration="44"/>
    <testCase name="NifNumber customHelperText is not null" duration="13"/>
    <testCase name="NifNumber renders new NIF Number when a valid NIF number is entered and apply button is pressed" duration="41"/>
    <testCase name="NifNumber calls removeNIFNumber when a valid NIF number is entered and succeeded" duration="9"/>
  </file>
  <file path="/runner/_work/MyVodafone-OneApp/MyVodafone-OneApp/libs/core/src/services/BankCardsService/BankCardsServiceIEPayM.spec.ts">
    <testCase name="BankCardsServiceIEPayM should return an empty array when the payment cards list is empty" duration="2"/>
    <testCase name="BankCardsServiceIEPayM should retrieve and transform the wallet list successfully with credit cards only cards" duration="0"/>
    <testCase name="BankCardsServiceIEPayM should generate a webview link with valid parameters" duration="1"/>
    <testCase name="BankCardsServiceIEPayM should process payment token with valid token" duration="0"/>
  </file>
  <file path="/runner/_work/MyVodafone-OneApp/MyVodafone-OneApp/libs/core/src/utils/CMS/contracts/clubViva/CMSClubVivaContract.spec.ts">
    <testCase name="TestClubViva Contract resource expect not empty url" duration="1"/>
    <testCase name="TestClubViva Contract resource expect return fullURL" duration="0"/>
    <testCase name="TestClubViva Contract resource expect full path contains ;path" duration="0"/>
    <testCase name="TestClubViva Contract stub should return TermsAndCondition stubs" duration="1"/>
    <testCase name="TestClubViva Contract params expect the queryParams of base contract to undefine" duration="0"/>
    <testCase name="TestClubViva Contract params expect cmsClubVivaRequest will not empty when no parameter passed to param" duration="0"/>
    <testCase name="TestClubViva Contract params expect cmsClubVivaRequest will contain key path" duration="1"/>
    <testCase name="TestClubViva Contract transformResponse expect return object" duration="0"/>
  </file>
  <file path="/runner/_work/MyVodafone-OneApp/MyVodafone-OneApp/libs/core/src/utils/Deciders/EsimDecider/utils.spec.ts">
    <testCase name="Esim Decider - Utils Expect getIccidFromStorage to behave correctly" duration="5"/>
    <testCase name="Esim Decider - Utils Expect getPendingSimOrEsimActivation to behave correctly" duration="4"/>
    <testCase name="Esim Decider - Utils Expect getReleasedEsimProfile to behave correctly" duration="11"/>
  </file>
  <file path="/runner/_work/MyVodafone-OneApp/MyVodafone-OneApp/libs/core/src/features/RateTray/RateTrayHelper.spec.ts">
    <testCase name="RateTrayHelper useRateTrayInitializer should invoke setInterval when useIsFocused return true and app is active" duration="26"/>
    <testCase name="RateTrayHelper useRateTrayInitializer should invoke clearInterval when useIsFocused return true and app is inactive" duration="6"/>
    <testCase name="RateTrayHelper useRateTrayInitializer should invoke setInterval when isFeedbackSurvayTaken not true and time less than current Time" duration="15"/>
    <testCase name="RateTrayHelper GlobalRateTrayActionsHandler should invoke setInterval when invoke onScreenInteraction" duration="5"/>
    <testCase name="RateTrayHelper GlobalRateTrayActionsHandler should invoke setInterval when invoke reset" duration="10"/>
    <testCase name="RateTrayHelper GlobalRateTrayActionsHandler should invoke clearInterval when invoke distroy" duration="4"/>
  </file>
  <file path="/runner/_work/MyVodafone-OneApp/MyVodafone-OneApp/libs/core/src/features/Soho/BusinessOverviewFeature/Plans/Plan/PlanFeature.spec.tsx">
    <testCase name="PlanFeature checks that PlanFeature rendered successfully" duration="115"/>
    <testCase name="PlanFeature checks that onAddUsagePress calls toggleAddUsageModal and getPlansExtrasData successfully" duration="100"/>
    <testCase name="PlanFeature checks that Plan onRefreshPress to resolve a promise successfully" duration="172"/>
    <testCase name="PlanFeature checks that Plan onAddUserPress navigates to sohoPlanUsers screen with id" duration="24"/>
    <testCase name="PlanFeature checks that Plan onReturnToBusinessOverviewPress navigates to sohoBusinessOverview screen" duration="231"/>
    <testCase name="PlanFeature checks that onReturnToPlanPress calls getPlansData successfully" duration="253"/>
    <testCase name="PlanFeature checks that onViewProfilePress to navigate to sohoProfileManagement" duration="25"/>
  </file>
  <file path="/runner/_work/MyVodafone-OneApp/MyVodafone-OneApp/libs/core/src/utils/CMS/contracts/esim/utils/cmsUtils.spec.ts">
    <testCase name="mapArrayToObject should map an array of objects to an object with ids as keys" duration="1"/>
    <testCase name="mapStepArrayToObject should map an array of objects to an object with ids as keys" duration="0"/>
    <testCase name="mapButtonArrayToObject should map an array of objects (buttons) to an object with ids as keys" duration="1"/>
    <testCase name="getUrlIconData should return correct icon data for valid url and image format" duration="0"/>
    <testCase name="getUrlIconData should return correct icon data for svg format" duration="0"/>
    <testCase name="getUrlIconData should return correct icon data for other formats" duration="1"/>
    <testCase name="getUrlIconData should return default icon data for invalid url or empty format" duration="0"/>
    <testCase name="getMappedContentFromCMS should return correctly" duration="0"/>
  </file>
  <file path="/runner/_work/MyVodafone-OneApp/MyVodafone-OneApp/libs/core/src/features/Soho/MyUsersAndGroupsFeature/MyUsersAndGroupsFeature.spec.tsx">
    <testCase name="MyUsersAndGroupsFeature checks that MyUsersAndGroups rendered successfully" duration="154"/>
    <testCase name="MyUsersAndGroupsFeature checks that MyUsersAndGroups onActiveTabChange executed with users tab successfully" duration="79"/>
    <testCase name="MyUsersAndGroupsFeature checks that MyUsersAndGroups onActiveTabChange executed with groups tab successfully" duration="100"/>
    <testCase name="MyUsersAndGroupsFeature checks that MyUsersAndGroups onTryAgainPress executed in users call getUsersDataMocked " duration="66"/>
    <testCase name="MyUsersAndGroupsFeature checks that MyUsersAndGroups onTryAgainPress executed in groups call getGroupsDataMocked " duration="92"/>
    <testCase name="MyUsersAndGroupsFeature checks that MyUsersAndGroups onSaveGroupName executed in groups call onSaveGroupNameMocked " duration="46"/>
    <testCase name="MyUsersAndGroupsFeature checks that MyUsersAndGroups getUsersData executed in groups call getUsersDataMocked " duration="59"/>
    <testCase name="MyUsersAndGroupsFeature checks that MyUsersAndGroups getGroupsData executed in groups call getGroupsDataMocked " duration="83"/>
    <testCase name="MyUsersAndGroupsFeature checks that onUpdateUsersInsideGroup getGroupsData executed in groups call getGroupsDataMocked " duration="39"/>
  </file>
  <file path="/runner/_work/MyVodafone-OneApp/MyVodafone-OneApp/libs/core/src/features/RewardsFeature/RewardsFeature.spec.tsx">
    <testCase name="Rewards Feature should open the modal successfully " duration="77"/>
    <testCase name="Rewards Feature renders correctly" duration="19"/>
    <testCase name="Rewards Feature calls goBack function when press close button" duration="15"/>
    <testCase name="Rewards Feature check if onClose button is defined" duration="19"/>
    <testCase name="Rewards Feature check if primary button is defined" duration="18"/>
    <testCase name="Rewards Feature should change primary btn text correctly" duration="13"/>
    <testCase name="Rewards Feature should onTutorialButtonPressed works and got onNext successfully " duration="16"/>
    <testCase name="Rewards Feature should closeModal works successfully " duration="17"/>
  </file>
  <file path="/runner/_work/MyVodafone-OneApp/MyVodafone-OneApp/libs/core/src/Store/Slices/Soho/ProfileManagement/Usage/PMUsageCategoriesSlice.spec.ts">
    <testCase name="Test usageCategories slice  clearUsageCategoriesData" duration="5"/>
    <testCase name="Thunks usageCategories  " duration="8"/>
    <testCase name="Thunks usageCategories should resolve with correct data" duration="6"/>
    <testCase name="Thunks usageCategories should resolve with correct sms" duration="5"/>
    <testCase name="Thunks usageCategories should resolve with correct calls" duration="6"/>
  </file>
  <file path="/runner/_work/MyVodafone-OneApp/MyVodafone-OneApp/libs/core/src/utils/BankCardsProvider/BankCardsProvider.spec.ts">
    <testCase name="BankCardsProvider should return a list of payment cards when the service call is successful" duration="2"/>
    <testCase name="BankCardsProvider should return an empty list when the service call returns no payment cards" duration="1"/>
    <testCase name="BankCardsProvider should save a new payment card when onSaveCard is successful" duration="0"/>
    <testCase name="BankCardsProvider should throw an error when onSaveCard fails" duration="4"/>
    <testCase name="BankCardsProvider should return an Error object when getWalletList fails" duration="1"/>
    <testCase name="BankCardsProvider should return undefined on successful completion of the post add new card challenge" duration="1"/>
    <testCase name="BankCardsProvider should return a valid CardVerificationJourneyType" duration="0"/>
    <testCase name="BankCardsProvider should return a valid AddCardJourneyType" duration="0"/>
    <testCase name="BankCardsProvider should return &quot;basic&quot; as the CardVerificationJourneyType" duration="1"/>
    <testCase name="BankCardsProvider should return &quot;basic&quot; as the AddCardJourneyType" duration="0"/>
  </file>
  <file path="/runner/_work/MyVodafone-OneApp/MyVodafone-OneApp/libs/core/src/features/Onboarding/EnableBiometricsImpl/EnableBiometricsImpl.spec.tsx">
    <testCase name="enableBiometrics should call AuthService.enableBiometrics and return its result" duration="7"/>
    <testCase name="openBiometricsDeviceSettings should open security settings for iOS" duration="1"/>
    <testCase name="openBiometricsDeviceSettings should open security settings for Android" duration="1"/>
    <testCase name="handleBiometricGotoSettings should call Alert.alert and resolve promise on GO TO SETTINGS" duration="6"/>
    <testCase name="handleBiometricGotoSettings should reject when &quot;Cancel&quot; is pressed" duration="1"/>
    <testCase name="EnableBiometricsImpl enableBiometrics should resolve error" duration="1"/>
    <testCase name="EnableBiometricsImpl enableBiometrics should resolve " duration="0"/>
  </file>
  <file path="/runner/_work/MyVodafone-OneApp/MyVodafone-OneApp/libs/core/src/features/MyWeekendPromoFeature/Hooks/useCMSMyWeekendPromoHook.spec.tsx">
    <testCase name="useCMSCallMeBackHook fetches my weekend promo from CMS and updates descriptions data" duration="12"/>
    <testCase name="useCMSCallMeBackHook handles network errors" duration="2"/>
  </file>
  <file path="/runner/_work/MyVodafone-OneApp/MyVodafone-OneApp/libs/core/src/utils/Network/utils.spec.ts">
    <testCase name="cloneAndReplaceDynamicData should return wiremock resource when providerType is null" duration="1"/>
    <testCase name="cloneAndReplaceDynamicData should return wiremock resource when providerType is wiremock" duration="1"/>
    <testCase name="cloneAndReplaceDynamicData should return pre-production resource when providerType is wiremock" duration="0"/>
    <testCase name="cloneAndReplaceDynamicData should return original data for non-string and non-object values" duration="0"/>
    <testCase name="cloneAndReplaceDynamicData should handle image strings correctly" duration="1"/>
    <testCase name="cloneAndReplaceDynamicData should handle objects correctly" duration="2"/>
    <testCase name="cloneAndReplaceDynamicData should handle arrays correctly" duration="1"/>
    <testCase name="cloneAndReplaceDynamicData should handle &quot;date:#Month+-N#&quot; format correctly" duration="0"/>
    <testCase name="cloneAndReplaceDynamicData should handle &quot;date:#Month--N#&quot; format correctly" duration="1"/>
    <testCase name="cloneAndReplaceDynamicData should handle nested objects correctly" duration="0"/>
  </file>
  <file path="/runner/_work/MyVodafone-OneApp/MyVodafone-OneApp/libs/core/src/features/YornParnership/YornParnershipOfferFeature/YornParnershipOfferFeature.spec.tsx">
    <testCase name="Yorn Partnership Offer Feature should render successfully" duration="35"/>
    <testCase name="Yorn Partnership Offer Feature should navigate back" duration="8"/>
    <testCase name="Yorn Partnership Offer Feature should render Receive by SMS Confirmation screen when send by sms button is clicked" duration="15"/>
    <testCase name="Yorn Partnership Offer Feature should render error screen after 2 seconds" duration="2016"/>
    <testCase name="Yorn Partnership Offer Feature should return to homepage when ReturnToHomepageButton is clicked" duration="2013"/>
  </file>
  <file path="/runner/_work/MyVodafone-OneApp/MyVodafone-OneApp/libs/core/src/services/BankCardsService/HelpersIEPayG.spec.ts">
    <testCase name="set3DSCookie should throw an error when CookieManager.set fails" duration="4"/>
    <testCase name="set3DSCookie should require acsUrl, challengeRequest, and encodedSessionData properties in the params object" duration="1"/>
    <testCase name="set3DSCookie should return an object with the correct properties and values when newPaymentCard is valid" duration="1"/>
    <testCase name="set3DSCookie should return an object with default values when newPaymentCard.savecard is undefined" duration="2"/>
    <testCase name="set3DSCookie should return an array with formatted cards values" duration="0"/>
  </file>
  <file path="/runner/_work/MyVodafone-OneApp/MyVodafone-OneApp/libs/core/src/features/HomepageFeature/components/CVMSection/CVMSection.utils.spec.ts">
    <testCase name="CVM Section methods checks that mappingCards returns as expected" duration="4"/>
    <testCase name="CVM Section methods checks that getMainButton returns as expected" duration="0"/>
    <testCase name="CVM Section methods checks that getSecondaryButton returns as expected" duration="2"/>
    <testCase name="CVM Section methods checks that handleMainButtonAction returns as expected" duration="0"/>
    <testCase name="CVM Section methods checks that handleMainButtonAction returns as expected w/ params" duration="0"/>
    <testCase name="CVM Section methods checks that handleSecondaryButtonAction returns as expected" duration="2"/>
  </file>
  <file path="/runner/_work/MyVodafone-OneApp/MyVodafone-OneApp/libs/core/src/Store/Slices/Orders/OrdersSlice.spec.ts">
    <testCase name="Thunks getOrders Thunk " duration="3"/>
    <testCase name="Thunks updateItemTimeSchedule Thunk failure" duration="13"/>
    <testCase name="Thunks updateItemTimeSchedule works fine " duration="3"/>
  </file>
  <file path="/runner/_work/MyVodafone-OneApp/MyVodafone-OneApp/libs/core/src/utils/CMS/contracts/frameworkAl/referAFriend/CMSReferAFriendContract.spec.ts">
    <testCase name="CMSReferAFriendContracts transformResponse transforms AxiosResponse into CMSReferAFriendData correctly" duration="2"/>
    <testCase name="CMSReferAFriendContracts transformResponse transforms empty response into CMSReferAFriendData correctly" duration="0"/>
    <testCase name="Test CMSReferAFriendContract resource expect not empty url" duration="0"/>
    <testCase name="Test CMSReferAFriendContract resource expect return fullURL" duration="0"/>
    <testCase name="Test CMSReferAFriendContract resource expect full path contains ;pathIdentifier" duration="0"/>
    <testCase name="Test CMSReferAFriendContract params expect the queryParams of base contract to undefined" duration="1"/>
    <testCase name="Test CMSReferAFriendContract stub should return ReferAFriendSttubs stub" duration="0"/>
  </file>
  <file path="/runner/_work/MyVodafone-OneApp/MyVodafone-OneApp/libs/core/src/features/RoamingSettingsFeature/hooks/usePatchDataCap.spec.tsx">
    <testCase name="usePatchDataCap should handle successful data patching" duration="12"/>
    <testCase name="usePatchDataCap should handle network error" duration="2"/>
    <testCase name="usePatchDataCap should handle generic error" duration="2"/>
  </file>
  <file path="/runner/_work/MyVodafone-OneApp/MyVodafone-OneApp/libs/core/src/utils/Network/contracts/BankCards/IEPayM/WalletListContract/WalletListContractIE.spec.ts">
    <testCase name="WalletListContractIE returns the correct provider" duration="1"/>
    <testCase name="WalletListContractIE returns the correct headers" duration="1"/>
    <testCase name="WalletListContractIE sets cookie" duration="1"/>
    <testCase name="WalletListContractIE sets params correctly" duration="0"/>
    <testCase name="WalletListContractIE returns the correct resource" duration="0"/>
    <testCase name="WalletListContractIE returns the correct method" duration="1"/>
    <testCase name="WalletListContractIE transforms response correctly" duration="0"/>
    <testCase name="WalletListContractIE transforms response with return empty list when response data does not exist" duration="0"/>
    <testCase name="WalletListContractIE should return the correct stub" duration="0"/>
  </file>
  <file path="/runner/_work/MyVodafone-OneApp/MyVodafone-OneApp/libs/core/src/features/Soho/BillingFeature/MonthlyBilling/MonthlyBillingFeature.spec.tsx">
    <testCase name="Monthly billing feature should render correctly" duration="5"/>
    <testCase name="Monthly billing feature should set isVisible = false after calling toggleModal" duration="11"/>
    <testCase name="Monthly billing feature should render PdfFeature when press downloadBtn" duration="14"/>
    <testCase name="Monthly billing feature should call clearSohoMonthlyBillingData on unmount" duration="0"/>
  </file>
  <file path="/runner/_work/MyVodafone-OneApp/MyVodafone-OneApp/libs/core/src/features/TopUpFeature/Helpers/Helpers.ie.spec.tsx">
    <testCase name="HelpersIE should set the 3DS cookie with provided parameters" duration="2"/>
    <testCase name="HelpersIE ConfirmTopUpResponse should have the correct properties" duration="2"/>
    <testCase name="HelpersIE getPaymentReference should generate a random payment reference" duration="0"/>
    <testCase name="HelpersIE getBodyParamsConfirmTopUp should return the correct body parameters" duration="2"/>
    <testCase name="HelpersIE getBodyParamsOnSave should return the correct body parameters" duration="1"/>
    <testCase name="HelpersIE formatNewPaymentCardData should return card data correctly" duration="0"/>
  </file>
  <file path="/runner/_work/MyVodafone-OneApp/MyVodafone-OneApp/libs/core/src/utils/CMS/contracts/topup/CMSTopUpContract.spec.ts">
    <testCase name="Test CMSTopUpContract resource expect not empty url" duration="3"/>
    <testCase name="Test CMSTopUpContract resource expect return fullURL" duration="1"/>
    <testCase name="Test CMSTopUpContract resource expect full path contains ;path" duration="1"/>
    <testCase name="Test CMSTopUpContract params expect the queryParams of base contract to undefine" duration="3"/>
    <testCase name="Test CMSTopUpContract params expect cmsTopUpRequest will not empty when no parameter passed to param" duration="0"/>
    <testCase name="Test CMSTopUpContract params expect cmsTopUpRequest will contain key path" duration="1"/>
    <testCase name="Test CMSTopUpContract transformResponse expect return object of type TopUpResponse" duration="1"/>
    <testCase name="Test CMSTopUpContract transformResponse expect configuration to include recurrenceOptions and amounts" duration="1"/>
    <testCase name="Test CMSTopUpContract checks that transformResponse will return empty object when the items are undefined" duration="0"/>
    <testCase name="Test CMSTopUpContract should return the correct stub" duration="4"/>
  </file>
  <file path="/runner/_work/MyVodafone-OneApp/MyVodafone-OneApp/libs/core/src/features/TermsAndConditionsFeature/Hooks/useTermsAndConditionsCMS.spec.tsx">
    <testCase name="TermsAnd condition an onboarding Hooks useTermsAndConditionsCMS initial termsAndConditionsCMSResponse value is false" duration="19"/>
    <testCase name="TermsAnd condition an onboarding Hooks useTermsAndConditionsCMS initial onboardingSteps value is true" duration="3"/>
    <testCase name="TermsAnd condition an onboarding Hooks useTermsAndConditionsCMSwehn loge in is true  initial onboardingSteps value is true" duration="5"/>
  </file>
  <file path="/runner/_work/MyVodafone-OneApp/MyVodafone-OneApp/libs/core/src/features/Onboarding/Components/TwoActionsView.spec.tsx">
    <testCase name="checks that Secondary VFButton exists when onSkipStep exists" duration="14"/>
    <testCase name="checks that TimelineEvents subscribed successfully" duration="24"/>
  </file>
  <file path="/runner/_work/MyVodafone-OneApp/MyVodafone-OneApp/libs/core/src/utils/RemoteCommands/utils.spec.ts">
    <testCase name="Testing the remote command utils Should decorate the URL with the visitor_id_amcvid query string only" duration="1"/>
    <testCase name="Testing the remote command utils Should return the same URL with no query strings" duration="0"/>
    <testCase name="Testing the remote command utils Should decorate the URL with the app query string only and keep the existing query strings" duration="1"/>
    <testCase name="Testing the remote command utils Should return the same URL with the existing query strings only" duration="0"/>
    <testCase name="Testing the remote command utils Should return a list of key/value pairs to pass and exclude the app key" duration="1"/>
    <testCase name="Testing the remote command utils Should return a list of key/value pairs to pass and exclude the visitor id amcvid key" duration="0"/>
    <testCase name="Testing the remote command utils Should return a list of all the key/value pairs" duration="1"/>
    <testCase name="Testing the remote command utils Should return decorated url and the js code of bridge values to inject" duration="0"/>
  </file>
  <file path="/runner/_work/MyVodafone-OneApp/MyVodafone-OneApp/libs/core/src/features/AccountManagementFeature/PersonalInformationFeature/Sections/YourAddress/Components/ConfirmAddressOverlay.spec.tsx">
    <testCase name="Confirm Address Overlay renders correctly" duration="1"/>
    <testCase name="Confirm Address Overlay calls onClose and onConfirm when primary button is pressed" duration="52"/>
    <testCase name="Confirm Address Overlay calls onClose when secondary button is pressed" duration="21"/>
    <testCase name="Confirm Address Overlay displays correct cms subtitle in confirm edit address" duration="13"/>
    <testCase name="Confirm Address Overlay displays correct cms subtitle in confirm new address" duration="7"/>
  </file>
  <file path="/runner/_work/MyVodafone-OneApp/MyVodafone-OneApp/libs/core/src/features/AccountManagementFeature/components/RequestStatusModal.spec.tsx">
    <testCase name="AddressRequestStatusModal Component - Success state should render StatusView correctly" duration="2"/>
    <testCase name="AddressRequestStatusModal Component - Success state should call onClose on button press" duration="0"/>
    <testCase name="AddressRequestStatusModal Component - Loading state should render StatusView correctly" duration="0"/>
    <testCase name="AddressRequestStatusModal Component - Loading state should not have a X button" duration="0"/>
    <testCase name="AddressRequestStatusModal Component - Failure state should render StatusView correctly" duration="1"/>
    <testCase name="AddressRequestStatusModal Component - Failure state should call onClose on button press" duration="0"/>
    <testCase name="AddressRequestStatusModal Component - Failure state should call onDismiss onClose" duration="8"/>
    <testCase name="AddressRequestStatusModal Component - Failure state should call onDismiss " duration="4"/>
  </file>
  <file path="/runner/_work/MyVodafone-OneApp/MyVodafone-OneApp/libs/core/src/features/AccountLinkingFeature/AccountLinkingFeature.spec.tsx">
    <testCase name="AccountLinkingFeature renders correctly" duration="9"/>
    <testCase name="AccountLinkingFeature triggers showLogoutQA on button press and isVisible to be false" duration="50"/>
    <testCase name="AccountLinkingFeature triggers showLogoutQA on button press" duration="37"/>
    <testCase name="AccountLinkingFeature should show services quick action" duration="87"/>
    <testCase name="AccountLinkingFeature should hide services quick action" duration="26"/>
  </file>
  <file path="/runner/_work/MyVodafone-OneApp/MyVodafone-OneApp/libs/core/src/features/ConvergedPurchaseFeature/ConvergedPurchaseFeature.spec.tsx">
    <testCase name="Converged purchase feature should render successfully" duration="38"/>
    <testCase name="Converged purchase feature should check on press for vodafone e shop button" duration="16"/>
    <testCase name="Converged purchase feature should check for text input change text" duration="32"/>
    <testCase name="Converged purchase feature should check on return to homepage click" duration="9"/>
    <testCase name="Converged purchase feature should log a date when selected" duration="360"/>
  </file>
  <file path="/runner/_work/MyVodafone-OneApp/MyVodafone-OneApp/libs/core/src/services/AccountManagement/BillingAccountServices.spec.ts">
    <testCase name="BillingAccountService returns all bills data correctly" duration="2"/>
    <testCase name="BillingAccountService should getAllBills throw an error when there is an network error" duration="0"/>
    <testCase name="BillingAccountService should getAllBills throw an error when there is an error" duration="1"/>
  </file>
  <file path="/runner/_work/MyVodafone-OneApp/MyVodafone-OneApp/libs/core/src/features/AccountManagementFeature/PrivacySettingsFeature/MarketingPreferncesFeature/MarketingPreferncesFeature.spec.tsx">
    <testCase name="Market preferences feature should renders successfully" duration="2"/>
    <testCase name="Market preferences feature Should button container style  be changed if it scrollable and content size is more than layout size" duration="29"/>
    <testCase name="Market preferences feature should navigate to privacy policy correctly" duration="1"/>
    <testCase name="permissions should save button disability function correctly" duration="26"/>
    <testCase name="permissions Should navigate to previous page when the save button is pressed" duration="56"/>
    <testCase name="permissions should render permissions items correctly" duration="31"/>
  </file>
  <file path="/runner/_work/MyVodafone-OneApp/MyVodafone-OneApp/libs/core/src/Store/Slices/Soho/BusinessOverview/UsageUserGraphsSlice.spec.ts">
    <testCase name="UsageUserGraphs Slice  clearUsageUserGraphs" duration="6"/>
    <testCase name="Thunks getUsageUserGraphs Thunk " duration="12"/>
    <testCase name="Thunks getUsageUserGraphs should resolve with correct payload" duration="7"/>
  </file>
  <file path="/runner/_work/MyVodafone-OneApp/MyVodafone-OneApp/libs/core/src/features/HomepageFeature/Hooks/useHomeDecider.spec.ts">
    <testCase name="useHomeDecider Should not call deciders nor any other method when there is no items" duration="15"/>
    <testCase name="useHomeDecider Should not call deciders nor any other method when there is no filters" duration="1"/>
    <testCase name="useHomeDecider Should call deciders and other methods when there is items and filters" duration="1"/>
    <testCase name="useHomeDecider Utils getFiltersMatchingIds expected to return correctly" duration="1"/>
    <testCase name="useHomeDecider Utils filterItemsWithOptions expected to return correctly" duration="1"/>
    <testCase name="useHomeDecider Utils filterDisplayOptions expected to return correctly" duration="0"/>
  </file>
  <file path="/runner/_work/MyVodafone-OneApp/MyVodafone-OneApp/libs/core/src/features/AccountManagementFeature/AccountDeletionFeature/AccountDeletionSurvey/AccountDeletionSurvey.spec.tsx">
    <testCase name="AccountDeletionSurvey should render component correctly" duration="56"/>
    <testCase name="AccountDeletionSurvey should call onClose when the close button is pressed" duration="16"/>
    <testCase name="AccountDeletionSurvey should call onBack when the back button is pressed" duration="11"/>
    <testCase name="AccountDeletionSurvey should call onDeletionJouneryContinue when the primary button is pressed" duration="10"/>
  </file>
  <file path="/runner/_work/MyVodafone-OneApp/MyVodafone-OneApp/libs/core/src/features/AccountManagementFeature/PrivacySettingsFeature/AnalyticsPermissionsFeature/helpers.spec.tsx">
    <testCase name="analytics permissions helpers mappedAnalyticsPermissions func return permssions at ios platform " duration="2"/>
    <testCase name="analytics permissions helpers mappedAnalyticsPermissions func return permssions at android platform" duration="0"/>
    <testCase name="analytics permissions helpers mappedAnalyticsPermissions func should return no permissions while no permission sections " duration="0"/>
  </file>
  <file path="/runner/_work/MyVodafone-OneApp/MyVodafone-OneApp/libs/core/src/features/Onboarding/Hoc/WithPermissionsTracking.spec.tsx">
    <testCase name="withPermissionsTracking test onPermissionStatusChange when id equal OBpushNotification" duration="1"/>
    <testCase name="withPermissionsTracking test onPermissionStatusChange when id equal OBpermissionLocation" duration="0"/>
    <testCase name="withPermissionsTracking test onPermissionStatusChange when id equal OBpermissionNetwork" duration="0"/>
    <testCase name="withPermissionsTracking test onPermissionStatusChange when id equal OBpermissionPersonalised" duration="1"/>
    <testCase name="withPermissionsTracking test onPermissionStatusChange when id equal OBpermissionCamera" duration="0"/>
    <testCase name="withPermissionsTracking test onPermissionStatusChange when id equal default" duration="0"/>
    <testCase name="withPermissionsTracking test onPermissionStatusChange when id equal OBpermissionCamera but not accepted" duration="0"/>
  </file>
  <file path="/runner/_work/MyVodafone-OneApp/MyVodafone-OneApp/libs/core/src/features/BillingPreferenceFeature/Hooks/useBillingPrefrencesData/useBillingPrefrencesData.ie.spec.tsx">
    <testCase name="IE - useBillingPrefrencesData hook fetches billing prefrences data from api correctly" duration="10"/>
    <testCase name="IE - useBillingPrefrencesData hook getData should set isLoading to true on call" duration="2"/>
    <testCase name="IE - useBillingPrefrencesData hook resetData must reset values" duration="29"/>
    <testCase name="IE - useBillingPrefrencesData hook getBillFormatSelection should return 2 by default" duration="1"/>
    <testCase name="IE - useBillingPrefrencesData hook getBillFormatSelection should return 0 if emailContactMedium defined" duration="0"/>
    <testCase name="IE - useBillingPrefrencesData hook getBillFormatSelection should return 1 if postalAddressContactMedium defined" duration="0"/>
    <testCase name="IE - useBillingPrefrencesData hook getPrimaryEmailContactMedium should return contactMedium of mediumType = emailAddress" duration="0"/>
    <testCase name="IE - useBillingPrefrencesData hook getPrimaryPostalAddressContactMedium should return contactMedium of mediumType = postalAddress" duration="0"/>
  </file>
  <file path="/runner/_work/MyVodafone-OneApp/MyVodafone-OneApp/libs/core/src/utils/Tenant/FeatureFlags/FeatureFlags.spec.ts">
    <testCase name="FeatureFlags checks that buildFeatureFlags returned the common featureFlags when there are no stage and production" duration="3"/>
    <testCase name="FeatureFlags checks that buildFeatureFlags returned the stage featureFlags when stage featureFlags are passed and isStage is true" duration="3"/>
    <testCase name="FeatureFlags checks that buildFeatureFlags returned the production featureFlags when production featureFlags are passed and isProduction is true" duration="3"/>
  </file>
  <file path="/runner/_work/MyVodafone-OneApp/MyVodafone-OneApp/libs/core/src/Store/Actions/Soho/ApplicationPDP/ApplicationPDPActions.spec.ts">
    <testCase name="ApplicationPDPActions getProductInfoData should call ApplicationPDPService.getProductInfoData" duration="6"/>
    <testCase name="ApplicationPDPActions getProductDetailsData should call ApplicationPDPService.getProductDetailsData" duration="1"/>
    <testCase name="ApplicationPDPActions getRelatedProductsData should call ApplicationPDPService.getRelatedProductsData" duration="1"/>
    <testCase name="ApplicationPDPActions onRequestLicencePress resolved with an empty object" duration="2"/>
    <testCase name="ApplicationPDPActions onPurchaseConfirmPress resolved with an empty object" duration="1"/>
  </file>
  <file path="/runner/_work/MyVodafone-OneApp/MyVodafone-OneApp/libs/core/src/utils/Network/contracts/Esim/CheckEligibilityContract/CheckEligibilityContract.spec.ts">
    <testCase name="Test CheckEligibilityContract Resource expect not empty resource" duration="1"/>
    <testCase name="Test CheckEligibilityContract Checks CheckEligibilityContract values" duration="6"/>
    <testCase name="Test CheckEligibilityContract Checks CheckEligibilityContract SetParams" duration="1"/>
    <testCase name="Test CheckEligibilityContract Check transform response" duration="0"/>
    <testCase name="Test CheckEligibilityContract Check stubs value" duration="1"/>
  </file>
  <file path="/runner/_work/MyVodafone-OneApp/MyVodafone-OneApp/libs/core/src/features/UnderAgeFeature/UnderAgeFeature.spec.tsx">
    <testCase name="Under Age Consent Feature should render successfully without Close Button" duration="38"/>
    <testCase name="Under Age Consent Feature should should call onLogout when Logout button is pressed" duration="10"/>
    <testCase name="Under Age Consent Feature should show webView inside modal when Request Consent button is pressed" duration="52"/>
    <testCase name="Under Age Consent Feature should hide modal after onClose is triggered" duration="26"/>
    <testCase name="Under Age Consent Feature should hide modal after webView onClose is triggered" duration="19"/>
  </file>
  <file path="/runner/_work/MyVodafone-OneApp/MyVodafone-OneApp/libs/core/src/features/Esim/OfflineSupportFeature/OfflineSupportFeature.spec.tsx">
    <testCase name="Offline Support Feature Checks that Offline Support Feature renders successfully" duration="2"/>
    <testCase name="Offline Support Feature Checks that Offline Support Feature works as expected - onClose" duration="1"/>
    <testCase name="Offline Support Feature Checks that Offline Support Feature works as expected - onOpenDial" duration="1"/>
    <testCase name="Offline Support Feature Checks that Offline Support Feature works as expected - onNavigateToPage" duration="0"/>
    <testCase name="Offline Support Feature Checks that Offline Support Feature works as expected - onNavigateBack" duration="0"/>
    <testCase name="Offline Support Feature renders Loading Screen while waiting CMS request" duration="7"/>
    <testCase name="Offline Support Feature renders Overlay Screen when CMS error defined" duration="7"/>
  </file>
  <file path="/runner/_work/MyVodafone-OneApp/MyVodafone-OneApp/libs/core/src/Store/Selectors/ConsumerInfoSelectors.spec.ts">
    <testCase name="ConsumerInfoSelectors should select consumer info" duration="1"/>
    <testCase name="ConsumerInfoSelectors should select primary account" duration="1"/>
    <testCase name="ConsumerInfoSelectors getPrimaryAccount should return undefined if consumerInfo is undefined" duration="0"/>
    <testCase name="ConsumerInfoSelectors should select primary account id" duration="0"/>
    <testCase name="ConsumerInfoSelectors getPrimaryAccountId should return undefined if primaryAccount is undefined" duration="1"/>
    <testCase name="ConsumerInfoSelectors should return primary account if exists" duration="0"/>
    <testCase name="ConsumerInfoSelectors should return first account if primary account does not exist" duration="0"/>
    <testCase name="ConsumerInfoSelectors getActiveAccount should return undefined if consumerInfo is undefined" duration="0"/>
    <testCase name="ConsumerInfoSelectors should select active account id" duration="1"/>
    <testCase name="ConsumerInfoSelectors getActiveAccountId should return undefined if activeAccount is undefined" duration="0"/>
  </file>
  <file path="/runner/_work/MyVodafone-OneApp/MyVodafone-OneApp/libs/core/src/utils/Network/contracts/ProductSelector/ProductSelectorContract.spec.ts">
    <testCase name="Product selector contract provider should instance of  APIFacttoryProvider" duration="1"/>
    <testCase name="Product selector contract headers return country code IE when tenant is group " duration="0"/>
    <testCase name="Product selector contract headers return country code IE when tenant is IE " duration="0"/>
    <testCase name="Product selector contract headers return country code PT when tenant is PT " duration="1"/>
    <testCase name="Product selector contract resource expect productSelector end point " duration="0"/>
    <testCase name="Product selector contract method expect get " duration="0"/>
    <testCase name="Product selector contract params expect invoke setQueryParam after perpear the paramter " duration="1"/>
    <testCase name="Product selector contract params expect invoke getAccountBillingParam when param contains billingAccountId " duration="0"/>
    <testCase name="Product selector contract stubs exptected product-selector-stub.json when invoked " duration="1"/>
    <testCase name="Product selector contract transformResponse exptected ProductSelectorData when pass axios response" duration="0"/>
  </file>
  <file path="/runner/_work/MyVodafone-OneApp/MyVodafone-OneApp/libs/core/src/features/DeveloperSettingsFeature/Components/DeveloperSettingsItems/GeneralGard.spec.tsx">
    <testCase name="General Card Should render correctly" duration="31"/>
    <testCase name="General Card Should shake device correctly" duration="18"/>
    <testCase name="General Card should enable CMS preview correctly" duration="23"/>
    <testCase name="General Card should reset onboarding data correctly" duration="16"/>
    <testCase name="General Card should check on reset token function call when user logged in" duration="9"/>
    <testCase name="General Card should check for set and reset token function calls" duration="60"/>
  </file>
  <file path="/runner/_work/MyVodafone-OneApp/MyVodafone-OneApp/libs/core/src/features/Esim/hooks/useEsimStoreData.spec.tsx">
    <testCase name="useEsimStoreData hook should execute the esim hook correctly - no accountid" duration="10"/>
    <testCase name="useEsimStoreData hook should execute the esim hook correctly - no phoneNumber" duration="2"/>
    <testCase name="useEsimStoreData hook should execute the esim hook correctly - error" duration="1"/>
    <testCase name="useEsimStoreData hook should execute the esim hook correctly - loading" duration="2"/>
    <testCase name="useEsimStoreData hook should execute the esim hook correctly - all data in redux" duration="2"/>
  </file>
  <file path="/runner/_work/MyVodafone-OneApp/MyVodafone-OneApp/libs/core/src/features/Soho/MyProfileFeature/MyProfileFeature.al.spec.tsx">
    <testCase name="MyProfile checks that Myprofile rendered successfully" duration="426"/>
    <testCase name="MyProfile checks that Myprofile onRefresh successfully" duration="760"/>
    <testCase name="MyProfile checks that Myprofile onTryAgainPress to be excuted successfully" duration="714"/>
    <testCase name="MyProfile checks that Myprofile onTryAgainPress to be excuted successfully" duration="1112"/>
    <testCase name="MyProfile checks that try again press workig correctly" duration="1674"/>
    <testCase name="MyProfile check that onBuyAddOnsPress navigate correctly" duration="1295"/>
  </file>
  <file path="/runner/_work/MyVodafone-OneApp/MyVodafone-OneApp/libs/core/src/utils/Network/contracts/BillBreakdownOverlay/BillBreakdownOverlayContract.spec.tsx">
    <testCase name="Contracts BillBreakdownOverlayContract Values" duration="2"/>
    <testCase name="Contracts BillBreakdownOverlayContract SetParams" duration="0"/>
    <testCase name="Contracts stubs exptected bill-breakdown-overlay.json when invoked " duration="0"/>
    <testCase name="Contracts should map the product section correctly" duration="1"/>
  </file>
  <file path="/runner/_work/MyVodafone-OneApp/MyVodafone-OneApp/libs/core/src/utils/Network/contracts/Roaming/PatchServicesAndDataCap/PatchServicesAndDataCap.spec.ts">
    <testCase name="Test PatchServicesAndDataCap Resource expect not empty resource" duration="2"/>
    <testCase name="Test PatchServicesAndDataCap Checks PatchServicesAndDataCap values" duration="1"/>
    <testCase name="Test PatchServicesAndDataCap Checks PatchServicesAndDataCap SetParams" duration="1"/>
    <testCase name="Test PatchServicesAndDataCap Check transform response" duration="0"/>
    <testCase name="Test PatchServicesAndDataCap Check transform response if empty" duration="6"/>
    <testCase name="Test PatchServicesAndDataCap Check stubs value" duration="1"/>
  </file>
  <file path="/runner/_work/MyVodafone-OneApp/MyVodafone-OneApp/libs/core/src/features/AutoBillPaymentFeature/AutoBillPaymentFeature.spec.tsx">
    <testCase name="test AutoBillPaymentFeature component AutoBillPaymentFeature render successfully" duration="1"/>
    <testCase name="test AutoBillPaymentFeature component PayBillFeature render successfully with props" duration="2"/>
    <testCase name="test AutoBillPaymentFeature component PayBillFeature check closeModal is called" duration="0"/>
    <testCase name="test AutoBillPaymentFeature component PayBillFeature check toggleModal is called" duration="0"/>
  </file>
  <file path="/runner/_work/MyVodafone-OneApp/MyVodafone-OneApp/libs/core/src/features/Soho/BusinessOverviewFeature/Plans/PlanUsers/PlanUsersFeature.spec.tsx">
    <testCase name="PlanUsersFeature checks that PlanUsersFeature rendered successfully" duration="135"/>
    <testCase name="PlanUsersFeature checks that PlanUsersFeature onReturnToPlanPress to resolve a promise successfully" duration="101"/>
    <testCase name="PlanUsersFeature checks that PlanUsersFeature onReturnToBusinessOverviewPress to navigate to businessOverview successfully" duration="16"/>
    <testCase name="PlanUsersFeature checks that PlanUsersFeature onRemoveUserPress to remove user successfully" duration="16"/>
    <testCase name="PlanUsersFeature checks that PlanUsersFeature onAddUsersPress to remove user successfully" duration="17"/>
  </file>
  <file path="/runner/_work/MyVodafone-OneApp/MyVodafone-OneApp/libs/core/src/features/AccountManagementFeature/OrdersFeature/RescheduleAppointmentJourny/ContactView.spec.tsx">
    <testCase name="contactView should render contactView correctlly" duration="30"/>
    <testCase name="contactView should change styles accordingly when keyboard visibility change on android" duration="16"/>
    <testCase name="contactView should change styles accordingly when keyboard visibility change on ios" duration="21"/>
    <testCase name="contactView click confirm call confirm " duration="17"/>
  </file>
  <file path="/runner/_work/MyVodafone-OneApp/MyVodafone-OneApp/libs/core/src/components/WebviewJourneys/WebviewJourneys.spec.tsx">
    <testCase name="WebviewQuicklink should WebviewQuicklink renders well" duration="46"/>
    <testCase name="WebviewQuicklink should navigate to homepage and open topUp" duration="6"/>
    <testCase name="WebviewQuicklink should navigate to homepage only" duration="4"/>
    <testCase name="WebviewQuicklink should show request for access camera" duration="70"/>
  </file>
  <file path="/runner/_work/MyVodafone-OneApp/MyVodafone-OneApp/libs/core/src/utils/Network/contracts/TopUp/SubmitTopUpContractPT/SubmitTopUpContractPT.spec.ts">
    <testCase name="SubmitTopUpContract returns the correct provider" duration="2"/>
    <testCase name="SubmitTopUpContract returns the correct headers" duration="11"/>
    <testCase name="SubmitTopUpContract returns the correct resource" duration="0"/>
    <testCase name="SubmitTopUpContract returns the correct method" duration="0"/>
    <testCase name="SubmitTopUpContract sets the correct params" duration="1"/>
    <testCase name="SubmitTopUpContract sets body params correctly" duration="0"/>
    <testCase name="SubmitTopUpContract transforms response correctly" duration="0"/>
    <testCase name="SubmitTopUpContract should return the correct stub" duration="0"/>
  </file>
  <file path="/runner/_work/MyVodafone-OneApp/MyVodafone-OneApp/libs/core/src/features/Purchase/UpgradeDeviceFeature/UpgradeDeviceFeature.spec.tsx">
    <testCase name="Upgrade Device Feature Checks that Upgrade Device Feature renders successfully" duration="2"/>
    <testCase name="Upgrade Device Feature renders Overlay Screen when CMS error defined" duration="15"/>
    <testCase name="Upgrade Device Feature renders Loading Screen while waiting CMS request" duration="7"/>
  </file>
  <file path="/runner/_work/MyVodafone-OneApp/MyVodafone-OneApp/libs/core/src/Store/Slices/Soho/BusinessOverview/UsageUserSlice.spec.ts">
    <testCase name="UsageUser Slice  clearUsageUser" duration="6"/>
    <testCase name="Thunks getUsageUsers Thunk " duration="7"/>
    <testCase name="Thunks getUsageUsers should resolve with correct payload" duration="9"/>
  </file>
  <file path="/runner/_work/MyVodafone-OneApp/MyVodafone-OneApp/libs/core/src/features/CocaColaFeature/CocaCola.spec.tsx">
    <testCase name="CocaColaFeature checks that CocaColaFeature renders successfully" duration="36"/>
    <testCase name="CocaColaFeature handles network success" duration="58"/>
    <testCase name="CocaColaFeature handles network errors" duration="57"/>
    <testCase name="CocaColaFeature handles generic errors" duration="56"/>
  </file>
  <file path="/runner/_work/MyVodafone-OneApp/MyVodafone-OneApp/libs/core/src/Store/Actions/Soho/ApplicationPDP/Utils.spec.ts">
    <testCase name="Utils licenceDetailsLicenceImageMapper" duration="1"/>
    <testCase name="Utils relatedProductsIconsMapper when Id is related_licence_12346" duration="0"/>
    <testCase name="Utils relatedProductsIconsMapper when Id is related_licence_12345" duration="0"/>
    <testCase name="Utils relatedProductsIconsMapper when Id is related_licence_12347" duration="0"/>
    <testCase name="Utils relatedProductsIconsMapper default" duration="0"/>
    <testCase name="Utils relatedProductsImagesMapper when Id is related_licence_12346" duration="0"/>
    <testCase name="Utils relatedProductsImagesMapper when Id is related_licence_12345" duration="0"/>
    <testCase name="Utils relatedProductsImagesMapper when Id is related_licence_12347" duration="1"/>
    <testCase name="Utils relatedProductsImagesMapper default" duration="0"/>
    <testCase name="Utils licenceDetailsPlansFeaturesIconsMapper when name is Business essential" duration="0"/>
    <testCase name="Utils licenceDetailsPlansFeaturesIconsMapper when name is File storage &amp; sharing" duration="0"/>
    <testCase name="Utils licenceDetailsPlansFeaturesIconsMapper when name is Always-up-to-date tools" duration="1"/>
    <testCase name="Utils licenceDetailsPlansFeaturesIconsMapper default" duration="0"/>
    <testCase name="Utils licenceDetailsAddOnsImageMapper" duration="0"/>
  </file>
  <file path="/runner/_work/MyVodafone-OneApp/MyVodafone-OneApp/libs/core/src/features/Soho/BusinessOverviewFeature/BusinessOverviewFeature.al.spec.tsx">
    <testCase name="BusinessOverview checks that BusinessOverview rendered successfully" duration="407"/>
    <testCase name="BusinessOverview checks that BusinessOverview onViewPlanPress executed successfully" duration="627"/>
    <testCase name="BusinessOverview check that BusinessOverview PlansProps onTryAgainPress executed successfully" duration="914"/>
    <testCase name="BusinessOverview checks that BusinessOverview onRefresh successfully" duration="1799"/>
    <testCase name="BusinessOverview checks that BusinessOverview onRefresh to resolve a promise successfully" duration="1593"/>
  </file>
  <file path="/runner/_work/MyVodafone-OneApp/MyVodafone-OneApp/libs/core/src/features/Esim/EsimActivationFeature/EsimActivationFeature.spec.tsx">
    <testCase name="Esim Activation Feature Should render Webview correctly" duration="60"/>
    <testCase name="Esim Activation Feature renders Error Screen when CMS error defined" duration="9"/>
    <testCase name="Esim Activation Feature renders Loading Screen while waiting CMS request" duration="9"/>
  </file>
  <file path="/runner/_work/MyVodafone-OneApp/MyVodafone-OneApp/libs/core/src/services/PurchaseService/PurchaseService.spec.ts">
    <testCase name="PurchaseService Returns GetFlatNumber response correctly" duration="2"/>
    <testCase name="PurchaseService Returns GetFlatNumber error" duration="0"/>
    <testCase name="PurchaseService Returns GetStreetList response correctly" duration="1"/>
    <testCase name="PurchaseService Returns GetStreetList error" duration="0"/>
    <testCase name="PurchaseService Returns GetFloorNumber response correctly" duration="0"/>
    <testCase name="PurchaseService Returns GetFloorNumber error" duration="0"/>
    <testCase name="PurchaseService Returns CheckBroadbandAvailability response correctly" duration="0"/>
    <testCase name="PurchaseService Returns CheckBroadbandAvailability error" duration="1"/>
  </file>
  <file path="/runner/_work/MyVodafone-OneApp/MyVodafone-OneApp/libs/core/src/utils/Network/contracts/BillMovement/BillMovementContract.spec.tsx">
    <testCase name="BillMovementContract BillMovementContract Values" duration="1"/>
    <testCase name="BillMovementContract BillMovementContract SetParams" duration="0"/>
    <testCase name="BillMovementContract stubs expected movement-history.json when invoked " duration="0"/>
    <testCase name="BillMovementContract should map the data correctly" duration="1"/>
    <testCase name="BillMovementContract transformResponse correctly maps movements data" duration="1"/>
  </file>
  <file path="/runner/_work/MyVodafone-OneApp/MyVodafone-OneApp/libs/core/src/utils/Network/contracts/BankCards/IEPayG/SaveCardContractIE.spec.ts">
    <testCase name="SaveCardContractIE returns the correct provider" duration="1"/>
    <testCase name="SaveCardContractIE returns the correct headers" duration="0"/>
    <testCase name="SaveCardContractIE returns the correct resource" duration="1"/>
    <testCase name="SaveCardContractIE returns the correct method" duration="0"/>
    <testCase name="SaveCardContractIE returns the correct auth type" duration="0"/>
    <testCase name="SaveCardContractIE sets the correct params" duration="0"/>
    <testCase name="SaveCardContractIE sets body params correctly" duration="0"/>
    <testCase name="SaveCardContractIE transforms response correctly" duration="0"/>
  </file>
  <file path="/runner/_work/MyVodafone-OneApp/MyVodafone-OneApp/libs/core/src/features/Soho/BillingFeature/BillingFeature.al.spec.tsx">
    <testCase name="Billing feature should pass correct billing props" duration="100"/>
    <testCase name="Billing feature should render PdfFeature when press downloadBtn" duration="0"/>
  </file>
  <file path="/runner/_work/MyVodafone-OneApp/MyVodafone-OneApp/libs/core/src/features/Soho/MyMarketPlaceFeature/MyMarketPlaceFeature.spec.tsx">
    <testCase name="Test User MarketPlace feature describes that User MarketPlace feature renders successfully" duration="267"/>
    <testCase name="Test User MarketPlace feature checks UserMarketPlace WithTray property is true" duration="135"/>
    <testCase name="Test User MarketPlace feature checks that UserMarketPlace related products props are set correctly" duration="127"/>
    <testCase name="Test User MarketPlace feature checks that UserMarketPlace explore apps props are set correctly" duration="126"/>
    <testCase name="Test User MarketPlace feature checks that user licences props are set correctly" duration="123"/>
    <testCase name="Test User MarketPlace feature checks that UserMarketPlace recommended apps props are set correctly" duration="118"/>
  </file>
  <file path="/runner/_work/MyVodafone-OneApp/MyVodafone-OneApp/libs/core/src/features/Soho/BillingFeature/Utils/Utils.spec.ts">
    <testCase name="SOHO Billing Utils getSohoMappedBillingChart when isTwoValueChart is true and billingCMSResponse is not null" duration="15"/>
    <testCase name="SOHO Billing Utils getSohoMappedBillingChart when isTwoValueChart is false and billingCMSResponse is not null" duration="0"/>
    <testCase name="SOHO Billing Utils getSohoMappedBillingChart when isTwoValueChart is true and billingCMSResponse is null" duration="2"/>
    <testCase name="SOHO Billing Utils getBillingFilteredCategories when id inside selected ids" duration="0"/>
    <testCase name="SOHO Billing Utils getBillingFilteredCategories when id not inside selected ids" duration="0"/>
    <testCase name="SOHO Billing Utils getBillingFilteredCategories when id is null" duration="0"/>
  </file>
  <file path="/runner/_work/MyVodafone-OneApp/MyVodafone-OneApp/libs/core/src/features/Soho/BusinessOverviewFeature/Addons/BuyAddons/BuyAddons.spec.tsx">
    <testCase name="test Buy Addons checks that Buy Addons rendered successfully" duration="33"/>
    <testCase name="test Buy Addons checks that onPrimaryModalSuccessPress to call pop and dispatch" duration="73"/>
    <testCase name="test Buy Addons checks that onUsersPress to call onAddUserPress" duration="10"/>
    <testCase name="test Buy Addons check that onPrimaryModalSuccessPress to call pop with 1" duration="76"/>
  </file>
  <file path="/runner/_work/MyVodafone-OneApp/MyVodafone-OneApp/libs/core/src/utils/Network/contracts/accountManagement/BillingAccount.helper.spec.ts">
    <testCase name="getActiveSubscription should return the active subscription from the RelatedParty array" duration="2"/>
    <testCase name="getActiveSubscription should return undefined if no active subscription is found" duration="0"/>
    <testCase name="getCustomerInfo should return customer info based on the active subscription" duration="1"/>
    <testCase name="getCustomerInfo should return undefined if no customer info is found" duration="0"/>
    <testCase name="getSubscriberID should return the subscriber ID based on the active subscription" duration="0"/>
    <testCase name="getSubscriberID should return undefined if no subscriber ID is found" duration="0"/>
    <testCase name="getDevicesList should getDevicesList works fine" duration="1"/>
  </file>
  <file path="/runner/_work/MyVodafone-OneApp/MyVodafone-OneApp/libs/core/src/features/TopUpFeature/hooks/useTopUpFeature/useTopUpFeaturePayment/useTopUpFeaturePayment.pt.spec.ts">
    <testCase name="useTopUpFeaturePayment should return data correctly when status is in success statuses" duration="3"/>
    <testCase name="useTopUpFeaturePayment should resolve correctly when status is in success statuses" duration="2"/>
    <testCase name="useTopUpFeaturePayment should rejects when status is not in success statuses" duration="0"/>
  </file>
  <file path="/runner/_work/MyVodafone-OneApp/MyVodafone-OneApp/libs/core/src/features/AccountManagementFeature/AccountDeletionFeature/AccountDeletionSurvey/ReasonsList/ReasonsList.spec.tsx">
    <testCase name="ReasonsList should render a list of reasons with checkboxes" duration="56"/>
    <testCase name="Check box component should render successfully" duration="2"/>
    <testCase name="setCmsChecks function should return correct data" duration="2"/>
  </file>
  <file path="/runner/_work/MyVodafone-OneApp/MyVodafone-OneApp/libs/core/src/utils/Network/contracts/TopUp/ValidatePaymentCardContractIE/ValidatePaymentCardContractIE.spec.ts">
    <testCase name="ValidatePaymentCardContract returns the correct provider" duration="1"/>
    <testCase name="ValidatePaymentCardContract returns the correct headers" duration="0"/>
    <testCase name="ValidatePaymentCardContract returns the correct resource" duration="0"/>
    <testCase name="ValidatePaymentCardContract returns the correct method" duration="3"/>
    <testCase name="ValidatePaymentCardContract returns the correct auth type" duration="0"/>
    <testCase name="ValidatePaymentCardContract sets auth params correctly" duration="1"/>
    <testCase name="ValidatePaymentCardContract sets bodyParams correctly" duration="0"/>
    <testCase name="ValidatePaymentCardContract should return the correct stub" duration="0"/>
    <testCase name="ValidatePaymentCardContract transforms response correctly" duration="1"/>
  </file>
  <file path="/runner/_work/MyVodafone-OneApp/MyVodafone-OneApp/libs/core/src/services/Soho/Requests/MyRequestsService.spec.ts">
    <testCase name="MyRequestsService resolves all pending request data" duration="1"/>
    <testCase name="MyRequestsService resolves all past request data" duration="0"/>
    <testCase name="MyRequestsService resolves all pending request data" duration="1"/>
  </file>
  <file path="/runner/_work/MyVodafone-OneApp/MyVodafone-OneApp/libs/core/src/components/GalleryListView/GalleryListView.spec.tsx">
    <testCase name="GalleryCards should render correctly" duration="1"/>
    <testCase name="GalleryCards should render elements correctly" duration="2"/>
    <testCase name="GalleryCards should render gallery elements correctly" duration="8"/>
  </file>
  <file path="/runner/_work/MyVodafone-OneApp/MyVodafone-OneApp/libs/core/src/Store/Slices/Soho/ProfileManagement/Usage/PMUsageUserGraphsSlice.spec.ts">
    <testCase name="PMUsageUserGraphs Slice  clearPMUsageUserGraphs" duration="4"/>
    <testCase name="Thunks getPMUsageUserGraphs Thunk " duration="9"/>
    <testCase name="Thunks getPMUsageUserGraphs should resolve with correct payload" duration="6"/>
  </file>
  <file path="/runner/_work/MyVodafone-OneApp/MyVodafone-OneApp/libs/core/src/features/Soho/BillingFeature/BillingFeature.spec.tsx">
    <testCase name="Billing feature should pass correct billing props" duration="2"/>
    <testCase name="Billing feature renders error correctly and calls getSohoBillingHistory when click onTryAgainPress" duration="46"/>
  </file>
  <file path="/runner/_work/MyVodafone-OneApp/MyVodafone-OneApp/libs/core/src/utils/CMS/contracts/speedChecker/CMSSpeedCheckerContract.spec.ts">
    <testCase name="Test CMSHomeContract resource expect not empty url" duration="2"/>
    <testCase name="Test CMSHomeContract resource expect return fullURL" duration="0"/>
    <testCase name="Test CMSHomeContract resource expect full path contains ;path" duration="1"/>
    <testCase name="Test CMSHomeContract params expect the queryParams of base contract to undefine" duration="0"/>
    <testCase name="Test CMSHomeContract params expect cmsHomeRequest will not empty when no parameter passed to param" duration="0"/>
    <testCase name="Test CMSHomeContract params expect cmsHomeRequest will contain key path" duration="1"/>
    <testCase name="Test CMSHomeContract transformResponse expect return object" duration="0"/>
  </file>
  <file path="/runner/_work/MyVodafone-OneApp/MyVodafone-OneApp/libs/core/src/utils/Tenant/FeatureFlags/FeatureFlags.pt.spec.ts">
    <testCase name="FeatureFlags pt  checks that buildFeatureFlags returned the common featureFlags when there are no stage and production" duration="416"/>
    <testCase name="FeatureFlags pt  checks that buildFeatureFlags returned the common featureFlags when there are stage or production" duration="4"/>
  </file>
  <file path="/runner/_work/MyVodafone-OneApp/MyVodafone-OneApp/libs/core/src/features/TopUpFeature/analytics/TopUpTracking.spec.ts">
    <testCase name="TopUpTracking Should track click event" duration="1"/>
    <testCase name="TopUpTracking Should track selectedRecipientView view" duration="2"/>
    <testCase name="TopUpTracking Should track topUpDeleteNewRecipientSuccessView view" duration="0"/>
    <testCase name="TopUpTracking Should track topUpDeleteNewRecipientView View" duration="0"/>
    <testCase name="TopUpTracking Should track topUpSaveRecipientView View null" duration="0"/>
    <testCase name="TopUpTracking Should track selectedRecipientView View null" duration="1"/>
    <testCase name="TopUpTracking Should track topUpDeleteNewRecipientView View null" duration="0"/>
    <testCase name="TopUpTracking Should track taggingModel View null" duration="2"/>
    <testCase name="TopUpTracking Should track Pending Approval View" duration="0"/>
  </file>
  <file path="/runner/_work/MyVodafone-OneApp/MyVodafone-OneApp/libs/core/src/utils/Tenant/FeatureFlags/FeatureFlags.ie.spec.ts">
    <testCase name="FeatureFlags ie  checks that buildFeatureFlags returned the common featureFlags when there are no stage and production" duration="773"/>
    <testCase name="FeatureFlags ie  checks that buildFeatureFlags returned the common featureFlags when there are stage or production" duration="6"/>
  </file>
  <file path="/runner/_work/MyVodafone-OneApp/MyVodafone-OneApp/libs/core/src/utils/Tenant/FeatureFlags/FeatureFlags.al.spec.ts">
    <testCase name="FeatureFlags al  checks that buildFeatureFlags returned the common featureFlags when there are no stage and production" duration="843"/>
    <testCase name="FeatureFlags al  checks that buildFeatureFlags returned the common featureFlags when there are stage or production" duration="11"/>
  </file>
  <file path="/runner/_work/MyVodafone-OneApp/MyVodafone-OneApp/libs/core/src/utils/Network/contracts/Payment/PaymentContract.spec.ts">
    <testCase name="Test GetAllBillsContract resource expect not empty resource" duration="2"/>
    <testCase name="Test GetAllBillsContract checks GetAllBillsContract values" duration="3"/>
    <testCase name="Test GetAllBillsContract checks GetAllBillsContract SetParams" duration="0"/>
    <testCase name="Test GetAllBillsContract check stubs value" duration="1"/>
    <testCase name="Test GetAllBillsContract transforms AxiosResponse into PaymentHistorySectionModel" duration="4"/>
  </file>
  <file path="/runner/_work/MyVodafone-OneApp/MyVodafone-OneApp/libs/core/src/utils/Deciders/EsimDecider/EsimDecider.spec.ts">
    <testCase name="Esim Decider Expect dummy rule to return false" duration="5"/>
    <testCase name="Esim Decider Expect to behave correctly " duration="1"/>
    <testCase name="Esim Decider Expect return false when there is no cms" duration="1"/>
    <testCase name="Esim Decider Expect return false when there is no cms rules" duration="3"/>
    <testCase name="Esim Decider Expect return false when there is no msisdn" duration="0"/>
    <testCase name="Esim Decider Expect return false when there is no accountId" duration="1"/>
  </file>
  <file path="/runner/_work/MyVodafone-OneApp/MyVodafone-OneApp/libs/core/src/features/AccountManagementFeature/AccountDeletionFeature/AccountDeletionCompletionFeature/AccountDeletionCompletionOverlayFeature.spec.tsx">
    <testCase name="Account Deletion Confirmation Overlay Feature should renders successfully" duration="16"/>
    <testCase name="Account Deletion Confirmation Overlay Feature should render vfscreen successfully" duration="4"/>
    <testCase name="Account Deletion Confirmation Overlay Feature should render status view successfully" duration="4"/>
    <testCase name="Account Deletion Confirmation Overlay Feature should render primary button with the correct cms key" duration="8"/>
    <testCase name="Account Deletion Confirmation Overlay Feature should render icon with proper props" duration="2"/>
    <testCase name="Account Deletion Confirmation Overlay Feature should mask the email address correctly" duration="3"/>
    <testCase name="Account Deletion Confirmation Overlay Feature should handle primary button action" duration="4"/>
  </file>
  <file path="/runner/_work/MyVodafone-OneApp/MyVodafone-OneApp/libs/core/src/utils/CMS/contracts/frameworkAl/roaming-countries/CMSRoamingCountriesContract.spec.ts">
    <testCase name="transformResponse transforms AxiosResponse into RoamingCountriesData correctly" duration="40"/>
    <testCase name="transformResponse transforms AxiosResponse into RoamingCountriesData undefined" duration="0"/>
    <testCase name="Test CMSRoamingCountriesContract resource expect not empty url" duration="0"/>
    <testCase name="Test CMSRoamingCountriesContract resource expect return fullURL" duration="0"/>
    <testCase name="Test CMSRoamingCountriesContract resource expect full path contains ;pathIdentifier" duration="1"/>
    <testCase name="Test CMSRoamingCountriesContract params expect the queryParams of base contract to undefine" duration="0"/>
    <testCase name="Test CMSRoamingCountriesContract params expect cmsRoamingRequest will not empty when no parameter passed to param" duration="0"/>
    <testCase name="Test CMSRoamingCountriesContract params expect cmsRoamingRequest will contain key pathIdentifier" duration="1"/>
    <testCase name="Test CMSRoamingCountriesContract stub should return roaming stub" duration="0"/>
  </file>
  <file path="/runner/_work/MyVodafone-OneApp/MyVodafone-OneApp/libs/core/src/features/SpeedCheckerFeature/analytics/SpeedCheckerTracking.spec.ts">
    <testCase name="SpeedCheckerTracking Should track click event" duration="1"/>
    <testCase name="SpeedCheckerTracking Should track speedCheckerSpeedTestView view" duration="0"/>
    <testCase name="SpeedCheckerTracking Should track speedcheckerSpeedTestResultView view" duration="0"/>
    <testCase name="SpeedCheckerTracking Should track speedcheckerNetworkSpeedHistoryView View" duration="0"/>
    <testCase name="SpeedCheckerTracking Should track speedcheckerNetworkSpeedHistoryDeleteConfirmView View" duration="0"/>
    <testCase name="SpeedCheckerTracking Should track speedcheckerNetworkSpeedHistoryDeleteSuccessView View" duration="0"/>
    <testCase name="SpeedCheckerTracking Should track pageErrorView View" duration="0"/>
    <testCase name="SpeedCheckerTracking Should track pageViewView View" duration="0"/>
  </file>
  <file path="/runner/_work/MyVodafone-OneApp/MyVodafone-OneApp/libs/core/src/features/BillingPreferenceFeature/BillingPreferenceFeature.pt.spec.tsx">
    <testCase name="Billing Preference feature should renders successfully" duration="100"/>
    <testCase name="Billing Preference feature should be close to end" duration="55"/>
    <testCase name="Billing Preference feature not be close to end" duration="36"/>
  </file>
  <file path="/runner/_work/MyVodafone-OneApp/MyVodafone-OneApp/libs/core/src/utils/CMS/contracts/yornPartnership/CMSPartnershipContract.spec.ts">
    <testCase name="Test CMSPartnershipContract resource expect not empty url" duration="2"/>
    <testCase name="Test CMSPartnershipContract resource expect return fullURL" duration="0"/>
    <testCase name="Test CMSPartnershipContract resource expect full path contains ;path" duration="1"/>
    <testCase name="Test CMSPartnershipContract params expect the queryParams of base contract to undefine" duration="0"/>
    <testCase name="Test CMSPartnershipContract params expect cmsPartnershipRequest will not empty when no parameter passed to param" duration="0"/>
    <testCase name="Test CMSPartnershipContract params expect cmsPartnershipRequest will contain key path" duration="1"/>
    <testCase name="Test CMSPartnershipContract transformResponse expect return object" duration="0"/>
  </file>
  <file path="/runner/_work/MyVodafone-OneApp/MyVodafone-OneApp/libs/core/src/utils/Network/contracts/TopUp/SubmitAutoTopUpContractPT/SubmitAutoTopUpContractPT.spec.ts">
    <testCase name="SubmitAutoTopUpContract returns the correct provider" duration="1"/>
    <testCase name="SubmitAutoTopUpContract returns the correct headers" duration="1"/>
    <testCase name="SubmitAutoTopUpContract returns the correct resource" duration="0"/>
    <testCase name="SubmitAutoTopUpContract returns the correct method" duration="0"/>
    <testCase name="SubmitAutoTopUpContract sets the correct params" duration="1"/>
    <testCase name="SubmitAutoTopUpContract sets body params correctly" duration="0"/>
    <testCase name="SubmitAutoTopUpContract transforms response correctly" duration="0"/>
    <testCase name="SubmitAutoTopUpContract should return the correct stub" duration="0"/>
  </file>
  <file path="/runner/_work/MyVodafone-OneApp/MyVodafone-OneApp/libs/core/src/features/BillingFeature/PdfFeature.spec.tsx">
    <testCase name="PDF Feature Checks that component renders successfully" duration="1"/>
    <testCase name="PDF Feature Checks that Error renders successfully" duration="13"/>
  </file>
  <file path="/runner/_work/MyVodafone-OneApp/MyVodafone-OneApp/libs/core/src/features/TutorialsFeature/Tutorials.spec.tsx">
    <testCase name="TutorialsFeature checks that Tutorial Feature renders successfully" duration="1"/>
    <testCase name="TutorialsFeature should call goBack from navigation when press onClose" duration="33"/>
    <testCase name="TutorialsFeature should call onfinish successfully" duration="20"/>
    <testCase name="TutorialsFeature should change primary btn text correctly" duration="32"/>
    <testCase name="TutorialsFeature test" duration="12"/>
  </file>
  <file path="/runner/_work/MyVodafone-OneApp/MyVodafone-OneApp/libs/core/src/utils/Network/providers/AEMHeadlessProvider.spec.ts">
    <testCase name="Test AEMHeadlessProvider baseURL expect not empty url" duration="1"/>
    <testCase name="Test AEMHeadlessProvider baseURL expect not empty url" duration="0"/>
    <testCase name="Test AEMHeadlessProvider baseURL expect url" duration="0"/>
    <testCase name="Test AEMHeadlessProvider baseURL expect getBaseUrl on test" duration="1"/>
    <testCase name="Test AEMHeadlessProvider baseURL expect getBaseUrl on UAT" duration="0"/>
    <testCase name="Test AEMHeadlessProvider baseURL expect getBaseUrl on production" duration="0"/>
    <testCase name="Test AEMHeadlessProvider baseURL expect not null or undefined" duration="0"/>
    <testCase name="Test AEMHeadlessProvider globalHeaders expect there is no global header data" duration="1"/>
    <testCase name="Test AEMHeadlessProvider transformError expect transform axios error to NetworkError" duration="0"/>
    <testCase name="Test AEMHeadlessProvider should set the CMS base url with the preview link" duration="0"/>
  </file>
  <file path="/runner/_work/MyVodafone-OneApp/MyVodafone-OneApp/libs/core/src/utils/CMS/contracts/frameworkAl/migration/CMSMigrationContract.spec.ts">
    <testCase name="transformResponse transforms AxiosResponse into RoamingData correctly" duration="2"/>
    <testCase name="transformResponse transforms AxiosResponse into RoamingData undefined" duration="0"/>
    <testCase name="Test CMSMigrationContract resource expect not empty url" duration="0"/>
    <testCase name="Test CMSMigrationContract resource expect return fullURL" duration="1"/>
    <testCase name="Test CMSMigrationContract resource expect full path contains ;pathIdentifier" duration="0"/>
    <testCase name="Test CMSMigrationContract params expect the queryParams of base contract to undefine" duration="0"/>
    <testCase name="Test CMSMigrationContract params expect cmsRoamingRequest will not empty when no parameter passed to param" duration="1"/>
    <testCase name="Test CMSMigrationContract params expect cmsRoamingRequest will contain key pathIdentifier" duration="0"/>
    <testCase name="Test CMSMigrationContract stub should return roaming stub" duration="0"/>
  </file>
  <file path="/runner/_work/MyVodafone-OneApp/MyVodafone-OneApp/libs/core/src/features/Soho/MarketPlaceFeature/MarketPlaceFeature.spec.tsx">
    <testCase name="Test MarketPlace feature describes MarketPlace feature renders successfully" duration="189"/>
    <testCase name="Test MarketPlace feature checks with tray property is true" duration="102"/>
    <testCase name="Test MarketPlace feature checks that licences props are set correctly" duration="92"/>
    <testCase name="Test MarketPlace feature checks that related products props are set correctly" duration="87"/>
    <testCase name="Test MarketPlace feature checks that recommended apps props are set correctly" duration="80"/>
    <testCase name="Test MarketPlace feature checks that explore apps props are set correctly" duration="77"/>
  </file>
  <file path="/runner/_work/MyVodafone-OneApp/MyVodafone-OneApp/libs/core/src/Store/Slices/AccountManagement/BillingAccountSlice.spec.ts">
    <testCase name="Thunks resetBillingAccount" duration="9"/>
    <testCase name="Thunks getBillingAccountData Thunk " duration="4"/>
    <testCase name="Thunks getBillingAccountData Thunk failure" duration="5"/>
  </file>
  <file path="/runner/_work/MyVodafone-OneApp/MyVodafone-OneApp/libs/core/src/utils/Network/contracts/SummerPromo/ActivateSummerPromoBundle.spec.tsx">
    <testCase name="Test ActivateSummerPromoBundle Resource expect not empty resource" duration="1"/>
    <testCase name="Test ActivateSummerPromoBundle Checks ActivateSummerPromoBundle values" duration="1"/>
    <testCase name="Test ActivateSummerPromoBundle Checks ActivateSummerPromoBundle header values" duration="1"/>
    <testCase name="Test ActivateSummerPromoBundle Checks ActivateSummerPromoBundle SetParams" duration="1"/>
    <testCase name="Test ActivateSummerPromoBundle Check transform response" duration="0"/>
    <testCase name="Test ActivateSummerPromoBundle Check transform response if empty" duration="0"/>
    <testCase name="Test ActivateSummerPromoBundle Check stubs value" duration="0"/>
  </file>
  <file path="/runner/_work/MyVodafone-OneApp/MyVodafone-OneApp/libs/core/src/utils/Network/contracts/TopUp/SubmitTopUpContractIE/SubmitTopUpContractIE.spec.ts">
    <testCase name="SubmitTopUpContract returns the correct provider" duration="1"/>
    <testCase name="SubmitTopUpContract returns the correct headers" duration="0"/>
    <testCase name="SubmitTopUpContract returns the correct resource" duration="1"/>
    <testCase name="SubmitTopUpContract returns the correct method" duration="0"/>
    <testCase name="SubmitTopUpContract returns the correct auth type" duration="0"/>
    <testCase name="SubmitTopUpContract sets the correct params" duration="1"/>
    <testCase name="SubmitTopUpContract sets body params correctly" duration="0"/>
    <testCase name="SubmitTopUpContract transforms response correctly" duration="0"/>
    <testCase name="SubmitTopUpContract should return the correct stub" duration="0"/>
  </file>
  <file path="/runner/_work/MyVodafone-OneApp/MyVodafone-OneApp/libs/core/src/features/RecommendedBundlesFeature/hooks/useCMSRecommendedBundles.spec.tsx">
    <testCase name="useCMSRecommendedBundlesHook fetches vodafone share from CMS and updates descriptions data" duration="15"/>
    <testCase name="useCMSRecommendedBundlesHook handles network errors" duration="2"/>
  </file>
  <file path="/runner/_work/MyVodafone-OneApp/MyVodafone-OneApp/libs/core/src/utils/Network/contracts/SummerPromo/GetSummerPromoData.spec.tsx">
    <testCase name="Test GetSummerDataContract Resource expect not empty resource" duration="1"/>
    <testCase name="Test GetSummerDataContract Checks GetSummerPromoData values" duration="0"/>
    <testCase name="Test GetSummerDataContract Checks GetSummerPromoData header values" duration="1"/>
    <testCase name="Test GetSummerDataContract Checks GetSummerPromoData SetParams" duration="0"/>
    <testCase name="Test GetSummerDataContract Check transform response" duration="1"/>
    <testCase name="Test GetSummerDataContract Check stubs value" duration="0"/>
  </file>
  <file path="/runner/_work/MyVodafone-OneApp/MyVodafone-OneApp/libs/core/src/utils/Deciders/ParentDecider/ParentDecider.spec.ts">
    <testCase name="Homepage Decider Expect decider to behave correctly" duration="5"/>
  </file>
  <file path="/runner/_work/MyVodafone-OneApp/MyVodafone-OneApp/libs/core/src/features/Soho/BusinessOverviewFeature/Addons/RemoveAddOn/RemoveAddOnFeature.spec.tsx">
    <testCase name="test RemoveAddOnFeature checks that AddOnDetails rendered successfully" duration="48"/>
    <testCase name="test RemoveAddOnFeature checks that AddOnDetails is rendered with remove mode" duration="13"/>
    <testCase name="test RemoveAddOnFeature checks that onPrimaryModalSuccessPress goes back" duration="12"/>
    <testCase name="test RemoveAddOnFeature checks that onQAConfirmPress with remove mode calls removeAddOn function" duration="16"/>
    <testCase name="test RemoveAddOnFeature checks that onQAConfirmPress with edit mode calls editAddOn function" duration="10"/>
  </file>
  <file path="/runner/_work/MyVodafone-OneApp/MyVodafone-OneApp/libs/core/src/features/PayBillFeature/usePayBillFeatureHook/usePayBillFeatureHook.pt.spec.ts">
    <testCase name="usePayBillFeature should call onTryAgain correctly" duration="12"/>
    <testCase name="usePayBillFeature should call handlePressConfirmSelection" duration="2"/>
    <testCase name="usePayBillFeature should call onPressSaveCard successfully" duration="3"/>
    <testCase name="usePayBillFeature should return the _publishUrl of the icon with the given id" duration="2"/>
    <testCase name="usePayBillFeature should return undefined if no icon with the given id is found" duration="2"/>
    <testCase name="handlePressConfirmSelection should call handlePressConfirmSelection successfully" duration="4002"/>
  </file>
  <file path="/runner/_work/MyVodafone-OneApp/MyVodafone-OneApp/libs/core/src/features/HomepageFeature/utils/StoriesHelper.spec.ts">
    <testCase name="Test Stories Helper test transform stories" duration="4"/>
    <testCase name="Test Stories Helper getMultiMediaUrl should return imageUrl when mimeType includes image " duration="1"/>
    <testCase name="Test Stories Helper getMultiMediaUrl should return videoUrl when mimeType includes video " duration="0"/>
    <testCase name="Test Stories Helper getMultiMediaUrl should return empty object when mimeType is wrong" duration="0"/>
  </file>
  <file path="/runner/_work/MyVodafone-OneApp/MyVodafone-OneApp/libs/core/src/features/YornParnership/Components/YornOffer/YornOffer.spec.tsx">
    <testCase name="YornOffer Component renders offer correctly" duration="19"/>
    <testCase name="YornOffer Component changes copy button style after clicked" duration="26"/>
    <testCase name="YornOffer Component clears copy button style after 2 seconds" duration="9"/>
    <testCase name="YornOffer Component calls function to send SMS" duration="4"/>
  </file>
  <file path="/runner/_work/MyVodafone-OneApp/MyVodafone-OneApp/libs/core/src/features/AccountManagementFeature/FeedbackFeature/FeedbackFeature.spec.tsx">
    <testCase name="Feedback Feature in account management should render correctly" duration="1"/>
    <testCase name="Feedback Feature in account management Should call setfoucsed true when onFocus called" duration="1"/>
    <testCase name="Feedback Feature in account management Should call setfoucsed false when onBlur called" duration="0"/>
    <testCase name="Feedback Feature in account management should navigate to feedback Confirmation correctly" duration="1"/>
    <testCase name="Feedback Feature in account management Check scrollable Elemnet with some values" duration="0"/>
  </file>
  <file path="/runner/_work/MyVodafone-OneApp/MyVodafone-OneApp/libs/core/src/utils/CMS/contracts/frameworkAl/roaming/CMSRoamingContract.spec.ts">
    <testCase name="transformResponse transforms AxiosResponse into RoamingData correctly" duration="2"/>
    <testCase name="transformResponse transforms AxiosResponse into RoamingData undefined" duration="0"/>
    <testCase name="Test CMSRoamingContract resource expect not empty url" duration="1"/>
    <testCase name="Test CMSRoamingContract resource expect return fullURL" duration="0"/>
    <testCase name="Test CMSRoamingContract resource expect full path contains ;pathIdentifier" duration="0"/>
    <testCase name="Test CMSRoamingContract params expect the queryParams of base contract to undefine" duration="1"/>
    <testCase name="Test CMSRoamingContract params expect cmsRoamingRequest will not empty when no parameter passed to param" duration="0"/>
    <testCase name="Test CMSRoamingContract params expect cmsRoamingRequest will contain key pathIdentifier" duration="0"/>
    <testCase name="Test CMSRoamingContract stub should return roaming stub" duration="1"/>
  </file>
  <file path="/runner/_work/MyVodafone-OneApp/MyVodafone-OneApp/libs/core/src/utils/Network/contracts/CocaCola/ActivateCocaColaBundle.spec.ts">
    <testCase name="Test ActivateCocaColaBundle Resource expect not empty resource" duration="1"/>
    <testCase name="Test ActivateCocaColaBundle Checks ActivateCocaColaBundle values" duration="1"/>
    <testCase name="Test ActivateCocaColaBundle Checks ActivateCocaColaBundle header values" duration="0"/>
    <testCase name="Test ActivateCocaColaBundle Checks ActivateCocaColaBundle SetParams" duration="1"/>
    <testCase name="Test ActivateCocaColaBundle Check transform response" duration="0"/>
    <testCase name="Test ActivateCocaColaBundle Check transform response if empty" duration="0"/>
    <testCase name="Test ActivateCocaColaBundle Check stubs value" duration="0"/>
  </file>
  <file path="/runner/_work/MyVodafone-OneApp/MyVodafone-OneApp/libs/core/src/features/ErrorFeature/ErrorFeature.spec.tsx">
    <testCase name="Error Feature Checks that Error renders successfully" duration="1"/>
    <testCase name="Error Feature Should call the onPrimaryButtonPress function when the primary button is pressed" duration="8"/>
    <testCase name="Error Feature Should call the onCloseButtonPress function when the close button is pressed" duration="5"/>
    <testCase name="Error Feature Should call the onPrimaryButtonPress function when the primary button is pressed" duration="13"/>
    <testCase name="Error Feature Should call the onPrimaryButtonPress function when the primary button is pressed but the onPrimaryButtonPress is promise" duration="5"/>
  </file>
  <file path="/runner/_work/MyVodafone-OneApp/MyVodafone-OneApp/libs/core/src/features/RoamingFeature/hooks/useGetRoamingRecommendations.spec.tsx">
    <testCase name="useGetRoamingRecommendations fetches data " duration="10"/>
    <testCase name="useGetRoamingRecommendations handles network errors" duration="2"/>
  </file>
  <file path="/runner/_work/MyVodafone-OneApp/MyVodafone-OneApp/libs/core/src/features/SecuritySettingsFeature/SecuritySettingsFeature.spec.tsx">
    <testCase name="Security Settings Feature should renders successfully" duration="1"/>
    <testCase name="Security Settings Feature should renders the security screen with the title from the hook successfully" duration="1"/>
    <testCase name="Security Settings Feature Should render the same items that recived from the CMS" duration="1"/>
  </file>
  <file path="/runner/_work/MyVodafone-OneApp/MyVodafone-OneApp/libs/core/src/services/ProductSelectorService/ProductSelectorService.spec.ts">
    <testCase name="Product selector service getProductSelector should return ProductSelectorData when success " duration="2"/>
    <testCase name="Product selector service getProductSelector should return NetworkError when fail " duration="1"/>
    <testCase name="Product selector service getProductSelector should return Error when crash " duration="0"/>
    <testCase name="Product selector service getSohoProductSelector should return ProductSelectorData when success " duration="1"/>
    <testCase name="Product selector service getSohoProductSelector should return NetworkError when fail " duration="0"/>
    <testCase name="Product selector service getSohoProductSelector should return Error when crash " duration="1"/>
  </file>
  <file path="/runner/_work/MyVodafone-OneApp/MyVodafone-OneApp/libs/core/src/features/SearchFeature/Components/SearchSection.spec.tsx">
    <testCase name="SearchSection should have show more button" duration="72"/>
    <testCase name="SearchSection should have have search item" duration="10"/>
  </file>
  <file path="/runner/_work/MyVodafone-OneApp/MyVodafone-OneApp/libs/core/src/Store/Slices/Soho/ProfileManagement/Usage/PMUsageUserSlice.spec.ts">
    <testCase name="PMUsageUser Slice  clearPMUsageUser" duration="4"/>
    <testCase name="Thunks getPMUsageUser Thunk " duration="6"/>
    <testCase name="Thunks getPMUsageUser should resolve with correct payload" duration="3"/>
  </file>
  <file path="/runner/_work/MyVodafone-OneApp/MyVodafone-OneApp/libs/core/src/features/AccountManagementFeature/OrdersFeature/components/OrderItem.spec.tsx">
    <testCase name="OrderItem should render OrderItem correctly" duration="3"/>
    <testCase name="OrderItem click on item then call openProductInstallationPress" duration="6"/>
    <testCase name="OrderItem should render oneOffPayment footer if isExpandble false and show payment true" duration="5"/>
    <testCase name="OrderItem should render reSchedule Text if status is installation" duration="10"/>
    <testCase name="OrderItem should display the correct color for each order status" duration="7"/>
    <testCase name="OrderItem should display the correct color for each order status" duration="6"/>
  </file>
  <file path="/runner/_work/MyVodafone-OneApp/MyVodafone-OneApp/libs/core/src/services/Soho/ApplicationPDP/ApplicationPDPService.spec.ts">
    <testCase name="ApplicationPDPService resolves all Product Details data" duration="1"/>
    <testCase name="ApplicationPDPService should getProductDetailsData throw an error when there is an error" duration="1"/>
    <testCase name="ApplicationPDPService resolves all Product Info data" duration="0"/>
    <testCase name="ApplicationPDPService resolves all Related Product data" duration="1"/>
    <testCase name="ApplicationPDPService should getRelatedProductsData throw an error when there is an error" duration="0"/>
    <testCase name="ApplicationPDPService requestLicence not throw error when API success" duration="0"/>
    <testCase name="ApplicationPDPService requestLicence throw error when API failed" duration="1"/>
  </file>
  <file path="/runner/_work/MyVodafone-OneApp/MyVodafone-OneApp/libs/core/src/utils/Network/contracts/TopUp/CreateTopUpContractAL/CreateTopUpContractAL.spec.ts">
    <testCase name="CreateTopUpContractAL returns the correct provider" duration="1"/>
    <testCase name="CreateTopUpContractAL returns the correct headers" duration="0"/>
    <testCase name="CreateTopUpContractAL returns the correct resource" duration="1"/>
    <testCase name="CreateTopUpContractAL returns the correct method" duration="0"/>
    <testCase name="CreateTopUpContractAL sets bodyParams correctly" duration="0"/>
    <testCase name="CreateTopUpContractAL returns the correct stubds" duration="0"/>
    <testCase name="CreateTopUpContractAL transforms response correctly" duration="1"/>
  </file>
  <file path="/runner/_work/MyVodafone-OneApp/MyVodafone-OneApp/libs/core/src/features/Onboarding/Permissions/Permissions.spec.ts">
    <testCase name="Permission unit-test checks that android permissions loaded successfully" duration="9"/>
    <testCase name="Permission unit-test checks that android permissions included notification permission if android greater than threeteen" duration="15"/>
    <testCase name="Permission unit-test Get logged-in permissions - All permissions granted" duration="1"/>
    <testCase name="Permission unit-test Get logged-in permissions - No permissions granted" duration="0"/>
  </file>
  <file path="/runner/_work/MyVodafone-OneApp/MyVodafone-OneApp/libs/core/src/Store/Slices/Esim/CheckEligibilitySlice/CheckEligibilitySlice.spec.ts">
    <testCase name="Thunks checkEligibility Thunk" duration="3"/>
    <testCase name="Thunks CheckEligibility should resolve with correct data" duration="4"/>
    <testCase name="Thunks checkEligibility should handle rejection and update state accordingly" duration="23"/>
  </file>
  <file path="/runner/_work/MyVodafone-OneApp/MyVodafone-OneApp/libs/core/src/utils/Network/contracts/Roaming/GetRoamingRecommendation/GetRoamingRecommendation.spec.ts">
    <testCase name="Test GetRoamingRecommendation Resource expect not empty resource" duration="2"/>
    <testCase name="Test GetRoamingRecommendation Checks GetRoamingRecommendation values" duration="1"/>
    <testCase name="Test GetRoamingRecommendation Checks GetRoamingRecommendation SetParams" duration="6"/>
    <testCase name="Test GetRoamingRecommendation Check transform response" duration="1"/>
    <testCase name="Test GetRoamingRecommendation Check transform undefined response" duration="0"/>
    <testCase name="Test GetRoamingRecommendation Check stubs value" duration="1"/>
  </file>
  <file path="/runner/_work/MyVodafone-OneApp/MyVodafone-OneApp/libs/core/src/features/CallMeBack/Hooks/useCallMeBackData.spec.tsx">
    <testCase name="useCallMeBackData fetches call me back data " duration="17"/>
    <testCase name="useCallMeBackData handles network errors" duration="7"/>
  </file>
  <file path="/runner/_work/MyVodafone-OneApp/MyVodafone-OneApp/libs/core/src/features/HappyVodafoneAgreementFeature/components/HappyWebview/HappyWebview.spec.tsx">
    <testCase name="HappyWebview should HappyWebview renders well" duration="44"/>
    <testCase name="HappyWebview should Webview renders well" duration="5"/>
    <testCase name="HappyWebview should not call onShouldStartLoadWithRequest" duration="5"/>
    <testCase name="HappyWebview should call onShouldStartLoadWithRequest successfully" duration="9"/>
    <testCase name="HappyWebview should call handleClosing successfully and show Alert Message" duration="8"/>
  </file>
  <file path="/runner/_work/MyVodafone-OneApp/MyVodafone-OneApp/libs/core/src/features/LogoutFeature/LogoutFeature.spec.tsx">
    <testCase name="checks that Logout Feature renders successfully" duration="1"/>
    <testCase name="should call on cancel button action when press onClose button" duration="40"/>
    <testCase name="should call on confirm logout button action when press confirm logout button" duration="18"/>
  </file>
  <file path="/runner/_work/MyVodafone-OneApp/MyVodafone-OneApp/libs/core/src/features/Soho/MyProfileFeature/Addons/RequestAddons/RequestAddons.spec.tsx">
    <testCase name="test MyProfileRequestedAddOns check that AddonsDetails onPrimaryModalSuccessPress executed successfully when routeParams from=true" duration="40"/>
    <testCase name="test MyProfileRequestedAddOns check that AddonsDetails onPrimaryModalSuccessPress executed successfully when routeParams from=false" duration="14"/>
    <testCase name="test MyProfileRequestedAddOns check that AddonsDetails onQAConfirmPress executed successfully when QAmode = REQUEST" duration="15"/>
  </file>
  <file path="/runner/_work/MyVodafone-OneApp/MyVodafone-OneApp/libs/core/src/utils/Network/contracts/MsisdnAcr/MsisdnAcrContract.spec.ts">
    <testCase name="MsisdnAcr Contract resource expected wiremock url when env is dev-stubs" duration="2"/>
    <testCase name="MsisdnAcr Contract resource expected pre-production url when env is pre-production" duration="0"/>
    <testCase name="MsisdnAcr Contract sets the correct params" duration="0"/>
    <testCase name="MsisdnAcr Contract Check GetMsisdnAcrContract formateAndSetResourceParams" duration="1"/>
    <testCase name="MsisdnAcr Contract transforms response correctly" duration="0"/>
  </file>
  <file path="/runner/_work/MyVodafone-OneApp/MyVodafone-OneApp/libs/core/src/features/RoamingFeature/hooks/useGetRoamingOffers.spec.tsx">
    <testCase name="useGetRoamingOffers fetches data " duration="10"/>
    <testCase name="useGetRoamingOffers handles network errors" duration="1"/>
  </file>
  <file path="/runner/_work/MyVodafone-OneApp/MyVodafone-OneApp/libs/core/src/utils/Network/providers/CCAPProvider.spec.ts">
    <testCase name="CCAPProvider should have the correct globalHeaders" duration="1"/>
    <testCase name="CCAPProvider should have the correct baseUrl" duration="0"/>
    <testCase name="CCAPProvider should have the correct authType and authValue" duration="1"/>
    <testCase name="CCAPProvider should transform axios error to NetworkError - 500" duration="0"/>
    <testCase name="CCAPProvider should transform axios error to NetworkError - 400 with reason" duration="1"/>
    <testCase name="CCAPProvider should return pt-PT for Portuguese language" duration="0"/>
    <testCase name="CCAPProvider should return en-GB for non-Portuguese language" duration="0"/>
  </file>
  <file path="/runner/_work/MyVodafone-OneApp/MyVodafone-OneApp/libs/core/src/features/HomepageFeature/components/TobiWebView/TobiWebView.ie.spec.tsx">
    <testCase name="TobiWebView Feature Should render TobiWebView correctly" duration="48"/>
  </file>
  <file path="/runner/_work/MyVodafone-OneApp/MyVodafone-OneApp/libs/core/src/features/RoamingFeature/hooks/useCMSRoamingCountries.spec.tsx">
    <testCase name="useCMSRoamingHook fetches roaming countries data from CMS and updates headings" duration="19"/>
    <testCase name="useCMSRoamingHook handles network errors" duration="3"/>
    <testCase name="useCMSRoamingHook handles general error" duration="2"/>
  </file>
  <file path="/runner/_work/MyVodafone-OneApp/MyVodafone-OneApp/libs/core/src/features/RoamingSettingsFeature/hooks/useGetDataCap.spec.tsx">
    <testCase name="useGetDataCap fetches data " duration="9"/>
    <testCase name="useGetDataCap handles network errors" duration="1"/>
  </file>
  <file path="/runner/_work/MyVodafone-OneApp/MyVodafone-OneApp/libs/core/src/features/Soho/MyProfileFeature/Utils/Utils.spec.ts">
    <testCase name="profile management for handlePressAddUsageConfirmation tests should resolve with the payment amount option title when conditions are met" duration="1"/>
    <testCase name="profile management for handlePressAddUsageConfirmation tests should reject with the specified error object when conditions are met" duration="0"/>
    <testCase name="profile management for handlePressAddUsageConfirmation tests should resolve with an empty object for a valid device ID" duration="1"/>
    <testCase name="profile management for handlePressAddUsageConfirmation tests should reject with an error message for device3460" duration="0"/>
  </file>
  <file path="/runner/_work/MyVodafone-OneApp/MyVodafone-OneApp/libs/core/src/features/AccountManagementFeature/components/Paragraph.spec.tsx">
    <testCase name="TermsAndConditionParagraph renders the paragraph with links" duration="35"/>
    <testCase name="TermsAndConditionParagraph navigates to the correct URL when a link is pressed" duration="5"/>
    <testCase name="TermsAndConditionParagraph Check modal to be defined" duration="4"/>
    <testCase name="TermsAndConditionParagraph Check onPress overlay" duration="41"/>
  </file>
  <file path="/runner/_work/MyVodafone-OneApp/MyVodafone-OneApp/libs/core/src/features/HomepageFeature/components/WhatsNewSection/WhatsNewSection.spec.tsx">
    <testCase name="WhatsNew section should be render suceesfully" duration="8"/>
    <testCase name="WhatsNew section should whats new not defined so list is empty" duration="19"/>
    <testCase name="WhatsNew helper methods should map whats new to card props" duration="0"/>
    <testCase name="WhatsNew helper methods should configure whats new cards" duration="1"/>
  </file>
  <file path="/runner/_work/MyVodafone-OneApp/MyVodafone-OneApp/libs/core/src/utils/Helpers/Helper.spec.ts">
    <testCase name="getIsDueDatePassed should return true if the due date is passed (current date is after due date)" duration="16"/>
    <testCase name="getIsDueDatePassed should return false if the due date is not passed (current date is before due date)" duration="1"/>
    <testCase name="getIsDueDatePassed should return false if nodue date sent" duration="0"/>
    <testCase name="validatePersonalNumber validatePersonalNumber should return false" duration="1"/>
    <testCase name="getMsisdnData getMsisdnData should return correct value" duration="0"/>
    <testCase name="getMsisdnData getMsisdnData should return null when param is not passed" duration="1"/>
    <testCase name="getMsisdnData getMsisdnData should return null when storage is empty" duration="0"/>
    <testCase name="setMsisdnData setMsisdnData should set value" duration="1"/>
    <testCase name="validateNipt validateNipt should return false" duration="0"/>
  </file>
  <file path="/runner/_work/MyVodafone-OneApp/MyVodafone-OneApp/libs/core/src/Store/Slices/Esim/GetBillingAccountSlice/GetBillingAccountSlice.spec.ts">
    <testCase name="Thunks getBillincAccountSlice Thunk" duration="3"/>
    <testCase name="Thunks getBillingAccount should resolve with correct data" duration="3"/>
    <testCase name="Thunks getBillingAccount should handle rejection and update state accordingly" duration="22"/>
  </file>
  <file path="/runner/_work/MyVodafone-OneApp/MyVodafone-OneApp/libs/core/src/Store/Actions/Soho/Requests/Utils.spec.ts">
    <testCase name="Utils includedImagesMapper clones icon property to user by ID" duration="2"/>
    <testCase name="Utils includedImagesMapper default nullD" duration="0"/>
    <testCase name="Utils requestImageIconMapper when Id is 3493040246" duration="1"/>
    <testCase name="Utils requestImageIconMapper when Id is 3493040245" duration="0"/>
    <testCase name="Utils requestImageIconMapper when Id is 3493040250" duration="0"/>
    <testCase name="Utils requestImageIconMapper when Id is 3493040241" duration="0"/>
    <testCase name="Utils requestImageIconMapper default" duration="0"/>
    <testCase name="Utils userIconMapper with RelatedPartyType" duration="0"/>
    <testCase name="Utils should reject when given a rejected id" duration="0"/>
    <testCase name="Utils should reject when given a any other id" duration="1"/>
  </file>
  <file path="/runner/_work/MyVodafone-OneApp/MyVodafone-OneApp/libs/core/src/Store/Actions/Soho/BusinessOverview/Utils.spec.ts">
    <testCase name="Utils prepareUsersObject clones and adds icon property to users" duration="2"/>
    <testCase name="Utils iconsMapper returns the correct icon based on key" duration="1"/>
    <testCase name="Utils should return the corresponding image path for a valid ID" duration="0"/>
    <testCase name="Utils should return undefined for an invalid ID" duration="1"/>
    <testCase name="Utils requestedAddOnsIconAndImageMapper should work correctly with id Addon-1" duration="0"/>
    <testCase name="Utils requestedAddOnsIconAndImageMapper should work correctly with id Addon-2" duration="0"/>
    <testCase name="Utils requestedAddOnsIconAndImageMapper should work correctly with any id" duration="1"/>
  </file>
  <file path="/runner/_work/MyVodafone-OneApp/MyVodafone-OneApp/libs/core/src/features/MigationFeature/hooks/useCMSMigration.spec.tsx">
    <testCase name="useCMSMigrationHook fetches migration data from CMS and updates headings" duration="21"/>
    <testCase name="useCMSMigrationHook handles network errors" duration="7"/>
    <testCase name="useCMSMigrationHook handles general error" duration="5"/>
  </file>
  <file path="/runner/_work/MyVodafone-OneApp/MyVodafone-OneApp/libs/core/src/features/RateTray/RateTray.spec.tsx">
    <testCase name="RateTray ahould render correctly" duration="1"/>
    <testCase name="RateTray should show deep link when press on Take Survey" duration="13"/>
    <testCase name="RateTray should render labels correclty" duration="4"/>
    <testCase name="RateTray when press onClose should reset showFeedbackTimeIntervalInDays" duration="0"/>
  </file>
  <file path="/runner/_work/MyVodafone-OneApp/MyVodafone-OneApp/libs/core/src/utils/CMS/contracts/purchase/utils/cmsUtils.spec.ts">
    <testCase name="mapArrayToObject should map an array of objects to an object with ids as keys" duration="2"/>
    <testCase name="getUrlIconData should return correct icon data for valid url and image format" duration="0"/>
    <testCase name="getUrlIconData should return correct icon data for svg format" duration="0"/>
    <testCase name="getUrlIconData should return correct icon data for other formats" duration="1"/>
    <testCase name="getUrlIconData should return default icon data for invalid url or empty format" duration="0"/>
    <testCase name="getMappedContentFromCMS should return correctly" duration="0"/>
  </file>
  <file path="/runner/_work/MyVodafone-OneApp/MyVodafone-OneApp/libs/core/src/features/RoamingFeature/hooks/useCMSRoaming.spec.tsx">
    <testCase name="useCMSRoamingHook fetches roaming data from CMS and updates headings" duration="19"/>
    <testCase name="useCMSRoamingHook handles network errors" duration="3"/>
    <testCase name="useCMSRoamingHook handles general error" duration="3"/>
  </file>
  <file path="/runner/_work/MyVodafone-OneApp/MyVodafone-OneApp/libs/core/src/utils/CMS/contracts/frameworkAl/recommendedBundles/CMSRecommendedBundles.spec.ts">
    <testCase name="transformResponse transforms AxiosResponse into RecommendedBundlesData correctly" duration="2"/>
    <testCase name="Test CMSRecommendedBundlesContract resource expect not empty url" duration="1"/>
    <testCase name="Test CMSRecommendedBundlesContract resource expect return fullURL" duration="0"/>
    <testCase name="Test CMSRecommendedBundlesContract resource expect full path contains ;pathIdentifier" duration="0"/>
    <testCase name="Test CMSRecommendedBundlesContract params expect the queryParams of base contract to undefine" duration="1"/>
    <testCase name="Test CMSRecommendedBundlesContract params expect cmsBundleAndAddOnsRequest will not empty when no parameter passed to param" duration="0"/>
    <testCase name="Test CMSRecommendedBundlesContract params expect cmsBundleAndAddOnsRequest will contain key pathIdentifier" duration="0"/>
    <testCase name="Test CMSRecommendedBundlesContract stub should return bundleAndAddons stub" duration="1"/>
  </file>
  <file path="/runner/_work/MyVodafone-OneApp/MyVodafone-OneApp/libs/core/src/Store/Slices/Orders/helper.spec.ts">
    <testCase name="test helpers update time schedule" duration="2"/>
  </file>
  <file path="/runner/_work/MyVodafone-OneApp/MyVodafone-OneApp/libs/core/src/services/CallMeBackService/CallMeBackService.spec.ts">
    <testCase name="CallMeBackService Returns Get History response correctly" duration="4"/>
    <testCase name="CallMeBackService Returns Get History error" duration="1"/>
    <testCase name="CallMeBackService Returns Get History error if there is NetworkError" duration="1"/>
    <testCase name="CallMeBackService Returns Send Call Me Back response correctly" duration="1"/>
    <testCase name="CallMeBackService Returns end Call Me Back error" duration="0"/>
    <testCase name="CallMeBackService Returns end Call Me Back error if there is a Network error" duration="0"/>
  </file>
  <file path="/runner/_work/MyVodafone-OneApp/MyVodafone-OneApp/libs/core/src/utils/Network/contracts/ServiceBalance/ServiceBalanceContract.spec.ts">
    <testCase name="Test ServiceBalanceContract Resource expect not empty resource" duration="1"/>
    <testCase name="Test ServiceBalanceContract Checks ServiceBalanceContract values" duration="1"/>
    <testCase name="Test ServiceBalanceContract Checks header values" duration="1"/>
    <testCase name="Test ServiceBalanceContract Checks ServiceBalanceContract SetParams" duration="0"/>
    <testCase name="Test ServiceBalanceContract Check transform response" duration="1"/>
    <testCase name="Test ServiceBalanceContract Check transform response if response is empty" duration="0"/>
    <testCase name="Test ServiceBalanceContract Check stubs value" duration="0"/>
  </file>
  <file path="/runner/_work/MyVodafone-OneApp/MyVodafone-OneApp/libs/core/src/features/RefillFeature/hooks/useCMSRefill.spec.tsx">
    <testCase name="useCMSRefillHook fetches refill data from CMS and updates headings" duration="13"/>
    <testCase name="useCMSRefillHook handles network errors" duration="2"/>
    <testCase name="useCMSRefillHook handles general error" duration="3"/>
  </file>
  <file path="/runner/_work/MyVodafone-OneApp/MyVodafone-OneApp/libs/core/src/Store/Slices/BillSummary/BillSummarySlice.spec.ts">
    <testCase name="Thunks getBillSummaryData Thunk " duration="6"/>
    <testCase name="Thunks getBillSummaryData should resolve with correct data" duration="5"/>
    <testCase name="Thunks getBillSummaryData should handle rejection and update state accordingly" duration="23"/>
  </file>
  <file path="/runner/_work/MyVodafone-OneApp/MyVodafone-OneApp/libs/core/src/Store/Actions/Soho/ProfileManagement/PMAddonsActions.spec.ts">
    <testCase name="getPMAddOnsData dispatches the correct actions with the expected payload after a delay" duration="8"/>
    <testCase name="profile management buy addon  checks profileManagmentBuyAddon action resolves correctly" duration="1"/>
    <testCase name="profile management buy addon  checks profileManagmentBuyAddon action rejects correctly" duration="0"/>
    <testCase name="profileManagementRemoveAddon should reject with an error if addon id is &quot;socialconnectionpass1&quot;" duration="1"/>
    <testCase name="profileManagementRemoveAddon should reject with an error if addon id is &quot;socialvodafonepass1&quot;" duration="0"/>
    <testCase name="profileManagementRemoveAddon should resolve with an empty object if any id is provided" duration="0"/>
  </file>
  <file path="/runner/_work/MyVodafone-OneApp/MyVodafone-OneApp/libs/core/src/features/PayBillFeature/usePayBillFeatureHook/useCommonPayBillUtilityHook.spec.ts">
    <testCase name="useCommonPayBillUtilityHook should be onTryAgain works correctly when msdin is undefined" duration="9"/>
    <testCase name="useCommonPayBillUtilityHook should be onTryAgain works correctly when msdin is defined" duration="2"/>
  </file>
  <file path="/runner/_work/MyVodafone-OneApp/MyVodafone-OneApp/libs/core/src/utils/Network/contracts/Orders/UpdateTimeSchedule/UpdateTimeProductContract.spec.ts">
    <testCase name="Test UpdateTimeProductContract resource expect not empty resource" duration="1"/>
    <testCase name="Test UpdateTimeProductContract checks UpdateTimeProductContract values" duration="3"/>
    <testCase name="Test UpdateTimeProductContract checks UpdateTimeProductContract SetParams" duration="0"/>
    <testCase name="Test UpdateTimeProductContract check stubs value" duration="1"/>
    <testCase name="Test UpdateTimeProductContract transforms AxiosResponse into AccountManagementData correctly" duration="2"/>
  </file>
  <file path="/runner/_work/MyVodafone-OneApp/MyVodafone-OneApp/libs/core/src/utils/Network/contracts/BigBrother/GetContestantsData.spec.ts">
    <testCase name="Test GetContestant Resource expect not empty resource" duration="6"/>
    <testCase name="Test GetContestant Checks GetContestantsData values" duration="2"/>
    <testCase name="Test GetContestant Checks GetContestantsData header values" duration="1"/>
    <testCase name="Test GetContestant Checks GetContestantsData SetParams" duration="1"/>
    <testCase name="Test GetContestant Check transform response" duration="1"/>
    <testCase name="Test GetContestant Check stubs value" duration="1"/>
  </file>
  <file path="/runner/_work/MyVodafone-OneApp/MyVodafone-OneApp/libs/core/src/Store/Actions/Soho/MarketPlace/Utils.spec.ts">
    <testCase name="Checks that marketPlace utils works correctly licences mappers working correctly Checks that licences Icons mapper works correctly" duration="1"/>
    <testCase name="Checks that marketPlace utils works correctly licences mappers working correctly Checks that licences Images mapper works correctly" duration="0"/>
    <testCase name="Checks that marketPlace utils works correctly recommended apps mappers working correctly Checks that recommendedApps icons mapper works correctly" duration="1"/>
    <testCase name="Checks that marketPlace utils works correctly recommended apps mappers working correctly Checks that recommendedApps images mapper works correctly" duration="0"/>
    <testCase name="Checks that marketPlace utils works correctly explore apps mappers working correctly Checks that explore icons mapper works correctly" duration="1"/>
    <testCase name="Checks that marketPlace utils works correctly explore apps mappers working correctly Checks that exolore images mapper works correctly" duration="0"/>
    <testCase name="Checks that marketPlace utils works correctly related products mappers working correctly Checks that related products icons mapper works correctly" duration="0"/>
    <testCase name="Checks that marketPlace utils works correctly related products mappers working correctly Checks that related products images mapper works correctly" duration="0"/>
  </file>
  <file path="/runner/_work/MyVodafone-OneApp/MyVodafone-OneApp/libs/core/src/utils/Network/contracts/Shake/ActivateShakeOffers/ActivateShakeOffersContract.spec.ts">
    <testCase name="Test ActivateShakeOffersContract Resource expect not empty resource" duration="1"/>
    <testCase name="Test ActivateShakeOffersContract Checks GetShakeOffersContract values" duration="1"/>
    <testCase name="Test ActivateShakeOffersContract Checks GetShakeOffersContract SetParams" duration="0"/>
    <testCase name="Test ActivateShakeOffersContract Check transform response" duration="0"/>
    <testCase name="Test ActivateShakeOffersContract Check stubs value" duration="0"/>
  </file>
  <file path="/runner/_work/MyVodafone-OneApp/MyVodafone-OneApp/libs/core/src/features/Soho/BusinessOverviewFeature/HOCs/withAddOnUsersUpdate.spec.tsx">
    <testCase name="withAddOnUsersUpdate HOC should initialize state correctly" duration="4"/>
    <testCase name="withAddOnUsersUpdate HOC should update isButtonDisable state correctly when isUsersChanged is true and newAssignedUsers is not empty" duration="1"/>
    <testCase name="withAddOnUsersUpdate HOC should update isButtonDisable state correctly when isUsersChanged is false or newAssignedUsers is empty" duration="1"/>
  </file>
  <file path="/runner/_work/MyVodafone-OneApp/MyVodafone-OneApp/libs/core/src/Store/Slices/Soho/BusinessOverview/AddonsSlice.spec.ts">
    <testCase name="AddonsSlice clearAddonsData" duration="4"/>
    <testCase name="Thunks getAddonsData Thunk " duration="6"/>
    <testCase name="buyAddon should resolve when addon ID is not &quot;123&quot;" duration="0"/>
  </file>
  <file path="/runner/_work/MyVodafone-OneApp/MyVodafone-OneApp/libs/core/src/utils/Storage/Storage.spec.ts">
    <testCase name="Storage util class should get the value after set it with setItem method in default storage" duration="5"/>
    <testCase name="Storage util class should get the value after set it with setItem method in encrypted storage" duration="1"/>
    <testCase name="Storage util class should set item to default storage type" duration="0"/>
    <testCase name="Storage util class should set item to encrypted storage type" duration="0"/>
    <testCase name="Storage util class should remove item from default storage type" duration="0"/>
    <testCase name="Storage util class should remove item from encrypted storage type" duration="1"/>
    <testCase name="Storage util class should call resetKey for each encrypted key" duration="0"/>
  </file>
  <file path="/runner/_work/MyVodafone-OneApp/MyVodafone-OneApp/libs/core/src/utils/Network/contracts/CallMeBack/GetHistoryContract.spec.ts">
    <testCase name="Test GetHistoryContract Resource expect not empty resource" duration="2"/>
    <testCase name="Test GetHistoryContract Checks GetHistoryContract values" duration="1"/>
    <testCase name="Test GetHistoryContract Checks GetHistoryContract header values" duration="0"/>
    <testCase name="Test GetHistoryContract Checks GetHistoryContract SetParams" duration="0"/>
    <testCase name="Test GetHistoryContract Check transform response" duration="1"/>
    <testCase name="Test GetHistoryContract Check transform response if empty" duration="0"/>
    <testCase name="Test GetHistoryContract Check stubs value" duration="1"/>
  </file>
  <file path="/runner/_work/MyVodafone-OneApp/MyVodafone-OneApp/libs/core/src/features/Onboarding/Components/PermissionView.spec.tsx">
    <testCase name="Onboarding Permission View that PermissionView renders successfully" duration="1"/>
    <testCase name="Onboarding Permission View that customPermissionsHandling works as expected" duration="3"/>
  </file>
  <file path="/runner/_work/MyVodafone-OneApp/MyVodafone-OneApp/libs/core/src/features/HappyFeature/HappyFeature.spec.tsx">
    <testCase name="Happy feature should navigate to correct url on production" duration="10"/>
    <testCase name="Happy feature should navigate to correct url on staging" duration="3"/>
    <testCase name="Happy feature should happy Feature renders well" duration="2"/>
  </file>
  <file path="/runner/_work/MyVodafone-OneApp/MyVodafone-OneApp/libs/core/src/utils/Tenant/Tenant.spec.ts">
    <testCase name="Tenant Load default tenant correctly" duration="1"/>
    <testCase name="PhoneNumber Tentant utils removes correctly the country code from a phone number" duration="0"/>
    <testCase name="PhoneNumber Tentant utils add correctly the country code to a phone number" duration="1"/>
    <testCase name="PhoneNumber Tentant utils returns true when startWithCountry code is called with a country code phone number" duration="1"/>
    <testCase name="PhoneNumber Tentant utils should return true for a valid postal code" duration="0"/>
    <testCase name="PhoneNumber Tentant utils should return false for an invalid postal code" duration="1"/>
  </file>
  <file path="/runner/_work/MyVodafone-OneApp/MyVodafone-OneApp/libs/core/src/utils/CMS/contracts/frameworkAl/catalogue/CMSCatalogue.spec.ts">
    <testCase name="transformResponse transforms AxiosResponse into CatalogueData correctly" duration="2"/>
    <testCase name="Test CMSCatalogueContract resource expect not empty url" duration="1"/>
    <testCase name="Test CMSCatalogueContract resource expect return fullURL" duration="0"/>
    <testCase name="Test CMSCatalogueContract resource expect full path contains ;pathIdentifier" duration="0"/>
    <testCase name="Test CMSCatalogueContract params expect the queryParams of base contract to undefine" duration="0"/>
    <testCase name="Test CMSCatalogueContract params expect cmsCatalogueRequest will not empty when no parameter passed to param" duration="0"/>
    <testCase name="Test CMSCatalogueContract params expect cmsCatalogueRequest will contain key pathIdentifier" duration="1"/>
    <testCase name="Test CMSCatalogueContract stub should return bundleAndAddons stub" duration="0"/>
  </file>
  <file path="/runner/_work/MyVodafone-OneApp/MyVodafone-OneApp/libs/core/src/features/Soho/BusinessOverviewFeature/Usage/UsageALTab/UsageALTab.spec.tsx">
    <testCase name="UsageTab Component renders correctly" duration="68"/>
    <testCase name="UsageTab Component should not render UsersLisst when loading" duration="49"/>
    <testCase name="UsageTab Component should not render UsersLisst when there is an error" duration="11"/>
    <testCase name="UsageTab Component renders users list when not loading and no error" duration="53"/>
    <testCase name="UsageTab Component Should render ErrorScreen when error is true and is loading is false" duration="7"/>
  </file>
  <file path="/runner/_work/MyVodafone-OneApp/MyVodafone-OneApp/libs/core/src/utils/Network/contracts/TopUp/GenerateSecurityTokenContractPT/GenerateSecurityTokenContractPT.spec.ts">
    <testCase name="GenerateSecurityTokenContractPT should return the correct provider" duration="3"/>
    <testCase name="GenerateSecurityTokenContractPT should return the correct headers" duration="1"/>
    <testCase name="GenerateSecurityTokenContractPT should return the correct resource" duration="0"/>
    <testCase name="GenerateSecurityTokenContractPT should return the correct method" duration="0"/>
    <testCase name="GenerateSecurityTokenContractPT should return the correct auth type" duration="0"/>
    <testCase name="GenerateSecurityTokenContractPT should set the auth params correctly" duration="1"/>
    <testCase name="GenerateSecurityTokenContractPT should transform the response correctly" duration="2"/>
    <testCase name="GenerateSecurityTokenContractPT should return the correct stub" duration="0"/>
    <testCase name="GenerateSecurityTokenContractPT should set the auth params correctly via params method" duration="2"/>
  </file>
  <file path="/runner/_work/MyVodafone-OneApp/MyVodafone-OneApp/libs/core/src/utils/Network/contracts/Esim/GetBillingAccountContract/GetBillingAccountContract.spec.ts">
    <testCase name="Test GetBillingAccountContract Resource expect not empty resource" duration="3"/>
    <testCase name="Test GetBillingAccountContract Checks GetBillingAccountContract values" duration="1"/>
    <testCase name="Test GetBillingAccountContract Checks GetBillingAccountContract set resource params" duration="1"/>
    <testCase name="Test GetBillingAccountContract Check GetBillingAccountContract formateAndSetResourceParams" duration="2"/>
    <testCase name="Test GetBillingAccountContract Check transform response - value" duration="0"/>
    <testCase name="Test GetBillingAccountContract Check transform response - failed" duration="1"/>
    <testCase name="Test GetBillingAccountContract Check stubs value" duration="0"/>
  </file>
  <file path="/runner/_work/MyVodafone-OneApp/MyVodafone-OneApp/libs/core/src/utils/Network/contracts/DigitalAcquisition/Recommendation/GetAcquisitionRecommendationContract.spec.ts">
    <testCase name="Test GetAcquisitionRecommendationContract Resource expect not empty resource" duration="2"/>
    <testCase name="Test GetAcquisitionRecommendationContract Checks GetRecommendationContract values" duration="1"/>
    <testCase name="Test GetAcquisitionRecommendationContract Checks GetRecommendationContract SetParams" duration="0"/>
    <testCase name="Test GetAcquisitionRecommendationContract Check transform response" duration="2"/>
    <testCase name="Test GetAcquisitionRecommendationContract Check transform response if there are missing values" duration="0"/>
    <testCase name="Test GetAcquisitionRecommendationContract Check stubs value" duration="1"/>
  </file>
  <file path="/runner/_work/MyVodafone-OneApp/MyVodafone-OneApp/libs/core/src/services/CookieService/CookieServiceHelper.spec.ts">
    <testCase name="Helper getErrorCodeFromURL should get error code from response URL that have error" duration="1"/>
    <testCase name="Helper getErrorCodeFromURL should return null from response URL that have not error" duration="0"/>
    <testCase name="Helper prepareBodyParams should return bodyParam based on ENVIRONMENT_PROVIDER_TYPES" duration="1"/>
    <testCase name="Helper baseURL expect getBaseUrl on production" duration="5"/>
  </file>
  <file path="/runner/_work/MyVodafone-OneApp/MyVodafone-OneApp/libs/core/src/features/CallMeBack/CallMeBack.spec.tsx">
    <testCase name="CallMeBackFeature checks that CallMeBackFeature renders successfully" duration="6"/>
    <testCase name="CallMeBackFeature send call me back" duration="3"/>
    <testCase name="CallMeBackFeature send call me back error" duration="2"/>
    <testCase name="CallMeBackFeature send call me back network error" duration="3"/>
  </file>
  <file path="/runner/_work/MyVodafone-OneApp/MyVodafone-OneApp/libs/core/src/utils/Network/contracts/TopUp/GetPaymentCardsContractAL/GetPaymentCardsContractAl.spec.ts">
    <testCase name="check GetPaymentCardsContractAl returns the correct provider" duration="1"/>
    <testCase name="check GetPaymentCardsContractAl returns the correct resource" duration="0"/>
    <testCase name="check GetPaymentCardsContractAl returns the correct method" duration="1"/>
    <testCase name="check GetPaymentCardsContractAl returns the correct auth type" duration="0"/>
    <testCase name="check GetPaymentCardsContractAl sets auth params correctly" duration="1"/>
    <testCase name="check GetPaymentCardsContractAl sets resourceParam correctly" duration="0"/>
    <testCase name="check GetPaymentCardsContractAl returns the correct stubds" duration="0"/>
    <testCase name="check GetPaymentCardsContractAl transforms response correctly" duration="0"/>
  </file>
  <file path="/runner/_work/MyVodafone-OneApp/MyVodafone-OneApp/libs/core/src/utils/Network/contracts/Stories/GetStoriesContract.spec.ts">
    <testCase name="Stories Contract resource expected wiremock url when env is dev-stubs" duration="2"/>
    <testCase name="Stories Contract test api provider" duration="1"/>
    <testCase name="Stories Contract test api method" duration="0"/>
    <testCase name="Stories Contract test Headers" duration="0"/>
    <testCase name="Stories Contract should set vf-country-code with GROUP when Tenant.is returns false" duration="1"/>
    <testCase name="Stories Contract test queryParams" duration="0"/>
    <testCase name="Stories Contract test queryParams 2" duration="0"/>
  </file>
  <file path="/runner/_work/MyVodafone-OneApp/MyVodafone-OneApp/libs/core/src/utils/Network/contracts/Soho/ProfileManagement/Usage/PMUsageFilteredCategoriesContract.spec.ts">
    <testCase name="Usage filtered categories contract tests checks usage filtered categories contract values are correct" duration="2"/>
    <testCase name="Usage filtered categories contract tests checks that parameters are set correctly" duration="1"/>
    <testCase name="Usage filtered categories contract tests check stubs value when usageType Data" duration="0"/>
    <testCase name="Usage filtered categories contract tests check stubs value when usageType SMS" duration="0"/>
    <testCase name="Usage filtered categories contract tests check stubs value when usageType Calls" duration="0"/>
  </file>
  <file path="/runner/_work/MyVodafone-OneApp/MyVodafone-OneApp/libs/core/src/utils/Network/contracts/TopUp/AddNewCardContractPT/AddNewCardContractPT.spec.ts">
    <testCase name="AddNewCardContract returns the correct provider" duration="1"/>
    <testCase name="AddNewCardContract returns the correct headers" duration="1"/>
    <testCase name="AddNewCardContract returns the correct resource" duration="0"/>
    <testCase name="AddNewCardContract returns the correct method" duration="0"/>
    <testCase name="AddNewCardContract sets the correct params" duration="1"/>
    <testCase name="AddNewCardContract sets body params correctly" duration="0"/>
    <testCase name="AddNewCardContract transforms response correctly" duration="0"/>
    <testCase name="AddNewCardContract should return the correct stub" duration="1"/>
  </file>
  <file path="/runner/_work/MyVodafone-OneApp/MyVodafone-OneApp/libs/core/src/Store/Slices/AccountManagement/AccountManagementDataView/AccountManagementDataViewSlice.spec.ts">
    <testCase name="Thunks resetAccountManagementData" duration="3"/>
    <testCase name="Thunks getAccountManagementDataView return data successfuly " duration="3"/>
    <testCase name="Thunks getBillingAccountData throw failure" duration="2"/>
  </file>
  <file path="/runner/_work/MyVodafone-OneApp/MyVodafone-OneApp/libs/core/src/features/HomepageFeature/components/BackgroundLocationOverlayFeature/BackgroudLocationOverlayFeature.spec.tsx">
    <testCase name="BackgroundLocationOverlayFeature should not fail when calling BackgroundLocationOverlay props" duration="40"/>
  </file>
  <file path="/runner/_work/MyVodafone-OneApp/MyVodafone-OneApp/libs/core/src/Store/Slices/Soho/MyProfile/Addons/MyProfileAddOnsSlice.spec.ts">
    <testCase name="MyProfileAddOnsSlice clearAddonsData" duration="3"/>
    <testCase name="Thunks getMyProfileAddOnsData Thunk " duration="7"/>
    <testCase name="Thunks getMyProfileAddOnsData should resolve with correct payload" duration="4"/>
  </file>
  <file path="/runner/_work/MyVodafone-OneApp/MyVodafone-OneApp/libs/core/src/services/HighlightService/HighlightsService.spec.ts">
    <testCase name="Highlight service getHighlights should throw an error when there is an Error" duration="2"/>
    <testCase name="Highlight service getSohoHighlights should throw an error when there is an Error" duration="1"/>
    <testCase name="Highlight service getHighlights should throw an error when there is an NetworkError" duration="0"/>
    <testCase name="Highlight service getSohoHighlights should throw an error when there is an Network error" duration="0"/>
  </file>
  <file path="/runner/_work/MyVodafone-OneApp/MyVodafone-OneApp/libs/core/src/features/AccountManagementFeature/PrivacySettingsFeature/DataPreferencesFeature/section/DataPreferencesSection.spec.tsx">
    <testCase name="DataPreferencesSection renders section title and subtitle" duration="25"/>
    <testCase name="DataPreferencesSection renders section details" duration="10"/>
  </file>
  <file path="/runner/_work/MyVodafone-OneApp/MyVodafone-OneApp/libs/core/src/Store/Selectors/AccountManagementSelectors.spec.ts">
    <testCase name="AccountManagementSelectors should select billing accounts" duration="1"/>
    <testCase name="AccountManagementSelectors should select current active billing account" duration="1"/>
    <testCase name="AccountManagementSelectors should select current subscription" duration="0"/>
    <testCase name="AccountManagementSelectors should select current subscriber" duration="1"/>
  </file>
  <file path="/runner/_work/MyVodafone-OneApp/MyVodafone-OneApp/libs/core/src/utils/Network/contracts/Esim/GetEsimPricingContract/GetEsimPricingContract.spec.ts">
    <testCase name="Test GetEsimPricingContract Resource expect not empty resource" duration="2"/>
    <testCase name="Test GetEsimPricingContract Checks GetEsimPricingContract values" duration="1"/>
    <testCase name="Test GetEsimPricingContract Checks GetEsimPricingContract SetParams" duration="0"/>
    <testCase name="Test GetEsimPricingContract Check transform response - no price" duration="1"/>
    <testCase name="Test GetEsimPricingContract Check transform response - no pricing value" duration="0"/>
    <testCase name="Test GetEsimPricingContract Check transform response - no products" duration="0"/>
    <testCase name="Test GetEsimPricingContract Check transform response - invalid value" duration="1"/>
    <testCase name="Test GetEsimPricingContract Check transform response - value" duration="0"/>
    <testCase name="Test GetEsimPricingContract Check stubs value" duration="0"/>
  </file>
  <file path="/runner/_work/MyVodafone-OneApp/MyVodafone-OneApp/libs/core/src/features/ReferAFriend/Hooks/useCMSReferAFriend.spec.tsx">
    <testCase name="useCMSReferAFriendHook fetches refer a friend data from CMS and updates headings" duration="16"/>
    <testCase name="useCMSReferAFriendHook handles network errors" duration="3"/>
  </file>
  <file path="/runner/_work/MyVodafone-OneApp/MyVodafone-OneApp/libs/core/src/utils/Network/contracts/TopUp/UpdatePaymentMethodContractPT/UpdatePaymentMethodContractPT.spec.ts">
    <testCase name="AddRecurringTopup should return correct Provider" duration="1"/>
    <testCase name="AddRecurringTopup returns the correct resource" duration="0"/>
    <testCase name="AddRecurringTopup returns the correct method" duration="1"/>
    <testCase name="AddRecurringTopup sets auth params correctly" duration="0"/>
    <testCase name="AddRecurringTopup returns the correct stubs" duration="1"/>
    <testCase name="AddRecurringTopup returns the correct auth type" duration="0"/>
    <testCase name="AddRecurringTopup returns the correct headers" duration="0"/>
    <testCase name="AddRecurringTopup transforms response correctly" duration="0"/>
  </file>
  <file path="/runner/_work/MyVodafone-OneApp/MyVodafone-OneApp/libs/core/src/features/CatalogueFeature/hooks/useCMSCatalogue.spec.tsx">
    <testCase name="useCMSCatalogueHook fetches catalogue from CMS and updates descriptions data" duration="15"/>
    <testCase name="useCMSCatalogueHook handles network errors" duration="1"/>
  </file>
  <file path="/runner/_work/MyVodafone-OneApp/MyVodafone-OneApp/libs/core/src/features/DigitalAcquisition/Hooks/useCMSDigitalAcquisition.spec.tsx">
    <testCase name="useCMSCallMeBackHook fetches digital aquisition data from CMS and updates headings" duration="11"/>
    <testCase name="useCMSCallMeBackHook handles network errors" duration="3"/>
  </file>
  <file path="/runner/_work/MyVodafone-OneApp/MyVodafone-OneApp/libs/core/src/utils/CMS/contracts/frameworkAl/refill/CMSRefill.spec.ts">
    <testCase name="transformResponse transforms AxiosResponse into RefillData correctly" duration="2"/>
    <testCase name="Test CMSRefillContract resource expect not empty url" duration="0"/>
    <testCase name="Test CMSRefillContract resource expect return fullURL" duration="0"/>
    <testCase name="Test CMSRefillContract resource expect full path contains ;pathIdentifier" duration="0"/>
    <testCase name="Test CMSRefillContract params expect the queryParams of base contract to undefine" duration="0"/>
    <testCase name="Test CMSRefillContract params expect cmsRefillRequest will not empty when no parameter passed to param" duration="0"/>
    <testCase name="Test CMSRefillContract params expect cmsRefillRequest will contain key pathIdentifier" duration="1"/>
    <testCase name="Test CMSRefillContract stub should return Refill stub" duration="0"/>
  </file>
  <file path="/runner/_work/MyVodafone-OneApp/MyVodafone-OneApp/libs/core/src/services/PartyPermissionService/PartyPermissionService.spec.ts">
    <testCase name="Test PatchPartyPermissionContract resource expect not empty resource" duration="3"/>
    <testCase name="Test PatchPartyPermissionContract checks PatchPartyPermissionContract values" duration="2"/>
    <testCase name="Test PatchPartyPermissionContract checks PatchPartyPermissionContract SetParams" duration="2"/>
    <testCase name="Test PatchPartyPermissionContract transforms AxiosResponse into PaymentHistorySectionModel" duration="0"/>
    <testCase name="PartyPermission service getPartyPermissionData should throw an error when there is an Error" duration="1"/>
    <testCase name="PartyPermission service getPartyPermissionData should throw an error when there is an NetworkError" duration="1"/>
    <testCase name="PartyPermission service patchPartyPermissionData should throw an error when there is an Error" duration="1"/>
    <testCase name="PartyPermission service patchPartyPermissionData should throw an error when there is an NetworkError" duration="1"/>
  </file>
  <file path="/runner/_work/MyVodafone-OneApp/MyVodafone-OneApp/libs/core/src/features/TopUpFeature/Components/NewGiftee/NewGiftee.ie.spec.tsx">
    <testCase name="NewGiftee Component renders correctly" duration="46"/>
    <testCase name="NewGiftee Component validates phone number only after 5 digits" duration="26"/>
    <testCase name="NewGiftee Component validate if phonenumber exists in the Contact List" duration="19"/>
    <testCase name="NewGiftee Component validate that setPhoneNo is not called when phone length is 0" duration="18"/>
  </file>
  <file path="/runner/_work/MyVodafone-OneApp/MyVodafone-OneApp/libs/core/src/features/Soho/ProfileManagementFeature/Addons/BuyAddons/BuyAddons.spec.tsx">
    <testCase name="test profile management Buy Addons checks that profile management onPrimaryModalSuccessPress to call pop and dispatch" duration="37"/>
    <testCase name="test profile management Buy Addons check that profile management onPrimaryModalSuccessPress to call pop with 1" duration="15"/>
  </file>
  <file path="/runner/_work/MyVodafone-OneApp/MyVodafone-OneApp/libs/core/src/utils/Network/contracts/TopUp/SaveCardContractAL.spec.ts">
    <testCase name="check SaveCardContractAL returns the correct provider" duration="2"/>
    <testCase name="check SaveCardContractAL returns the correct headers" duration="1"/>
    <testCase name="check SaveCardContractAL returns the correct resource" duration="1"/>
    <testCase name="check SaveCardContractAL returns the correct method" duration="0"/>
    <testCase name="check SaveCardContractAL returns the correct auth type" duration="1"/>
    <testCase name="check SaveCardContractAL should set auth and body params" duration="4"/>
    <testCase name="check SaveCardContractAL transforms response correctly" duration="1"/>
  </file>
  <file path="/runner/_work/MyVodafone-OneApp/MyVodafone-OneApp/libs/core/src/Store/Slices/Soho/MyProfile/Addons/MyProfileAddOnsShopSlice.spec.ts">
    <testCase name="MyProfileAddOnsShopSlice clearAddonsShopData" duration="5"/>
    <testCase name="Thunks getMyProfileAddOnsShopData Thunk " duration="7"/>
    <testCase name="Thunks getMyProfileAddOnsShopData should resolve with correct payload" duration="6"/>
  </file>
  <file path="/runner/_work/MyVodafone-OneApp/MyVodafone-OneApp/libs/core/src/features/MyClubVivaFeature/MyClubViva.spec.tsx">
    <testCase name="My Club Viva Component should render successfully" duration="3"/>
    <testCase name="My Club Viva Component should render PointsCarousel successfully" duration="2"/>
    <testCase name="My Club Viva Component should render loyal points sections" duration="1"/>
    <testCase name="My Club Viva Component loyal points sections should be with length 5" duration="2"/>
    <testCase name="My Club Viva Component loyal point navigation should be called on press" duration="1"/>
    <testCase name="My Club Viva Component know more navigation should be called on press" duration="1"/>
  </file>
  <file path="/runner/_work/MyVodafone-OneApp/MyVodafone-OneApp/libs/core/src/utils/Network/contracts/TopUp/GetPayerAuthenticationTokenContractAL/GetPayerAuthenticationTokenAL.spec.ts">
    <testCase name="GetPayerAuthenticationTokenContractAL returns the correct provider" duration="1"/>
    <testCase name="GetPayerAuthenticationTokenContractAL returns the correct headers" duration="1"/>
    <testCase name="GetPayerAuthenticationTokenContractAL returns the correct resource" duration="0"/>
    <testCase name="GetPayerAuthenticationTokenContractAL returns the correct method" duration="0"/>
    <testCase name="GetPayerAuthenticationTokenContractAL sets bodyParams correctly" duration="1"/>
    <testCase name="GetPayerAuthenticationTokenContractAL returns the correct stubds" duration="0"/>
    <testCase name="GetPayerAuthenticationTokenContractAL transforms response correctly" duration="0"/>
  </file>
  <file path="/runner/_work/MyVodafone-OneApp/MyVodafone-OneApp/libs/core/src/features/HomepageFeature/helpers/helper.spec.ts">
    <testCase name="header icons should not display any icon in case loggedout" duration="2"/>
    <testCase name="header icons getHeaderIcons should be return more than one item in case logged in" duration="7"/>
    <testCase name="header icons HeaderSearchIcon should navigate to the search screen in case logged in" duration="1"/>
    <testCase name="header icons HeaderSearchIcon should not be there when isFeatureEnabled returns false in case of logged in" duration="1"/>
  </file>
  <file path="/runner/_work/MyVodafone-OneApp/MyVodafone-OneApp/libs/core/src/features/BillingPreferenceFeature/Sections/SortedBySection/SortedBySection.spec.tsx">
    <testCase name="SortedBy section should render successfully" duration="2"/>
    <testCase name="SortedBy section should behave correctlly on radio button press" duration="11"/>
  </file>
  <file path="/runner/_work/MyVodafone-OneApp/MyVodafone-OneApp/libs/core/src/utils/Network/contracts/DigitalAcquisition/Resource/AcquisitionResourceContract.spec.ts">
    <testCase name="Test GetAcquisitionRecommendationContract Resource expect not empty resource" duration="2"/>
    <testCase name="Test GetAcquisitionRecommendationContract Checks GetRecommendationContract values" duration="1"/>
    <testCase name="Test GetAcquisitionRecommendationContract Checks GetRecommendationContract SetParams" duration="3"/>
    <testCase name="Test GetAcquisitionRecommendationContract Check transform response" duration="0"/>
    <testCase name="Test GetAcquisitionRecommendationContract Check transform response for missing values" duration="1"/>
    <testCase name="Test GetAcquisitionRecommendationContract Check stubs value" duration="0"/>
  </file>
  <file path="/runner/_work/MyVodafone-OneApp/MyVodafone-OneApp/libs/core/src/features/AccountManagementFeature/OrdersFeature/RescheduleAppointmentJourny/RescheduleAppointmentJourny.spec.tsx">
    <testCase name="Orders Feature should render RescheduleTimeSlotJourny correctly" duration="17"/>
    <testCase name="Orders Feature should render contact correctly" duration="4"/>
    <testCase name="Orders Feature should render loading correctly" duration="3"/>
    <testCase name="Orders Feature should render success correctly" duration="2"/>
  </file>
  <file path="/runner/_work/MyVodafone-OneApp/MyVodafone-OneApp/libs/core/src/Store/Slices/Soho/BusinessOverview/AddonsUnAssignedUsersSlice.spec.ts">
    <testCase name="AddOnsUnAssignedUsers Slice clearUnAssignedUsers" duration="4"/>
    <testCase name="Thunks getAddOnsUnAssignedUsers thunk" duration="3"/>
  </file>
  <file path="/runner/_work/MyVodafone-OneApp/MyVodafone-OneApp/libs/core/src/Store/Slices/Esim/GetProfileSlice/GetProfileSlice.spec.ts">
    <testCase name="Thunks getProfile Thunk" duration="3"/>
    <testCase name="Thunks getProfile should resolve with correct data" duration="4"/>
    <testCase name="Thunks getProfile should handle rejection and update state accordingly" duration="23"/>
  </file>
  <file path="/runner/_work/MyVodafone-OneApp/MyVodafone-OneApp/libs/core/src/utils/CMS/contracts/purchase/CMSPurchaseContract.spec.ts">
    <testCase name="Test CMSPurchaseContract resource should return correct url" duration="1"/>
    <testCase name="Test CMSPurchaseContract resource should have full path (contains ;path)" duration="0"/>
    <testCase name="Test CMSPurchaseContract stub should return purchaseStubs" duration="0"/>
    <testCase name="Test CMSPurchaseContract queryParams of base contract should be undefined" duration="0"/>
    <testCase name="Test CMSPurchaseContract params of cmsPurchaseRequest should not be undefined when no parameter passed to params" duration="0"/>
    <testCase name="Test CMSPurchaseContract params of cmsPurchaseRequest should contain key path" duration="1"/>
    <testCase name="Test CMSPurchaseContract transformResponse should be defined" duration="0"/>
    <testCase name="Test CMSPurchaseContract froce stub to be truthy" duration="0"/>
  </file>
  <file path="/runner/_work/MyVodafone-OneApp/MyVodafone-OneApp/libs/core/src/Store/Slices/Soho/ProfileManagement/Plans/PMPlansSlice.spec.ts">
    <testCase name="PlansSlice clearPMPlansData" duration="8"/>
    <testCase name="Thunks getPMPlansData Thunk " duration="7"/>
    <testCase name="Thunks getPMPlansExtrasData Thunk " duration="1"/>
  </file>
  <file path="/runner/_work/MyVodafone-OneApp/MyVodafone-OneApp/libs/core/src/services/SummerPromoService/SummerPromoService.spec.tsx">
    <testCase name="SummerPromoService Returns get data response correctly" duration="3"/>
    <testCase name="SummerPromoService Returns get data error" duration="1"/>
    <testCase name="SummerPromoService Returns Send Summer Promo response correctly" duration="1"/>
    <testCase name="SummerPromoService Returns end Summer Promo error" duration="0"/>
  </file>
  <file path="/runner/_work/MyVodafone-OneApp/MyVodafone-OneApp/libs/core/src/features/HomepageFeature/components/TobiWebView/TobiWebView.pt.spec.tsx">
    <testCase name="TobiWebView Feature Should render TobiWebView correctly" duration="45"/>
    <testCase name="TobiWebView Feature should check on useCMSTobi function" duration="5"/>
  </file>
  <file path="/runner/_work/MyVodafone-OneApp/MyVodafone-OneApp/libs/core/src/Store/Slices/Soho/MyProfile/plans/MyPlansSlice.spec.ts">
    <testCase name="PlansSlice clearPlansData" duration="5"/>
    <testCase name="Thunks getPlansData Thunk " duration="9"/>
    <testCase name="Thunks getPlansExtrasData Thunk " duration="1"/>
  </file>
  <file path="/runner/_work/MyVodafone-OneApp/MyVodafone-OneApp/libs/core/src/Store/Slices/Soho/BusinessOverview/PlansSlice.spec.ts">
    <testCase name="PlansSlice clearPlansData" duration="7"/>
    <testCase name="Thunks getPlansData Thunk " duration="16"/>
    <testCase name="Thunks getPlansExtrasData Thunk " duration="2"/>
  </file>
  <file path="/runner/_work/MyVodafone-OneApp/MyVodafone-OneApp/libs/core/src/Store/Slices/ServiceBalance/ServiceBalanceSlice.spec.ts">
    <testCase name="Thunks Service Balance Thunk" duration="6"/>
    <testCase name="Thunks getServiceBalance should resolve with correct data" duration="9"/>
    <testCase name="Thunks getServiceBalance should handle rejection and update state accordingly" duration="69"/>
  </file>
  <file path="/runner/_work/MyVodafone-OneApp/MyVodafone-OneApp/libs/core/src/utils/Network/contracts/TopUp/GenerateTokenContractAL.spec.ts">
    <testCase name="check GenerateTokenContractAL returns the correct provider" duration="1"/>
    <testCase name="check GenerateTokenContractAL returns the correct headers" duration="0"/>
    <testCase name="check GenerateTokenContractAL returns the correct resource" duration="1"/>
    <testCase name="check GenerateTokenContractAL returns the correct method" duration="0"/>
    <testCase name="check GenerateTokenContractAL sets bodyParams correctly" duration="0"/>
    <testCase name="check GenerateTokenContractAL transforms response correctly" duration="0"/>
  </file>
  <file path="/runner/_work/MyVodafone-OneApp/MyVodafone-OneApp/libs/core/src/utils/Network/contracts/BankCards/IEPayG/WalletListContract/WalletListContractIE.spec.ts">
    <testCase name="WalletListContract returns the correct provider" duration="1"/>
    <testCase name="WalletListContract returns the corarect headers" duration="1"/>
    <testCase name="WalletListContract returns the correct resource" duration="0"/>
    <testCase name="WalletListContract returns the correct method" duration="1"/>
    <testCase name="WalletListContract returns the correct auth type" duration="0"/>
    <testCase name="WalletListContract sets the correct params" duration="0"/>
    <testCase name="WalletListContract transforms response correctly" duration="0"/>
    <testCase name="WalletListContract transforms response with return empty list when response data does not exist" duration="1"/>
    <testCase name="WalletListContract should return the correct stub" duration="0"/>
  </file>
  <file path="/runner/_work/MyVodafone-OneApp/MyVodafone-OneApp/libs/core/src/Store/Slices/DigitalAcquisition/AcquisitionOffersSlice.spec.ts">
    <testCase name="Thunks getOffers Thunk " duration="8"/>
    <testCase name="Thunks getOffers Thunk error" duration="4"/>
    <testCase name="Thunks selectOffer" duration="2"/>
    <testCase name="Thunks resetState" duration="3"/>
  </file>
  <file path="/runner/_work/MyVodafone-OneApp/MyVodafone-OneApp/libs/core/src/Store/Slices/Soho/MyProfile/Licences/MyLicencesSlice.spec.ts">
    <testCase name="MyLicencesSlice  clearMyLicencesData" duration="3"/>
    <testCase name="Thunks getMyLicencesData Thunk " duration="3"/>
    <testCase name="Thunks getMyLicencesData should resolve with correct payload" duration="4"/>
  </file>
  <file path="/runner/_work/MyVodafone-OneApp/MyVodafone-OneApp/libs/core/src/features/PayBillFeature/PayBillFeature.spec.tsx">
    <testCase name="PayBillFeature should onPressSaveCard works correctly" duration="2"/>
    <testCase name="PayBillFeature should be handlePressConfirmSelection works correctly" duration="1"/>
  </file>
  <file path="/runner/_work/MyVodafone-OneApp/MyVodafone-OneApp/libs/core/src/Store/Slices/Soho/BusinessOverview/LicencesSlice.spec.ts">
    <testCase name="LicencesSlice  clearLicencesData" duration="5"/>
    <testCase name="Thunks getLicencesData Thunk " duration="3"/>
    <testCase name="Thunks getLicencesData should resolve with correct payload" duration="8"/>
  </file>
  <file path="/runner/_work/MyVodafone-OneApp/MyVodafone-OneApp/libs/core/src/utils/Network/contracts/TopUp/AddNewCardGenerateTokenContractAL.spec.ts">
    <testCase name="AddNewCardGenerateTokenContract should return APIFactoryProvider as provider" duration="2"/>
    <testCase name="AddNewCardGenerateTokenContract should return &quot;vf-operator&quot; header and vf-api-version" duration="1"/>
    <testCase name="AddNewCardGenerateTokenContract should return correct resource" duration="1"/>
    <testCase name="AddNewCardGenerateTokenContract should return POST method" duration="0"/>
    <testCase name="AddNewCardGenerateTokenContract should set auth and body params" duration="0"/>
    <testCase name="AddNewCardGenerateTokenContract should transform response into AddNewCardGenerateTokenResponse" duration="2"/>
  </file>
  <file path="/runner/_work/MyVodafone-OneApp/MyVodafone-OneApp/libs/core/src/utils/Network/contracts/BankCards/IEPayM/PostGenerateWebViewContractIE.spec.ts">
    <testCase name="PostGenerateWebViewContractIE returns the correct provider" duration="1"/>
    <testCase name="PostGenerateWebViewContractIE returns the correct resource" duration="0"/>
    <testCase name="PostGenerateWebViewContractIE returns the correct method" duration="1"/>
    <testCase name="PostGenerateWebViewContractIE transforms response correctly" duration="0"/>
    <testCase name="PostGenerateWebViewContractIE transforms response with return empty list when response data does not exist" duration="1"/>
    <testCase name="PostGenerateWebViewContractIE should set authParams and bodyParams correctly when arg is provided with valid authData and bodyParams" duration="0"/>
  </file>
  <file path="/runner/_work/MyVodafone-OneApp/MyVodafone-OneApp/libs/core/src/features/Soho/MyProfileFeature/Addons/CancelAddons/SohoMyProfileCancelAddOn.spec.tsx">
    <testCase name="test MyProfileCancelAddOns check that AddonsDetails onQAConfirmPress executed successfully when QAmode = Cancel" duration="34"/>
  </file>
  <file path="/runner/_work/MyVodafone-OneApp/MyVodafone-OneApp/libs/core/src/Store/Slices/Soho/MyProfile/devices/MyDevicesSlice.spec.ts">
    <testCase name="MyDevicesSlice  clearMyDevicesData" duration="12"/>
    <testCase name="Thunks getMyDevicesData Thunk " duration="9"/>
    <testCase name="Thunks getMyDevicesData should resolve with correct payload" duration="11"/>
  </file>
  <file path="/runner/_work/MyVodafone-OneApp/MyVodafone-OneApp/libs/core/src/utils/Network/contracts/Soho/ProductSelector/GetSohoProductSelectorContract.spec.ts">
    <testCase name="Product selector contract provider should be of instance APIFactoryProvider" duration="1"/>
    <testCase name="Product selector contract should have the correct resource" duration="1"/>
    <testCase name="Product selector contract params expect invoke getAccountBillingParam when param contains billingAccountId " duration="0"/>
    <testCase name="Product selector contract params expect invoke getRelatedPartyIdParam when param contains relatedPartyId " duration="1"/>
    <testCase name="Product selector contract expect transformResponse to return expect stubs when use stubs" duration="0"/>
  </file>
  <file path="/runner/_work/MyVodafone-OneApp/MyVodafone-OneApp/libs/core/src/Store/Slices/Esim/GenerateOtpSlice/GenerateOtpSlice.spec.ts">
    <testCase name="Thunks generateOtp Thunk" duration="3"/>
    <testCase name="Thunks GenerateOtp should resolve with correct data" duration="4"/>
    <testCase name="Thunks GenerateOtp should handle rejection and update state accordingly" duration="22"/>
  </file>
  <file path="/runner/_work/MyVodafone-OneApp/MyVodafone-OneApp/libs/core/src/features/Soho/BillingFeature/analytics/BillingTracking.spec.ts">
    <testCase name="BillingTracking Should track click event" duration="1"/>
    <testCase name="BillingTracking Should track viewAllBills view" duration="0"/>
    <testCase name="BillingTracking Should track viewBillDetailsView View null" duration="0"/>
    <testCase name="BillingTracking Should track viewBillingErrorView View null" duration="0"/>
    <testCase name="BillingTracking Should track unPaidBillsView View null" duration="0"/>
  </file>
  <file path="/runner/_work/MyVodafone-OneApp/MyVodafone-OneApp/libs/core/src/features/Soho/ProfileManagementFeature/Addons/RemoveAddons/RemoveAddons.spec.tsx">
    <testCase name="test PMRemoveAddOnsFeature check that remove addon onQAConfirmPress executed successfully when QAmode = remove" duration="32"/>
  </file>
  <file path="/runner/_work/MyVodafone-OneApp/MyVodafone-OneApp/libs/core/src/features/Soho/MyProfileFeature/Addons/RemoveAddons/SohoMyProfileRemoveAddOn.spec.tsx">
    <testCase name="test MyProfileRemoveAddOns check that AddonsDetails onQAConfirmPress executed successfully when QAmode = remove" duration="29"/>
  </file>
  <file path="/runner/_work/MyVodafone-OneApp/MyVodafone-OneApp/libs/core/src/Store/Slices/Esim/GetSimOrderSlice/GetSimOrderSlice.spec.ts">
    <testCase name="Thunks getSimOrder Thunk" duration="5"/>
    <testCase name="Thunks getSimOrder should resolve with correct data" duration="9"/>
    <testCase name="Thunks getSimOrder should handle rejection and update state accordingly" duration="3"/>
  </file>
  <file path="/runner/_work/MyVodafone-OneApp/MyVodafone-OneApp/libs/core/src/utils/Network/contracts/TopUp/UpdatePaymentContractPT/updatePaymentContractPT.spec.ts">
    <testCase name="AddRecurringTopup should return correct Provider" duration="1"/>
    <testCase name="AddRecurringTopup returns the correct resource" duration="1"/>
    <testCase name="AddRecurringTopup returns the correct method" duration="0"/>
    <testCase name="AddRecurringTopup sets auth params correctly" duration="1"/>
    <testCase name="AddRecurringTopup returns the correct stubs" duration="0"/>
    <testCase name="AddRecurringTopup returns the correct headers" duration="0"/>
    <testCase name="AddRecurringTopup transforms response correctly" duration="1"/>
  </file>
  <file path="/runner/_work/MyVodafone-OneApp/MyVodafone-OneApp/libs/core/src/utils/Network/contracts/TopUp/InitSessionTopUpContractIE/InitSessionTopUpContractIE.spec.ts">
    <testCase name="InitSessionTopUpContract returns the correct provider" duration="2"/>
    <testCase name="InitSessionTopUpContract returns the correct resource" duration="0"/>
    <testCase name="InitSessionTopUpContract returns the correct headers" duration="0"/>
    <testCase name="InitSessionTopUpContract returns the correct method" duration="0"/>
    <testCase name="InitSessionTopUpContract returns the correct auth type" duration="1"/>
    <testCase name="InitSessionTopUpContract sets query params correctly" duration="0"/>
    <testCase name="InitSessionTopUpContract sets cookie" duration="0"/>
    <testCase name="InitSessionTopUpContract returns the correct stubds" duration="1"/>
    <testCase name="InitSessionTopUpContract transforms response correctly" duration="0"/>
  </file>
  <file path="/runner/_work/MyVodafone-OneApp/MyVodafone-OneApp/libs/core/src/features/YornParnership/Components/ReceiveBySMSConfirmation/ReceiveBySMSConfirmation.spec.tsx">
    <testCase name="ReceiveBySMSConfirmation component should render loading screen initially successfully" duration="21"/>
    <testCase name="ReceiveBySMSConfirmation component should receive props correctly" duration="3"/>
    <testCase name="ReceiveBySMSConfirmation component should render error screen with buttons" duration="6"/>
  </file>
  <file path="/runner/_work/MyVodafone-OneApp/MyVodafone-OneApp/libs/core/src/Store/Slices/Esim/GetIccidSlice/GetIccidSlice.spec.ts">
    <testCase name="Thunks getIccid Thunk" duration="3"/>
    <testCase name="Thunks GetIccid should resolve with correct data" duration="4"/>
    <testCase name="Thunks GetIccid should handle rejection and update state accordingly" duration="30"/>
  </file>
  <file path="/runner/_work/MyVodafone-OneApp/MyVodafone-OneApp/libs/core/src/Store/Slices/Esim/ValidateOtpSlice/ValidateOtpSlice.spec.ts">
    <testCase name="Thunks validateOtp Thunk" duration="3"/>
    <testCase name="Thunks validateOtp should resolve with correct data" duration="3"/>
    <testCase name="Thunks validateOtp should handle rejection and update state accordingly" duration="23"/>
  </file>
  <file path="/runner/_work/MyVodafone-OneApp/MyVodafone-OneApp/libs/core/src/utils/Network/contracts/TopUp/TopUpViaATMContractPT/TopUpviaATMContractPT.spec.ts">
    <testCase name="TopUpviaATMContract returns the correct provider" duration="1"/>
    <testCase name="TopUpviaATMContract returns the correct headers" duration="1"/>
    <testCase name="TopUpviaATMContract returns the correct resource" duration="0"/>
    <testCase name="TopUpviaATMContract returns the correct method" duration="0"/>
    <testCase name="TopUpviaATMContract sets the correct params" duration="1"/>
    <testCase name="TopUpviaATMContract sets body params correctly" duration="0"/>
    <testCase name="TopUpviaATMContract transforms response correctly" duration="0"/>
    <testCase name="TopUpviaATMContract should return the correct stub" duration="0"/>
  </file>
  <file path="/runner/_work/MyVodafone-OneApp/MyVodafone-OneApp/libs/core/src/utils/CMS/contracts/esim/CMSEsimContract.spec.ts">
    <testCase name="Test CMSEsimContract resource should not have empty url" duration="1"/>
    <testCase name="Test CMSEsimContract resource should return full url" duration="0"/>
    <testCase name="Test CMSEsimContract resource should have full path (contains ;path)" duration="0"/>
    <testCase name="Test CMSEsimContract stub should return EsimStubs" duration="0"/>
    <testCase name="Test CMSEsimContract queryParams of base contract should be undefined" duration="1"/>
    <testCase name="Test CMSEsimContract params of cmsEsimRequest should not be undefined when no parameter passed to params" duration="0"/>
    <testCase name="Test CMSEsimContract params of cmsEsimRequest should contain key path" duration="0"/>
    <testCase name="Test CMSEsimContract transformResponse should be defined" duration="1"/>
  </file>
  <file path="/runner/_work/MyVodafone-OneApp/MyVodafone-OneApp/libs/core/src/features/ConvergedPurchaseFeature/components/Booking.spec.tsx">
    <testCase name="Yorn Partnership Feature should render successfully" duration="18"/>
    <testCase name="Yorn Partnership Feature should navigate to eshop" duration="6"/>
    <testCase name="Yorn Partnership Feature should navigate to homepage" duration="3"/>
    <testCase name="Yorn Partnership Feature should show the calendar if the phone number is valid" duration="8"/>
    <testCase name="Yorn Partnership Feature should show an error if the phone number is invalid" duration="6"/>
  </file>
  <file path="/runner/_work/MyVodafone-OneApp/MyVodafone-OneApp/libs/core/src/Store/Slices/Pega/PegaSlice.spec.ts">
    <testCase name="Thunks Pega Thunk" duration="4"/>
    <testCase name="Thunks getPegaData should resolve with correct data" duration="4"/>
    <testCase name="Thunks getPegaData should handle rejection and update state accordingly" duration="22"/>
  </file>
  <file path="/runner/_work/MyVodafone-OneApp/MyVodafone-OneApp/libs/core/src/utils/Network/contracts/Esim/GetSimOrderContract/GetSimOrderContract.spec.ts">
    <testCase name="Test GetSimOrderContract Resource expect not empty resource" duration="2"/>
    <testCase name="Test GetSimOrderContract Checks GetSimOrderContract values" duration="1"/>
    <testCase name="Test GetSimOrderContract Checks GetSimOrderContract set resource params" duration="0"/>
    <testCase name="Test GetSimOrderContract Check GetSimOrderContract formateAndSetResourceParams" duration="1"/>
    <testCase name="Test GetSimOrderContract Check transform response" duration="0"/>
    <testCase name="Test GetSimOrderContract Check stubs value" duration="1"/>
  </file>
  <file path="/runner/_work/MyVodafone-OneApp/MyVodafone-OneApp/libs/core/src/services/OrdersService/OrdersService.spec.ts">
    <testCase name="OrdersService returns all orders data correctly" duration="2"/>
    <testCase name="OrdersService should getAllOrders throw an error when there is an error" duration="0"/>
    <testCase name="OrdersService returns update time schedule item data correctly" duration="1"/>
    <testCase name="OrdersService should updateTimeSchedule throw an error when there is an error" duration="0"/>
  </file>
  <file path="/runner/_work/MyVodafone-OneApp/MyVodafone-OneApp/libs/core/src/utils/Network/contracts/Purchase/AddressDetails/GetFloorNumber/GetFloorNumberContract.spec.ts">
    <testCase name="Test GetFloorNumberContract Resource expect empty resource" duration="2"/>
    <testCase name="Test GetFloorNumberContract Checks GetFloorNumberContract values" duration="3"/>
    <testCase name="Test GetFloorNumberContract Checks GetFloorNumberContract set resource params" duration="0"/>
    <testCase name="Test GetFloorNumberContract Check GetFloorNumberContract setBodyParams" duration="1"/>
    <testCase name="Test GetFloorNumberContract Check transform response - failed" duration="0"/>
    <testCase name="Test GetFloorNumberContract Check stubs value" duration="0"/>
  </file>
  <file path="/runner/_work/MyVodafone-OneApp/MyVodafone-OneApp/libs/core/src/utils/Network/contracts/Purchase/AddressDetails/GetStreetList/GetStreetListContract.spec.ts">
    <testCase name="Test GetStreetListContract Resource expect empty resource" duration="2"/>
    <testCase name="Test GetStreetListContract Checks GetStreetListContract values" duration="2"/>
    <testCase name="Test GetStreetListContract Checks GetStreetListContract set resource params" duration="1"/>
    <testCase name="Test GetStreetListContract Check GetStreetListContract setBodyParams" duration="1"/>
    <testCase name="Test GetStreetListContract Check transform response - failed" duration="1"/>
    <testCase name="Test GetStreetListContract Check stubs value" duration="1"/>
  </file>
  <file path="/runner/_work/MyVodafone-OneApp/MyVodafone-OneApp/libs/core/src/Store/Slices/BillMovement/BillMovementSlice.spec.ts">
    <testCase name="BillMovement Slice Thunks getBillMovementData Thunk " duration="3"/>
    <testCase name="BillMovement Slice Thunks getBillMovementData should resolve with correct data" duration="4"/>
    <testCase name="BillMovement Slice Thunks getBillMovementData should handle rejection and update state accordingly" duration="22"/>
  </file>
  <file path="/runner/_work/MyVodafone-OneApp/MyVodafone-OneApp/libs/core/src/utils/Network/contracts/TopUp/SaveCardGenerateTokenContract.spec.ts">
    <testCase name="check SaveCardGenerateTokenAL returns the correct provider" duration="1"/>
    <testCase name="check SaveCardGenerateTokenAL returns the correct headers" duration="1"/>
    <testCase name="check SaveCardGenerateTokenAL returns the correct resource" duration="0"/>
    <testCase name="check SaveCardGenerateTokenAL returns the correct method" duration="0"/>
    <testCase name="check SaveCardGenerateTokenAL should set auth and body params" duration="1"/>
    <testCase name="check SaveCardGenerateTokenAL transforms response correctly" duration="0"/>
  </file>
  <file path="/runner/_work/MyVodafone-OneApp/MyVodafone-OneApp/libs/core/src/features/Soho/ProfileManagementFeature/Addons/AddonsShop/AddonsShop.spec.tsx">
    <testCase name="test profile management AddOnsShop check that profile management AddonsShop handelOnItemPress executed successfully" duration="273"/>
    <testCase name="test profile management AddOnsShop checks that profile management UsageUserGraphs rendered successfully" duration="17"/>
  </file>
  <file path="/runner/_work/MyVodafone-OneApp/MyVodafone-OneApp/libs/core/src/features/AccountManagementFeature/LegalInformationFeature/LegalInformationFeature.spec.tsx">
    <testCase name="LegalInformationFeature should render correctly" duration="1"/>
    <testCase name="LegalInformationFeature shoulde call navigate to with other Tenant deeplink" duration="3"/>
    <testCase name="LegalInformationFeature should set button title with empty-string when CMS title undefined" duration="0"/>
  </file>
  <file path="/runner/_work/MyVodafone-OneApp/MyVodafone-OneApp/libs/core/src/utils/Network/contracts/Roaming/GetRoamingOffers/GetRoamingCategoryOffers.spec.ts">
    <testCase name="Test GetRoamingCategoryOffers Resource expect not empty resource" duration="2"/>
    <testCase name="Test GetRoamingCategoryOffers Checks GetRoamingCategoryOffers values" duration="1"/>
    <testCase name="Test GetRoamingCategoryOffers Checks GetRoamingCategoryOffers SetParams" duration="2"/>
    <testCase name="Test GetRoamingCategoryOffers Check transform response" duration="1"/>
    <testCase name="Test GetRoamingCategoryOffers Check stubs value" duration="0"/>
  </file>
  <file path="/runner/_work/MyVodafone-OneApp/MyVodafone-OneApp/libs/core/src/utils/Network/contracts/TopUp/AddRecurringTopupContractIE/AddRecurringTopupContractIE.spec.ts">
    <testCase name="AddRecurringTopup should return correct Provider" duration="2"/>
    <testCase name="AddRecurringTopup returns the correct headers" duration="1"/>
    <testCase name="AddRecurringTopup returns the correct resource" duration="1"/>
    <testCase name="AddRecurringTopup returns the correct method" duration="0"/>
    <testCase name="AddRecurringTopup returns the correct auth type" duration="1"/>
    <testCase name="AddRecurringTopup sets auth params correctly" duration="4"/>
    <testCase name="AddRecurringTopup returns the correct stubs" duration="0"/>
    <testCase name="AddRecurringTopup transforms response correctly" duration="1"/>
  </file>
  <file path="/runner/_work/MyVodafone-OneApp/MyVodafone-OneApp/libs/core/src/utils/Network/contracts/DigitalAcquisition/Individual/AcquisitionGetCostumerContract.spec.ts">
    <testCase name="Test AcquisitionGetCostumerContract Resource expect not empty resource" duration="1"/>
    <testCase name="Test AcquisitionGetCostumerContract Checks AcquisitionGetCostumerContract values" duration="1"/>
    <testCase name="Test AcquisitionGetCostumerContract Checks AcquisitionGetCostumerContract SetParams" duration="1"/>
    <testCase name="Test AcquisitionGetCostumerContract Check transform response" duration="0"/>
    <testCase name="Test AcquisitionGetCostumerContract Check stubs value" duration="0"/>
  </file>
  <file path="/runner/_work/MyVodafone-OneApp/MyVodafone-OneApp/libs/core/src/features/Soho/BusinessOverviewFeature/Addons/AddonsShop/AddonsShop.spec.tsx">
    <testCase name="test AddOnsShop checks that UsageUserGraphs rendered successfully" duration="314"/>
    <testCase name="test AddOnsShop check that AddonsShop handelOnItemPress executed successfully" duration="15"/>
  </file>
  <file path="/runner/_work/MyVodafone-OneApp/MyVodafone-OneApp/libs/core/src/utils/Network/contracts/TopUp/CompleteTopUpChallengeContractIE.spec.ts">
    <testCase name="CompleteTopUpChallengeContract returns the correct provider" duration="4"/>
    <testCase name="CompleteTopUpChallengeContract returns the correct headers" duration="1"/>
    <testCase name="CompleteTopUpChallengeContract returns the correct resource" duration="0"/>
    <testCase name="CompleteTopUpChallengeContract returns the correct method" duration="0"/>
    <testCase name="CompleteTopUpChallengeContract returns the correct auth type" duration="0"/>
    <testCase name="CompleteTopUpChallengeContract sets the correct params" duration="0"/>
    <testCase name="CompleteTopUpChallengeContract transforms response correctly" duration="1"/>
  </file>
  <file path="/runner/_work/MyVodafone-OneApp/MyVodafone-OneApp/libs/core/src/utils/Network/contracts/Esim/ValidateOtpContract/ValidateOtpContract.spec.ts">
    <testCase name="Test ValidateOtpContract Resource expect not empty resource" duration="2"/>
    <testCase name="Test ValidateOtpContract Checks ValidateOtpContract values" duration="1"/>
    <testCase name="Test ValidateOtpContract Checks ValidateOtpContract SetParams" duration="0"/>
    <testCase name="Test ValidateOtpContract Check transform response" duration="1"/>
    <testCase name="Test ValidateOtpContract Check stubs value" duration="0"/>
  </file>
  <file path="/runner/_work/MyVodafone-OneApp/MyVodafone-OneApp/libs/core/src/features/Esim/utils/index.spec.ts">
    <testCase name="Esim utils getDataErrors to return as expected" duration="6"/>
  </file>
  <file path="/runner/_work/MyVodafone-OneApp/MyVodafone-OneApp/libs/core/src/utils/Network/contracts/Purchase/AddressDetails/GetFlatNumber/GetFlatNumberContract.spec.ts">
    <testCase name="Test GetFlatNumberContract Resource expect empty resource" duration="3"/>
    <testCase name="Test GetFlatNumberContract Checks GetFlatNumberContract values" duration="0"/>
    <testCase name="Test GetFlatNumberContract Checks GetFlatNumberContract set resource params" duration="0"/>
    <testCase name="Test GetFlatNumberContract Check GetFlatNumberContract setBodyParams" duration="2"/>
    <testCase name="Test GetFlatNumberContract Check transform response - failed" duration="1"/>
    <testCase name="Test GetFlatNumberContract Check stubs value" duration="0"/>
  </file>
  <file path="/runner/_work/MyVodafone-OneApp/MyVodafone-OneApp/libs/core/src/features/AccountManagementFeature/PrivacySettingsFeature/VodafoneHappyProgramFeature/VodafoneHappyProgramFeature.spec.tsx">
    <testCase name="VodafoneHappyProgramFeature should change View and Modal with no errors" duration="81"/>
  </file>
  <file path="/runner/_work/MyVodafone-OneApp/MyVodafone-OneApp/libs/core/src/services/Soho/Billing/BillSummaryService.spec.ts">
    <testCase name="soho BillSummaryService soho BillSummaryService fulfilled" duration="2"/>
    <testCase name="soho BillSummaryService soho BillSummaryService reject with not instanceof NetworkError " duration="1"/>
    <testCase name="soho BillSummaryService soho BillSummaryService reject with instanceof NetworkError " duration="0"/>
  </file>
  <file path="/runner/_work/MyVodafone-OneApp/MyVodafone-OneApp/libs/core/src/utils/BankCardsProvider/HelperIEPayM.spec.ts">
    <testCase name="BankCardsProviderHelperIEPayM should return default generate webview params for add card scenario" duration="1"/>
    <testCase name="BankCardsProviderHelperIEPayM should return default generate webview params for select card scenario" duration="0"/>
    <testCase name="BankCardsProviderHelperIEPayM should return generate webview params for add card scenario" duration="0"/>
    <testCase name="BankCardsProviderHelperIEPayM should return generate webview params for select card scenario" duration="0"/>
  </file>
  <file path="/runner/_work/MyVodafone-OneApp/MyVodafone-OneApp/libs/core/src/utils/Network/contracts/BankCards/IEPayM/ProcessPaymentTokenContractIE.spec.ts">
    <testCase name="ProcessPaymentTokenContractIE returns the correct provider" duration="3"/>
    <testCase name="ProcessPaymentTokenContractIE returns the correct resource" duration="1"/>
    <testCase name="ProcessPaymentTokenContractIE returns the correct method" duration="0"/>
    <testCase name="ProcessPaymentTokenContractIE transforms response correctly" duration="1"/>
    <testCase name="ProcessPaymentTokenContractIE transforms response with return empty list when response data does not exist" duration="0"/>
    <testCase name="ProcessPaymentTokenContractIE should set authParams and bodyParams correctly when arg is provided with valid authData and bodyParams" duration="0"/>
  </file>
  <file path="/runner/_work/MyVodafone-OneApp/MyVodafone-OneApp/libs/core/src/features/Nac/Components/ErrorOverlay.spec.tsx">
    <testCase name="ErrorOverlay show and hide methods through ref" duration="29"/>
    <testCase name="ErrorOverlay should render overlayTitle text" duration="37"/>
    <testCase name="ErrorOverlay should render description text" duration="26"/>
    <testCase name="ErrorOverlay should render title text" duration="26"/>
    <testCase name="ErrorOverlay should handle when click hide" duration="25"/>
  </file>
  <file path="/runner/_work/MyVodafone-OneApp/MyVodafone-OneApp/libs/core/src/services/BillSummary/BillSummaryServices.spec.ts">
    <testCase name="BillSummaryService BillSummaryService fulfilled" duration="3"/>
    <testCase name="BillSummaryService BillSummaryService reject with not instanceof NetworkError " duration="0"/>
    <testCase name="BillSummaryService BillSummaryService reject with instanceof NetworkError " duration="1"/>
  </file>
  <file path="/runner/_work/MyVodafone-OneApp/MyVodafone-OneApp/libs/core/src/utils/Network/contracts/CookieSolution/IECookieContract/GetIECookieContract.spec.ts">
    <testCase name="GetIECookie should return correct Provider" duration="1"/>
    <testCase name="GetIECookie returns the correct headers" duration="2"/>
    <testCase name="GetIECookie returns the correct resource" duration="0"/>
    <testCase name="GetIECookie returns the correct method" duration="0"/>
    <testCase name="GetIECookie sets auth params correctly" duration="1"/>
    <testCase name="GetIECookie transforms response correctly" duration="0"/>
  </file>
  <file path="/runner/_work/MyVodafone-OneApp/MyVodafone-OneApp/libs/core/src/utils/GlobalModalHandler/GlobalModalProvider.spec.tsx">
    <testCase name="GlobalModalProvider should be defined" duration="7"/>
    <testCase name="GlobalModalProvider should show or hide modal globally" duration="29"/>
  </file>
  <file path="/runner/_work/MyVodafone-OneApp/MyVodafone-OneApp/libs/core/src/utils/Network/contracts/PartyPermission/PATCH/PatchPartyPermission.spec.tsx">
    <testCase name="Test PatchPartyPermissionContract resource expect not empty resource" duration="1"/>
    <testCase name="Test PatchPartyPermissionContract checks PatchPartyPermissionContract values" duration="0"/>
    <testCase name="Test PatchPartyPermissionContract checks PatchPartyPermissionContract SetParams" duration="1"/>
    <testCase name="Test PatchPartyPermissionContract transforms AxiosResponse into PaymentHistorySectionModel" duration="0"/>
  </file>
  <file path="/runner/_work/MyVodafone-OneApp/MyVodafone-OneApp/libs/core/src/utils/Network/contracts/PartyPermission/GET/PartyPermission.spec.tsx">
    <testCase name="Test GetPartyPermissionContract resource expect not empty resource" duration="2"/>
    <testCase name="Test GetPartyPermissionContract checks GetPartyPermissionContract values" duration="2"/>
    <testCase name="Test GetPartyPermissionContract checks GetPartyPermissionContract SetParams" duration="1"/>
    <testCase name="Test GetPartyPermissionContract check stubs value" duration="0"/>
    <testCase name="Test GetPartyPermissionContract transforms AxiosResponse into GetPartyPermissionModel " duration="1"/>
  </file>
  <file path="/runner/_work/MyVodafone-OneApp/MyVodafone-OneApp/libs/core/src/utils/Network/contracts/Roaming/GetServicesAndDataCap/GetServicesAndDataCap.spec.ts">
    <testCase name="Test GetServicesAndDataCap Resource expect not empty resource" duration="1"/>
    <testCase name="Test GetServicesAndDataCap Checks GetServicesAndDataCap values" duration="0"/>
    <testCase name="Test GetServicesAndDataCap Check transform response" duration="1"/>
    <testCase name="Test GetServicesAndDataCap Check stubs value" duration="0"/>
  </file>
  <file path="/runner/_work/MyVodafone-OneApp/MyVodafone-OneApp/libs/core/src/utils/Network/contracts/TopUp/GetPaymentMethodsContractPT/GetPaymentMethodsContractPT.spec.ts">
    <testCase name="GetPaymentMethodsContractPT returns the correct provider" duration="1"/>
    <testCase name="GetPaymentMethodsContractPT returns the correct headers" duration="1"/>
    <testCase name="GetPaymentMethodsContractPT returns the correct resource" duration="0"/>
    <testCase name="GetPaymentMethodsContractPT returns the correct method" duration="0"/>
    <testCase name="GetPaymentMethodsContractPT sets queryParams correctly" duration="0"/>
    <testCase name="GetPaymentMethodsContractPT expect isParamsSerializerEncoded is falsy" duration="0"/>
    <testCase name="GetPaymentMethodsContractPT returns the correct stubds" duration="0"/>
    <testCase name="GetPaymentMethodsContractPT transforms response correctly" duration="1"/>
  </file>
  <file path="/runner/_work/MyVodafone-OneApp/MyVodafone-OneApp/libs/core/src/Store/Slices/Esim/SubmitSimOrderSlice/SubmitSimOrderSlice.spec.ts">
    <testCase name="SubmitSimOrderSlice submitSimOrder should resolve correct types" duration="3"/>
    <testCase name="SubmitSimOrderSlice submitSimOrder should resolve fulfilled with correct data" duration="3"/>
    <testCase name="SubmitSimOrderSlice submitSimOrder should be rejected and update state accordingly" duration="36"/>
  </file>
  <file path="/runner/_work/MyVodafone-OneApp/MyVodafone-OneApp/libs/core/src/utils/Network/contracts/accountManagement/GetSubscriptionsListContract.spec.ts">
    <testCase name="GetSubscriptionsListContract should return apiFactoryProvider as provider" duration="1"/>
    <testCase name="GetSubscriptionsListContract should return correct resource" duration="1"/>
    <testCase name="GetSubscriptionsListContract should return POST method" duration="0"/>
    <testCase name="GetSubscriptionsListContract should return correct headers" duration="1"/>
    <testCase name="GetSubscriptionsListContract should transform response into SubscriptionsListResponse" duration="0"/>
    <testCase name="GetSubscriptionsListContract should stub return stub json" duration="0"/>
    <testCase name="GetSubscriptionsListContract should params works fine" duration="0"/>
  </file>
  <file path="/runner/_work/MyVodafone-OneApp/MyVodafone-OneApp/libs/core/src/utils/Network/contracts/Soho/BusinessOverview/Plans/AddUsagePaymentContract.spec.ts">
    <testCase name="Test AddUsagePaymentContract resource expect not empty resource" duration="1"/>
    <testCase name="Test AddUsagePaymentContract checks AddUsagePaymentContract values" duration="4"/>
    <testCase name="Test AddUsagePaymentContract checks AddUsagePaymentContract SetParams" duration="1"/>
  </file>
  <file path="/runner/_work/MyVodafone-OneApp/MyVodafone-OneApp/libs/core/src/features/SurveyTray/SurveyTray.spec.tsx">
    <testCase name="SurveyTray ahould render correctly" duration="39"/>
    <testCase name="SurveyTray should show deep link when press on Take Survey" duration="14"/>
    <testCase name="SurveyTray should render labels correclty" duration="13"/>
  </file>
  <file path="/runner/_work/MyVodafone-OneApp/MyVodafone-OneApp/libs/core/src/utils/Network/contracts/WhatsNew/GetNewsFeedContract.spec.ts">
    <testCase name="Whats new Contract resource expected wiremock url when env is dev-stubs" duration="1"/>
    <testCase name="Whats new Contract resource expected pre-production url when env is pre-production" duration="0"/>
    <testCase name="Whats new Contract test api provider" duration="1"/>
    <testCase name="Whats new Contract test api method" duration="0"/>
    <testCase name="Whats new Contract test Headers" duration="0"/>
    <testCase name="Whats new Contract tests queryParams" duration="1"/>
  </file>
  <file path="/runner/_work/MyVodafone-OneApp/MyVodafone-OneApp/libs/core/src/utils/Network/contracts/TopUp/AddGifteeContractIE/AddGifteeAccountContractIE.spec.ts">
    <testCase name="AddGifteeAccount IE8 should return correct Provider" duration="1"/>
    <testCase name="AddGifteeAccount IE8 returns the correct headers" duration="0"/>
    <testCase name="AddGifteeAccount IE8 returns the correct resource" duration="0"/>
    <testCase name="AddGifteeAccount IE8 returns the correct method" duration="0"/>
    <testCase name="AddGifteeAccount IE8 returns the correct auth type" duration="3"/>
    <testCase name="AddGifteeAccount IE8 sets auth params correctly" duration="1"/>
    <testCase name="AddGifteeAccount IE8 returns the correct stubs" duration="0"/>
    <testCase name="AddGifteeAccount IE8 transforms response correctly" duration="0"/>
  </file>
  <file path="/runner/_work/MyVodafone-OneApp/MyVodafone-OneApp/libs/core/src/features/PayBillFeature/Components/AdyenCheckoutProvider.spec.tsx">
    <testCase name="AdyenCheckoutProvider ChildrenComponent, renders children and sets adyenCheckoutRef" duration="10"/>
    <testCase name="AdyenCheckoutProvider AdyenCheckoutProvider, render successfully " duration="2"/>
  </file>
  <file path="/runner/_work/MyVodafone-OneApp/MyVodafone-OneApp/libs/core/src/utils/Network/contracts/TopUp/CompleteRecurringTopUpChallengeContractIE/CompleteRecurringTopUpChallengeContractIE.spec.ts">
    <testCase name="CompleteTopUpChallengeContract returns the correct provider" duration="2"/>
    <testCase name="CompleteTopUpChallengeContract returns the correct headers" duration="1"/>
    <testCase name="CompleteTopUpChallengeContract returns the correct resource" duration="0"/>
    <testCase name="CompleteTopUpChallengeContract returns the correct method" duration="0"/>
    <testCase name="CompleteTopUpChallengeContract returns the correct auth type" duration="0"/>
    <testCase name="CompleteTopUpChallengeContract sets the correct params" duration="0"/>
    <testCase name="CompleteTopUpChallengeContract transforms response correctly" duration="0"/>
  </file>
  <file path="/runner/_work/MyVodafone-OneApp/MyVodafone-OneApp/libs/core/src/services/VodafoneShareService/VodafoneShareService.spec.tsx">
    <testCase name="VodafoneShareService Returns getDataOptions response correctly" duration="3"/>
    <testCase name="VodafoneShareService Returns getDataOptions error" duration="0"/>
    <testCase name="VodafoneShareService Returns orderProductresponse correctly" duration="0"/>
    <testCase name="VodafoneShareService Returns end transferData error" duration="0"/>
  </file>
  <file path="/runner/_work/MyVodafone-OneApp/MyVodafone-OneApp/libs/core/src/utils/Network/contracts/TopUp/SaveCustomerIdContractAL.spec.ts">
    <testCase name="check SaveCustomerIdContractAL returns the correct provider" duration="1"/>
    <testCase name="check SaveCustomerIdContractAL returns the correct headers" duration="1"/>
    <testCase name="check SaveCustomerIdContractAL returns the correct resource" duration="0"/>
    <testCase name="check SaveCustomerIdContractAL returns the correct method" duration="0"/>
    <testCase name="check SaveCustomerIdContractAL sets bodyParams correctly" duration="1"/>
    <testCase name="check SaveCustomerIdContractAL transforms response correctly" duration="0"/>
  </file>
  <file path="/runner/_work/MyVodafone-OneApp/MyVodafone-OneApp/libs/core/src/services/Shake/ShakeService.spec.ts">
    <testCase name="ShakeService Returns getProducts response correctly" duration="3"/>
    <testCase name="ShakeService Returns getProducts error" duration="1"/>
    <testCase name="ShakeService Returns orderProductresponse correctly" duration="0"/>
    <testCase name="ShakeService Returns end orderProduct error" duration="0"/>
  </file>
  <file path="/runner/_work/MyVodafone-OneApp/MyVodafone-OneApp/libs/core/src/features/AccountManagementFeature/AccountDeletionFeature/AccountDeletionFeature.spec.tsx">
    <testCase name="Account Deletion Feature should render screen with title" duration="34"/>
    <testCase name="Account Deletion Feature should render delete button" duration="9"/>
    <testCase name="Account Deletion Feature should render icon when it exists in iconMaps" duration="8"/>
  </file>
  <file path="/runner/_work/MyVodafone-OneApp/MyVodafone-OneApp/libs/core/src/Store/Slices/Soho/ProfileManagement/Addons/PMAddonsSlice.spec.ts">
    <testCase name="PMAddonsSlice clearPMAddonsData" duration="4"/>
    <testCase name="Thunks getPMAddonsData Thunk " duration="7"/>
  </file>
  <file path="/runner/_work/MyVodafone-OneApp/MyVodafone-OneApp/libs/core/src/features/Soho/MyUsersAndGroupsFeature/MyUsersAndGroupsFeature.al.spec.tsx">
    <testCase name="MyUsersAndGroupsFeature checks that MyUsersAndGroups rendered successfully" duration="141"/>
    <testCase name="MyUsersAndGroupsFeature checks that MyUsersAndGroups onTryAgainPress executed in users call getUsersDataMocked " duration="205"/>
  </file>
  <file path="/runner/_work/MyVodafone-OneApp/MyVodafone-OneApp/libs/core/src/utils/Network/contracts/Shake/GetShakeOffers/GetShakeOffersContract.spec.ts">
    <testCase name="Test GetShakeOffersContract Resource expect not empty resource" duration="2"/>
    <testCase name="Test GetShakeOffersContract Checks GetShakeOffersContract values" duration="0"/>
    <testCase name="Test GetShakeOffersContract Checks GetShakeOffersContract SetParams" duration="2"/>
    <testCase name="Test GetShakeOffersContract Check transform response" duration="0"/>
    <testCase name="Test GetShakeOffersContract Check stubs value" duration="0"/>
  </file>
  <file path="/runner/_work/MyVodafone-OneApp/MyVodafone-OneApp/libs/core/src/utils/Network/contracts/Esim/GetIccidContract/GetIccidContract.spec.ts">
    <testCase name="Test GetIccidContract Resource expect not empty resource" duration="3"/>
    <testCase name="Test GetIccidContract Checks GetIccidContract values" duration="1"/>
    <testCase name="Test GetIccidContract Checks GetIccidContract SetParams" duration="1"/>
    <testCase name="Test GetIccidContract Check transform response" duration="1"/>
    <testCase name="Test GetIccidContract Check stubs value" duration="0"/>
  </file>
  <file path="/runner/_work/MyVodafone-OneApp/MyVodafone-OneApp/libs/core/src/utils/Network/contracts/Billing/GetAllBillsContract.spec.ts">
    <testCase name="Test GetAllBillsContract resource expect not empty resource" duration="37"/>
    <testCase name="Test GetAllBillsContract checks GetAllBillsContract values" duration="2"/>
    <testCase name="Test GetAllBillsContract checks GetAllBillsContract SetParams" duration="1"/>
    <testCase name="Test GetAllBillsContract check stubs value" duration="1"/>
    <testCase name="Test GetAllBillsContract check stubs value for AL" duration="1"/>
  </file>
  <file path="/runner/_work/MyVodafone-OneApp/MyVodafone-OneApp/libs/core/src/services/MyWeekendPromoService/MyWeekendPromoService.spec.tsx">
    <testCase name="MyWeekendPromoService Returns get data response correctly" duration="2"/>
    <testCase name="MyWeekendPromoService should getData throw an error when there is an error" duration="0"/>
  </file>
  <file path="/runner/_work/MyVodafone-OneApp/MyVodafone-OneApp/libs/core/src/features/Soho/ProfileManagementFeature/ProfileManagementFeature.al.spec.tsx">
    <testCase name="ProfileManagement checks that Profile Managemet onRefresh successfully" duration="378"/>
    <testCase name="ProfileManagement checks Profile Managemet billing props" duration="132"/>
    <testCase name="ProfileManagement checks Profile Managemet plans props" duration="134"/>
  </file>
  <file path="/runner/_work/MyVodafone-OneApp/MyVodafone-OneApp/libs/core/src/utils/Network/providers/APIFactoryProvider.spec.ts">
    <testCase name="APIFactoryProvider should have the correct globalHeaders" duration="1"/>
    <testCase name="APIFactoryProvider should have the correct baseUrl" duration="0"/>
    <testCase name="APIFactoryProvider should transform axios error to NetworkError" duration="0"/>
    <testCase name="APIFactoryProvider should transform axios error including reason to NetworkError" duration="1"/>
  </file>
  <file path="/runner/_work/MyVodafone-OneApp/MyVodafone-OneApp/libs/core/src/utils/Network/contracts/TopUp/AddnewCardContractAL.spec.ts">
    <testCase name="AddNewCardContract should return AddNewCardProvider as provider" duration="1"/>
    <testCase name="AddNewCardContract should return correct resource" duration="1"/>
    <testCase name="AddNewCardContract should return POST method" duration="0"/>
    <testCase name="AddNewCardContract should set auth and body params" duration="1"/>
    <testCase name="AddNewCardContract should transform response into AddNewCardResponse" duration="0"/>
  </file>
  <file path="/runner/_work/MyVodafone-OneApp/MyVodafone-OneApp/libs/core/src/features/Soho/MyProfileFeature/Addons/RequestAddonsShop/RequestAddonsShop.spec.tsx">
    <testCase name="test MyProfileRequestedAddOnsShop check that AddonsShop onItemPress executed successfully" duration="46"/>
  </file>
  <file path="/runner/_work/MyVodafone-OneApp/MyVodafone-OneApp/libs/core/src/utils/Network/contracts/TopUp/DeleteGifteeContractIE/DeleteGifteeAccountContractIE.spec.ts">
    <testCase name="DeleteGifteeAccountContract IE should return correct Provider" duration="1"/>
    <testCase name="DeleteGifteeAccountContract IE returns the correct headers" duration="0"/>
    <testCase name="DeleteGifteeAccountContract IE returns the correct resource" duration="1"/>
    <testCase name="DeleteGifteeAccountContract IE returns the correct method" duration="0"/>
    <testCase name="DeleteGifteeAccountContract IE returns the correct auth type" duration="0"/>
    <testCase name="DeleteGifteeAccountContract IE sets auth params correctly" duration="0"/>
    <testCase name="DeleteGifteeAccountContract IE returns the correct stubs" duration="0"/>
    <testCase name="DeleteGifteeAccountContract IE transforms response correctly" duration="1"/>
  </file>
  <file path="/runner/_work/MyVodafone-OneApp/MyVodafone-OneApp/libs/core/src/services/Soho/BusinessOverview/PlansService/AddUsagePaymentService.spec.ts">
    <testCase name="addUsagePaymentService resolves make payment successfully" duration="4"/>
  </file>
  <file path="/runner/_work/MyVodafone-OneApp/MyVodafone-OneApp/libs/core/src/Store/Slices/Soho/ProfileManagement/Licences/PMLicencesSlice.spec.ts">
    <testCase name="PMLicencesSlice clearPMLicencesData" duration="6"/>
    <testCase name="Thunks getPMLicencesData Thunk " duration="2"/>
  </file>
  <file path="/runner/_work/MyVodafone-OneApp/MyVodafone-OneApp/libs/core/src/Store/Slices/AmountDue/AmountDueSlice.spec.ts">
    <testCase name="Thunks getAmountDueData Thunk " duration="5"/>
    <testCase name="Thunks resetAmountDue" duration="3"/>
  </file>
  <file path="/runner/_work/MyVodafone-OneApp/MyVodafone-OneApp/libs/core/src/features/TermsAndConditionsFeature/TermsAndConditionsFeature.spec.tsx">
    <testCase name="TermsAndConditionsFeature check if terms and condition created" duration="11"/>
  </file>
  <file path="/runner/_work/MyVodafone-OneApp/MyVodafone-OneApp/libs/core/src/features/AccountManagementFeature/OrdersFeature/OrderDetailsFeature/components/subHeader.spec.tsx">
    <testCase name="SubHeader component should render correctly" duration="24"/>
    <testCase name="SubHeader component should navigate to external url correctly" duration="12"/>
  </file>
  <file path="/runner/_work/MyVodafone-OneApp/MyVodafone-OneApp/libs/core/src/Store/Slices/Soho/ProfileManagement/Addons/PMAddonsShopSlice.spec.ts">
    <testCase name="PMAddonsShopSlice clearPMAddonsShopData" duration="4"/>
    <testCase name="Thunks getPMAddOnsShopData Thunk " duration="6"/>
  </file>
  <file path="/runner/_work/MyVodafone-OneApp/MyVodafone-OneApp/libs/core/src/features/TopUpFeature/Components/EditPhoneNumber/EditPhoneNumber.pt.spec.tsx">
    <testCase name="EditPhoneNumber Component renders correctly" duration="32"/>
    <testCase name="EditPhoneNumber Component validates phone number only after with error" duration="16"/>
  </file>
  <file path="/runner/_work/MyVodafone-OneApp/MyVodafone-OneApp/libs/core/src/Store/Slices/Soho/ProfileManagement/Devices/PMDevicesSlice.spec.ts">
    <testCase name="PMDevicesSlice clearPMDevicesData" duration="4"/>
    <testCase name="Thunks getPMDevicesData Thunk " duration="5"/>
  </file>
  <file path="/runner/_work/MyVodafone-OneApp/MyVodafone-OneApp/libs/core/src/utils/Network/contracts/Purchase/CheckBroadbandAvailabilityContract/CheckBroadbandAvailabilityContract.spec.ts">
    <testCase name="Test CheckBroadbandAvailabilityContract Checks CheckBroadbandAvailabilityContract values" duration="3"/>
    <testCase name="Test CheckBroadbandAvailabilityContract Checks CheckBroadbandAvailabilityContract set resource params" duration="0"/>
    <testCase name="Test CheckBroadbandAvailabilityContract Check CheckBroadbandAvailabilityContract setBodyParams" duration="0"/>
    <testCase name="Test CheckBroadbandAvailabilityContract Check transform response" duration="2"/>
    <testCase name="Test CheckBroadbandAvailabilityContract Check stubs value" duration="1"/>
  </file>
  <file path="/runner/_work/MyVodafone-OneApp/MyVodafone-OneApp/libs/core/src/utils/Network/contracts/BankCards/IEPayG/CompleteAddNewCardChallengeContractIE.spec.ts">
    <testCase name="CompleteAddNewCardChallengeContractIE returns the correct provider" duration="1"/>
    <testCase name="CompleteAddNewCardChallengeContractIE returns the correct headers" duration="1"/>
    <testCase name="CompleteAddNewCardChallengeContractIE returns the correct resource" duration="2"/>
    <testCase name="CompleteAddNewCardChallengeContractIE returns the correct method" duration="0"/>
    <testCase name="CompleteAddNewCardChallengeContractIE returns the correct auth type" duration="0"/>
    <testCase name="CompleteAddNewCardChallengeContractIE sets the correct params" duration="1"/>
    <testCase name="CompleteAddNewCardChallengeContractIE transforms response correctly" duration="0"/>
  </file>
  <file path="/runner/_work/MyVodafone-OneApp/MyVodafone-OneApp/libs/core/src/Store/Slices/Soho/BusinessOverview/AddonsShopSlice.spec.ts">
    <testCase name="AddonsShopSlice clearAddonsShopData" duration="4"/>
    <testCase name="Thunks getAddOnsShopData Thunk " duration="5"/>
  </file>
  <file path="/runner/_work/MyVodafone-OneApp/MyVodafone-OneApp/libs/core/src/features/AccountManagementFeature/OrdersFeature/sections/OrderSummarySection/OrderSummarySection.spec.tsx">
    <testCase name="Total To Pay feature should render InTangible data correctly" duration="35"/>
    <testCase name="Total To Pay feature should render Tangible data correctly" duration="22"/>
  </file>
  <file path="/runner/_work/MyVodafone-OneApp/MyVodafone-OneApp/libs/core/src/utils/Network/contracts/TopUp/GetCustomerIdContractAL/GetCustomerIdContractAL.spec.ts">
    <testCase name="check GetCustomerIdContractAL returns the correct provider" duration="7"/>
    <testCase name="check GetCustomerIdContractAL returns the correct headers" duration="1"/>
    <testCase name="check GetCustomerIdContractAL returns the correct resource" duration="1"/>
    <testCase name="check GetCustomerIdContractAL returns the correct method" duration="0"/>
    <testCase name="check GetCustomerIdContractAL sets resourceParam correctly" duration="1"/>
    <testCase name="check GetCustomerIdContractAL returns the correct stubds" duration="0"/>
    <testCase name="check GetCustomerIdContractAL transforms response correctly" duration="0"/>
  </file>
  <file path="/runner/_work/MyVodafone-OneApp/MyVodafone-OneApp/libs/core/src/features/HomepageFeature/components/StoriesSection/StoriesSection.spec.tsx">
    <testCase name="Stories section should render Stories view suceesfully when stories not empty" duration="47"/>
    <testCase name="Stories section should be render loading when isLoading is true" duration="31"/>
    <testCase name="Stories section should render empty no Stories when stories is empty" duration="1"/>
  </file>
  <file path="/runner/_work/MyVodafone-OneApp/MyVodafone-OneApp/libs/core/src/Store/Slices/Soho/BusinessOverview/DevicesSlice.spec.ts">
    <testCase name="DevicesSlice clearDevicesData" duration="5"/>
    <testCase name="Thunks getDevicesData Thunk " duration="7"/>
  </file>
  <file path="/runner/_work/MyVodafone-OneApp/MyVodafone-OneApp/libs/core/src/features/AccountManagementFeature/OrdersFeature/OrderDetailsFeature/OrderDetailsFeature.spec.tsx">
    <testCase name="Order details Feature should render correctly" duration="2"/>
    <testCase name="Order details Feature should render all order items correctly" duration="0"/>
  </file>
  <file path="/runner/_work/MyVodafone-OneApp/MyVodafone-OneApp/libs/core/src/utils/Network/contracts/TopUp/GetSavedAccountsContractIE/GetSavedAccountsContractIE.spec.ts">
    <testCase name="GetSavedAccountsContract returns the correct provider" duration="1"/>
    <testCase name="GetSavedAccountsContract returns the correct headers" duration="3"/>
    <testCase name="GetSavedAccountsContract returns the correct resource" duration="0"/>
    <testCase name="GetSavedAccountsContract returns the correct method" duration="1"/>
    <testCase name="GetSavedAccountsContract returns the correct auth type" duration="0"/>
    <testCase name="GetSavedAccountsContract sets the correct params" duration="0"/>
    <testCase name="GetSavedAccountsContract transforms response correctly" duration="2"/>
    <testCase name="GetSavedAccountsContract should return the correct stub" duration="0"/>
  </file>
  <file path="/runner/_work/MyVodafone-OneApp/MyVodafone-OneApp/libs/core/src/Store/Slices/Soho/MyUsersAndGroups/GroupsSlice.spec.ts">
    <testCase name="GroupsSlice clearGroupsData" duration="6"/>
    <testCase name="Thunks getGroupsData Thunk " duration="4"/>
  </file>
  <file path="/runner/_work/MyVodafone-OneApp/MyVodafone-OneApp/libs/core/src/features/YornParnership/YornPartnershipFeature/YornPartnershipFeature.spec.tsx">
    <testCase name="Yorn Partnership Feature should render successfully" duration="37"/>
    <testCase name="Yorn Partnership Feature should select link when clicked" duration="16"/>
    <testCase name="Yorn Partnership Feature should navigate back" duration="10"/>
  </file>
  <file path="/runner/_work/MyVodafone-OneApp/MyVodafone-OneApp/libs/core/src/Store/Slices/Soho/MyUsersAndGroups/MyUsersSlice.spec.ts">
    <testCase name="UsersSlice clearMyUsersData" duration="8"/>
    <testCase name="Thunks getUsersData Thunk " duration="5"/>
  </file>
  <file path="/runner/_work/MyVodafone-OneApp/MyVodafone-OneApp/libs/core/src/Store/Slices/Soho/MyProfile/Addons/MyProfileRequestedAddOnsSlice.spec.ts">
    <testCase name="MyProfileAddOnsSlice clearAddonsData" duration="4"/>
    <testCase name="Thunks getMyRequestedAddonsData Thunk " duration="18"/>
  </file>
  <file path="/runner/_work/MyVodafone-OneApp/MyVodafone-OneApp/libs/core/src/utils/Network/contracts/Esim/GenerateOtpContract/GenerateOtpContract.spec.ts">
    <testCase name="Test GenerateOtpContract Resource expect not empty resource" duration="1"/>
    <testCase name="Test GenerateOtpContract Checks GenerateOtpContract values" duration="0"/>
    <testCase name="Test GenerateOtpContract Checks GenerateOtpContract SetParams" duration="1"/>
    <testCase name="Test GenerateOtpContract Check transform response" duration="0"/>
    <testCase name="Test GenerateOtpContract Check stubs value" duration="1"/>
  </file>
  <file path="/runner/_work/MyVodafone-OneApp/MyVodafone-OneApp/libs/core/src/features/AccountManagementFeature/OrdersFeature/ProductItemInstallation/ProductInstallationFeature.spec.tsx">
    <testCase name="Product installation feature should render correctly" duration="4"/>
    <testCase name="Product installation feature click button changeTime slot show reschedule journey" duration="643"/>
  </file>
  <file path="/runner/_work/MyVodafone-OneApp/MyVodafone-OneApp/libs/core/src/utils/Network/contracts/TopUp/GenerateTokenPaymentCardsContractAL/GenerateTokenPaymentCardsContractAL.spec.ts">
    <testCase name="check GenerateTokenPaymentCardsContract returns the correct provider" duration="2"/>
    <testCase name="check GenerateTokenPaymentCardsContract returns the correct headers" duration="2"/>
    <testCase name="check GenerateTokenPaymentCardsContract returns the correct resource" duration="0"/>
    <testCase name="check GenerateTokenPaymentCardsContract returns the correct method" duration="0"/>
    <testCase name="check GenerateTokenPaymentCardsContract sets bodyParams correctly" duration="1"/>
    <testCase name="check GenerateTokenPaymentCardsContract returns the correct stubds" duration="1"/>
    <testCase name="check GenerateTokenPaymentCardsContract transforms response correctly" duration="0"/>
  </file>
  <file path="/runner/_work/MyVodafone-OneApp/MyVodafone-OneApp/libs/core/src/utils/Network/contracts/TopUp/CheckTopUpEligibilityContractIE.spec.ts">
    <testCase name="CheckTopUpEligibilityContract returns the correct provider" duration="1"/>
    <testCase name="CheckTopUpEligibilityContract returns the correct headers" duration="1"/>
    <testCase name="CheckTopUpEligibilityContract returns the correct resource" duration="0"/>
    <testCase name="CheckTopUpEligibilityContract returns the correct method" duration="0"/>
    <testCase name="CheckTopUpEligibilityContract returns the correct auth type" duration="0"/>
    <testCase name="CheckTopUpEligibilityContract sets auth params correctly" duration="0"/>
    <testCase name="CheckTopUpEligibilityContract transforms response correctly" duration="0"/>
  </file>
  <file path="/runner/_work/MyVodafone-OneApp/MyVodafone-OneApp/libs/core/src/features/Soho/LicenceDetails/LicenceDetails.spec.tsx">
    <testCase name="test licence details feature checks that licence details Feature successfully" duration="231"/>
  </file>
  <file path="/runner/_work/MyVodafone-OneApp/MyVodafone-OneApp/libs/core/src/features/BillingPreferenceFeature/Sections/AdvancedBillSettingsSection/AdvancedBillSettingsSection.spec.tsx">
    <testCase name="AdvancedBillSettings section should render successfully" duration="1"/>
    <testCase name="AdvancedBillSettings section should behave correctlly on toggle press" duration="9"/>
  </file>
  <file path="/runner/_work/MyVodafone-OneApp/MyVodafone-OneApp/libs/core/src/features/AccountManagementFeature/PersonalInformationFeature/Sections/EmailAddress/EmailAddress.spec.tsx">
    <testCase name="EmailOverlay should render correctly for android platform" duration="18"/>
    <testCase name="EmailOverlay renders correctly" duration="9"/>
  </file>
  <file path="/runner/_work/MyVodafone-OneApp/MyVodafone-OneApp/libs/core/src/utils/CMS/contracts/CMSBaseContract.spec.ts">
    <testCase name="Test CMS BaseContract method expect return GET when method function did not override" duration="1"/>
    <testCase name="Test CMS BaseContract provider expect return AEMHeadlessProvider is the default value" duration="0"/>
    <testCase name="Test CMS BaseContract resource expect invoke buildResource when return the full path" duration="1"/>
    <testCase name="Test CMS BaseContract resource expect return full path when buildResource invoked" duration="0"/>
  </file>
  <file path="/runner/_work/MyVodafone-OneApp/MyVodafone-OneApp/libs/core/src/features/HomepageFeature/components/HighlightsSection/helpers/helpers.spec.tsx">
    <testCase name="highlights ie helpers should return object without the screen prop" duration="3"/>
  </file>
  <file path="/runner/_work/MyVodafone-OneApp/MyVodafone-OneApp/libs/core/src/utils/Network/providers/TopUpProvider/InitSessionTopUpProviderIE.spec.ts">
    <testCase name="Test InitSessionTopUpProviderIE baseURL expect not empty url" duration="1"/>
    <testCase name="Test InitSessionTopUpProviderIE baseURL expect not null or undefined" duration="0"/>
    <testCase name="Test InitSessionTopUpProviderIE globalHeaders expect there is no global header data" duration="0"/>
    <testCase name="Test InitSessionTopUpProviderIE transformError expect transform axios error to NetworkError" duration="1"/>
    <testCase name="Test InitSessionTopUpProviderIE should have the correct baseUrl" duration="0"/>
    <testCase name="Test InitSessionTopUpProviderIE baseURL expect getBaseUrl on production" duration="1"/>
  </file>
  <file path="/runner/_work/MyVodafone-OneApp/MyVodafone-OneApp/libs/core/src/utils/Network/contracts/ConsumerInfo/GetConsumerInfoContract.spec.ts">
    <testCase name="ConsumerInfo Contract resource expected wiremock url when env is dev-stubs" duration="2"/>
    <testCase name="ConsumerInfo Contract resource expected pre-production url when env is pre-production" duration="2"/>
    <testCase name="ConsumerInfo Contract headers return country code IE when tenant is IE " duration="0"/>
    <testCase name="ConsumerInfo Contract headers return country code IE when tenant is group " duration="1"/>
  </file>
  <file path="/runner/_work/MyVodafone-OneApp/MyVodafone-OneApp/libs/core/src/utils/Network/contracts/Esim/GetProfileContract/GetProfileContract.spec.ts">
    <testCase name="Test GetProfileContract Resource expect not empty resource" duration="1"/>
    <testCase name="Test GetProfileContract Checks GetProfileContract values" duration="1"/>
    <testCase name="Test GetProfileContract Checks GetProfileContract SetParams" duration="0"/>
    <testCase name="Test GetProfileContract Check transform response" duration="1"/>
    <testCase name="Test GetProfileContract Check stubs value" duration="0"/>
  </file>
  <file path="/runner/_work/MyVodafone-OneApp/MyVodafone-OneApp/libs/core/src/features/Soho/BusinessOverviewFeature/Usage/UsageUserGraphs/UsageUserGraphs.spec.tsx">
    <testCase name="UsageUserGraphs checks that UsageUserGraphs rendered successfully" duration="162"/>
  </file>
  <file path="/runner/_work/MyVodafone-OneApp/MyVodafone-OneApp/libs/core/src/utils/CMS/Helper.spec.ts">
    <testCase name="test image mapping formate  mapping QuickLinks image formates expected return the correct icon types" duration="2"/>
    <testCase name="test image mapping formate  mapping QuickLinks svg image formate expected return the correct icon types" duration="0"/>
    <testCase name="test image mapping formate  mapping QuickLinks regular image formate expected return the correct icon types" duration="0"/>
    <testCase name="test image mapping formate  mapping QuickLinks Jpg image formate expected return the correct icon types" duration="0"/>
    <testCase name="test image mapping formate  mapping QuickLinks jpeg image formate expected return the correct icon types" duration="0"/>
    <testCase name="test image mapping formate  mapping QuickLinks imageXml image formate expected return the correct icon types" duration="0"/>
    <testCase name="test image mapping formate  mapping QuickLinks animated image formate expected return the correct icon types" duration="0"/>
  </file>
  <file path="/runner/_work/MyVodafone-OneApp/MyVodafone-OneApp/libs/core/src/features/DeveloperSettingsFeature/Components/DeveloperSettingsCard.spec.tsx">
    <testCase name="Developer settings card children check developer settings card when pass children component" duration="15"/>
    <testCase name="Developer settings card children check developer settings card when passed children component is null" duration="4"/>
  </file>
  <file path="/runner/_work/MyVodafone-OneApp/MyVodafone-OneApp/libs/core/src/utils/CMS/index.spec.ts">
    <testCase name="Test CMS Layer getData expect return HomeResponse not an NetworkError" duration="583"/>
    <testCase name="Test CMS Layer getData expect return HomeResponse when method is home" duration="59"/>
  </file>
  <file path="/runner/_work/MyVodafone-OneApp/MyVodafone-OneApp/libs/core/src/features/HomepageFeature/components/MadMeOverlay/MadMeOverlay.Utils.spec.tsx">
    <testCase name="checkMadMePermissions returns true when both permissions are granted" duration="4"/>
    <testCase name="checkMadMePermissions returns false when the second permission is denied" duration="1"/>
  </file>
  <file path="/runner/_work/MyVodafone-OneApp/MyVodafone-OneApp/libs/core/src/utils/Network/contracts/Soho/BusinessOverview/Addons/AddOnsCheckEligiblityPartyContract.spec.ts">
    <testCase name="Check eligiblity Contract has correct values" duration="1"/>
    <testCase name="Check eligiblity Contract sets params correctly" duration="0"/>
    <testCase name="Check eligiblity Contract gets stubs correctly" duration="1"/>
  </file>
  <file path="/runner/_work/MyVodafone-OneApp/MyVodafone-OneApp/libs/core/src/Store/Slices/Document/DocumentSlice.spec.ts">
    <testCase name="Thunks getDocumentData Thunk " duration="3"/>
    <testCase name="Thunks resetDocument" duration="3"/>
    <testCase name="should handle getDocumentData.pending" duration="0"/>
    <testCase name="should handle getDocumentData.rejected" duration="1"/>
  </file>
  <file path="/runner/_work/MyVodafone-OneApp/MyVodafone-OneApp/libs/core/src/utils/Network/contracts/Orders/GetAllOrdersContract.spec.ts">
    <testCase name="Test GetAllOrderssContract resource expect not empty resource" duration="2"/>
    <testCase name="Test GetAllOrderssContract checks GetAllOrdersContract values" duration="1"/>
    <testCase name="Test GetAllOrderssContract checks GetAllOrdersContract SetParams" duration="1"/>
    <testCase name="Test GetAllOrderssContract check stubs value" duration="0"/>
  </file>
  <file path="/runner/_work/MyVodafone-OneApp/MyVodafone-OneApp/libs/core/src/features/HomepageFeature/components/HighlightsSection/helpers/helpers.ie.spec.tsx">
    <testCase name="highlights ie helpers should return object without the screen prop" duration="2"/>
  </file>
  <file path="/runner/_work/MyVodafone-OneApp/MyVodafone-OneApp/libs/core/src/utils/Network/contracts/MyWeekendPromo/GetMyWeekendPromoData.spec.tsx">
    <testCase name="Test GetMyWeekendPromoContract Resource expect not empty resource" duration="2"/>
    <testCase name="Test GetMyWeekendPromoContract Checks GetMyWeekendPromoData values" duration="2"/>
    <testCase name="Test GetMyWeekendPromoContract Checks GetMyWeekendPromoData SetData" duration="3"/>
    <testCase name="Test GetMyWeekendPromoContract Check transform response" duration="6"/>
    <testCase name="Test GetMyWeekendPromoContract Check stubs value" duration="0"/>
  </file>
  <file path="/runner/_work/MyVodafone-OneApp/MyVodafone-OneApp/libs/core/src/Store/Slices/Billing/BillingSlice.spec.ts">
    <testCase name="Thunks getAllBillsData Thunk " duration="10"/>
    <testCase name="Thunks getAllBillsData should resolve with correct data" duration="8"/>
  </file>
  <file path="/runner/_work/MyVodafone-OneApp/MyVodafone-OneApp/libs/core/src/features/Soho/ProfileManagementFeature/Usage/UsageUserGraphs/ProfileUsageUserGraphs.spec.tsx">
    <testCase name="UsageUserGraphs checks that UsageUserGraphs rendered successfully" duration="154"/>
  </file>
  <file path="/runner/_work/MyVodafone-OneApp/MyVodafone-OneApp/libs/core/src/services/BillingService/BillingService.spec.ts">
    <testCase name="BillingService returns all bills data correctly" duration="1"/>
    <testCase name="should getAllBills throw an error when there is an error" duration="0"/>
  </file>
  <file path="/runner/_work/MyVodafone-OneApp/MyVodafone-OneApp/libs/core/src/features/SearchFeature/Hooks/useSearchCMS.spec.tsx">
    <testCase name="useCMSSearch hook fetches search data from CMS correctly" duration="15"/>
    <testCase name="useCMSSearch hook getStringValue and getIcon must return values correctly" duration="2"/>
    <testCase name="useCMSSearch hook returns error when fetching data fails" duration="1"/>
  </file>
  <file path="/runner/_work/MyVodafone-OneApp/MyVodafone-OneApp/libs/core/src/features/Soho/RequestsFeatures/UsersRequests/UsersRequests.spec.tsx">
    <testCase name="test Users Requests Feature checks that Users Requests Feature successfully" duration="187"/>
  </file>
  <file path="/runner/_work/MyVodafone-OneApp/MyVodafone-OneApp/libs/core/src/Store/Slices/ProductSelector/ProductSelectorSlice.spec.ts">
    <testCase name="Thunks getProductSelectorData Thunk " duration="3"/>
    <testCase name="Thunks getProductSelectorData should resolve with correct data" duration="10"/>
  </file>
  <file path="/runner/_work/MyVodafone-OneApp/MyVodafone-OneApp/libs/core/src/services/Soho/MyProfile/AddonsService/MyProfileAddonsService.spec.ts">
    <testCase name="MyProfileAddonsService tests getAddons request tests resolves all addons data" duration="7"/>
    <testCase name="MyProfileAddonsService tests getRequestedAddons request tests  resolves requestedAddons data" duration="0"/>
    <testCase name="MyProfileAddonsService tests get addonsShop request tests  resolves addonsShop data" duration="2"/>
  </file>
  <file path="/runner/_work/MyVodafone-OneApp/MyVodafone-OneApp/libs/core/src/utils/Network/contracts/Pega/PegaContract.spec.ts">
    <testCase name="Test PegaContract Resource expect not empty resource" duration="2"/>
    <testCase name="Test PegaContract Checks PegaContract values" duration="1"/>
    <testCase name="Test PegaContract Checks PegaContract SetParams" duration="0"/>
    <testCase name="Test PegaContract Check transform response" duration="1"/>
    <testCase name="Test PegaContract Check stubs value" duration="1"/>
  </file>
  <file path="/runner/_work/MyVodafone-OneApp/MyVodafone-OneApp/libs/core/src/features/Soho/RequestsFeatures/MyRequests/MyRequests.spec.tsx">
    <testCase name="test My Requests Feature checks that My Requests Feature successfully" duration="244"/>
  </file>
  <file path="/runner/_work/MyVodafone-OneApp/MyVodafone-OneApp/libs/core/src/utils/Network/contracts/Nac/CreateTroubleTicketContract/CreateTroubleTicketContract.spec.ts">
    <testCase name="CreateTroubleTicketContract should return apiFactoryProvider as provider" duration="1"/>
    <testCase name="CreateTroubleTicketContract should return correct resource" duration="0"/>
    <testCase name="CreateTroubleTicketContract should return POST method" duration="0"/>
    <testCase name="CreateTroubleTicketContract should return correct headers" duration="0"/>
    <testCase name="CreateTroubleTicketContract should stub return stub json" duration="0"/>
    <testCase name="CreateTroubleTicketContract should params works fine" duration="0"/>
  </file>
  <file path="/runner/_work/MyVodafone-OneApp/MyVodafone-OneApp/libs/core/src/features/AccountManagementFeature/PrivacySettingsFeature/DataPreferencesFeature/SaveModelDataPreferences.spec.tsx">
    <testCase name="SaveModelDataPreferences Component renders correctly" duration="30"/>
    <testCase name="SaveModelDataPreferences Component should call on stay on this page button action when press stay button" duration="14"/>
    <testCase name="SaveModelDataPreferences Component should call on continue without save button action when press continueWithoutSaving" duration="8"/>
  </file>
  <file path="/runner/_work/MyVodafone-OneApp/MyVodafone-OneApp/libs/core/src/Store/Slices/AccountManagement/SubscriptionsListSlice.spec.ts">
    <testCase name="Thunks getBillingAccountData Thunk " duration="5"/>
    <testCase name="Thunks getBillingAccountData Thunk failure" duration="2"/>
  </file>
  <file path="/runner/_work/MyVodafone-OneApp/MyVodafone-OneApp/libs/core/src/services/Nac/CreateTroubleTicket/CreateTroubleTicketService.spec.ts">
    <testCase name="SubscriptionsListService returns request id correctly" duration="2"/>
    <testCase name="SubscriptionsListService should CreateTroubleTicket throw an error when there is an error" duration="0"/>
  </file>
  <file path="/runner/_work/MyVodafone-OneApp/MyVodafone-OneApp/libs/core/src/utils/Network/contracts/BillSummary/GetBillSummaryContract.spec.tsx">
    <testCase name="Contracts GetBillSummaryContract Values" duration="2"/>
    <testCase name="Contracts GetBillSummaryContract SetParams" duration="0"/>
    <testCase name="Contracts GetBillSummaryContract stubss" duration="0"/>
    <testCase name="Contracts GetBillSummaryContract transformResponse is empty list" duration="0"/>
  </file>
  <file path="/runner/_work/MyVodafone-OneApp/MyVodafone-OneApp/libs/core/src/Store/Slices/Stories/StoriesSlice.spec.ts">
    <testCase name="Thunks getStoriesData Thunk " duration="3"/>
    <testCase name="Thunks getStoriesData should resolve with correct data" duration="6"/>
  </file>
  <file path="/runner/_work/MyVodafone-OneApp/MyVodafone-OneApp/libs/core/src/utils/Network/contracts/TopUp/CreateCustomerIdContractAl.spec.ts">
    <testCase name="check CreateCustomerIdContractAl returns the correct provider" duration="1"/>
    <testCase name="check CreateCustomerIdContractAl returns the correct resource" duration="0"/>
    <testCase name="check CreateCustomerIdContractAl returns the correct method" duration="0"/>
    <testCase name="check CreateCustomerIdContractAl returns the correct auth type" duration="0"/>
    <testCase name="check CreateCustomerIdContractAl sets auth params correctly" duration="1"/>
    <testCase name="check CreateCustomerIdContractAl transforms response correctly" duration="0"/>
  </file>
  <file path="/runner/_work/MyVodafone-OneApp/MyVodafone-OneApp/libs/core/src/utils/CMS/contracts/billing/CMSBillingContract.spec.ts">
    <testCase name="Test CMSBillingContract resource expect not empty url" duration="1"/>
    <testCase name="Test CMSBillingContract resource expect return fullURL" duration="0"/>
    <testCase name="Test CMSBillingContract resource expect full path contains ;path" duration="0"/>
    <testCase name="Test CMSBillingContract params expect the queryParams of base contract to undefine" duration="0"/>
    <testCase name="Test CMSBillingContract params expect cmsBillingRequest will not empty when no parameter passed to param" duration="0"/>
    <testCase name="Test CMSBillingContract params expect cmsBillingRequest will contain key path" duration="0"/>
  </file>
  <file path="/runner/_work/MyVodafone-OneApp/MyVodafone-OneApp/libs/core/src/utils/CMS/contracts/rewards/CMSRewardsContract.spec.ts">
    <testCase name="Test CMSRewardsContract resource expect not empty url" duration="2"/>
    <testCase name="Test CMSRewardsContract resource expect return fullURL" duration="0"/>
    <testCase name="Test CMSRewardsContract resource expect full path contains ;path" duration="1"/>
    <testCase name="Test CMSRewardsContract params expect the queryParams of base contract to undefine" duration="0"/>
    <testCase name="Test CMSRewardsContract params expect cmsRewardsRequest will not empty when no parameter passed to param" duration="0"/>
    <testCase name="Test CMSRewardsContract params expect cmsRewardsRequest will contain key path" duration="1"/>
  </file>
  <file path="/runner/_work/MyVodafone-OneApp/MyVodafone-OneApp/libs/core/src/features/AccountManagementFeature/components/ParagraphsTermsAndPolicy.spec.tsx">
    <testCase name="TermsAndConditionParagraph renders the paragraph with links" duration="38"/>
    <testCase name="TermsAndConditionParagraph navigates to the correct URL when a link is pressed" duration="10"/>
  </file>
  <file path="/runner/_work/MyVodafone-OneApp/MyVodafone-OneApp/libs/core/src/features/AccountManagementFeature/DataProtectionFeature/DataProtectionFeature.spec.tsx">
    <testCase name="DataProtectionFeature should renders successfully" duration="2"/>
    <testCase name="DataProtectionFeature should navigate to external pdf url correctly" duration="11"/>
  </file>
  <file path="/runner/_work/MyVodafone-OneApp/MyVodafone-OneApp/libs/core/src/utils/Network/contracts/Soho/MyProfile/Addons/RequestAddonContract.spec.ts">
    <testCase name="RequestAddonContract tests checks contract props are set correctly" duration="5"/>
    <testCase name="RequestAddonContract tests checks params function works correctly" duration="1"/>
    <testCase name="RequestAddonContract tests checks transform func is working correctly" duration="1"/>
  </file>
  <file path="/runner/_work/MyVodafone-OneApp/MyVodafone-OneApp/libs/core/src/utils/Network/contracts/Soho/MyProfile/Plans/GetMyPlansContact.spec.ts">
    <testCase name="Get Plans Contract checks GetPlansContract values" duration="2"/>
    <testCase name="Get Plans Contract checks GetPlansContract setParams" duration="0"/>
    <testCase name="Get Plans Contract check stubs value for default" duration="1"/>
    <testCase name="Get Plans Contract check stubs value for AL" duration="0"/>
  </file>
  <file path="/runner/_work/MyVodafone-OneApp/MyVodafone-OneApp/libs/core/src/utils/Network/contracts/Soho/BusinessOverview/Usage/GetUsageCategoriesUnfilteredContract.spec.ts">
    <testCase name="GetUsageCategoriesUnfilteredContract checks GetUsageCategoriesUnfilteredContract values" duration="2"/>
    <testCase name="GetUsageCategoriesUnfilteredContract checks GetUsageCategoriesUnfilteredContract setParams" duration="1"/>
    <testCase name="GetUsageCategoriesUnfilteredContract check stubs value" duration="0"/>
  </file>
  <file path="/runner/_work/MyVodafone-OneApp/MyVodafone-OneApp/libs/core/src/utils/Network/contracts/Soho/ProfileManagement/Plans/GetPMPlansContract.spec.ts">
    <testCase name="Get Plans Contract checks GetPlansContract values" duration="1"/>
    <testCase name="Get Plans Contract checks GetPlansContract setParams" duration="0"/>
    <testCase name="Get Plans Contract check stubs value for default" duration="0"/>
    <testCase name="Get Plans Contract check stubs value for AL" duration="0"/>
  </file>
  <file path="/runner/_work/MyVodafone-OneApp/MyVodafone-OneApp/libs/core/src/services/Soho/MarketPlace/Chooser/MarketPlaceService.spec.ts">
    <testCase name="Chooser MarketPlace Services Chooser MarketPlace LicencesService resolves all marketplace Chooser licences" duration="1"/>
    <testCase name="Chooser MarketPlace Services Chooser MarketPlace recommended apps resolves all marketplace Chooser recommended apps " duration="0"/>
    <testCase name="Chooser MarketPlace Services User MarketPlace exploreApps service resolves all marketplace exolore apps" duration="0"/>
    <testCase name="Chooser MarketPlace Services User MarketPlace RelatedProducts resolves all related products" duration="1"/>
  </file>
  <file path="/runner/_work/MyVodafone-OneApp/MyVodafone-OneApp/libs/core/src/features/AccountManagementFeature/OrdersFeature/RescheduleAppointmentJourny/CalendarView.spec.tsx">
    <testCase name="CalendarView should render CalendarView correctlly" duration="135"/>
    <testCase name="CalendarView call onDateOrTimeChange call setSelectedAppointmentDate " duration="86"/>
  </file>
  <file path="/runner/_work/MyVodafone-OneApp/MyVodafone-OneApp/libs/core/src/utils/Network/contracts/Nac/getNacCodeContract/GetNacCodeContract.spec.ts">
    <testCase name="GetNacCodeContract should return apiFactoryProvider as provider" duration="5"/>
    <testCase name="GetNacCodeContract should return correct resource" duration="1"/>
    <testCase name="GetNacCodeContract should return GET method" duration="0"/>
    <testCase name="GetNacCodeContract should return correct headers" duration="1"/>
    <testCase name="GetNacCodeContract should stub return stub json" duration="0"/>
    <testCase name="GetNacCodeContract should params works fine" duration="1"/>
  </file>
  <file path="/runner/_work/MyVodafone-OneApp/MyVodafone-OneApp/libs/core/src/utils/Network/contracts/Document/GetDocumentsContract.spec.ts">
    <testCase name="Test GetDocumentsContract resource expect not empty resource" duration="1"/>
    <testCase name="Test GetDocumentsContract checks GetDocumentsContract values" duration="1"/>
    <testCase name="Test GetDocumentsContract checks GetDocumentsContract SetParams" duration="1"/>
    <testCase name="Test GetDocumentsContract check stubs value" duration="0"/>
  </file>
  <file path="/runner/_work/MyVodafone-OneApp/MyVodafone-OneApp/libs/core/src/services/PayBillService/BillingPaymentServicePT/BillingPaymentService.spec.ts">
    <testCase name="getPaymentCards checks that getPaymentCards called successfully" duration="2"/>
    <testCase name="getPaymentCards checks that getPaymentCards returns empty object if cmsBillingOverlay is empty" duration="0"/>
  </file>
  <file path="/runner/_work/MyVodafone-OneApp/MyVodafone-OneApp/libs/core/src/utils/Network/contracts/Soho/MarketPlace/Common/ExploreAppsDataContract.spec.ts">
    <testCase name="Test ExploreAppsDataContract should transform response into exploreAppsMapped" duration="2"/>
    <testCase name="Test ExploreAppsDataContract checks ExploreAppsDataContract values" duration="1"/>
  </file>
  <file path="/runner/_work/MyVodafone-OneApp/MyVodafone-OneApp/libs/core/src/utils/Network/contracts/Soho/BusinessOverview/Addons/BOPostAddOnsActionsContract.spec.ts">
    <testCase name="BOPostAddOnsActionsContract resource expect not empty resource" duration="2"/>
    <testCase name="BOPostAddOnsActionsContract checks BOPostAddOnsActionsContract values" duration="2"/>
    <testCase name="BOPostAddOnsActionsContract checks BOPostAddOnsActionsContract SetParams" duration="0"/>
    <testCase name="BOPostAddOnsActionsContract transformResponse expected correct id when pass axios response" duration="0"/>
  </file>
  <file path="/runner/_work/MyVodafone-OneApp/MyVodafone-OneApp/libs/core/src/hooks/useSharedCode.spec.tsx">
    <testCase name="useSharedCode fetches and sets the shared code" duration="17"/>
  </file>
  <file path="/runner/_work/MyVodafone-OneApp/MyVodafone-OneApp/libs/core/src/services/Nac/GetNacCode/NacCodeService.spec.ts">
    <testCase name="GetNacCodeService returns request nac Code correctly" duration="2"/>
    <testCase name="GetNacCodeService should GetNacCodeService throw an error when there is an error" duration="1"/>
  </file>
  <file path="/runner/_work/MyVodafone-OneApp/MyVodafone-OneApp/libs/core/src/Store/Slices/ConsumerInfo/ConsumerInfoSlice.spec.ts">
    <testCase name="Thunks getConsumerInfoData Thunk " duration="3"/>
  </file>
  <file path="/runner/_work/MyVodafone-OneApp/MyVodafone-OneApp/libs/core/src/utils/Network/contracts/CookieSolution/UnRegisterCookieFromPortalContractIE/UnRegisterCookieFromPortalContractIE.spec.ts">
    <testCase name="InitSessionTopUpContract returns the correct provider" duration="2"/>
    <testCase name="InitSessionTopUpContract returns the correct resource" duration="1"/>
    <testCase name="InitSessionTopUpContract returns the correct method" duration="0"/>
    <testCase name="InitSessionTopUpContract sets query params correctly" duration="1"/>
    <testCase name="InitSessionTopUpContract returns the correct stubs" duration="0"/>
    <testCase name="InitSessionTopUpContract transforms response correctly" duration="1"/>
  </file>
  <file path="/runner/_work/MyVodafone-OneApp/MyVodafone-OneApp/libs/core/src/features/Soho/BusinessOverviewFeature/Usage/UsageALTab/Components/UserUsage/UserUsage.spec.tsx">
    <testCase name="UserUsage renders correctly" duration="106"/>
    <testCase name="UserUsage should not render FilteredUsersUsage when there is an error" duration="34"/>
    <testCase name="UserUsage renders correctly when there is no error and not loading" duration="20"/>
  </file>
  <file path="/runner/_work/MyVodafone-OneApp/MyVodafone-OneApp/libs/core/src/features/AccountManagementFeature/OrdersFeature/RescheduleAppointmentJourny/SuccessView.spec.tsx">
    <testCase name="SuccessView should render SuccessView correctlly" duration="23"/>
  </file>
  <file path="/runner/_work/MyVodafone-OneApp/MyVodafone-OneApp/libs/core/src/features/AccountManagementFeature/PersonalInformationFeature/Sections/YourPersonalDetails/YourPersonalDetails.spec.tsx">
    <testCase name="YourPersonalDetails should render correctly for android platform" duration="17"/>
    <testCase name="YourPersonalDetails renders correctly" duration="14"/>
  </file>
  <file path="/runner/_work/MyVodafone-OneApp/MyVodafone-OneApp/libs/core/src/Store/Slices/DigitalAcquisition/ResourceSlice.spec.ts">
    <testCase name="Thunks getResources Thunk " duration="7"/>
    <testCase name="Thunks getResources Thunk error" duration="2"/>
  </file>
  <file path="/runner/_work/MyVodafone-OneApp/MyVodafone-OneApp/libs/core/src/services/BigBrotherService/BigBrotherService.spec.ts">
    <testCase name="BigBrotherService Returns get data response correctly" duration="4"/>
    <testCase name="BigBrotherService Returns get data error" duration="1"/>
  </file>
  <file path="/runner/_work/MyVodafone-OneApp/MyVodafone-OneApp/libs/core/src/features/TopUpFeature/TopUpConfig/TopUpConfig.spec.tsx">
    <testCase name="TopUpConfig  should withWebViewCVV be false and also without webViewCVVUri" duration="1"/>
    <testCase name="TopUpConfig  should withWebViewCVV be true and also with webViewCVVUri" duration="1"/>
    <testCase name="TopUpConfig  should CVVWhiteListTypes be SETUP_AUTO_TOP_UP and also with CVVWhiteListTypes" duration="1"/>
    <testCase name="TopUpConfig  should withContinueBtnPress be true and also with currencyCode is EUR" duration="0"/>
    <testCase name="TopUpConfig  AL should have isTopupSomeOneElseErrorSingleAction false" duration="0"/>
  </file>
  <file path="/runner/_work/MyVodafone-OneApp/MyVodafone-OneApp/libs/core/src/utils/Network/contracts/Esim/GetManageDetailContract/GetManageDetailContract.spec.tsx">
    <testCase name="Test GetManageDetailContract Resource expect not empty resource" duration="1"/>
    <testCase name="Test GetManageDetailContract Checks GetManageDetailContract values" duration="1"/>
    <testCase name="Test GetManageDetailContract Checks GetManageDetailContract SetParams" duration="0"/>
    <testCase name="Test GetManageDetailContract Check transform response" duration="1"/>
    <testCase name="Test GetManageDetailContract Check stubs value" duration="0"/>
  </file>
  <file path="/runner/_work/MyVodafone-OneApp/MyVodafone-OneApp/libs/core/src/services/AccountManagement/SubscriptionsListService.spec.ts">
    <testCase name="SubscriptionsListService returns all bills data correctly" duration="1"/>
    <testCase name="SubscriptionsListService should getAllBills throw an error when there is an error" duration="0"/>
  </file>
  <file path="/runner/_work/MyVodafone-OneApp/MyVodafone-OneApp/libs/core/src/services/ConsumerInfoService.spec.ts">
    <testCase name="ConsumerInfo service getConsumerInfo should throw an error when there is an Error" duration="7"/>
    <testCase name="ConsumerInfo service getConsumerInfo should throw an error when there is an NetworkError" duration="0"/>
  </file>
  <file path="/runner/_work/MyVodafone-OneApp/MyVodafone-OneApp/libs/core/src/utils/Network/contracts/Esim/GetManageListContract/GetManageListContract.spec.ts">
    <testCase name="Test GetManageListContract Resource expect not empty resource" duration="1"/>
    <testCase name="Test GetManageListContract Checks GetManageListContract values" duration="0"/>
    <testCase name="Test GetManageListContract Checks GetManageListContract SetParams" duration="1"/>
    <testCase name="Test GetManageListContract Check transform response" duration="0"/>
    <testCase name="Test GetManageListContract Check stubs value" duration="0"/>
  </file>
  <file path="/runner/_work/MyVodafone-OneApp/MyVodafone-OneApp/libs/core/src/features/ManageMultipleTopUpFeature/Components/MultipleTopUpSelectButton.spec.tsx">
    <testCase name="MultipleTopUpSelectButton renders correctly" duration="28"/>
    <testCase name="MultipleTopUpSelectButton calls onEdit" duration="5"/>
  </file>
  <file path="/runner/_work/MyVodafone-OneApp/MyVodafone-OneApp/libs/core/src/Store/Selectors/ProductSelectors.spec.ts">
    <testCase name="ProductSelectors should select product selector" duration="2"/>
    <testCase name="ProductSelectors should select default service selector" duration="0"/>
    <testCase name="ProductSelectors should select phone number (msisdn)" duration="0"/>
    <testCase name="ProductSelectors should get current user" duration="0"/>
  </file>
  <file path="/runner/_work/MyVodafone-OneApp/MyVodafone-OneApp/libs/core/src/utils/Network/contracts/Soho/Requests/UsersRequests/GetUsersPendingRequestsContract.spec.ts">
    <testCase name="Get Users Pending Requests Contract checks GetUsersPendingRequestsContract setParams" duration="2"/>
    <testCase name="Get Users Pending Requests Contract checks GetUsersPendingRequestsContract values" duration="1"/>
    <testCase name="Get Users Pending Requests Contract check stubs value" duration="0"/>
  </file>
  <file path="/runner/_work/MyVodafone-OneApp/MyVodafone-OneApp/libs/core/src/utils/Network/contracts/Soho/Billing/SohoGetBillSummaryContract.spec.ts">
    <testCase name="Soho billSummaryContract tests SohoGetBillSummaryContract Values" duration="2"/>
    <testCase name="Soho billSummaryContract tests SohoGetBillSummaryContract SetParams" duration="1"/>
    <testCase name="Soho billSummaryContract tests SohoGetBillSummaryContract transformResponse is empty list" duration="3"/>
  </file>
  <file path="/runner/_work/MyVodafone-OneApp/MyVodafone-OneApp/libs/core/src/features/YornParnership/Components/LinkList/LinkList.spec.tsx">
    <testCase name="LinkList Component renders links correctly" duration="40"/>
    <testCase name="LinkList Component selects links on click" duration="12"/>
  </file>
  <file path="/runner/_work/MyVodafone-OneApp/MyVodafone-OneApp/libs/core/src/utils/Network/contracts/Soho/MyProfile/Addons/GetAddonsDataContract.spec.ts">
    <testCase name="GetAddonsDataContract tests checks contract props are set correctly" duration="2"/>
    <testCase name="GetAddonsDataContract tests checks params function works correctly" duration="0"/>
    <testCase name="GetAddonsDataContract tests gets stubs correctly" duration="0"/>
    <testCase name="GetAddonsDataContract tests checks transform func is working correctly" duration="5"/>
  </file>
  <file path="/runner/_work/MyVodafone-OneApp/MyVodafone-OneApp/libs/core/src/features/BillingFeature/hooks/useSetAutoPaymentOverlayStatus.spec.tsx">
    <testCase name="useSetAutoPaymentOverlayStatus hook check useSetAutoPaymentOverlayStatus hook work return" duration="13"/>
    <testCase name="useSetAutoPaymentOverlayStatus hook check useSetAutoPaymentOverlayStatus hook openAutoBillPaymentOverlay function" duration="2"/>
    <testCase name="useSetAutoPaymentOverlayStatus hook check useSetAutoPaymentOverlayStatus hook closeAutoBillPaymentOverlay function" duration="2"/>
  </file>
  <file path="/runner/_work/MyVodafone-OneApp/MyVodafone-OneApp/libs/core/src/utils/Network/providers/AlMobileCiProvider.spec.ts">
    <testCase name="Test AlMobileCiProvider globalHeaders expect there is no global header data" duration="2"/>
    <testCase name="Test AlMobileCiProvider transformError expect transform axios error to NetworkError" duration="1"/>
    <testCase name="Test AlMobileCiProvider should have the correct baseUrl" duration="0"/>
    <testCase name="Test AlMobileCiProvider should have the correct authType and authValue" duration="0"/>
  </file>
  <file path="/runner/_work/MyVodafone-OneApp/MyVodafone-OneApp/libs/core/src/features/Soho/BusinessOverviewFeature/Usage/UsageALTab/Components/UsageCardLoading/UsageCardLoading.spec.tsx">
    <testCase name="UsageCardLoading should render successfully" duration="1"/>
    <testCase name="loadingConfig should return the expected loading configuration" duration="1"/>
  </file>
  <file path="/runner/_work/MyVodafone-OneApp/MyVodafone-OneApp/libs/core/src/features/SetAutoTopUpFeature/Helpes.spec.tsx">
    <testCase name="SetAutoTopUpFeature Helpers it should getSetupTopUpProps return correct values" duration="4"/>
  </file>
  <file path="/runner/_work/MyVodafone-OneApp/MyVodafone-OneApp/libs/core/src/features/BillingFeature/MovementHistory/MovmentsHistoryFeature.spec.tsx">
    <testCase name="Movement History Feature should render successfully" duration="3"/>
    <testCase name="Movement History Feature movementsHistoryFeatureInstance toBeTruthy" duration="1"/>
  </file>
  <file path="/runner/_work/MyVodafone-OneApp/MyVodafone-OneApp/libs/core/src/utils/Network/contracts/VodafoneShare/GetDataOptions/GetDataOptions.spec.tsx">
    <testCase name="Test GetDataOptions Resource expect not empty resource" duration="1"/>
    <testCase name="Test GetDataOptions Checks GetDataOptions values" duration="0"/>
    <testCase name="Test GetDataOptions Checks GetDataOptions SetData" duration="0"/>
    <testCase name="Test GetDataOptions Check stubs value" duration="0"/>
  </file>
  <file path="/runner/_work/MyVodafone-OneApp/MyVodafone-OneApp/libs/core/src/features/Esim/SimActivationFeature/SimActivationFeature.utils.spec.ts">
    <testCase name="Sim Activation Feature Utils getSimActivationData" duration="2"/>
  </file>
  <file path="/runner/_work/MyVodafone-OneApp/MyVodafone-OneApp/libs/core/src/services/BankCardsService/BankCardsService.spec.ts">
    <testCase name="BankCardsService should save a new payment card with valid data" duration="1"/>
    <testCase name="BankCardsService should retrieve and transform wallet list successfully" duration="0"/>
  </file>
  <file path="/runner/_work/MyVodafone-OneApp/MyVodafone-OneApp/libs/core/src/features/HomepageFeature/HomePageTracking.spec.ts">
    <testCase name="home page tracking Should track click event when the topup start" duration="1"/>
    <testCase name="home page tracking should run when page view start" duration="0"/>
    <testCase name="home page tracking should run when page view set auto topup save new recipient" duration="0"/>
  </file>
  <file path="/runner/_work/MyVodafone-OneApp/MyVodafone-OneApp/libs/core/src/utils/Network/contracts/Soho/MyProfile/Addons/GetAddonsShopDataContract.spec.ts">
    <testCase name="GetAddonsShopDataContract tests checks GetAddonsShopDataContract props are set correctly" duration="2"/>
    <testCase name="GetAddonsShopDataContract tests checks query parameters are correct" duration="1"/>
    <testCase name="GetAddonsShopDataContract tests checks transform func is working correctly" duration="3"/>
    <testCase name="GetAddonsShopDataContract tests gets stubs correctly" duration="1"/>
  </file>
  <file path="/runner/_work/MyVodafone-OneApp/MyVodafone-OneApp/libs/core/src/Store/Slices/BillBreakdownOverlay/BillBreakdownOverlaySlice.spec.ts">
    <testCase name="Thunks getBillBreakdownOverlayData Thunk " duration="4"/>
    <testCase name="Thunks getBillBreakdownOverlayData should resolve with correct data" duration="4"/>
  </file>
  <file path="/runner/_work/MyVodafone-OneApp/MyVodafone-OneApp/libs/core/src/services/BalanceService.spec.ts">
    <testCase name="BalanceService Returns get balance response correctly" duration="2"/>
    <testCase name="BalanceService Returns get balance error" duration="0"/>
  </file>
  <file path="/runner/_work/MyVodafone-OneApp/MyVodafone-OneApp/libs/core/src/utils/Network/contracts/Soho/Requests/MyRequest/GetMyPendingRequestsContract.spec.ts">
    <testCase name="Get My Pending Requests Contract checks GetMyPendingRequestsContract setParams" duration="3"/>
    <testCase name="Get My Pending Requests Contract checks GetMyPendingRequestsContract values" duration="4"/>
    <testCase name="Get My Pending Requests Contract check stubs value" duration="0"/>
  </file>
  <file path="/runner/_work/MyVodafone-OneApp/MyVodafone-OneApp/libs/core/src/utils/Network/contracts/Soho/BusinessOverview/Plans/GetPlansExtrasDataContract.spec.ts">
    <testCase name="Test GetPlansExtrasDataContract resource expect not empty resource" duration="3"/>
    <testCase name="Test GetPlansExtrasDataContract checks GetPlansExtrasDataContract values" duration="1"/>
    <testCase name="Test GetPlansExtrasDataContract checks GetPlansExtrasDataContract SetParams" duration="0"/>
    <testCase name="Test GetPlansExtrasDataContract check stubs value" duration="3"/>
  </file>
  <file path="/runner/_work/MyVodafone-OneApp/MyVodafone-OneApp/libs/core/src/utils/Network/contracts/Soho/BusinessOverview/Usage/UsageFilteredCategoriesContract.spec.ts">
    <testCase name="Usage filtered categories contract tests checks usage filtered categories contract values are correct" duration="2"/>
    <testCase name="Usage filtered categories contract tests checks that parameters are set correctly" duration="1"/>
  </file>
  <file path="/runner/_work/MyVodafone-OneApp/MyVodafone-OneApp/libs/core/src/utils/Network/contracts/Soho/BusinessOverview/Plans/AddUsersToPlanContract.spec.ts">
    <testCase name="Get AddUsersToPlanContract Contract checks AddUsersToPlanContract values" duration="2"/>
    <testCase name="Get AddUsersToPlanContract Contract checks AddUsersToPlanContract setParams" duration="1"/>
    <testCase name="Get AddUsersToPlanContract Contract check stubs value" duration="0"/>
  </file>
  <file path="/runner/_work/MyVodafone-OneApp/MyVodafone-OneApp/libs/core/src/features/UpgradePlanFeature/UpgradePlanFeature.spec.tsx">
    <testCase name="UpgradePlanFeature should UpgradePlanFeature renders well" duration="71"/>
  </file>
  <file path="/runner/_work/MyVodafone-OneApp/MyVodafone-OneApp/libs/core/src/features/ChangePlanFeature/ChangePlanFeature.spec.tsx">
    <testCase name="ChangePlanFeature should ChangePlanFeature renders well" duration="70"/>
  </file>
  <file path="/runner/_work/MyVodafone-OneApp/MyVodafone-OneApp/libs/core/src/services/PegaService.spec.ts">
    <testCase name="PegaService Returns Get Pega response correctly" duration="3"/>
    <testCase name="PegaService Returns Get Pega error" duration="1"/>
  </file>
  <file path="/runner/_work/MyVodafone-OneApp/MyVodafone-OneApp/libs/core/src/utils/Network/contracts/Soho/BusinessOverview/Addons/GetAddOnsContract.spec.ts">
    <testCase name="Get Add Ons Contract has correct values" duration="1"/>
    <testCase name="Get Add Ons Contract sets params correctly" duration="0"/>
    <testCase name="Get Add Ons Contract gets stubs correctly" duration="1"/>
  </file>
  <file path="/runner/_work/MyVodafone-OneApp/MyVodafone-OneApp/libs/core/src/utils/Network/contracts/Soho/MyProfile/Licences/GetMyLicencesContract.spec.ts">
    <testCase name="Get Licences Contract checks GetPMLicencesContract values" duration="2"/>
    <testCase name="Get Licences Contract checks GetMyLicencesContract setParams" duration="1"/>
    <testCase name="Get Licences Contract check stubs value" duration="0"/>
  </file>
  <file path="/runner/_work/MyVodafone-OneApp/MyVodafone-OneApp/libs/core/src/utils/NativeConstants/NativeConstants.spec.ts">
    <testCase name="NativeConstants should return true for isProduction when buildType is &quot;release&quot;" duration="2"/>
    <testCase name="NativeConstants should return false for isProduction when buildType is not &quot;release&quot;" duration="1"/>
    <testCase name="NativeConstants should return true for isStage when buildType is &quot;stage&quot;" duration="1"/>
    <testCase name="NativeConstants should return false for isStage when buildType is not &quot;stage&quot;" duration="0"/>
  </file>
  <file path="/runner/_work/MyVodafone-OneApp/MyVodafone-OneApp/libs/core/src/utils/Network/contracts/VodafoneShare/TransferData/TransferData.spec.tsx">
    <testCase name="Test TransferDataContract Resource expect not empty resource" duration="1"/>
    <testCase name="Test TransferDataContract Checks TransferData values" duration="0"/>
    <testCase name="Test TransferDataContract Checks TransferData SetData" duration="0"/>
    <testCase name="Test TransferDataContract Check stubs value" duration="1"/>
  </file>
  <file path="/runner/_work/MyVodafone-OneApp/MyVodafone-OneApp/libs/core/src/utils/Network/contracts/Soho/BusinessOverview/Devices/GetDevicesContract.spec.ts">
    <testCase name="Get Devices Contract has correct values" duration="1"/>
    <testCase name="Get Devices Contract sets params correctly" duration="0"/>
    <testCase name="Get Devices Contract gets stubs correctly" duration="0"/>
  </file>
  <file path="/runner/_work/MyVodafone-OneApp/MyVodafone-OneApp/libs/core/src/utils/Network/contracts/CookieSolution/RegisterCookieOnPortalContractIE/RegisterCookieOnPortalContractIE.spec.ts">
    <testCase name="InitSessionTopUpContract returns the correct provider" duration="1"/>
    <testCase name="InitSessionTopUpContract returns the correct resource" duration="0"/>
    <testCase name="InitSessionTopUpContract returns the correct method" duration="0"/>
    <testCase name="InitSessionTopUpContract sets query params correctly" duration="1"/>
    <testCase name="InitSessionTopUpContract transforms response correctly" duration="0"/>
  </file>
  <file path="/runner/_work/MyVodafone-OneApp/MyVodafone-OneApp/libs/core/src/utils/Network/contracts/Soho/MyProfile/Addons/GetRequestedAddonsContract.spec.ts">
    <testCase name="GetRequestedAddonsContract tests checks GetRequestedAddonsContract props are set correctly" duration="2"/>
    <testCase name="GetRequestedAddonsContract tests checks query parameters are correct" duration="0"/>
    <testCase name="GetRequestedAddonsContract tests gets stubs correctly" duration="0"/>
  </file>
  <file path="/runner/_work/MyVodafone-OneApp/MyVodafone-OneApp/libs/core/src/features/MessageCenter/OfferMessage/OfferMessageFeature.spec.tsx">
    <testCase name="Offer Message Feature check offer message created" duration="2"/>
  </file>
  <file path="/runner/_work/MyVodafone-OneApp/MyVodafone-OneApp/libs/core/src/utils/Network/contracts/Soho/BusinessOverview/Licences/GetLicencesContract.spec.ts">
    <testCase name="Get Licences Contract checks GetLicencesContract values" duration="31"/>
    <testCase name="Get Licences Contract checks GetLicencesContract setParams" duration="1"/>
    <testCase name="Get Licences Contract check stubs value" duration="0"/>
  </file>
  <file path="/runner/_work/MyVodafone-OneApp/MyVodafone-OneApp/libs/core/src/features/AccountManagementFeature/FeedbackFeature/FeedbackConfirmationFeature/FeedbackConfirmationFeature.spec.tsx">
    <testCase name="Feedback Feature in account management should render correctly" duration="1"/>
    <testCase name="Feedback Feature in account management should close Confirmation screen correctly" duration="0"/>
  </file>
  <file path="/runner/_work/MyVodafone-OneApp/MyVodafone-OneApp/libs/core/src/services/Soho/MyProfile/AddonsService/AddonsService.spec.ts">
    <testCase name="MyProfileAddonsService cancelAddon cancelAddon should resolves correctly" duration="2"/>
    <testCase name="MyProfileAddonsService requestAddon requestAddon should resolves correctly" duration="1"/>
  </file>
  <file path="/runner/_work/MyVodafone-OneApp/MyVodafone-OneApp/libs/core/src/utils/Network/contracts/Soho/Requests/UsersRequests/GetUsersPastRequestsContract.spec.ts">
    <testCase name="Get Users Past Requests Contract checks GetUsersPastRequestsContract setParams" duration="6"/>
    <testCase name="Get Users Past Requests Contract checks GetUsersPastRequestsContract values" duration="1"/>
    <testCase name="Get Users Past Requests Contract check stubs value" duration="1"/>
  </file>
  <file path="/runner/_work/MyVodafone-OneApp/MyVodafone-OneApp/libs/core/src/utils/Network/contracts/Soho/ApplicationPDP/RequestLicenceContract.spec.ts">
    <testCase name="RequestLicenceContract tests checks contract props are set correctly" duration="4"/>
    <testCase name="RequestLicenceContract tests checks params function works correctly" duration="0"/>
    <testCase name="RequestLicenceContract tests checks transform func is working correctly" duration="1"/>
  </file>
  <file path="/runner/_work/MyVodafone-OneApp/MyVodafone-OneApp/libs/core/src/features/UnlimitedHomeGroupFeature/UnlimitedHomeGroupFeature.spec.tsx">
    <testCase name="UnlimitedHomeGroupFeature checks that UnlimitedHomeGroupFeature renders successfully" duration="24"/>
  </file>
  <file path="/runner/_work/MyVodafone-OneApp/MyVodafone-OneApp/libs/core/src/services/CocaColaService/CocaColaService.spec.ts">
    <testCase name="CocaColaService Returns Send coca cola response correctly" duration="2"/>
    <testCase name="CocaColaService Returns end coca cola error" duration="1"/>
  </file>
  <file path="/runner/_work/MyVodafone-OneApp/MyVodafone-OneApp/libs/core/src/utils/Network/contracts/Soho/BusinessOverview/Plans/RemoveUsersFromPlanContract.spec.ts">
    <testCase name="Get RemoveUsersFromPlanContract Contract checks RemoveUsersFromPlanContract values" duration="2"/>
    <testCase name="Get RemoveUsersFromPlanContract Contract checks RemoveUsersFromPlanContract setParams" duration="1"/>
    <testCase name="Get RemoveUsersFromPlanContract Contract check stubs value" duration="0"/>
  </file>
  <file path="/runner/_work/MyVodafone-OneApp/MyVodafone-OneApp/libs/core/src/Store/Actions/Tobi/TobiActions.spec.ts">
    <testCase name="TobiActions getMsisdnAcr should call MsisdnAcrService.getMsisdnAcr" duration="1"/>
  </file>
  <file path="/runner/_work/MyVodafone-OneApp/MyVodafone-OneApp/libs/core/src/features/WebViewFeature/WebViewFeature.spec.tsx">
    <testCase name="WebView Feature in pt passes source prop to Webview" duration="37"/>
    <testCase name="WebView Feature in pt passes source prop to Webview in pt " duration="11"/>
  </file>
  <file path="/runner/_work/MyVodafone-OneApp/MyVodafone-OneApp/libs/core/src/services/Soho/Requests/UsersRequestsService.spec.ts">
    <testCase name="UsersRequestsService resolves all pending request data" duration="1"/>
    <testCase name="UsersRequestsService resolves all past request data" duration="1"/>
  </file>
  <file path="/runner/_work/MyVodafone-OneApp/MyVodafone-OneApp/libs/core/src/utils/Network/contracts/ClubViva/ClubVivaContract.spec.ts">
    <testCase name="ClubVivaContract Contract resource expected wiremock url when env is dev-stubs" duration="1"/>
    <testCase name="ClubVivaContract Contract should return get when called" duration="0"/>
    <testCase name="ClubVivaContract Contract should return an instance of BaseProvider" duration="1"/>
    <testCase name="ClubVivaContract Contract should return an object with two properties &apos;vf-api-version&apos; and &apos;vf-country-code&apos;" duration="0"/>
  </file>
  <file path="/runner/_work/MyVodafone-OneApp/MyVodafone-OneApp/libs/core/src/features/Soho/BusinessOverviewFeature/Usage/UsageALTab/Components/UsersList/UsersList.spec.tsx">
    <testCase name="UsersList renders correctly" duration="70"/>
    <testCase name="UsersList onFilterData updates users to be displayed correctly" duration="77"/>
    <testCase name="UsersList renderLoading if isLoading is true" duration="29"/>
  </file>
  <file path="/runner/_work/MyVodafone-OneApp/MyVodafone-OneApp/libs/core/src/utils/Network/contracts/Soho/BusinessOverview/Usage/UsageUserGraphsContract.spec.ts">
    <testCase name="Usage user graphs contract tests checks usage graphs contract values are correct" duration="1"/>
    <testCase name="Usage user graphs contract tests checks that request params are set correctly" duration="0"/>
  </file>
  <file path="/runner/_work/MyVodafone-OneApp/MyVodafone-OneApp/libs/core/src/utils/Network/contracts/Soho/Requests/MyRequest/GetMyPastRequestsContract.spec.ts">
    <testCase name="Get My Past Requests Contract checks GetMyPastRequestsContract setParams" duration="1"/>
    <testCase name="Get My Past Requests Contract checks GetMyPastRequestsContract values" duration="0"/>
    <testCase name="Get My Past Requests Contract check stubs value" duration="0"/>
  </file>
  <file path="/runner/_work/MyVodafone-OneApp/MyVodafone-OneApp/libs/core/src/features/SpeedCheckerFeature/SpeedCheckerFeature.spec.tsx">
    <testCase name="Speed Checker Feature should render successfully" duration="1"/>
    <testCase name="Speed Checker Feature should render speed checker successfully" duration="0"/>
    <testCase name="Speed Checker Feature should pass correct props to speed checker" duration="2"/>
  </file>
  <file path="/runner/_work/MyVodafone-OneApp/MyVodafone-OneApp/libs/core/src/components/ScreenWithHeaderImage/ScreenWithHeaderImage.spec.tsx">
    <testCase name=" Screen with header image should render correctly" duration="5"/>
    <testCase name=" Screen with header image should render elements correctly" duration="2"/>
    <testCase name="Screen with header image without data should render elements correctly" duration="0"/>
  </file>
  <file path="/runner/_work/MyVodafone-OneApp/MyVodafone-OneApp/libs/core/src/utils/Network/contracts/Soho/UsersAndGroups/GetGroupsContract.spec.ts">
    <testCase name="Get Groups Contract checks GetUsersContract values" duration="2"/>
    <testCase name="Get Groups Contract checks GetGroupsContract setParams" duration="0"/>
    <testCase name="Get Groups Contract check stubs value" duration="0"/>
  </file>
  <file path="/runner/_work/MyVodafone-OneApp/MyVodafone-OneApp/libs/core/src/services/MsisdnAcr/MsisdnAcrService.spec.tsx">
    <testCase name="MsisdnAcrService returns request correctly" duration="2"/>
  </file>
  <file path="/runner/_work/MyVodafone-OneApp/MyVodafone-OneApp/libs/core/src/features/ManageAutoTopUpFeature/utils.spec.tsx">
    <testCase name="Utils getSelectedAutoTopData should return the correct data" duration="8"/>
  </file>
  <file path="/runner/_work/MyVodafone-OneApp/MyVodafone-OneApp/libs/core/src/utils/Network/contracts/Soho/MyProfile/Addons/CancelAddonContract.spec.ts">
    <testCase name="CancelAddonContract tests checks contract props are set correctly" duration="1"/>
    <testCase name="CancelAddonContract tests checks params function works correctly" duration="0"/>
    <testCase name="CancelAddonContract tests checks transform func is working correctly" duration="0"/>
  </file>
  <file path="/runner/_work/MyVodafone-OneApp/MyVodafone-OneApp/libs/core/src/features/VodafoneTvFeature/VodafoneTvFeature.spec.tsx">
    <testCase name="Speed Checker Feature should render a VFScreen component with the correct props" duration="50"/>
    <testCase name="Speed Checker Feature should not render a VFScreen component with the showBack prop set to true" duration="14"/>
  </file>
  <file path="/runner/_work/MyVodafone-OneApp/MyVodafone-OneApp/libs/core/src/services/PayBillService/PayBillService.spec.tsx">
    <testCase name="PayBillService returns pay bill data correctly" duration="2"/>
    <testCase name="PayBillService call onConfirmPayBill correctly" duration="0"/>
  </file>
  <file path="/runner/_work/MyVodafone-OneApp/MyVodafone-OneApp/libs/core/src/utils/Network/contracts/Soho/UsersAndGroups/AddGroupContract.spec.ts">
    <testCase name="AddGroupConract should have right values" duration="2"/>
    <testCase name="AddGroupConract should set params correctly" duration="0"/>
  </file>
  <file path="/runner/_work/MyVodafone-OneApp/MyVodafone-OneApp/libs/core/src/features/Purchase/hooks/usePurchaseCMS.spec.tsx">
    <testCase name="usePurchaseCMS hook should return correctly and call dispatch  " duration="18"/>
    <testCase name="usePurchaseCMS hook should return correctly and call dispatch on call fecthCMSData" duration="2"/>
  </file>
  <file path="/runner/_work/MyVodafone-OneApp/MyVodafone-OneApp/libs/core/src/utils/Network/providers/CookieProviderIE.spec.ts">
    <testCase name="Test CookieProviderIE transformError expect transform axios error to NetworkError" duration="1"/>
    <testCase name="Test CookieProviderIE should have the correct baseUrl" duration="0"/>
    <testCase name="Test CookieProviderIE baseURL expect getBaseUrl on production" duration="1"/>
  </file>
  <file path="/runner/_work/MyVodafone-OneApp/MyVodafone-OneApp/libs/core/src/features/HomepageFeature/components/TobiWebView/TobiWebView.spec.tsx">
    <testCase name="TobiWebView Feature Should render TobiWebView correctly" duration="43"/>
  </file>
  <file path="/runner/_work/MyVodafone-OneApp/MyVodafone-OneApp/libs/core/src/features/WhatsNewDetailsFeature/WhatsNewDetailsFeature.spec.tsx">
    <testCase name="Whats New Details Feature should renders successfully" duration="1"/>
    <testCase name="Whats New Details Feature should select link when clicked" duration="7"/>
  </file>
  <file path="/runner/_work/MyVodafone-OneApp/MyVodafone-OneApp/libs/core/src/features/BillingFeature/hooks/useGetBillSummary.spec.tsx">
    <testCase name="useGetBillSummary check useGetBillSummary successfully return" duration="12"/>
  </file>
  <file path="/runner/_work/MyVodafone-OneApp/MyVodafone-OneApp/libs/core/src/Store/Slices/Highlights/HighlightsSlice.spec.ts">
    <testCase name="Thunks getHighlightsData Thunk " duration="4"/>
  </file>
  <file path="/runner/_work/MyVodafone-OneApp/MyVodafone-OneApp/libs/core/src/services/BillBreakdownOverlay/BillBreakdownOverlayService.spec.ts">
    <testCase name="BillBreakdownOverlayService should getBillBreakdownOverlay throw an error when there is an error" duration="1"/>
  </file>
  <file path="/runner/_work/MyVodafone-OneApp/MyVodafone-OneApp/libs/core/src/features/TransferCreditOnboardingFeature/TransferCreditOnboarding.spec.tsx">
    <testCase name="TransferCreditOnBoarding feature should render successfully" duration="19"/>
    <testCase name="TransferCreditOnBoarding feature should open topup overlay on buttn click" duration="39"/>
  </file>
  <file path="/runner/_work/MyVodafone-OneApp/MyVodafone-OneApp/libs/core/src/utils/Network/providers/TopUpProvider/AddNewCardProviderAL.spec.ts">
    <testCase name="AddNewCardProvider should have correct global headers" duration="2"/>
    <testCase name="AddNewCardProvider should have correct baseUrl" duration="0"/>
    <testCase name="AddNewCardProvider should transform error into NetworkError" duration="1"/>
  </file>
  <file path="/runner/_work/MyVodafone-OneApp/MyVodafone-OneApp/libs/core/src/hooks/useConfigCMS.spec.ts">
    <testCase name="useConfigCMS hook should return correctly and call dispatch  " duration="16"/>
    <testCase name="useConfigCMS hook should return correctly and call dispatch on call fecthCMSData" duration="1"/>
  </file>
  <file path="/runner/_work/MyVodafone-OneApp/MyVodafone-OneApp/libs/core/src/features/Esim/hooks/useEsimCMS.spec.tsx">
    <testCase name="useEsimCMS hook should return correctly and call dispatch  " duration="17"/>
    <testCase name="useEsimCMS hook should return correctly and call dispatch on call fecthCMSData" duration="1"/>
  </file>
  <file path="/runner/_work/MyVodafone-OneApp/MyVodafone-OneApp/libs/core/src/utils/Network/providers/TopUpProvider/CyberSourceAPIProviderAL.spec.ts">
    <testCase name="Test CyberSourceAPIProviderAL baseURL expect not empty url" duration="1"/>
    <testCase name="Test CyberSourceAPIProviderAL baseURL expect not null or undefined" duration="0"/>
    <testCase name="Test CyberSourceAPIProviderAL globalHeaders expect there is no global header data" duration="0"/>
    <testCase name="Test CyberSourceAPIProviderAL transformError expect transform axios error to NetworkError" duration="1"/>
  </file>
  <file path="/runner/_work/MyVodafone-OneApp/MyVodafone-OneApp/libs/core/src/utils/Tenant/Tenant.pt.spec.ts">
    <testCase name="[PT] Tenant Is loaded correctly" duration="1"/>
    <testCase name="[PT] Tenant Configurations are correct" duration="0"/>
    <testCase name="[PT] Tenant Should format a postal code correctly and add hyphen" duration="0"/>
    <testCase name="[PT] Tenant Should format a postal code correctly and not add hyphen" duration="0"/>
    <testCase name="[PT] Tenant Should handle non-numeric characters" duration="1"/>
    <testCase name="[PT] Tenant Should remove hyphen" duration="0"/>
  </file>
  <file path="/runner/_work/MyVodafone-OneApp/MyVodafone-OneApp/libs/core/src/features/IntermediaryIEFeature/Components/UsageCard.spec.tsx">
    <testCase name="Usage Card test pressing see my balance btn" duration="32"/>
    <testCase name="Usage Card test showing percentage indicator value" duration="6"/>
    <testCase name="Usage Card test showing percentage indicator value with no usage" duration="4"/>
  </file>
  <file path="/runner/_work/MyVodafone-OneApp/MyVodafone-OneApp/libs/core/src/utils/Network/contracts/Soho/ApplicationPDP/GetProductInfoContract.spec.ts">
    <testCase name="Get Product info Contract checks GetProductInfoContract values" duration="1"/>
    <testCase name="Get Product info Contract Checks GetProductInfoContract set resource params" duration="0"/>
    <testCase name="Get Product info Contract check stubs value" duration="1"/>
  </file>
  <file path="/runner/_work/MyVodafone-OneApp/MyVodafone-OneApp/libs/core/src/services/ClubVivaService/ClubVivaService.pt.spec.ts">
    <testCase name="SubscriptionsListService Returns Send Call Me Back response correctly" duration="2"/>
    <testCase name="SubscriptionsListService Returns Get History error" duration="0"/>
  </file>
  <file path="/runner/_work/MyVodafone-OneApp/MyVodafone-OneApp/libs/core/src/utils/Network/contracts/Soho/BusinessOverview/Addons/GetAddonsShopDataContract.spec.ts">
    <testCase name="Get Add Ons Shop Contract has correct values" duration="7"/>
    <testCase name="Get Add Ons Shop Contract sets params correctly" duration="0"/>
    <testCase name="Get Add Ons Shop Contract gets stubs correctly" duration="1"/>
  </file>
  <file path="/runner/_work/MyVodafone-OneApp/MyVodafone-OneApp/libs/core/src/utils/Network/providers/PayBillProvider/PayBillProvider.ie.spec.ts">
    <testCase name="Test PayBillProviderIE globalHeaders expect there is no global header data" duration="2"/>
    <testCase name="Test PayBillProviderIE baseURL expect getBaseUrl on production" duration="1"/>
    <testCase name="Test PayBillProviderIE transformError expect transform axios error to NetworkError" duration="0"/>
  </file>
  <file path="/runner/_work/MyVodafone-OneApp/MyVodafone-OneApp/libs/core/src/features/Purchase/PegaHomeBroadbandUpgradeFeature/PegaHomeBroadbandUpgradeFeature.utils.spec.ts">
    <testCase name="PegaHomeBroadbandUpgrade Feature utils getProcessOrderSuccessData" duration="1"/>
    <testCase name="PegaHomeBroadbandUpgrade Feature utils getProcessOrderData" duration="0"/>
    <testCase name="PegaHomeBroadbandUpgrade Feature utils getPegaOfferData" duration="0"/>
    <testCase name="PegaHomeBroadbandUpgrade Feature utils getProcessOfferDetailsData" duration="1"/>
  </file>
  <file path="/runner/_work/MyVodafone-OneApp/MyVodafone-OneApp/libs/core/src/features/ErrorBoundaryFeature/ErrorBoundaryFeature.spec.tsx">
    <testCase name="ErrorBoundaryFeature Error Boundary Feature should be defined" duration="3"/>
    <testCase name="ErrorBoundaryFeature should render title correctly" duration="7"/>
    <testCase name="ErrorBoundaryFeature should execute on reset error function" duration="6"/>
  </file>
  <file path="/runner/_work/MyVodafone-OneApp/MyVodafone-OneApp/libs/core/src/features/BillingFeature/hooks/hooks.spec.ts">
    <testCase name="Billing Custom Hooks usePayBillOverlayStatus initial isPayBillOverlayVisible value is false" duration="9"/>
    <testCase name="Billing Custom Hooks usePayBillOverlayStatus openPayBillModal sets isPayBillOverlayVisible to true" duration="3"/>
    <testCase name="Billing Custom Hooks usePayBillOverlayStatus closePayBillModal sets isPayBillOverlayVisible to false" duration="2"/>
  </file>
  <file path="/runner/_work/MyVodafone-OneApp/MyVodafone-OneApp/libs/core/src/features/Nac/Nac.spec.tsx">
    <testCase name="NacFeature should render Nac component when started is true" duration="60"/>
  </file>
  <file path="/runner/_work/MyVodafone-OneApp/MyVodafone-OneApp/libs/core/src/services/BillMovement/BillMovementService.spec.ts">
    <testCase name="BillMovementService should BillMovementService throw an error when there is an error" duration="2"/>
  </file>
  <file path="/runner/_work/MyVodafone-OneApp/MyVodafone-OneApp/libs/core/src/features/ConvergedPurchaseFeature/components/Calendar.spec.tsx">
    <testCase name="Yorn Partnership Feature should render successfully" duration="167"/>
    <testCase name="Yorn Partnership Feature should navigate to eshop" duration="110"/>
  </file>
  <file path="/runner/_work/MyVodafone-OneApp/MyVodafone-OneApp/libs/core/src/features/IntermediaryIEFeature/IntermediaryIEFeature.spec.tsx">
    <testCase name="Intermediary IE Feature test pressing on my plan card" duration="84"/>
    <testCase name="Intermediary IE Feature test pressing on add Ons card" duration="17"/>
    <testCase name="Intermediary IE Feature test pressing on refresh vf header" duration="18"/>
  </file>
  <file path="/runner/_work/MyVodafone-OneApp/MyVodafone-OneApp/libs/core/src/utils/Network/contracts/Soho/ProfileManagement/Usage/PMUsageUsersContract.spec.ts">
    <testCase name="Usage user users contract tests checks usage uers contract values are correct" duration="4"/>
    <testCase name="Usage user users contract tests checks that request parameters are set correctly" duration="0"/>
  </file>
  <file path="/runner/_work/MyVodafone-OneApp/MyVodafone-OneApp/libs/core/src/Store/Actions/Soho/Requests/UsersRequestsActions.spec.ts">
    <testCase name="UsersRequestsActions getUsersPendingRequestsData should call UsersRequestsService.getUsersPendingRequestsData" duration="2"/>
    <testCase name="UsersRequestsActions getUsersPastRequestsData should call UsersRequestsService.getUsersPastRequestsData" duration="0"/>
  </file>
  <file path="/runner/_work/MyVodafone-OneApp/MyVodafone-OneApp/libs/core/src/features/BigBrotherVotingSystemFeature/BigBrotherVotingSystemFeature.spec.tsx">
    <testCase name="BigBrotherVotingSystemFeature checks that BigBrotherVotingSystemFeature renders successfully" duration="79"/>
  </file>
  <file path="/runner/_work/MyVodafone-OneApp/MyVodafone-OneApp/libs/core/src/utils/Network/contracts/Soho/BusinessOverview/Plans/GetPlansContact.spec.ts">
    <testCase name="Get Plans Contract checks GetPlansContract values" duration="7"/>
    <testCase name="Get Plans Contract checks GetPlansContract setParams" duration="1"/>
    <testCase name="Get Plans Contract check stubs value" duration="1"/>
  </file>
  <file path="/runner/_work/MyVodafone-OneApp/MyVodafone-OneApp/libs/core/src/features/RoamingFeature/Roaming.spec.tsx">
    <testCase name="RoamingFeature checks that RoamingFeature renders successfully" duration="16"/>
  </file>
  <file path="/runner/_work/MyVodafone-OneApp/MyVodafone-OneApp/libs/core/src/features/HomepageFeature/components/SohoProductSelector.spec.tsx">
    <testCase name="SohoProductSelector should be rendered suceesfully" duration="19"/>
  </file>
  <file path="/runner/_work/MyVodafone-OneApp/MyVodafone-OneApp/libs/core/src/features/Purchase/ChangePlanPurchaseFeature/ChangePlanPurchaseFeature.spec.tsx">
    <testCase name="Change Plan Purchase Feature Checks that Change Plan Purchase Feature renders successfully" duration="9"/>
  </file>
  <file path="/runner/_work/MyVodafone-OneApp/MyVodafone-OneApp/libs/core/src/features/Purchase/HomeBroadbandUpgradeFeature/HomeBroadbandUpgradeFeature.utils.spec.ts">
    <testCase name="HomeBroadbandUpgrade Feature utils getOffersAvailableData" duration="2"/>
    <testCase name="HomeBroadbandUpgrade Feature utils getNoPermitData" duration="0"/>
    <testCase name="HomeBroadbandUpgrade Feature utils getNoFiberData" duration="1"/>
    <testCase name="HomeBroadbandUpgrade Feature utils getCheckAvailabilityData" duration="0"/>
  </file>
  <file path="/runner/_work/MyVodafone-OneApp/MyVodafone-OneApp/libs/core/src/utils/Network/contracts/Soho/ApplicationPDP/GetProductDetailsContract.spec.ts">
    <testCase name="Get Product Details Contract checks GetProductDetailsContract values" duration="4"/>
    <testCase name="Get Product Details Contract check stubs value" duration="1"/>
  </file>
  <file path="/runner/_work/MyVodafone-OneApp/MyVodafone-OneApp/libs/core/src/hooks/useEventEmitterHook.spec.tsx">
    <testCase name="useDeviceEventEmitterHook should add and remove listener on mount and unmount" duration="6"/>
  </file>
  <file path="/runner/_work/MyVodafone-OneApp/MyVodafone-OneApp/libs/core/src/features/PaymentMethodFeature/PaymentMethodFeature.spec.tsx">
    <testCase name="Payment Method Feature verifies that PaymentMethodFeature renders correctly" duration="29"/>
    <testCase name="Payment Method Feature verifies that NoCardsComponent renders correctly" duration="51"/>
    <testCase name="Payment Method Feature verifies add card button" duration="8"/>
  </file>
  <file path="/runner/_work/MyVodafone-OneApp/MyVodafone-OneApp/libs/core/src/features/AccountManagementFeature/PrivacyAndPolicyFeature/LegalPrivacyAndPolicyFeature.spec.tsx">
    <testCase name="LegalPrivacyAndPolicyFeature should renders successfully" duration="1"/>
  </file>
  <file path="/runner/_work/MyVodafone-OneApp/MyVodafone-OneApp/libs/core/src/utils/Network/contracts/Soho/ApplicationPDP/GetRelatedProductsContract.spec.ts">
    <testCase name="Get Related Product  Contract checks GetRelatedProductContract values" duration="3"/>
    <testCase name="Get Related Product  Contract check stubs value" duration="0"/>
  </file>
  <file path="/runner/_work/MyVodafone-OneApp/MyVodafone-OneApp/libs/core/src/features/Soho/BusinessOverviewFeature/Usage/UsageALTab/ALUsageUsersContract.spec.tsx">
    <testCase name="Usage user users contract tests checks usage uers contract values are correct" duration="1"/>
    <testCase name="Usage user users contract tests checks that request parameters are set correctly" duration="0"/>
  </file>
  <file path="/runner/_work/MyVodafone-OneApp/MyVodafone-OneApp/libs/core/src/features/AccountManagementFeature/TermsAndConditionsFeature/TermsAndConditionsFeature.spec.tsx">
    <testCase name="TermsAndConditionsFeature should renders successfully" duration="1"/>
  </file>
  <file path="/runner/_work/MyVodafone-OneApp/MyVodafone-OneApp/libs/core/src/features/CallMeBack/CallMeBackHistory/CallMeBackHistory.spec.tsx">
    <testCase name="CallMeBackHistoryFeature checks that CallMeBackHistoryFeature renders successfully" duration="12"/>
  </file>
  <file path="/runner/_work/MyVodafone-OneApp/MyVodafone-OneApp/libs/core/src/utils/Onboarding/Onboarding.spec.ts">
    <testCase name="renderTextWithLinks renders text with links" duration="12"/>
  </file>
  <file path="/runner/_work/MyVodafone-OneApp/MyVodafone-OneApp/libs/core/src/utils/Network/contracts/Soho/BusinessOverview/Usage/UsageUsersContract.spec.ts">
    <testCase name="Usage user users contract tests checks usage uers contract values are correct" duration="2"/>
    <testCase name="Usage user users contract tests checks that request parameters are set correctly" duration="0"/>
  </file>
  <file path="/runner/_work/MyVodafone-OneApp/MyVodafone-OneApp/libs/core/src/utils/Network/contracts/accountManagement/GetBillingAccountContract.spec.ts">
    <testCase name="GetBillingAccount Contract Checks GetProfileContract values" duration="8"/>
  </file>
  <file path="/runner/_work/MyVodafone-OneApp/MyVodafone-OneApp/libs/core/src/utils/Network/contracts/accountManagement/AccountManagementDataViewContract/AccountManagementDataViewContract.spec.ts">
    <testCase name="AccountManagementDataViewContract Checks AccountManagementDataView values" duration="2"/>
  </file>
  <file path="/runner/_work/MyVodafone-OneApp/MyVodafone-OneApp/libs/core/src/utils/Network/contracts/Soho/MyProfile/devices/GetMyDevicesContract.spec.ts">
    <testCase name="Get Devices Contract checks GetDevicesContract values" duration="1"/>
    <testCase name="Get Devices Contract checks GetDevicesContract setParams" duration="0"/>
    <testCase name="Get Devices Contract check stubs value" duration="1"/>
  </file>
  <file path="/runner/_work/MyVodafone-OneApp/MyVodafone-OneApp/libs/core/src/services/WhatsNewService/WhatsNewService.spec.ts">
    <testCase name="whats New service should getWhatsNew throw an error when there is an error" duration="2"/>
  </file>
  <file path="/runner/_work/MyVodafone-OneApp/MyVodafone-OneApp/libs/core/src/Store/Slices/WhatsNew/WhatsNewSlice.spec.ts">
    <testCase name="Thunks getWhatsNew Thunk " duration="3"/>
  </file>
  <file path="/runner/_work/MyVodafone-OneApp/MyVodafone-OneApp/libs/core/src/features/RoamingSettingsFeature/RoamingSettingsFeature.spec.tsx">
    <testCase name="RoamingSettingsFeature checks that RoamingSettingsFeature renders successfully" duration="117"/>
  </file>
  <file path="/runner/_work/MyVodafone-OneApp/MyVodafone-OneApp/libs/core/src/utils/Network/contracts/Soho/UsersAndGroups/GetUsersContract.spec.ts">
    <testCase name="Get Users Contract checks GetUsersContract values" duration="7"/>
    <testCase name="Get Users Contract checks GetPlansContract setParams" duration="1"/>
    <testCase name="Get Users Contract check stubs value" duration="0"/>
  </file>
  <file path="/runner/_work/MyVodafone-OneApp/MyVodafone-OneApp/libs/core/src/Store/Actions/Soho/Requests/MyRequestsActions.spec.ts">
    <testCase name="MyRequestsActions getMyPendingRequestsData should call MyRequestsService.getMyPendingRequestsData" duration="2"/>
    <testCase name="MyRequestsActions getMyPastRequestsData should call MyRequestsService.getMyPastRequestsData" duration="0"/>
  </file>
  <file path="/runner/_work/MyVodafone-OneApp/MyVodafone-OneApp/libs/core/src/utils/Network/contracts/CookieSolution/CheckCookieValidityIE/CheckCookieValidityContractIE.spec.ts">
    <testCase name="CheckCookieValidity should return correct Provider" duration="1"/>
    <testCase name="CheckCookieValidity returns the correct resource" duration="0"/>
    <testCase name="CheckCookieValidity returns the correct method" duration="0"/>
    <testCase name="CheckCookieValidity transforms response correctly" duration="1"/>
  </file>
  <file path="/runner/_work/MyVodafone-OneApp/MyVodafone-OneApp/libs/core/src/features/UnlimitedHomePurchaseFeature/UnlimitedHomePurchaseFeature.spec.tsx">
    <testCase name="UnlimitedHomePurchaseFeature checks that UnlimitedHomePurchaseFeature renders successfully" duration="20"/>
  </file>
  <file path="/runner/_work/MyVodafone-OneApp/MyVodafone-OneApp/libs/core/src/features/AccountManagementFeature/OrdersFeature/RescheduleAppointmentJourny/LoadingView.spec.tsx">
    <testCase name="LoadingView should render LoadingView correctlly" duration="13"/>
  </file>
  <file path="/runner/_work/MyVodafone-OneApp/MyVodafone-OneApp/libs/core/src/services/TopUpService/Helpers/HelpersAL.spec.ts">
    <testCase name="HelpersAL sha256 returns an encrypted message with any string" duration="2"/>
    <testCase name="HelpersAL getEncryptedBody should get encrypted body correctly" duration="1"/>
  </file>
  <file path="/runner/_work/MyVodafone-OneApp/MyVodafone-OneApp/libs/core/src/features/BillingPreferenceFeature/Hooks/useBillingPrefrencesData/useBillingPrefrencesData.spec.tsx">
    <testCase name="useBillingPrefrencesData set isLoading to false after timeout" duration="27"/>
    <testCase name="useBillingPrefrencesData getData should return empty object" duration="3"/>
    <testCase name="useBillingPrefrencesData resetData should return empty object" duration="1"/>
  </file>
  <file path="/runner/_work/MyVodafone-OneApp/MyVodafone-OneApp/libs/core/src/utils/Network/contracts/AmountDue/GetAmountDueContract.spec.tsx">
    <testCase name="Contracts GetAmountDueContract Values" duration="4"/>
    <testCase name="Contracts GetAmountDueContract SetParams" duration="2"/>
  </file>
  <file path="/runner/_work/MyVodafone-OneApp/MyVodafone-OneApp/libs/core/src/features/Esim/EsimFeature/EsimFeature.spec.tsx">
    <testCase name="Esim Feature Checks that Esim Feature renders successfully" duration="3"/>
  </file>
  <file path="/runner/_work/MyVodafone-OneApp/MyVodafone-OneApp/libs/core/src/utils/Network/providers/TopUpProvider/TopUpProvider.spec.ts">
    <testCase name="Test TopUpProvider baseURL expect not empty url" duration="2"/>
    <testCase name="Test TopUpProvider baseURL expect not null or undefined" duration="1"/>
    <testCase name="Test TopUpProvider globalHeaders expect there is no global header data" duration="0"/>
    <testCase name="Test TopUpProvider transformError expect transform axios error to NetworkError" duration="0"/>
  </file>
  <file path="/runner/_work/MyVodafone-OneApp/MyVodafone-OneApp/libs/core/src/features/AccountManagementFeature/PersonalInformationFeature/Sections/EmailOverlay.spec.tsx">
    <testCase name="EmailOverlay should render correctly for android platform" duration="39"/>
  </file>
  <file path="/runner/_work/MyVodafone-OneApp/MyVodafone-OneApp/libs/core/src/features/SummerPromoFeature/SummerPromo.spec.tsx">
    <testCase name="SummerPromoFeature checks that SummerPromoFeature renders successfully" duration="34"/>
  </file>
  <file path="/runner/_work/MyVodafone-OneApp/MyVodafone-OneApp/libs/core/src/utils/Network/providers/TopUpProvider/GenerateSecurityTokenProviderPT.spec.ts">
    <testCase name="GenerateSecurityTokenProviderPT should have defined globalHeaders" duration="1"/>
    <testCase name="GenerateSecurityTokenProviderPT should have baseUrl set to &quot;https://apix-gw-dev.vodafone.pt:443/&quot;" duration="0"/>
    <testCase name="GenerateSecurityTokenProviderPT should transform the error into a NetworkError" duration="0"/>
  </file>
  <file path="/runner/_work/MyVodafone-OneApp/MyVodafone-OneApp/libs/core/src/features/MyWeekendPromoFeature/MyWeekendPromoFeature.spec.tsx">
    <testCase name="MyWeekendPromoFeature checks that MyWeekendPromoFeature renders successfully" duration="35"/>
  </file>
  <file path="/runner/_work/MyVodafone-OneApp/MyVodafone-OneApp/libs/core/src/services/Soho/BusinessOverview/PlansService/PlansService.spec.ts">
    <testCase name="PlansService resolves all plans data" duration="12"/>
    <testCase name="PlansService resolves getPlansExtrasData correctly" duration="3"/>
  </file>
  <file path="/runner/_work/MyVodafone-OneApp/MyVodafone-OneApp/libs/core/src/features/HomepageFeature/helpers/helper.mtlab.spec.ts">
    <testCase name="header icons getHeaderIcons should be have one item" duration="1"/>
    <testCase name="header icons getHeaderIcons should be have search icon only" duration="0"/>
    <testCase name="header icons HeaderSearchIcon should not be there when isFeatureEnabled returns false in case of logged in" duration="1"/>
  </file>
  <file path="/runner/_work/MyVodafone-OneApp/MyVodafone-OneApp/libs/core/src/services/Soho/BusinessOverview/UsageService/UsageService.spec.ts">
    <testCase name="UsageService getUsageCategoriesUnfilteredData should resolve" duration="6"/>
    <testCase name="UsageService checks that UsageUserGraphs service resolves correctly" duration="7"/>
    <testCase name="UsageService checks that UsageUsers service resolves correctly" duration="2"/>
    <testCase name="UsageService usage categories filtered by type resolves correctly" duration="3"/>
  </file>
  <file path="/runner/_work/MyVodafone-OneApp/MyVodafone-OneApp/libs/core/src/features/Loyalty/CouponDetails/CouponDetails.spec.tsx">
    <testCase name="CouponDetailsFeature checks that CouponDetailsFeature renders successfully" duration="30"/>
  </file>
  <file path="/runner/_work/MyVodafone-OneApp/MyVodafone-OneApp/libs/core/src/features/RefillFeature/RefillFeature.spec.tsx">
    <testCase name="RefillFeature checks that RefillFeature renders successfully" duration="98"/>
  </file>
  <file path="/runner/_work/MyVodafone-OneApp/MyVodafone-OneApp/libs/core/src/features/TransferCreditOnboardingFeature/Components/TermsAndConditionsFeature/TermsAndConditionsFeature.spec.tsx">
    <testCase name="TermsAndConditions renders correctly" duration="37"/>
    <testCase name="TermsAndConditions renders with custom title and content" duration="10"/>
  </file>
  <file path="/runner/_work/MyVodafone-OneApp/MyVodafone-OneApp/libs/core/src/features/PayBillFeature/PayBillFeature.pt.spec.tsx">
    <testCase name="PayBillFeature PT render successfully " duration="2"/>
  </file>
  <file path="/runner/_work/MyVodafone-OneApp/MyVodafone-OneApp/libs/core/src/services/Soho/MarketPlace/User/UserMarketPlaceService.spec.ts">
    <testCase name="User MarketPlace Services User MarketPlace LicencesService resolves all marketplace user licences" duration="1"/>
    <testCase name="User MarketPlace Services User MarketPlace recommended apps resolves all marketplace user recommended apps " duration="0"/>
  </file>
  <file path="/runner/_work/MyVodafone-OneApp/MyVodafone-OneApp/libs/core/src/features/Campaigns/CampaignFeature/CampaignFeature.spec.tsx">
    <testCase name="Campaign Feature should render successfully" duration="31"/>
    <testCase name="Campaign Feature should navigate back" duration="7"/>
  </file>
  <file path="/runner/_work/MyVodafone-OneApp/MyVodafone-OneApp/libs/core/src/features/WebViewFeature/WebView.helper.spec.ts">
    <testCase name="handleUrlToRemoveCookies should add parameter to URL with existing query string" duration="1"/>
    <testCase name="handleUrlToRemoveCookies should add parameter to URL without existing query string" duration="0"/>
    <testCase name="handleUrlToRemoveCookies should handle empty input" duration="0"/>
  </file>
  <file path="/runner/_work/MyVodafone-OneApp/MyVodafone-OneApp/libs/core/src/services/Soho/ProfileManagement/UsageService/PMUsageService.spec.ts">
    <testCase name="PMUsageService checks that PMUsageService service rejects on failure" duration="2"/>
    <testCase name="PMUsageService checks that PMUsageService service resolves correctly" duration="5"/>
    <testCase name="PMUsageService usage categories filtered by type resolves correctly" duration="6"/>
  </file>
  <file path="/runner/_work/MyVodafone-OneApp/MyVodafone-OneApp/libs/core/src/services/AccountManagement/AccountManagementDataViewService/AccountManagementDataViewService.pt.spec.ts">
    <testCase name="AccountManagementDataViewService should return static data object" duration="3007"/>
  </file>
  <file path="/runner/_work/MyVodafone-OneApp/MyVodafone-OneApp/libs/core/src/features/ReferAFriend/ReferAFriend.spec.tsx">
    <testCase name="ReferAFriend checks that ReferAFriend renders successfully" duration="337"/>
  </file>
  <file path="/runner/_work/MyVodafone-OneApp/MyVodafone-OneApp/libs/core/src/utils/RemoteCommands/TealiumData.spec.ts">
    <testCase name="Testing TealiumData Remote command Storage should be called with the stringified querystring param from the TealiumData RC " duration="3"/>
  </file>
  <file path="/runner/_work/MyVodafone-OneApp/MyVodafone-OneApp/libs/core/src/features/FixProductsAndServicesFeature/FixProductsAndServicesFeature.spec.tsx">
    <testCase name="FixProductsAndServicesFeature checks that FixProductsAndServicesFeature renders successfully" duration="1"/>
  </file>
  <file path="/runner/_work/MyVodafone-OneApp/MyVodafone-OneApp/libs/core/src/features/FixManualProduct/FixManualProduct.spec.tsx">
    <testCase name="FixManualProductFeature checks that FixManualProductFeature renders successfully" duration="198"/>
  </file>
  <file path="/runner/_work/MyVodafone-OneApp/MyVodafone-OneApp/libs/core/src/features/BookAnAppointment/BookAnAppointment.spec.tsx">
    <testCase name="BookAnAppointmentFeature checks that BookAnAppointmentFeature renders successfully" duration="28"/>
  </file>
  <file path="/runner/_work/MyVodafone-OneApp/MyVodafone-OneApp/libs/core/src/Store/Actions/Soho/MyProfile/MyProfileAddonsActions.spec.ts">
    <testCase name="MyProfileAddonsActions requestAddon should resolve with an empty object" duration="2"/>
    <testCase name="MyProfileAddonsActions cancelRequestAddon should resolve with an empty object" duration="1"/>
  </file>
  <file path="/runner/_work/MyVodafone-OneApp/MyVodafone-OneApp/libs/core/src/features/FixPurchaseCoverageFeature/FixPurchaseCoverageFeature.spec.tsx">
    <testCase name="FixPurchaseCoverage checks that FixPurchaseCoverage renders successfully" duration="23"/>
  </file>
  <file path="/runner/_work/MyVodafone-OneApp/MyVodafone-OneApp/libs/core/src/features/MessageCenter/Config/MessageCenterConfig.spec.ts">
    <testCase name="Message Center setups init should install airhsip with key and secret" duration="1"/>
    <testCase name="Message Center setups disable notification badge should be called when user logged out" duration="0"/>
  </file>
  <file path="/runner/_work/MyVodafone-OneApp/MyVodafone-OneApp/libs/core/src/utils/Network/contracts/Soho/MarketPlace/User/MyMarketPlaceRecommendedAppsContract.spec.ts">
    <testCase name="Test MyMarketPlaceRecommendesContract checks MyMarketPlaceRecommendesContract values" duration="4"/>
    <testCase name="Test MyMarketPlaceRecommendesContract  resource is empty" duration="1"/>
  </file>
  <file path="/runner/_work/MyVodafone-OneApp/MyVodafone-OneApp/libs/core/src/features/BookAnAppointment/YourAppointmentsFeature/YourAppointmentsFeature.spec.tsx">
    <testCase name="YourAppointmentsFeature checks that YourAppointmentsFeature renders successfully" duration="9"/>
  </file>
  <file path="/runner/_work/MyVodafone-OneApp/MyVodafone-OneApp/libs/core/src/utils/Network/contracts/Soho/MarketPlace/Chooser/MarketPlaceRecommendedAppsContract.spec.ts">
    <testCase name="Test MarketPlaceRecommendedAppsContract resource is empty" duration="2"/>
    <testCase name="Test MarketPlaceRecommendedAppsContract checks MarketPlaceRecommendedAppsContract values" duration="2"/>
  </file>
  <file path="/runner/_work/MyVodafone-OneApp/MyVodafone-OneApp/libs/core/src/features/HomepageFeature/components/BackgroundLocationOverlayFeature/PrivacyPolicyOverlay/PrivacyPolicyOverlay.al.spec.tsx">
    <testCase name="PrivacyPolicyOverlay for AL should render correctly" duration="2"/>
    <testCase name="PrivacyPolicyOverlay for AL Should be not Visible at the begining" duration="0"/>
  </file>
  <file path="/runner/_work/MyVodafone-OneApp/MyVodafone-OneApp/libs/core/src/features/AccountManagementFeature/OrdersFeature/ProductItemInstallation/SubHeaderInstallation.spec.tsx">
    <testCase name="SubHeaderInstallition component should render correctly" duration="14"/>
  </file>
  <file path="/runner/_work/MyVodafone-OneApp/MyVodafone-OneApp/libs/core/src/features/Purchase/utils/index.spec.ts">
    <testCase name="Purchase utils getDataErrors to return as expected" duration="2"/>
  </file>
  <file path="/runner/_work/MyVodafone-OneApp/MyVodafone-OneApp/libs/core/src/services/Soho/BusinessOverview/DevicesService/DevicesService.spec.ts">
    <testCase name="DevicesServices resolves all devices data" duration="6"/>
  </file>
  <file path="/runner/_work/MyVodafone-OneApp/MyVodafone-OneApp/libs/core/src/features/HomepageFeature/Hooks/useLoadHomeModals/useLoadHomeModals.spec.tsx">
    <testCase name="useLoadHomeModals useLoadHomeModals" duration="9"/>
  </file>
  <file path="/runner/_work/MyVodafone-OneApp/MyVodafone-OneApp/libs/core/src/theme/Helpers.spec.ts">
    <testCase name="checks that LightThemeColors loaded successfully when theme is light" duration="1"/>
    <testCase name="checks that lightThemeColors loaded successfully when theme is dark" duration="0"/>
    <testCase name="checks that lightThemeColors loaded successfully when there is no theme" duration="0"/>
  </file>
  <file path="/runner/_work/MyVodafone-OneApp/MyVodafone-OneApp/libs/core/src/utils/Network/providers/TopUpProvider/TopUpProvider.ie.spec.ts">
    <testCase name="Test TopUpProviderIE should be a dynamic provider" duration="1"/>
    <testCase name="Test TopUpProviderIE globalHeaders expect there is no global header data" duration="0"/>
    <testCase name="Test TopUpProviderIE transformError expect transform axios error to NetworkError" duration="0"/>
  </file>
  <file path="/runner/_work/MyVodafone-OneApp/MyVodafone-OneApp/libs/core/src/features/Flowerbox/FlowerboxCollection/FlowerboxCollectionFeature.spec.tsx">
    <testCase name="FlowerboxCollectionFeature checks that FlowerboxCollectionFeature renders successfully" duration="2"/>
  </file>
  <file path="/runner/_work/MyVodafone-OneApp/MyVodafone-OneApp/libs/core/src/features/HomepageFeature/components/BackgroundLocationOverlayFeature/PrivacyPolicyOverlay/PrivacyPolicyOverlayFeature.spec.tsx">
    <testCase name="PrivacyPolicyOverlayFeature should render correctly" duration="1"/>
    <testCase name="PrivacyPolicyOverlayFeature Should be not Visible at the begining" duration="0"/>
  </file>
  <file path="/runner/_work/MyVodafone-OneApp/MyVodafone-OneApp/libs/core/src/services/Soho/ProfileManagement/PlansService/PMPlansService.spec.ts">
    <testCase name="PlansService resolves all plans data" duration="7"/>
  </file>
  <file path="/runner/_work/MyVodafone-OneApp/MyVodafone-OneApp/libs/core/src/services/Soho/MyProfile/PlansService/MyPlansService.spec.ts">
    <testCase name="PlansService resolves all plans data" duration="13"/>
  </file>
  <file path="/runner/_work/MyVodafone-OneApp/MyVodafone-OneApp/libs/core/src/services/Soho/BusinessOverview/AddOnsService/AddOnsService.spec.ts">
    <testCase name="Add Ons Service getAddOns resolves all addons data" duration="8"/>
    <testCase name="Add Ons Service Addons shop resolves successfully" duration="1"/>
    <testCase name="Add Ons Service postAddonsAction resolves all addons data" duration="1"/>
  </file>
  <file path="/runner/_work/MyVodafone-OneApp/MyVodafone-OneApp/libs/core/src/services/Soho/MyProfile/LicencesServices/MyLicencesService.spec.ts">
    <testCase name="MyLicencesService resolves all licences data" duration="3"/>
  </file>
  <file path="/runner/_work/MyVodafone-OneApp/MyVodafone-OneApp/libs/core/src/services/Soho/MyProfile/DevicesServices/MyDevicesService.spec.ts">
    <testCase name="MyDevicesService resolves all devices data" duration="6"/>
  </file>
  <file path="/runner/_work/MyVodafone-OneApp/MyVodafone-OneApp/libs/core/src/features/MessageCenter/MessageCenterFeature.spec.tsx">
    <testCase name="Message Center Feature check message center created" duration="1"/>
  </file>
  <file path="/runner/_work/MyVodafone-OneApp/MyVodafone-OneApp/libs/core/src/services/Soho/BusinessOverview/LicencesServices/LicencesService.spec.ts">
    <testCase name="LicencesService resolves all licences data" duration="3"/>
  </file>
  <file path="/runner/_work/MyVodafone-OneApp/MyVodafone-OneApp/libs/core/src/features/HomepageFeature/components/BackgroundLocationOverlayFeature/PrivacyPolicyOverlay/PrivacyPolicyOverlay.spec.tsx">
    <testCase name="PrivacyPolicyOverlay should render correctly" duration="1"/>
    <testCase name="PrivacyPolicyOverlay Should be not Visible at the begining" duration="1"/>
  </file>
  <file path="/runner/_work/MyVodafone-OneApp/MyVodafone-OneApp/libs/core/src/services/CookieService/CookieService.spec.ts">
    <testCase name="Cookie Service should execute works correctly" duration="1"/>
    <testCase name="Cookie Service should resolve obtainCookie()" duration="0"/>
    <testCase name="Cookie Service should resolve registerCookieOnPortal()" duration="0"/>
    <testCase name="Cookie Service should resolve clear()" duration="1"/>
    <testCase name="Cookie Service should resolve checkValidity()" duration="0"/>
  </file>
  <file path="/runner/_work/MyVodafone-OneApp/MyVodafone-OneApp/libs/core/src/features/RemoveAddOnFeature/RemoveAddOn.spec.tsx">
    <testCase name="RemoveAddOnFeature checks that RemoveAddOnFeature renders successfully" duration="52"/>
  </file>
  <file path="/runner/_work/MyVodafone-OneApp/MyVodafone-OneApp/libs/core/src/utils/Network/contracts/Soho/MarketPlace/Common/RelatedProductsDataContract.spec.ts">
    <testCase name="Test RelatedProductsDataContract checks RelatedProductsDataContract values" duration="2"/>
  </file>
  <file path="/runner/_work/MyVodafone-OneApp/MyVodafone-OneApp/libs/core/src/features/Soho/BusinessOverviewFeature/Usage/UsageALTab/Components/UsageLoading/UsageLoading.Config.spec.ts">
    <testCase name="loadingConfig should return the expected loading configuration" duration="2"/>
  </file>
  <file path="/runner/_work/MyVodafone-OneApp/MyVodafone-OneApp/libs/core/src/Store/Slices/AutoTopUp/AutoTopUpSlice.spec.ts">
    <testCase name="AutoTopUpSlice Set EditAutoTopUpInfoCardState with inital state correctly" duration="2"/>
    <testCase name="AutoTopUpSlice Should handle updateEditAutoTopUpInfoCardState" duration="2"/>
  </file>
  <file path="/runner/_work/MyVodafone-OneApp/MyVodafone-OneApp/libs/core/src/features/BigBrotherVotingSystemFeature/Hooks/useCMSBigBrother.spec.tsx">
    <testCase name="useCMSBigBrother hook should execute the useCMSBigBrother hook correctly" duration="20"/>
  </file>
  <file path="/runner/_work/MyVodafone-OneApp/MyVodafone-OneApp/libs/core/src/features/SummerPromoFeature/Hooks/useCMSSummerPromo.spec.tsx">
    <testCase name="useCMSSummerPromo hook should execute the useCmsSummerPromo hook correctly" duration="15"/>
  </file>
  <file path="/runner/_work/MyVodafone-OneApp/MyVodafone-OneApp/libs/core/src/features/AccountManagementFeature/LegalInformationFeature/helper/helper.spec.ts">
    <testCase name="click privacyPolicy should run webview" duration="1"/>
    <testCase name="click terms condition should run native view " duration="0"/>
  </file>
  <file path="/runner/_work/MyVodafone-OneApp/MyVodafone-OneApp/libs/core/src/features/Onboarding/Components/OneActionView.spec.tsx">
    <testCase name="checks that primary VFButton exists when onNextStep exists" duration="16"/>
  </file>
  <file path="/runner/_work/MyVodafone-OneApp/MyVodafone-OneApp/libs/core/src/features/Flowerbox/FlowerboxFeature.spec.tsx">
    <testCase name="FlowerboxFeature checks that FlowerboxFeature renders successfully" duration="1"/>
  </file>
  <file path="/runner/_work/MyVodafone-OneApp/MyVodafone-OneApp/libs/core/src/services/AccountManagement/AccountManagementDataViewService/AccountManagementDataViewService.ie.spec.ts">
    <testCase name="AccountManagementDataViewService should return AccountManagementDataViewResponse object " duration="3"/>
  </file>
  <file path="/runner/_work/MyVodafone-OneApp/MyVodafone-OneApp/libs/core/src/features/CocaColaFeature/Hooks/useCMSCocaCola.spec.tsx">
    <testCase name="useCMSCocaCola hook should execute the useCMSCocaCola hook correctly" duration="13"/>
  </file>
  <file path="/runner/_work/MyVodafone-OneApp/MyVodafone-OneApp/libs/core/src/utils/GlobalModalHandler/GlobalModalContext.spec.ts">
    <testCase name="GlobalModalContext should create context successfully" duration="3"/>
    <testCase name="GlobalModalContext should provide default context values" duration="6"/>
  </file>
  <file path="/runner/_work/MyVodafone-OneApp/MyVodafone-OneApp/libs/core/src/Store/Actions/Soho/MyUsersAndGroups/GroupsActions.spec.ts">
    <testCase name="addGroup should resolve when given a valid data" duration="6"/>
  </file>
  <file path="/runner/_work/MyVodafone-OneApp/MyVodafone-OneApp/libs/core/src/utils/Network/contracts/Soho/MarketPlace/User/MyMarketPlaceLicencesContract.spec.ts">
    <testCase name="Test MyMarketPlaceLicencesContract checks MyMarketPlaceLicencesContract values" duration="1"/>
  </file>
  <file path="/runner/_work/MyVodafone-OneApp/MyVodafone-OneApp/libs/core/src/features/FixRenewalsFeature/FixRenewalsFeature.spec.tsx">
    <testCase name="FixRenewalsFeature checks that FixRenewalsFeature renders successfully" duration="2"/>
  </file>
  <file path="/runner/_work/MyVodafone-OneApp/MyVodafone-OneApp/libs/core/src/services/AccountManagement/AccountManagementDataViewService/AccountManagementDataViewService.spec.ts">
    <testCase name="AccountManagementDataViewService should return undefined object " duration="1"/>
  </file>
  <file path="/runner/_work/MyVodafone-OneApp/MyVodafone-OneApp/libs/core/src/utils/localization/localization.spec.ts">
    <testCase name="Localization should return english localization object if no strings are passed" duration="3"/>
    <testCase name="Localization should return the passed strings and en" duration="4"/>
  </file>
  <file path="/runner/_work/MyVodafone-OneApp/MyVodafone-OneApp/libs/core/src/features/Loyalty/TransferVCoins/TransferVCoins.spec.tsx">
    <testCase name="TransferVCoinsFeature checks that TransferVCoinsFeature renders successfully" duration="9"/>
  </file>
  <file path="/runner/_work/MyVodafone-OneApp/MyVodafone-OneApp/libs/core/src/features/Loyalty/CatalogMapView/CatalogMapView.spec.tsx">
    <testCase name="CatalogMapViewFeature checks that CatalogMapViewFeature renders successfully" duration="9"/>
  </file>
  <file path="/runner/_work/MyVodafone-OneApp/MyVodafone-OneApp/libs/core/src/utils/Network/contracts/Soho/MarketPlace/Chooser/MarketPlaceLicencesContract.spec.ts">
    <testCase name="Test MarketPlaceLicencesContract checks MarketPlaceLicencesContract values" duration="4"/>
  </file>
  <file path="/runner/_work/MyVodafone-OneApp/MyVodafone-OneApp/libs/core/src/features/Loyalty/VCoinsHistory/VCoinsHistory.spec.tsx">
    <testCase name="VCoinsHistoryFeature checks that VCoinsHistoryFeature renders successfully" duration="9"/>
  </file>
  <file path="/runner/_work/MyVodafone-OneApp/MyVodafone-OneApp/libs/core/src/features/CatalogueFeature/CatalogueFeature.spec.tsx">
    <testCase name="CatalogueFeature checks that CatalogueFeature renders successfully" duration="68"/>
  </file>
  <file path="/runner/_work/MyVodafone-OneApp/MyVodafone-OneApp/libs/core/src/features/Loyalty/VCashHistory/VCashHistory.spec.tsx">
    <testCase name="VCashHistoryFeature checks that VCashHistoryFeature renders successfully" duration="9"/>
  </file>
  <file path="/runner/_work/MyVodafone-OneApp/MyVodafone-OneApp/libs/core/src/features/AccountManagementFeature/OrdersFeature/components/OrdersEmptyState.spec.tsx">
    <testCase name="Orders Empty View should render content correctly" duration="3"/>
  </file>
  <file path="/runner/_work/MyVodafone-OneApp/MyVodafone-OneApp/libs/core/src/features/Loyalty/LoyaltyProfile/LoyaltyProfile.spec.tsx">
    <testCase name="LoyaltyProfileFeature checks that LoyaltyProfileFeature renders successfully" duration="9"/>
  </file>
  <file path="/runner/_work/MyVodafone-OneApp/MyVodafone-OneApp/libs/core/src/features/Loyalty/ScratchGame/ScratchGame.spec.tsx">
    <testCase name="ScratchGameFeature checks that ScratchGameFeature renders successfully" duration="11"/>
  </file>
  <file path="/runner/_work/MyVodafone-OneApp/MyVodafone-OneApp/libs/core/src/features/MigationFeature/Migration.spec.tsx">
    <testCase name="MigrationFeature checks that MigrationFeature renders successfully" duration="23"/>
  </file>
  <file path="/runner/_work/MyVodafone-OneApp/MyVodafone-OneApp/libs/core/src/features/AccountManagementFeature/PrivacySettingsFeature/DataPreferencesFeature/helper/helper.spec.ts">
    <testCase name="replace with new value in specefic index" duration="2"/>
    <testCase name="getToggleValues from data preferences " duration="1"/>
  </file>
  <file path="/runner/_work/MyVodafone-OneApp/MyVodafone-OneApp/libs/core/src/features/Loyalty/Favourites/Favourites.spec.tsx">
    <testCase name="FavouritesFeature checks that FavouritesFeature renders successfully" duration="9"/>
  </file>
  <file path="/runner/_work/MyVodafone-OneApp/MyVodafone-OneApp/libs/core/src/features/Purchase/UpgradeDeviceFeature/UpgradeDeviceFeature.utils.spec.ts">
    <testCase name="Upgrade Device Feature  utils getAccessoryCardData" duration="1"/>
  </file>
  <file path="/runner/_work/MyVodafone-OneApp/MyVodafone-OneApp/libs/core/src/features/RecommendedBundlesFeature/RecommendedBundlesFeature.spec.tsx">
    <testCase name="RecommendedBundlesFeature checks that RecommendedBundlesFeature renders successfully" duration="8"/>
  </file>
  <file path="/runner/_work/MyVodafone-OneApp/MyVodafone-OneApp/libs/core/src/features/Loyalty/Catalog/CatalogFeature.spec.tsx">
    <testCase name="CatalogFeature checks that MigrationFeature renders successfully" duration="9"/>
  </file>
  <file path="/runner/_work/MyVodafone-OneApp/MyVodafone-OneApp/libs/core/src/features/AccountManagementFeature/HappyVodafoneTermsAndConditionsScreen/TermsAndConditionsScreen.spec.tsx">
    <testCase name="Happy vodafone privacy policy feature should render sucessfully" duration="5"/>
  </file>
  <file path="/runner/_work/MyVodafone-OneApp/MyVodafone-OneApp/libs/core/src/features/ProductAndServices/Hyperlink/HyperlinkFeature.spec.tsx">
    <testCase name="HyperlinkFeature checks that HyperlinkFeature renders successfully" duration="57"/>
  </file>
  <file path="/runner/_work/MyVodafone-OneApp/MyVodafone-OneApp/libs/core/src/features/PaymentMethodFeature/Components/NoCardsComponent.spec.tsx">
    <testCase name="checks that NoCardsComponent renders successfully" duration="1"/>
  </file>
  <file path="/runner/_work/MyVodafone-OneApp/MyVodafone-OneApp/libs/core/src/utils/GlobalModalHandler/Models/AppUpdateModel/AppUpdateModel.spec.tsx">
    <testCase name="AppUpdate checks that mpp update model renders successfully " duration="468"/>
  </file>
  <file path="/runner/_work/MyVodafone-OneApp/MyVodafone-OneApp/libs/core/src/features/HomepageFeature/components/MadMeOverlay/UnSavedChangesOverlay.spec.tsx">
    <testCase name="UnSavedChangesOverlay checks that Madme overlay renders successfully" duration="1"/>
  </file>
  <file path="/runner/_work/MyVodafone-OneApp/MyVodafone-OneApp/libs/core/src/utils/ErrorReporter/ErrorReporter.spec.ts">
    <testCase name="ErrorHandler should log errors correctly" duration="3"/>
  </file>
  <file path="/runner/_work/MyVodafone-OneApp/MyVodafone-OneApp/libs/core/src/services/ClubVivaService/ClubVivaService.spec.ts">
    <testCase name="SubscriptionsListService should return a ClubVivaResponse object with loyaltyPoints, isIdentified and accountType properties" duration="1"/>
  </file>
  <file path="/runner/_work/MyVodafone-OneApp/MyVodafone-OneApp/libs/core/src/features/HappyVodafoneAgreementFeature/HappyVodafonePrivacyPolicyFeature/HappyVodafonePrivacyPolicyFeature.spec.tsx">
    <testCase name="Happy vodafone privacy policy feature should render sucessfully" duration="3"/>
  </file>
  <file path="/runner/_work/MyVodafone-OneApp/MyVodafone-OneApp/libs/core/src/services/StoriesService/StoriesService.spec.ts">
    <testCase name="should getAllStories throw an error when there is an error" duration="2"/>
  </file>
  <file path="/runner/_work/MyVodafone-OneApp/MyVodafone-OneApp/libs/core/src/features/MessageCenter/Config/MessageCenterConfig.mtlab.spec.ts">
    <testCase name="Message Center setups init should install airhsip with key and secret" duration="4"/>
  </file>
  <file path="/runner/_work/MyVodafone-OneApp/MyVodafone-OneApp/libs/core/src/utils/Tenant/Tenant.mtlab.spec.ts">
    <testCase name="[MTLAB] configurations for tenant Loads default configurations correctly" duration="1"/>
    <testCase name="[MTLAB] configurations for tenant Configurations are correct" duration="2"/>
  </file>
  <file path="/runner/_work/MyVodafone-OneApp/MyVodafone-OneApp/libs/core/src/utils/GlobalModalHandler/useGlobalModal.spec.ts">
    <testCase name="useGlobalModal should return context methods" duration="1"/>
  </file>
  <file path="/runner/_work/MyVodafone-OneApp/MyVodafone-OneApp/libs/core/src/features/CatalogueFeature/CatalogueDetails/CatalogueFeature.spec.tsx">
    <testCase name="CatalogueDetailsFeature checks that CatalogueDetailsFeature renders successfully" duration="9"/>
  </file>
  <file path="/runner/_work/MyVodafone-OneApp/MyVodafone-OneApp/libs/core/src/Store/Actions/Soho/BusinessOverview/AddOnsActions.spec.ts">
    <testCase name="AddonsActions removeAddon should resolve with an empty object" duration="3"/>
    <testCase name="AddonsActions editAddon should resolve with an empty object" duration="1"/>
    <testCase name="AddonsActions buyAddon should resolve with an empty object" duration="0"/>
  </file>
  <file path="/runner/_work/MyVodafone-OneApp/MyVodafone-OneApp/libs/core/src/hooks/useSpeedCheckerCms.spec.tsx">
    <testCase name="useSpeedCheckerCms should execute and return speed checker cms data" duration="15"/>
  </file>
  <file path="/runner/_work/MyVodafone-OneApp/MyVodafone-OneApp/libs/core/src/features/BillingPreferenceFeature/BillingPreferenceFeature.spec.tsx">
    <testCase name="Billing Preference feature should renders successfully" duration="1"/>
  </file>
  <file path="/runner/_work/MyVodafone-OneApp/MyVodafone-OneApp/libs/core/src/utils/Tenant/Tenant.ie.spec.ts">
    <testCase name="[IE] configurations for tenant Loads default configurations correctly" duration="2"/>
    <testCase name="[IE] configurations for tenant Configurations are correct" duration="1"/>
  </file>
  <file path="/runner/_work/MyVodafone-OneApp/MyVodafone-OneApp/libs/core/src/features/AccountManagementFeature/LegalInformationFeature/helper/helper.pt.spec.ts">
    <testCase name="click terms condition in tenant pt should run webview" duration="2"/>
  </file>
  <file path="/runner/_work/MyVodafone-OneApp/MyVodafone-OneApp/libs/core/src/i18n/i18n.spec.tsx">
    <testCase name="getCurrentLocale should return the current locale" duration="6"/>
  </file>
  <file path="/runner/_work/MyVodafone-OneApp/MyVodafone-OneApp/libs/core/src/features/AccountManagementFeature/LegalInformationFeature/helper/helper.al.spec.ts">
    <testCase name="click terms condition in tenant pt should run native view " duration="2"/>
  </file>
  <file path="/runner/_work/MyVodafone-OneApp/MyVodafone-OneApp/libs/core/src/features/IntermediaryIEFeature/Components/DiscoverCard.spec.tsx">
    <testCase name="Discover Card test pressing go to Device Upgrade banner" duration="21"/>
  </file>
  <file path="/runner/_work/MyVodafone-OneApp/MyVodafone-OneApp/libs/core/src/features/Onboarding/Permissions/Permissions.pt.spec.ts">
    <testCase name="checks that android permissions loaded successfully" duration="494"/>
  </file>
  <file path="/runner/_work/MyVodafone-OneApp/MyVodafone-OneApp/libs/core/src/features/Onboarding/Permissions/Permissions.al.spec.ts">
    <testCase name="checks that android permissions loaded successfully" duration="476"/>
  </file>
  <file path="/runner/_work/MyVodafone-OneApp/MyVodafone-OneApp/libs/core/src/utils/Tenant/Tenant.al.spec.ts">
    <testCase name="[AL] configurations for tenant Loads default configurations correctly" duration="1"/>
    <testCase name="[AL] configurations for tenant Configurations are correct" duration="1"/>
  </file>
  <file path="/runner/_work/MyVodafone-OneApp/MyVodafone-OneApp/libs/core/src/services/Soho/ProfileManagement/AddonsService/AddonsService.spec.ts">
    <testCase name="SOHO Profile management Add Ons Service getAddOns resolves all addons data" duration="6"/>
  </file>
  <file path="/runner/_work/MyVodafone-OneApp/MyVodafone-OneApp/libs/core/src/utils/BankCardsProvider/BankCardsProvider.ie.spec.ts">
    <testCase name="BankCardsProvider.ie should return BankCardsProviderIEPayM when userType is postpaid" duration="2"/>
  </file>
  <file path="/runner/_work/MyVodafone-OneApp/MyVodafone-OneApp/libs/core/src/utils/Tagging/TaggingData/TaggingData.mtlab.spec.ts">
    <testCase name="Test MTLab Tagging data Tagging data should not be undefined" duration="1"/>
    <testCase name="Test MTLab Tagging data Tagging cross variables should not be undefined" duration="1"/>
  </file>
  <file path="/runner/_work/MyVodafone-OneApp/MyVodafone-OneApp/libs/core/src/utils/Tagging/TaggingData/TaggingData.pt.spec.ts">
    <testCase name="Test PT Tagging data Tagging data should not be undefined" duration="1"/>
    <testCase name="Test PT Tagging data Tagging cross variables should not be undefined" duration="0"/>
  </file>
  <file path="/runner/_work/MyVodafone-OneApp/MyVodafone-OneApp/libs/core/src/utils/Tagging/TaggingData/TaggingData.ie.spec.ts">
    <testCase name="Test IE Tagging data Tagging data should not be undefined" duration="3"/>
    <testCase name="Test IE Tagging data Tagging cross variables should not be undefined" duration="0"/>
  </file>
  <file path="/runner/_work/MyVodafone-OneApp/MyVodafone-OneApp/libs/core/src/utils/Tagging/TaggingData/TaggingData.al.spec.ts">
    <testCase name="Test AL Tagging data Tagging data should not be undefined" duration="1"/>
    <testCase name="Test AL Tagging data Tagging cross variables should not be undefined" duration="1"/>
  </file>
  <file path="/runner/_work/MyVodafone-OneApp/MyVodafone-OneApp/libs/core/src/utils/Tagging/TaggingData/index.spec.ts">
    <testCase name="Test default Tagging data Tagging data should not be undefined" duration="1"/>
    <testCase name="Test default Tagging data Tagging cross variables should not be undefined" duration="0"/>
  </file>
  <file path="/runner/_work/MyVodafone-OneApp/MyVodafone-OneApp/libs/core/src/features/Soho/BusinessOverviewFeature/Usage/UsageALTab/Components/UserHeader/UserHeader.spec.tsx">
    <testCase name="UserHeader renders correctly" duration="9"/>
  </file>
  <file path="/runner/_work/MyVodafone-OneApp/MyVodafone-OneApp/libs/core/src/features/Soho/BusinessOverviewFeature/Usage/UsageALTab/Components/UsageLoading/UsageLoading.spec.tsx">
    <testCase name="UsageLoading Component should render successfully" duration="1"/>
  </file>
  <file path="/runner/_work/MyVodafone-OneApp/MyVodafone-OneApp/libs/core/src/features/TopUpFeature/Components/EditPhoneNumber/EditPhoneNumber.spec.tsx">
    <testCase name="EditPhoneNumber renders without crashing" duration="93"/>
  </file>
</testExecutions>